[04-06 10:55:58.056][04-06 10:55:58.057]begin connect database pool, ip = [(local)\SQLExpress], db = [GameDB], poolSize = 1
[04-06 10:55:58.131]connect database pool ok, begin init datatable
[04-06 10:55:58.131]begin check table [account] 
[04-06 10:55:58.132]Table [account], begin execute SQL [drop trigger [TR_D_Character_Friends]]
[04-06 10:55:58.147]execute SQL success![04-06 10:55:58.147]Table [account], begin execute SQL [drop trigger [TR_I_Character]]
[04-06 10:55:58.148]execute SQL success![04-06 10:55:58.148]Table [account], begin execute SQL [CREATE TRIGGER TR_D_Character_Friends ON character 
				FOR DELETE 
				AS
				BEGIN
					declare @@stat tinyint
					declare @@gid  int
					select @@stat =guild_stat,@@gid =guild_id from deleted
					DELETE friends where friends.cha_id1 IN(select cha_id from deleted)
					if(@@gid >0)
					BEGIN
						update guild set try_total =try_total -(case when @@stat>0 then 1 else 0 end),
								member_total =member_total -(case when @@stat >0 then 0 else 1 end)
							where guild_id >0 and guild_id =@@gid
					END
				END
		]
[04-06 10:55:58.158]execute SQL success![04-06 10:55:58.158]Table [account], begin execute SQL [CREATE TRIGGER TR_I_Character ON character
				FOR INSERT
				AS
				BEGIN
					declare @l_icon smallint
					select @l_icon =convert(smallint,SUBSTRING(inserted.look,5,1)) from inserted
					update character set icon =@l_icon where cha_id in (select cha_id from inserted)
				END
		]
[04-06 10:55:58.160]execute SQL success![04-06 10:55:58.160]begin check table [guild]
[04-06 10:55:58.170]begin check table [param]
[04-06 10:55:58.178]init database success
[04-06 11:00:47.175][04-06 11:00:47.175]begin connect database pool, ip = [(local)\SQLExpress], db = [GameDB], poolSize = 1
[04-06 11:00:47.251]connect database pool ok, begin init datatable
[04-06 11:00:47.251]begin check table [account] 
[04-06 11:00:47.251]Table [account], begin execute SQL [drop trigger [TR_D_Character_Friends]]
[04-06 11:00:47.262]execute SQL success![04-06 11:00:47.262]Table [account], begin execute SQL [drop trigger [TR_I_Character]]
[04-06 11:00:47.263]execute SQL success![04-06 11:00:47.263]Table [account], begin execute SQL [CREATE TRIGGER TR_D_Character_Friends ON character 
				FOR DELETE 
				AS
				BEGIN
					declare @@stat tinyint
					declare @@gid  int
					select @@stat =guild_stat,@@gid =guild_id from deleted
					DELETE friends where friends.cha_id1 IN(select cha_id from deleted)
					if(@@gid >0)
					BEGIN
						update guild set try_total =try_total -(case when @@stat>0 then 1 else 0 end),
								member_total =member_total -(case when @@stat >0 then 0 else 1 end)
							where guild_id >0 and guild_id =@@gid
					END
				END
		]
[04-06 11:00:47.269]execute SQL success![04-06 11:00:47.269]Table [account], begin execute SQL [CREATE TRIGGER TR_I_Character ON character
				FOR INSERT
				AS
				BEGIN
					declare @l_icon smallint
					select @l_icon =convert(smallint,SUBSTRING(inserted.look,5,1)) from inserted
					update character set icon =@l_icon where cha_id in (select cha_id from inserted)
				END
		]
[04-06 11:00:47.270]execute SQL success![04-06 11:00:47.270]begin check table [guild]
[04-06 11:00:47.277]begin check table [param]
[04-06 11:00:47.281]init database success
[04-06 11:01:59.423][04-06 11:01:59.423]begin connect database pool, ip = [(local)\SQLExpress], db = [GameDB], poolSize = 1
[04-06 11:01:59.489]connect database pool ok, begin init datatable
[04-06 11:01:59.489]begin check table [account] 
[04-06 11:01:59.489]Table [account], begin execute SQL [drop trigger [TR_D_Character_Friends]]
[04-06 11:01:59.498]execute SQL success![04-06 11:01:59.498]Table [account], begin execute SQL [drop trigger [TR_I_Character]]
[04-06 11:01:59.499]execute SQL success![04-06 11:01:59.499]Table [account], begin execute SQL [CREATE TRIGGER TR_D_Character_Friends ON character 
				FOR DELETE 
				AS
				BEGIN
					declare @@stat tinyint
					declare @@gid  int
					select @@stat =guild_stat,@@gid =guild_id from deleted
					DELETE friends where friends.cha_id1 IN(select cha_id from deleted)
					if(@@gid >0)
					BEGIN
						update guild set try_total =try_total -(case when @@stat>0 then 1 else 0 end),
								member_total =member_total -(case when @@stat >0 then 0 else 1 end)
							where guild_id >0 and guild_id =@@gid
					END
				END
		]
[04-06 11:01:59.505]execute SQL success![04-06 11:01:59.505]Table [account], begin execute SQL [CREATE TRIGGER TR_I_Character ON character
				FOR INSERT
				AS
				BEGIN
					declare @l_icon smallint
					select @l_icon =convert(smallint,SUBSTRING(inserted.look,5,1)) from inserted
					update character set icon =@l_icon where cha_id in (select cha_id from inserted)
				END
		]
[04-06 11:01:59.506]execute SQL success![04-06 11:01:59.506]begin check table [guild]
[04-06 11:01:59.514]begin check table [param]
[04-06 11:01:59.518]init database success
[04-06 11:11:50.789]