[04-06 10:55:58.056]Add LG [Connect]
[04-06 10:55:58.056]Add LG [group_sql]
[04-06 10:55:58.057]Add LG [DBPool]
[04-06 10:55:58.170]Add LG [util_db_error]
[04-06 10:55:58.205]Add LG [init]
[04-06 10:55:58.206]Add LG [Security]
[04-06 10:55:58.208]Add LG [Maintenance]
[04-06 10:56:08.057]Add LG [group_cheat]
[04-06 10:56:44.818]Add LG [GroupServer]
[04-06 10:56:48.722]Add LG [Friend]
[04-06 10:56:48.730]Add LG [Master]
[04-06 11:00:47.174]Add LG [Connect]
[04-06 11:00:47.175]Add LG [group_sql]
[04-06 11:00:47.175]Add LG [DBPool]
[04-06 11:00:47.277]Add LG [util_db_error]
[04-06 11:00:47.284]Add LG [Security]
[04-06 11:01:59.423]Add LG [Connect]
[04-06 11:01:59.423]Add LG [group_sql]
[04-06 11:01:59.423]Add LG [DBPool]
[04-06 11:01:59.513]Add LG [util_db_error]
[04-06 11:01:59.554]Add LG [init]
[04-06 11:01:59.555]Add LG [Security]
[04-06 11:01:59.557]Add LG [Maintenance]
[04-06 11:02:09.419]Add LG [group_cheat]
[04-06 11:02:21.039]Add LG [GroupServer]
[04-06 11:02:26.093]Add LG [Friend]
[04-06 11:02:26.100]Add LG [Master]
[04-06 11:11:50.789]Add LG [Connect]
[04-06 11:11:50.789]Add LG [group_sql]
[04-06 11:11:50.789]Add LG [DBPool]
[04-06 11:11:50.863]Add LG [util_db_error]
[04-06 11:11:50.891]Add LG [init]
[04-06 11:11:50.892]Add LG [Security]
[04-06 11:11:50.893]Add LG [Maintenance]
[04-06 11:12:00.757]Add LG [group_cheat]
[04-06 11:12:07.495]Add LG [GroupServer]
[04-06 11:12:13.858]Add LG [Friend]
