[04-08 15:02:15.498][04-08 15:02:15.498]begin connect database pool, ip = [(local)\SQLExpress], db = [GameDB], poolSize = 1
[04-08 15:02:15.516]connect database pool ok, begin init datatable
[04-08 15:02:15.516]begin check table [account] 
[04-08 15:02:15.516]Table [account], begin execute SQL [drop trigger [TR_D_Character_Friends]]
[04-08 15:02:15.526]execute SQL success![04-08 15:02:15.526]Table [account], begin execute SQL [drop trigger [TR_I_Character]]
[04-08 15:02:15.527]execute SQL success![04-08 15:02:15.527]Table [account], begin execute SQL [CREATE TRIGGER TR_D_Character_Friends ON character 
				FOR DELETE 
				AS
				BEGIN
					declare @@stat tinyint
					declare @@gid  int
					select @@stat =guild_stat,@@gid =guild_id from deleted
					DELETE friends where friends.cha_id1 IN(select cha_id from deleted)
					if(@@gid >0)
					BEGIN
						update guild set try_total =try_total -(case when @@stat>0 then 1 else 0 end),
								member_total =member_total -(case when @@stat >0 then 0 else 1 end)
							where guild_id >0 and guild_id =@@gid
					END
				END
		]
[04-08 15:02:15.531]execute SQL success![04-08 15:02:15.531]Table [account], begin execute SQL [CREATE TRIGGER TR_I_Character ON character
				FOR INSERT
				AS
				BEGIN
					declare @l_icon smallint
					select @l_icon =convert(smallint,SUBSTRING(inserted.look,5,1)) from inserted
					update character set icon =@l_icon where cha_id in (select cha_id from inserted)
				END
		]
[04-08 15:02:15.532]execute SQL success![04-08 15:02:15.532]begin check table [guild]
[04-08 15:02:15.537]begin check table [param]
[04-08 15:02:15.541]init database success
[04-08 15:50:37.592][04-08 15:50:37.592]begin connect database pool, ip = [(local)\SQLExpress], db = [GameDB], poolSize = 1
[04-08 15:50:37.610]connect database pool ok, begin init datatable
[04-08 15:50:37.610]begin check table [account] 
[04-08 15:50:37.610]Table [account], begin execute SQL [drop trigger [TR_D_Character_Friends]]
[04-08 15:50:37.610]execute SQL success![04-08 15:50:37.610]Table [account], begin execute SQL [drop trigger [TR_I_Character]]
[04-08 15:50:37.610]execute SQL success![04-08 15:50:37.610]Table [account], begin execute SQL [CREATE TRIGGER TR_D_Character_Friends ON character 
				FOR DELETE 
				AS
				BEGIN
					declare @@stat tinyint
					declare @@gid  int
					select @@stat =guild_stat,@@gid =guild_id from deleted
					DELETE friends where friends.cha_id1 IN(select cha_id from deleted)
					if(@@gid >0)
					BEGIN
						update guild set try_total =try_total -(case when @@stat>0 then 1 else 0 end),
								member_total =member_total -(case when @@stat >0 then 0 else 1 end)
							where guild_id >0 and guild_id =@@gid
					END
				END
		]
[04-08 15:50:37.634]execute SQL success![04-08 15:50:37.634]Table [account], begin execute SQL [CREATE TRIGGER TR_I_Character ON character
				FOR INSERT
				AS
				BEGIN
					declare @l_icon smallint
					select @l_icon =convert(smallint,SUBSTRING(inserted.look,5,1)) from inserted
					update character set icon =@l_icon where cha_id in (select cha_id from inserted)
				END
		]
[04-08 15:50:37.642]execute SQL success![04-08 15:50:37.642]begin check table [guild]
[04-08 15:50:37.651]begin check table [param]
[04-08 15:50:37.658]init database success
