[04-08 15:02:15.498]Add LG [Connect]
[04-08 15:02:15.498]Add LG [group_sql]
[04-08 15:02:15.499]Add LG [DBPool]
[04-08 15:02:15.537]Add LG [util_db_error]
[04-08 15:02:15.567]Add LG [init]
[04-08 15:02:15.568]Add LG [Security]
[04-08 15:02:15.570]Add LG [Maintenance]
[04-08 15:02:25.498]Add LG [group_cheat]
[04-08 15:04:46.157]Add LG [GroupServer]
[04-08 15:05:06.639]Add LG [Friend]
[04-08 15:05:06.647]Add LG [Master]
[04-08 15:05:20.783]Add LG [ErrorServer]
[04-08 15:50:37.592]Add LG [Connect]
[04-08 15:50:37.592]Add LG [group_sql]
[04-08 15:50:37.592]Add LG [DBPool]
[04-08 15:50:37.651]Add LG [util_db_error]
[04-08 15:50:37.689]Add LG [init]
[04-08 15:50:37.689]Add LG [Security]
[04-08 15:50:37.689]Add LG [Maintenance]
[04-08 15:50:47.586]Add LG [group_cheat]
[04-08 15:51:28.088]Add LG [GroupServer]
[04-08 15:51:39.813]Add LG [Friend]
[04-08 15:51:39.827]Add LG [Master]
