[04-07 16:03:48.414]Add LG [Connect]
[04-07 16:04:02.084]Add LG [GateServer]
[04-07 16:05:21.194]Add LG [PlayerRegistry]
[04-07 16:05:21.220]Add LG [ToClient]
[04-07 16:05:32.124]Add LG [ToGroupServer]
[04-07 16:09:41.254]Add LG [Connect]
[04-07 16:09:55.060]Add LG [GateServer]
[04-07 16:10:40.211]Add LG [PlayerRegistry]
[04-07 16:10:40.242]Add LG [ToClient]
[04-07 16:10:48.320]Add LG [ToGroupServer]
[04-07 16:21:12.787]Add LG [Connect]
[04-07 16:21:26.183]Add LG [GateServer]
[04-07 16:21:59.366]Add LG [PlayerRegistry]
[04-07 16:21:59.383]Add LG [ToClient]
[04-07 16:22:04.162]Add LG [ToGroupServer]
[04-07 16:27:27.255]Add LG [Connect]
[04-07 16:27:39.724]Add LG [GateServer]
[04-07 16:27:42.100]Add LG [PlayerRegistry]
[04-07 16:27:42.132]Add LG [ToClient]
[04-07 16:27:49.069]Add LG [ToGroupServer]
