[04-10 00:34:17.318]Attrib file: [id=0] -> [./resource/garner\garner.atr]
[04-10 00:34:17.652]Attrib file: [id=1] -> [./resource/ctf\ctf.atr]
[04-10 00:34:17.676]Attrib file: [id=2] -> [./resource/garner2\garner2.atr]
[04-10 00:34:17.684]Attrib file: [id=3] -> [./resource/PKmap\PKmap.atr]
[04-10 00:34:17.716]Attrib file: [id=4] -> [./resource/shalan2\shalan2.atr]
[04-10 00:34:17.731]Attrib file: [id=5] -> [./resource/leiting2\leiting2.atr]
[04-10 00:34:17.779]Attrib file: [id=6] -> [./resource/lonetower\lonetower.atr]
[04-10 00:34:17.811]Attrib file: [id=7] -> [./resource/L4MAP\L4MAP.atr]
[04-10 00:34:17.826]Attrib file: [id=8] -> [./resource/LostCity\LostCity.atr]
[04-10 00:34:18.076]Attrib file: [id=9] -> [./resource/magicsea\magicsea.atr]
[04-10 00:34:18.398]Attrib file: [id=10] -> [./resource/jialebi\jialebi.atr]
[04-10 00:34:18.493]Attrib file: [id=11] -> [./resource/hell\hell.atr]
[04-10 00:34:18.509]Attrib file: [id=12] -> [./resource/hell2\hell2.atr]
[04-10 00:34:18.543]Attrib file: [id=13] -> [./resource/hell3\hell3.atr]
[04-10 00:34:18.577]Attrib file: [id=14] -> [./resource/hell4\hell4.atr]
[04-10 00:34:18.597]Attrib file: [id=15] -> [./resource/hell5\hell5.atr]
[04-10 00:34:18.884]Attrib file: [id=16] -> [./resource/darkblue\darkblue.atr]
[04-10 00:34:19.186]Attrib file: [id=17] -> [./resource/eastgoaf\eastgoaf.atr]
[04-10 00:34:19.268]Attrib file: [id=18] -> [./resource/winterland\winterland.atr]
[04-10 00:34:19.359]Attrib file: [id=19] -> [./resource/mjing1\mjing1.atr]
[04-10 00:34:19.406]Attrib file: [id=20] -> [./resource/mjing2\mjing2.atr]
[04-10 00:34:19.456]Attrib file: [id=21] -> [./resource/mjing3\mjing3.atr]
[04-10 00:34:19.485]Attrib file: [id=22] -> [./resource/mjing4\mjing4.atr]
[04-10 00:34:19.500]Attrib file: [id=23] -> [./resource/starena13\starena13.atr]
[04-10 00:34:19.516]Attrib file: [id=24] -> [./resource/starena23\starena23.atr]
[04-10 00:34:19.528]Attrib file: [id=25] -> [./resource/starena33\starena33.atr]
[04-10 00:34:19.544]Attrib file: [id=26] -> [./resource/abandonedcity\abandonedcity.atr]
[04-10 00:34:19.585]Attrib file: [id=27] -> [./resource/abandonedcity2\abandonedcity2.atr]
[04-10 00:34:19.607]Attrib file: [id=28] -> [./resource/abandonedcity3\abandonedcity3.atr]
[04-10 00:34:19.638]Attrib file: [id=29] -> [./resource/darkswamp\darkswamp.atr]
[04-10 00:34:19.718]Attrib file: [id=30] -> [./resource/puzzleworld\puzzleworld.atr]
[04-10 00:34:19.765]Attrib file: [id=31] -> [./resource/puzzleworld2\puzzleworld2.atr]
[04-10 00:34:19.837]Attrib file: [id=32] -> [./resource/DreamIsland\DreamIsland.atr]
[04-10 00:34:19.878]Attrib file: [id=33] -> [./resource/teampk\teampk.atr]
[04-10 00:34:19.985]Attrib file: [id=34] -> [./resource/Hellchapter\Hellchapter.atr]
[04-10 00:34:20.001]Attrib file: [id=35] -> [./resource/chaosicicle\chaosicicle.atr]
[04-10 00:34:20.023]Attrib file: [id=36] -> [./resource/yschurch\yschurch.atr]
