[04-10 00:35:05.981]start entry map cha_id = 5187 enter--------------------------
[04-10 00:35:05.981]cha_id = 5187, begin read data from database: 
[04-10 00:35:05.986]Loading database succeed??_get_row_stored_procedure.
[04-10 00:35:05.987]Set the whole data succeed.
[04-10 00:35:05.993]Load kitbag data succeed.
[04-10 00:35:05.994]Load temp kitbag data succeed.
[04-10 00:35:05.994]Load bank data succeed.
[04-10 00:35:05.997]Load big map data succeed.
[04-10 00:35:05.998]Load the character whole data succeed.
[04-10 00:35:06.004]finish enter game scene Cha-tempra+5187(Cha-tempra+5187)
[04-10 00:35:06.004]end up entry map  [Cha-tempra+5187]================

[04-10 00:35:46.270]Start save character assets.
[04-10 00:35:46.410]finish kitbag save.
[04-10 00:35:46.410]Save character Cha-tempra+5187(Cha-tempra+5187)assets succeed.
[04-10 00:35:55.253]Start save character assets.
[04-10 00:35:55.254]finish kitbag save.
[04-10 00:35:55.254]Save character Cha-tempra+5187(Cha-tempra+5187)assets succeed.
[04-10 00:36:02.076]Start save character assets.
[04-10 00:36:02.080]finish kitbag save.
[04-10 00:36:02.080]Save character Cha-tempra+5187(Cha-tempra+5187)assets succeed.
[04-10 00:37:01.678]SwitchMap(differ Server map switch，control player name Cha-tempra+5187[mainplayer Cha-tempra+5187]，formerly map garner，aimmap darkblue)--------
[04-10 00:37:01.678]character map name garner
[04-10 00:37:01.678]Local map switch enabled - switching in memory
[04-10 00:37:01.678]Cha-tempra+5187 start configure save data.
[04-10 00:37:01.826]character Cha-tempra+5187	carry out SQL sentence error!
[04-10 00:37:01.829]finish kitbag save.
[04-10 00:37:01.829]finish save the temp kitbag.
[04-10 00:37:01.829]finish the whole bank[0->0]save
[04-10 00:37:01.829]start save big map data!
[04-10 00:37:01.844]organize big map data succeed!
[04-10 00:37:01.844]save the whole boat data succeed
[04-10 00:37:01.856]save data succeed (local switch)
[04-10 00:37:01.857]finish enter game scene Cha-tempra+5187(Cha-tempra+5187)
[04-10 00:37:01.857]finish local map switch

[04-10 03:00:32.579]SwitchMap(differ Server map switch，control player name Cha-tempra+5187[mainplayer Cha-tempra+5187]，formerly map darkblue，aimmap garner)--------
[04-10 03:00:32.579]character map name darkblue
[04-10 03:00:32.579]Local map switch enabled - switching in memory
[04-10 03:00:32.579]Cha-tempra+5187 start configure save data.
[04-10 03:00:32.584]character Cha-tempra+5187	carry out SQL sentence error!
[04-10 03:00:32.586]finish kitbag save.
[04-10 03:00:32.586]finish save the temp kitbag.
[04-10 03:00:32.586]finish the whole bank[0->0]save
[04-10 03:00:32.586]save the whole boat data succeed
[04-10 03:00:32.586]save data succeed (local switch)
[04-10 03:00:32.588]finish enter game scene Cha-tempra+5187(Cha-tempra+5187)
[04-10 03:00:32.588]finish local map switch

[04-10 03:00:56.442]Start save character assets.
[04-10 03:00:56.459]finish kitbag save.
[04-10 03:00:56.459]Save character Cha-tempra+5187(Cha-tempra+5187)assets succeed.
[04-10 03:01:06.376]SwitchMap(differ Server map switch，control player name Cha-tempra+5187[mainplayer Cha-tempra+5187]，formerly map garner，aimmap darkblue)--------
[04-10 03:01:06.376]character map name garner
[04-10 03:01:06.376]Local map switch enabled - switching in memory
[04-10 03:01:06.376]Cha-tempra+5187 start configure save data.
[04-10 03:01:06.379]character Cha-tempra+5187	carry out SQL sentence error!
[04-10 03:01:06.380]finish kitbag save.
[04-10 03:01:06.380]finish save the temp kitbag.
[04-10 03:01:06.380]finish the whole bank[0->0]save
[04-10 03:01:06.380]save the whole boat data succeed
[04-10 03:01:06.384]save data succeed (local switch)
[04-10 03:01:06.385]finish enter game scene Cha-tempra+5187(Cha-tempra+5187)
[04-10 03:01:06.385]finish local map switch

[04-10 03:01:15.769]SwitchMap(differ Server map switch，control player name Cha-tempra+5187[mainplayer Cha-tempra+5187]，formerly map darkblue，aimmap garner2)--------
[04-10 03:01:15.769]character map name darkblue
[04-10 03:01:15.769]Local map switch enabled - switching in memory
[04-10 03:01:15.769]Cha-tempra+5187 start configure save data.
[04-10 03:01:15.770]character Cha-tempra+5187	carry out SQL sentence error!
[04-10 03:01:15.771]finish kitbag save.
[04-10 03:01:15.771]finish save the temp kitbag.
[04-10 03:01:15.771]finish the whole bank[0->0]save
[04-10 03:01:15.771]save the whole boat data succeed
[04-10 03:01:15.772]save data succeed (local switch)
[04-10 03:01:15.823]finish enter game scene Cha-tempra+5187(Cha-tempra+5187)
[04-10 03:01:15.823]finish local map switch

[04-10 03:01:18.920]start entry map cha_id = 5188 enter--------------------------
[04-10 03:01:18.920]cha_id = 5188, begin read data from database: 
[04-10 03:01:18.921]Loading database succeed??_get_row_stored_procedure.
[04-10 03:01:18.922]Set the whole data succeed.
[04-10 03:01:18.924]Load kitbag data succeed.
[04-10 03:01:18.925]Load temp kitbag data succeed.
[04-10 03:01:18.925]Load bank data succeed.
[04-10 03:01:18.928]Load big map data succeed.
[04-10 03:01:18.934]Load the character whole data succeed.
[04-10 03:01:19.067]finish enter game scene Cha-sads+5188(Cha-sads+5188)
[04-10 03:01:19.067]end up entry map  [Cha-sads+5188]================

[04-10 03:01:29.294]SwitchMap(differ Server map switch，control player name Cha-sads+5188[mainplayer Cha-sads+5188]，formerly map garner，aimmap garner2)--------
[04-10 03:01:29.294]character map name garner
[04-10 03:01:29.294]Local map switch enabled - switching in memory
[04-10 03:01:29.294]Cha-sads+5188 start configure save data.
[04-10 03:01:29.295]character Cha-sads+5188	carry out SQL sentence error!
[04-10 03:01:29.295]finish kitbag save.
[04-10 03:01:29.296]finish save the temp kitbag.
[04-10 03:01:29.296]finish the whole bank[0->0]save
[04-10 03:01:29.296]save the whole boat data succeed
[04-10 03:01:29.296]save data succeed (local switch)
[04-10 03:01:29.361]finish enter game scene Cha-sads+5188(Cha-sads+5188)
[04-10 03:01:29.361]finish local map switch

[04-10 03:01:49.424]SwitchMap(differ Server map switch，control player name Cha-tempra+5187[mainplayer Cha-tempra+5187]，formerly map garner2，aimmap darkblue)--------
[04-10 03:01:49.424]character map name garner2
[04-10 03:01:49.424]Local map switch enabled - switching in memory
[04-10 03:01:49.424]Cha-tempra+5187 start configure save data.
[04-10 03:01:49.562]character Cha-tempra+5187	carry out SQL sentence error!
[04-10 03:01:49.563]finish kitbag save.
[04-10 03:01:49.563]finish save the temp kitbag.
[04-10 03:01:49.563]finish the whole bank[0->0]save
[04-10 03:01:49.563]save the whole boat data succeed
[04-10 03:01:49.563]save data succeed (local switch)
[04-10 03:01:49.564]finish enter game scene Cha-tempra+5187(Cha-tempra+5187)
[04-10 03:01:49.564]finish local map switch

[04-10 03:14:27.794]Begin SaveAllPlayer==============================================================
[04-10 03:14:27.794]SaveAllPlayer
[04-10 03:14:27.794]Cha-sads+5188 start configure save data.
[04-10 03:14:27.798]character Cha-sads+5188	carry out SQL sentence error!
[04-10 03:14:27.803]finish kitbag save.
[04-10 03:14:27.804]finish save the temp kitbag.
[04-10 03:14:27.804]finish the whole bank[0->0]save
[04-10 03:14:27.804]save the whole boat data succeed
[04-10 03:14:27.805]
[04-10 03:14:27.805]SaveAllPlayer
[04-10 03:14:27.805]Cha-tempra+5187 start configure save data.
[04-10 03:14:27.807]character Cha-tempra+5187	carry out SQL sentence error!
[04-10 03:14:27.807]finish kitbag save.
[04-10 03:14:27.807]finish save the temp kitbag.
[04-10 03:14:27.807]finish the whole bank[0->0]save
[04-10 03:14:27.807]save the whole boat data succeed
[04-10 03:14:27.807]
[04-10 03:14:27.807]one-off carry out every big map save SQL,totalize[0] piece!
[04-10 03:14:27.807]End SaveAllPlayer################################################################
