[04-10 00:34:17.064]set makp (garner)?ID = 1!
[04-10 00:34:17.652]set makp (ctf)?ID = 54!
[04-10 00:34:17.668]set makp (garner2)?ID = 15!
[04-10 00:34:17.684]set makp (PKmap)?ID = 50!
[04-10 00:34:17.716]set makp (shalan2)?ID = 23!
[04-10 00:34:17.731]set makp (leiting2)?ID = 22!
[04-10 00:34:17.747]set makp (lonetower)?ID = 5!
[04-10 00:34:17.797]set makp (L4MAP)?ID = 28!
[04-10 00:34:17.826]set makp (LostCity)?ID = 47!
[04-10 00:34:17.842]set makp (magicsea)?ID = 2!
[04-10 00:34:18.366]set makp (jialebi)?ID = 14!
[04-10 00:34:18.478]set makp (hell)?ID = 16!
[04-10 00:34:18.493]set makp (hell2)?ID = 17!
[04-10 00:34:18.525]set makp (hell3)?ID = 18!
[04-10 00:34:18.566]set makp (hell4)?ID = 19!
[04-10 00:34:18.582]set makp (hell5)?ID = 20!
[04-10 00:34:18.644]set makp (darkblue)?ID = 3!
[04-10 00:34:19.170]set makp (eastgoaf)?ID = 4!
[04-10 00:34:19.201]set makp (winterland)?ID = 33!
[04-10 00:34:19.359]set makp (mjing1)?ID = 34!
[04-10 00:34:19.396]set makp (mjing2)?ID = 35!
[04-10 00:34:19.437]set makp (mjing3)?ID = 36!
[04-10 00:34:19.477]set makp (mjing4)?ID = 37!
[04-10 00:34:19.500]set makp (starena13)?ID = 39!
[04-10 00:34:19.507]set makp (starena23)?ID = 42!
[04-10 00:34:19.528]set makp (starena33)?ID = 45!
[04-10 00:34:19.534]set makp (abandonedcity)?ID = 8!
[04-10 00:34:19.577]set makp (abandonedcity2)?ID = 9!
[04-10 00:34:19.591]set makp (abandonedcity3)?ID = 10!
[04-10 00:34:19.625]set makp (darkswamp)?ID = 7!
[04-10 00:34:19.718]set makp (puzzleworld)?ID = 11!
[04-10 00:34:19.749]set makp (puzzleworld2)?ID = 12!
[04-10 00:34:19.797]set makp (DreamIsland)?ID = 38!
[04-10 00:34:19.866]set makp (teampk)?ID = 13!
[04-10 00:34:19.978]set makp (Hellchapter)?ID = 48!
[04-10 00:34:20.001]set makp (chaosicicle)?ID = 40!
[04-10 00:34:20.016]set makp (yschurch)?ID = 26!
