[04-10 00:34:10.432]Load Game Config File(Text Mode) [GameServer.cfg]
[04-10 00:34:10.447]Load Game Config File(Text Mode) [cmd.cfg]
[04-10 00:34:10.447]Define __CATCH
[04-10 00:34:10.447]game map server [GameServer] startup...
[04-10 00:34:10.447]start initialization GameApp
[04-10 00:34:10.447]initialization DB...
[04-10 00:34:10.495]database init...ok
[04-10 00:34:10.495]database init...ok
[04-10 00:34:11.307]start to assign every Entity memory
[04-10 00:34:11.317]initialization every form...
[04-10 00:34:16.543]initialization Lua Script...
[04-10 00:34:17.064]initialization map list...
[04-10 00:34:17.652]map garner init resource succeed
[04-10 00:34:17.652]map [garner] ok!
[04-10 00:34:17.668]map ctf init resource succeed
[04-10 00:34:17.668]map [ctf] ok!
[04-10 00:34:17.684]map garner2 init resource succeed
[04-10 00:34:17.684]map [garner2] ok!
[04-10 00:34:17.716]map PKmap init resource succeed
[04-10 00:34:17.716]map [PKmap] ok!
[04-10 00:34:17.731]map shalan2 init resource succeed
[04-10 00:34:17.731]map [shalan2] ok!
[04-10 00:34:17.747]map leiting2 init resource succeed
[04-10 00:34:17.747]map [leiting2] ok!
[04-10 00:34:17.797]map lonetower init resource succeed
[04-10 00:34:17.797]map [lonetower] ok!
[04-10 00:34:17.826]map L4MAP init resource succeed
[04-10 00:34:17.826]map [L4MAP] ok!
[04-10 00:34:17.842]map LostCity init resource succeed
[04-10 00:34:17.842]map [LostCity] ok!
[04-10 00:34:18.366]map magicsea init resource succeed
[04-10 00:34:18.366]map [magicsea] ok!
[04-10 00:34:18.478]map jialebi init resource succeed
[04-10 00:34:18.478]map [jialebi] ok!
[04-10 00:34:18.493]map hell init resource succeed
[04-10 00:34:18.493]map [hell] ok!
[04-10 00:34:18.525]map hell2 init resource succeed
[04-10 00:34:18.525]map [hell2] ok!
[04-10 00:34:18.566]map hell3 init resource succeed
[04-10 00:34:18.566]map [hell3] ok!
[04-10 00:34:18.582]map hell4 init resource succeed
[04-10 00:34:18.582]map [hell4] ok!
[04-10 00:34:18.644]map hell5 init resource succeed
[04-10 00:34:18.644]map [hell5] ok!
[04-10 00:34:19.170]map darkblue init resource succeed
[04-10 00:34:19.170]map [darkblue] ok!
[04-10 00:34:19.201]map eastgoaf init resource succeed
[04-10 00:34:19.201]map [eastgoaf] ok!
[04-10 00:34:19.359]map winterland init resource succeed
[04-10 00:34:19.359]map [winterland] ok!
[04-10 00:34:19.396]map mjing1 init resource succeed
[04-10 00:34:19.396]map [mjing1] ok!
[04-10 00:34:19.437]map mjing2 init resource succeed
[04-10 00:34:19.437]map [mjing2] ok!
[04-10 00:34:19.477]map mjing3 init resource succeed
[04-10 00:34:19.477]map [mjing3] ok!
[04-10 00:34:19.500]map mjing4 init resource succeed
[04-10 00:34:19.500]map [mjing4] ok!
[04-10 00:34:19.507]map starena13 init resource succeed
[04-10 00:34:19.507]map [starena13] ok!
[04-10 00:34:19.528]map starena23 init resource succeed
[04-10 00:34:19.528]map [starena23] ok!
[04-10 00:34:19.534]map starena33 init resource succeed
[04-10 00:34:19.534]map [starena33] ok!
[04-10 00:34:19.577]map abandonedcity init resource succeed
[04-10 00:34:19.577]map [abandonedcity] ok!
[04-10 00:34:19.591]map abandonedcity2 init resource succeed
[04-10 00:34:19.591]map [abandonedcity2] ok!
[04-10 00:34:19.625]map abandonedcity3 init resource succeed
[04-10 00:34:19.625]map [abandonedcity3] ok!
[04-10 00:34:19.718]map darkswamp init resource succeed
[04-10 00:34:19.718]map [darkswamp] ok!
[04-10 00:34:19.749]map puzzleworld init resource succeed
[04-10 00:34:19.749]map [puzzleworld] ok!
[04-10 00:34:19.797]map puzzleworld2 init resource succeed
[04-10 00:34:19.797]map [puzzleworld2] ok!
[04-10 00:34:19.866]map DreamIsland init resource succeed
[04-10 00:34:19.866]map [DreamIsland] ok!
[04-10 00:34:19.978]map teampk init resource succeed
[04-10 00:34:19.978]map [teampk] ok!
[04-10 00:34:20.001]map Hellchapter init resource succeed
[04-10 00:34:20.001]map [Hellchapter] ok!
[04-10 00:34:20.016]map chaosicicle init resource succeed
[04-10 00:34:20.016]map [chaosicicle] ok!
[04-10 00:34:20.040]map yschurch init resource succeed
[04-10 00:34:20.040]map [yschurch] ok!
[04-10 00:34:20.048]execute monster placement script/monster/baiyinlinqu.lua  
[04-10 00:34:20.048]execute monster placement script/monster/lietinglinqu.lua  
[04-10 00:34:20.048]execute monster placement script/monster/baiyinyuchang.lua  
[04-10 00:34:20.048]execute monster placement script/monster/jianazuixiayuchang.lua  
[04-10 00:34:20.048]execute monster placement script/monster/haifengyuchang.lua  
[04-10 00:34:20.048]execute monster placement script/monster/jianayunshi.lua  
[04-10 00:34:20.048]execute monster placement script/monster/bycduizhang.lua  
[04-10 00:34:20.048]execute monster placement script/monster/bycdaoguai.lua  
[04-10 00:34:20.069]garnerscript release monster ended! 
[04-10 00:34:20.069]execute monster placement script/monster/mingshapaota.lua  
[04-10 00:34:20.071]execute monster placement script/monster/monv480.lua  
[04-10 00:34:20.096]execute monster placement script/monster/shalanyuchang.lua  
[04-10 00:34:20.096]execute monster placement script/monster/mingshayuchang.lua  
[04-10 00:34:20.096]execute monster placement script/monster/shalanlinqu.lua  
[04-10 00:34:20.096]execute monster placement script/monster/shalanmingshaxian.lua  
[04-10 00:34:20.096]execute monster placement script/monster/shaxie.lua  
[04-10 00:34:20.096]execute monster placement script/monster/shalanyunshi.lua  
[04-10 00:34:20.096]execute monster placement script/monster/slcdaoguai.lua  
[04-10 00:34:20.115]execute monster placement script/monster/slcduizhang.lua  
[04-10 00:34:20.115]execute monster placement script/monster/WriteSheepKiper.lua  
[04-10 00:34:20.115]magicseascript release monster ended! 
[04-10 00:34:20.115]execute monster placement script/monster/binglanglinqu.lua  
[04-10 00:34:20.115]execute monster placement script/monster/binglangyuchang.lua  
[04-10 00:34:20.115]execute monster placement script/monster/binglangyunshi.lua  
[04-10 00:34:20.115]execute monster placement script/monster/chundaoguai.lua  
[04-10 00:34:20.115]execute monster placement script/monster/qiudaoguai.lua  
[04-10 00:34:20.152]execute monster placement script/monster/xiadaoguai.lua  
[04-10 00:34:20.178]execute monster placement script/monster/blbdaoguai.lua  
[04-10 00:34:20.178]execute monster placement script/monster/blbduizhang.lua  
[04-10 00:34:20.178]darkbluescript release monster ended! 
[04-10 00:34:20.178]lonetower instance mode - no static monster spawns 
[04-10 00:34:20.178]execute monster placement script/monster/haidisuidao.lua  
[04-10 00:34:20.178]execute monster placement script/monster/xiashuidao.lua  
[04-10 00:34:20.191]execute monster placement script/monster/heilong1.lua  
[04-10 00:34:20.191]execute monster placement script/monster/heilong2.lua  
[04-10 00:34:20.191]Eastgoafscript release monster ended! 
[04-10 00:34:20.191]Initializing Offline Stall System...
[04-10 00:34:20.213]Offline Stall System initialized with 0 stalls
[04-10 00:34:20.213]GameApp initialization finish!
[04-10 00:34:20.213]start init ServerApp
[04-10 00:34:20.213]ServerApp init over
[04-10 00:34:20.213]startup Gate server connect thread...
[04-10 00:34:20.213]startup game thread...
[04-10 00:34:20.213]Game Thread ID = 17336
[04-10 00:34:20.213]start create Win32 control dialog box
[04-10 00:34:20.238]Entering main message loop
[04-10 03:14:24.757]Graceful shutdown initiated - 3 seconds remaining
[04-10 03:14:27.810]start to exit game map server
[04-10 03:14:27.858]game thread finish!
