[04-10 00:34:11.790]135,Arrow 01,cha ID:1
[04-10 00:34:11.823]200,Left Plaster Glove,cha ID:1
[04-10 00:34:11.825]201,Left Brawler Glove,cha ID:1
[04-10 00:34:11.825]202,Left Master Glove,cha ID:1
[04-10 00:34:11.825]203,Left Jagged Blade,cha ID:1
[04-10 00:34:11.825]204,Left Cosmo Blade,cha ID:1
[04-10 00:34:11.827]205,Left Tiger Glove,cha ID:1
[04-10 00:34:11.827]206,Left Hand of Death,cha ID:1
[04-10 00:34:11.833]228,Raging Bull Tattoo,cha ID:3
[04-10 00:34:11.833]229,Savage Bull Tattoo,cha ID:3
[04-10 00:34:11.833]230,Primal Tattoo,cha ID:3
[04-10 00:34:11.872]290,Husk Armor,cha ID:4
[04-10 00:34:11.872]291,Thick Armor,cha ID:4
[04-10 00:34:11.872]292,Leather Armor,cha ID:4
[04-10 00:34:11.872]293,Rhino Hide Armor,cha ID:4
[04-10 00:34:11.872]294,Tiger Hide Armor,cha ID:4
[04-10 00:34:11.872]295,Breast Plate,cha ID:4
[04-10 00:34:11.872]296,Soft Leather Armor,cha ID:4
[04-10 00:34:11.872]297,Heavy Leather Armor,cha ID:4
[04-10 00:34:11.872]298,Strong Leather Armor,cha ID:4
[04-10 00:34:11.872]299,Mithril Platemail,cha ID:4
[04-10 00:34:11.879]300,Chain Mail,cha ID:3
[04-10 00:34:11.879]301,Strong Platemail,cha ID:3
[04-10 00:34:11.879]302,Light Platemail,cha ID:4
[04-10 00:34:11.879]303,Silver Platemail,cha ID:4
[04-10 00:34:11.879]304,Ceremonial Platemail,cha ID:4
[04-10 00:34:11.879]305,Coarse Vest,cha ID:2
[04-10 00:34:11.883]306,Canvas Vest,cha ID:2
[04-10 00:34:11.883]307,Exquisite Vest,cha ID:2
[04-10 00:34:11.883]308,Leather Vest,cha ID:2
[04-10 00:34:11.883]309,Warrior Frock,cha ID:2
[04-10 00:34:11.885]310,Feather Vest,cha ID:2
[04-10 00:34:11.885]311,Safari Vest,cha ID:2
[04-10 00:34:11.885]312,Emerald Vest,cha ID:2
[04-10 00:34:11.885]313,Hunter Vest,cha ID:2
[04-10 00:34:11.887]314,Slick Vest,cha ID:2
[04-10 00:34:11.887]315,Peacock Vest,cha ID:2
[04-10 00:34:11.887]316,Ringdove Vest,cha ID:2
[04-10 00:34:11.889]317,Raptor Vest,cha ID:2
[04-10 00:34:11.899]335,Cloth Shirt,cha ID:2
[04-10 00:34:11.899]336,Tough Vest,cha ID:2
[04-10 00:34:11.899]337,Explorer Vest,cha ID:2
[04-10 00:34:11.899]338,Adventure Vest,cha ID:2
[04-10 00:34:11.901]339,Helmsman Vest,cha ID:2
[04-10 00:34:11.901]340,Oarsman Vest,cha ID:2
[04-10 00:34:11.901]341,Deckman Vest,cha ID:2
[04-10 00:34:11.901]342,Mastman Vest,cha ID:2
[04-10 00:34:11.903]343,Hurricane Vest,cha ID:2
[04-10 00:34:11.903]344,Whirlpool Vest,cha ID:2
[04-10 00:34:11.903]345,Wind Vest,cha ID:2
[04-10 00:34:11.906]350,Crabby Costume,cha ID:1
[04-10 00:34:11.906]351,Rooroo Costume,cha ID:1
[04-10 00:34:11.906]352,Playful Racoon Costume,cha ID:1
[04-10 00:34:11.908]353,Duckling Costume,cha ID:1
[04-10 00:34:11.908]354,Big Crab Costume,cha ID:1
[04-10 00:34:11.908]355,Lobster Costume,cha ID:1
[04-10 00:34:11.908]356,Ducky Costume,cha ID:1
[04-10 00:34:11.910]357,Prawn Costume,cha ID:1
[04-10 00:34:11.910]358,Pincer Costume,cha ID:1
[04-10 00:34:11.910]359,Sheepy Costume,cha ID:1
[04-10 00:34:11.912]360,Meowy Costume,cha ID:1
[04-10 00:34:11.912]361,Owl Costume,cha ID:1
[04-10 00:34:11.912]362,Hopperoo Costume,cha ID:1
[04-10 00:34:11.912]363,Clever Otter Costume,cha ID:1
[04-10 00:34:11.914]364,Lucky Otter Costume,cha ID:1
[04-10 00:34:11.914]365,Medic Robe,cha ID:1
[04-10 00:34:11.914]366,Foster Robe,cha ID:1
[04-10 00:34:11.916]367,Travel Robe,cha ID:1
[04-10 00:34:11.916]368,Nurse Robe,cha ID:1
[04-10 00:34:11.916]369,Garcon Robe,cha ID:1
[04-10 00:34:11.916]370,Holy Robe,cha ID:1
[04-10 00:34:11.918]371,Follower Robe,cha ID:1
[04-10 00:34:11.918]372,Attendant Robe,cha ID:1
[04-10 00:34:11.918]373,Scholar Robe,cha ID:1
[04-10 00:34:11.918]374,Emergency Robe,cha ID:1
[04-10 00:34:11.920]375,Passage Robe,cha ID:1
[04-10 00:34:11.920]376,Healer Robe,cha ID:1
[04-10 00:34:11.920]377,Protector Robe,cha ID:1
[04-10 00:34:11.922]378,Piety Robe,cha ID:1
[04-10 00:34:11.922]379,Blessed Robe,cha ID:1
[04-10 00:34:11.922]380,Mousey Costume,cha ID:1
[04-10 00:34:11.922]381,Kitty Costume,cha ID:1
[04-10 00:34:11.924]382,Loopy Bunny Costume,cha ID:1
[04-10 00:34:11.924]383,Goaty Costume,cha ID:1
[04-10 00:34:11.924]384,Deer Costume,cha ID:1
[04-10 00:34:11.926]385,Otter Costume,cha ID:1
[04-10 00:34:11.926]386,Racoon Costume,cha ID:1
[04-10 00:34:11.928]388,Happy Bunny Costume,cha ID:1
[04-10 00:34:11.928]389,Night Owl Costume,cha ID:1
[04-10 00:34:11.928]390,Kangaroo Costume,cha ID:1
[04-10 00:34:11.930]391,Joyful Bunny Costume,cha ID:1
[04-10 00:34:11.930]392,Bunny Baby Costume,cha ID:1
[04-10 00:34:11.930]393,Lucky Bunny Costume,cha ID:1
[04-10 00:34:11.930]394,Heavenly Vest,cha ID:1
[04-10 00:34:11.932]395,Armor of Night,cha ID:2
[04-10 00:34:11.932]396,Armor of Secrets,cha ID:2
[04-10 00:34:11.932]397,Armor of Hercules,cha ID:1
[04-10 00:34:11.932]398,Armor of Olympus,cha ID:1
[04-10 00:34:11.934]399,Vest of Marksmanship,cha ID:2
[04-10 00:34:11.934]400,Vest of Apollo,cha ID:2
[04-10 00:34:11.934]401,Robe of the Wise,cha ID:1
[04-10 00:34:11.936]402,Robe of the Sage,cha ID:1
[04-10 00:34:11.936]403,Happy Panda Costume,cha ID:1
[04-10 00:34:11.936]404,Mystic Panda Costume,cha ID:1
[04-10 00:34:11.936]405,Fairy Robe,cha ID:1
[04-10 00:34:11.938]406,Faerie Robe,cha ID:1
[04-10 00:34:11.938]407,Gold Fish Costume,cha ID:1
[04-10 00:34:11.938]408,Fish Fairy Costume,cha ID:1
[04-10 00:34:11.938]409,Tidal Robe,cha ID:2
[04-10 00:34:11.940]410,Bear Costume,cha ID:1
[04-10 00:34:11.940]411,Tsunami Robe,cha ID:2
[04-10 00:34:11.940]412,Dragon Costume,cha ID:1
[04-10 00:34:11.942]413,Dragon Lord Costume,cha ID:1
[04-10 00:34:11.958]466,Husk Gloves,cha ID:4
[04-10 00:34:11.972]467,Thick Gloves,cha ID:4
[04-10 00:34:11.972]468,Leather Gloves,cha ID:4
[04-10 00:34:11.972]469,Rhino Hide Gloves,cha ID:4
[04-10 00:34:11.974]470,Tiger Hide Gloves,cha ID:4
[04-10 00:34:11.974]471,Gauntlets,cha ID:4
[04-10 00:34:11.974]472,Soft Leather Gloves,cha ID:4
[04-10 00:34:11.974]473,Heavy Leather Gloves,cha ID:4
[04-10 00:34:11.974]474,Strong Leather Gloves,cha ID:4
[04-10 00:34:11.974]475,Mithril Gauntlets,cha ID:4
[04-10 00:34:11.974]476,Chain Gauntlets,cha ID:3
[04-10 00:34:11.974]477,Strong Gauntlets,cha ID:3
[04-10 00:34:11.974]478,Light Gauntlets,cha ID:4
[04-10 00:34:11.974]479,Silver Gauntlets,cha ID:4
[04-10 00:34:11.974]480,Ceremonial Gauntlets,cha ID:4
[04-10 00:34:11.974]481,Coarse Gloves,cha ID:2
[04-10 00:34:11.974]482,Canvas Gloves,cha ID:2
[04-10 00:34:11.974]483,Exquisite Gloves,cha ID:2
[04-10 00:34:11.974]484,Leather Gloves,cha ID:2
[04-10 00:34:11.974]485,Warrior Gloves,cha ID:2
[04-10 00:34:11.974]486,Feather Gloves,cha ID:2
[04-10 00:34:11.974]487,Safari Gloves,cha ID:2
[04-10 00:34:11.974]488,Emerald Gloves,cha ID:2
[04-10 00:34:11.974]489,Hunter Gloves,cha ID:2
[04-10 00:34:11.974]490,Slick Gloves,cha ID:2
[04-10 00:34:11.974]491,Peacock Gloves,cha ID:2
[04-10 00:34:11.974]492,Ringdove Gloves,cha ID:2
[04-10 00:34:11.974]493,Raptor Gloves,cha ID:2
[04-10 00:34:11.995]511,Cloth Gloves,cha ID:2
[04-10 00:34:11.995]512,Tough Gloves,cha ID:2
[04-10 00:34:11.995]513,Explorer Gloves,cha ID:2
[04-10 00:34:11.997]514,Adventure Gloves,cha ID:2
[04-10 00:34:11.997]515,Helmsman Gloves,cha ID:2
[04-10 00:34:11.997]516,Oarsman Gloves,cha ID:2
[04-10 00:34:11.999]517,Deckman Gloves,cha ID:2
[04-10 00:34:11.999]518,Mastman Gloves,cha ID:2
[04-10 00:34:11.999]519,Hurricane Gloves,cha ID:2
[04-10 00:34:11.999]520,Whirlpool Gloves,cha ID:2
[04-10 00:34:12.001]521,Wind Gloves,cha ID:2
[04-10 00:34:12.003]526,Crabby Gloves,cha ID:1
[04-10 00:34:12.003]527,Rooroo Muffs,cha ID:1
[04-10 00:34:12.005]528,Playful Racoon Muffs,cha ID:1
[04-10 00:34:12.005]529,Duckling Muffs,cha ID:1
[04-10 00:34:12.005]530,Big Crab Muffs,cha ID:1
[04-10 00:34:12.005]531,Lobster Muffs,cha ID:1
[04-10 00:34:12.007]532,Ducky Muffs,cha ID:1
[04-10 00:34:12.007]533,Prawn Muffs,cha ID:1
[04-10 00:34:12.007]534,Pincer Muffs,cha ID:1
[04-10 00:34:12.007]535,Sheepy Muffs,cha ID:1
[04-10 00:34:12.009]536,Meowy Muffs,cha ID:1
[04-10 00:34:12.009]537,Owl Muffs,cha ID:1
[04-10 00:34:12.009]538,Hopperoo Muffs,cha ID:1
[04-10 00:34:12.011]539,Clever Otter Muffs,cha ID:1
[04-10 00:34:12.011]540,Lucky Otter Muffs,cha ID:1
[04-10 00:34:12.011]541,Medic Gloves,cha ID:1
[04-10 00:34:12.011]542,Foster Gloves,cha ID:1
[04-10 00:34:12.013]543,Travel Gloves,cha ID:1
[04-10 00:34:12.013]544,Nurse Gloves,cha ID:1
[04-10 00:34:12.013]545,Garcon Gloves,cha ID:1
[04-10 00:34:12.013]546,Holy Gloves,cha ID:1
[04-10 00:34:12.015]547,Follower Gloves,cha ID:1
[04-10 00:34:12.015]548,Attendant Gloves,cha ID:1
[04-10 00:34:12.015]549,Scholar Gloves,cha ID:1
[04-10 00:34:12.017]550,Emergency Gloves,cha ID:1
[04-10 00:34:12.017]551,Passage Gloves,cha ID:1
[04-10 00:34:12.017]552,Healer Gloves,cha ID:1
[04-10 00:34:12.017]553,Protector Gloves,cha ID:1
[04-10 00:34:12.019]554,Piety Gloves,cha ID:1
[04-10 00:34:12.019]555,Blessed Gloves,cha ID:1
[04-10 00:34:12.019]556,Mousey Muffs,cha ID:1
[04-10 00:34:12.021]557,Kitty Muffs,cha ID:1
[04-10 00:34:12.021]558,Loopy Bunny Muffs,cha ID:1
[04-10 00:34:12.021]559,Goaty Muffs,cha ID:1
[04-10 00:34:12.021]560,Deer Muffs,cha ID:1
[04-10 00:34:12.021]561,Otter Muffs,cha ID:1
[04-10 00:34:12.021]562,Racoon Muffs,cha ID:1
[04-10 00:34:12.021]564,Happy Bunny Muffs,cha ID:1
[04-10 00:34:12.021]565,Night Owl Muffs,cha ID:1
[04-10 00:34:12.021]566,Kangaroo Muffs,cha ID:1
[04-10 00:34:12.021]567,Joyful Bunny Muffs,cha ID:1
[04-10 00:34:12.021]568,Bunny Baby Muffs,cha ID:1
[04-10 00:34:12.021]569,Lucky Bunny Muffs,cha ID:1
[04-10 00:34:12.021]570,Heavenly Gloves,cha ID:1
[04-10 00:34:12.037]586,Bear Gloves,cha ID:1
[04-10 00:34:12.037]587,Gloves of Night,cha ID:2
[04-10 00:34:12.037]588,Gloves of Secrets,cha ID:2
[04-10 00:34:12.037]589,Gloves of Marksmanship,cha ID:2
[04-10 00:34:12.037]590,Gloves of Apollo,cha ID:2
[04-10 00:34:12.037]591,Gloves of the Wise,cha ID:1
[04-10 00:34:12.037]592,Gloves of the Sage,cha ID:1
[04-10 00:34:12.037]593,Happy Panda Gloves,cha ID:1
[04-10 00:34:12.037]594,Mystic Panda Gloves,cha ID:1
[04-10 00:34:12.037]595,Fairy Gloves,cha ID:1
[04-10 00:34:12.037]596,Faerie Gloves,cha ID:1
[04-10 00:34:12.037]597,Gold Fish Muffs,cha ID:1
[04-10 00:34:12.037]598,Fish Fairy Muffs,cha ID:1
[04-10 00:34:12.037]599,Tidal Gloves,cha ID:2
[04-10 00:34:12.037]600,Tsunami Gloves,cha ID:2
[04-10 00:34:12.037]601,Dragon Muffs,cha ID:1
[04-10 00:34:12.037]602,Dragon Lord Muffs,cha ID:1
[04-10 00:34:12.037]603,Gauntlets of Hercules,cha ID:1
[04-10 00:34:12.037]604,Gauntlets of Olympus,cha ID:1
[04-10 00:34:12.053]635,Lv 1 Strike Coral,cha ID:2
[04-10 00:34:12.053]636,Lv 2 Strike Coral,cha ID:2
[04-10 00:34:12.053]637,Lv 3 Strike Coral,cha ID:2
[04-10 00:34:12.053]638,Lv 4 Strike Coral,cha ID:2
[04-10 00:34:12.053]639,Lv 5 Strike Coral,cha ID:2
[04-10 00:34:12.053]642,Husk Boots,cha ID:4
[04-10 00:34:12.069]643,Thick Boots,cha ID:4
[04-10 00:34:12.069]644,Leather Boots,cha ID:4
[04-10 00:34:12.069]645,Rhino Hide Boots,cha ID:4
[04-10 00:34:12.071]646,Tiger Hide Boots,cha ID:4
[04-10 00:34:12.071]647,Greaves,cha ID:4
[04-10 00:34:12.071]648,Soft Leather Boots,cha ID:4
[04-10 00:34:12.072]649,Heavy Leather Boots,cha ID:4
[04-10 00:34:12.072]650,Strong Leather Boots,cha ID:4
[04-10 00:34:12.072]651,Mithril Greaves,cha ID:4
[04-10 00:34:12.072]652,Chain Greaves,cha ID:3
[04-10 00:34:12.074]653,Strong Greaves,cha ID:3
[04-10 00:34:12.074]654,Light Greaves,cha ID:4
[04-10 00:34:12.074]655,Silver Greaves,cha ID:4
[04-10 00:34:12.076]656,Ceremonial Greaves,cha ID:4
[04-10 00:34:12.076]657,Coarse Boots,cha ID:2
[04-10 00:34:12.076]658,Canvas Boots,cha ID:2
[04-10 00:34:12.076]659,Exquisite Boots,cha ID:2
[04-10 00:34:12.078]660,Leather Boots,cha ID:2
[04-10 00:34:12.078]661,Warrior Boots,cha ID:2
[04-10 00:34:12.078]662,Feather Boots,cha ID:2
[04-10 00:34:12.078]663,Safari Boots,cha ID:2
[04-10 00:34:12.080]664,Emerald Boots,cha ID:2
[04-10 00:34:12.080]665,Hunter Boots,cha ID:2
[04-10 00:34:12.080]666,Slick Boots,cha ID:2
[04-10 00:34:12.082]667,Peacock Boots,cha ID:2
[04-10 00:34:12.082]668,Ringdove Boots,cha ID:2
[04-10 00:34:12.082]669,Raptor Boots,cha ID:2
[04-10 00:34:12.094]687,Cloth Boots,cha ID:2
[04-10 00:34:12.094]688,Tough Boots,cha ID:2
[04-10 00:34:12.096]689,Explorer Boots,cha ID:2
[04-10 00:34:12.096]690,Adventure Boots,cha ID:2
[04-10 00:34:12.096]691,Helmsman Boots,cha ID:2
[04-10 00:34:12.098]692,Oarsman Boots,cha ID:2
[04-10 00:34:12.098]693,Deckman Boots,cha ID:2
[04-10 00:34:12.098]694,Mastman Boots,cha ID:2
[04-10 00:34:12.100]695,Hurricane Boots,cha ID:2
[04-10 00:34:12.100]696,Whirlpool Boots,cha ID:2
[04-10 00:34:12.100]697,Wind Boots,cha ID:2
[04-10 00:34:12.100]702,Crabby Shoes,cha ID:1
[04-10 00:34:12.100]703,Rooroo Shoes,cha ID:1
[04-10 00:34:12.105]704,Playful Racoon Shoes,cha ID:1
[04-10 00:34:12.105]705,Duckling Shoes,cha ID:1
[04-10 00:34:12.105]706,Big Crab Shoes,cha ID:1
[04-10 00:34:12.107]707,Lobster Shoes,cha ID:1
[04-10 00:34:12.107]708,Ducky Shoes,cha ID:1
[04-10 00:34:12.107]709,Prawn Shoes,cha ID:1
[04-10 00:34:12.109]710,Pincer Shoes,cha ID:1
[04-10 00:34:12.109]711,Sheepy Shoes,cha ID:1
[04-10 00:34:12.109]712,Meowy Shoes,cha ID:1
[04-10 00:34:12.109]713,Owl Shoes,cha ID:1
[04-10 00:34:12.111]714,Hopperoo Shoes,cha ID:1
[04-10 00:34:12.111]715,Clever Otter Shoes,cha ID:1
[04-10 00:34:12.111]716,Lucky Otter Shoes,cha ID:1
[04-10 00:34:12.113]717,Medic Boots,cha ID:1
[04-10 00:34:12.113]718,Foster Boots,cha ID:1
[04-10 00:34:12.113]719,Travel Boots,cha ID:1
[04-10 00:34:12.113]720,Nurse Boots,cha ID:1
[04-10 00:34:12.115]721,Garcon Boots,cha ID:1
[04-10 00:34:12.115]722,Holy Boots,cha ID:1
[04-10 00:34:12.115]723,Follower Boots,cha ID:1
[04-10 00:34:12.115]724,Attendant Boots,cha ID:1
[04-10 00:34:12.115]725,Scholar Boots,cha ID:1
[04-10 00:34:12.115]726,Emergency Boots,cha ID:1
[04-10 00:34:12.115]727,Passage Boots,cha ID:1
[04-10 00:34:12.115]728,Healer Boots,cha ID:1
[04-10 00:34:12.115]729,Protector Boots,cha ID:1
[04-10 00:34:12.115]730,Piety Boots,cha ID:1
[04-10 00:34:12.115]731,Blessed Boots,cha ID:1
[04-10 00:34:12.115]732,Mousey Shoes,cha ID:1
[04-10 00:34:12.115]733,Kitty Shoes,cha ID:1
[04-10 00:34:12.115]734,Loopy Bunny Shoes,cha ID:1
[04-10 00:34:12.115]735,Goaty Shoes,cha ID:1
[04-10 00:34:12.115]736,Deer Shoes,cha ID:1
[04-10 00:34:12.115]737,Otter Shoes,cha ID:1
[04-10 00:34:12.115]738,Racoon Shoes,cha ID:1
[04-10 00:34:12.115]740,Happy Bunny Shoes,cha ID:1
[04-10 00:34:12.115]741,Night Owl Shoes,cha ID:1
[04-10 00:34:12.115]742,Kangaroo Shoes,cha ID:1
[04-10 00:34:12.115]743,Joyful Bunny Shoes,cha ID:1
[04-10 00:34:12.115]744,Bunny Baby Shoes,cha ID:1
[04-10 00:34:12.131]745,Lucky Bunny Shoes,cha ID:1
[04-10 00:34:12.131]746,Heavenly Shoes,cha ID:1
[04-10 00:34:12.131]747,Boots of Night,cha ID:2
[04-10 00:34:12.131]748,Boots of Secrets,cha ID:2
[04-10 00:34:12.131]749,Boots of Marksmanship,cha ID:2
[04-10 00:34:12.135]750,Boots of Apollo,cha ID:2
[04-10 00:34:12.135]751,Boots of the Wise,cha ID:1
[04-10 00:34:12.135]752,Boots of the Sage,cha ID:1
[04-10 00:34:12.137]753,Happy Panda Shoes,cha ID:1
[04-10 00:34:12.137]754,Mystic Panda Shoes,cha ID:1
[04-10 00:34:12.137]755,Fairy Shoes,cha ID:1
[04-10 00:34:12.139]756,Faerie Shoes,cha ID:1
[04-10 00:34:12.139]757,Gold Fish Shoes,cha ID:1
[04-10 00:34:12.139]758,Fish Fairy Shoes,cha ID:1
[04-10 00:34:12.141]759,Tidal Shoes,cha ID:2
[04-10 00:34:12.141]760,Tsunami Shoes,cha ID:2
[04-10 00:34:12.141]761,Dragon Shoes,cha ID:1
[04-10 00:34:12.143]762,Bear Shoes,cha ID:1
[04-10 00:34:12.143]763,Armor of Revenant,cha ID:4
[04-10 00:34:12.143]764,Tattoo of the Cursed Warrior,cha ID:3
[04-10 00:34:12.145]765,Tattoo of Evanescence,cha ID:3
[04-10 00:34:12.145]766,Tattoo of Enigma,cha ID:3
[04-10 00:34:12.145]767,Platemail of the Cursed Soul,cha ID:4
[04-10 00:34:12.147]768,Armor of Evanescence,cha ID:4
[04-10 00:34:12.147]769,Armor of Enigma,cha ID:4
[04-10 00:34:12.153]777,Robe of Death,cha ID:2
[04-10 00:34:12.153]778,Corset of Incantation,cha ID:2
[04-10 00:34:12.153]779,Coat of Evanescence,cha ID:2
[04-10 00:34:12.155]780,Mantle of Enigma,cha ID:2
[04-10 00:34:12.161]789,Robe of the Venom Witch,cha ID:1
[04-10 00:34:12.162]790,Coat of Invocation,cha ID:1
[04-10 00:34:12.162]791,Robe of the Arcane,cha ID:1
[04-10 00:34:12.162]792,Robe of Enigma,cha ID:1
[04-10 00:34:12.166]796,Robe of Abraxas,cha ID:1
[04-10 00:34:12.166]797,Robe of Malediction,cha ID:1
[04-10 00:34:12.166]798,Robe of the Sphinx,cha ID:1
[04-10 00:34:12.166]803,Mantle of the Naga,cha ID:2
[04-10 00:34:12.166]804,Mantle of the Cursed Flame,cha ID:2
[04-10 00:34:12.172]805,Cloak of Evanescence,cha ID:2
[04-10 00:34:12.172]806,Mantle of the Sphinx,cha ID:2
[04-10 00:34:12.172]807,Gauntlets of Evanescence,cha ID:4
[04-10 00:34:12.172]808,Greaves of Evanescence,cha ID:4
[04-10 00:34:12.172]809,Gloves of Evanescence,cha ID:2
[04-10 00:34:12.172]810,Shoes of Evanescence,cha ID:2
[04-10 00:34:12.172]811,Gloves of Malediction,cha ID:1
[04-10 00:34:12.172]812,Gloves of the Arcane,cha ID:1
[04-10 00:34:12.177]813,Boots of Malediction,cha ID:1
[04-10 00:34:12.178]814,Boots of the of the Arcane,cha ID:1
[04-10 00:34:12.178]815,Heavy Gloves of Evanescence,cha ID:2
[04-10 00:34:12.184]824,Dragon Lord Shoes,cha ID:1
[04-10 00:34:12.188]829,Greaves of Hercules,cha ID:1
[04-10 00:34:12.188]830,Greaves of Olympus,cha ID:1
[04-10 00:34:12.221]877,Boots of Evanescence,cha ID:2
[04-10 00:34:12.365]1115,Grandiose Helm,cha ID:2
[04-10 00:34:12.365]1116,Grandiose Armor,cha ID:2
[04-10 00:34:12.367]1117,Grandiose Gauntlets,cha ID:2
[04-10 00:34:12.367]1118,Grandiose Boots,cha ID:2
[04-10 00:34:12.367]1124,Chaos Framestone,cha ID:1
[04-10 00:34:12.367]1125,Chaos Clawstone,cha ID:1
[04-10 00:34:12.367]1126,Chaos Pawstone,cha ID:1
[04-10 00:34:12.850]1884,Undead Sealed Armor of Revenant,cha ID:4
[04-10 00:34:12.850]1885,Earth Sealed Tattoo of the Cursed Warrior,cha ID:3
[04-10 00:34:12.850]1886,Fire Sealed Tattoo of Evanescence,cha ID:3
[04-10 00:34:12.850]1887,Ice Sealed Tattoo of Enigma,cha ID:3
[04-10 00:34:12.850]1888,Earth Sealed Platemail of the Cursed Soul,cha ID:4
[04-10 00:34:12.850]1889,Fire Sealed Armor of Evanescence,cha ID:4
[04-10 00:34:12.850]1890,Ice Sealed Armor of Enigma,cha ID:4
[04-10 00:34:12.850]1898,Undead Sealed Robe of Death,cha ID:2
[04-10 00:34:12.850]1899,Earth Sealed Corset of Incantation,cha ID:2
[04-10 00:34:12.850]1900,Fire Sealed Coat of Evanescence,cha ID:2
[04-10 00:34:12.850]1901,Ice Sealed Mantle of Enigma,cha ID:2
[04-10 00:34:12.866]1910,Undead Sealed Robe of the Venom Witch,cha ID:1
[04-10 00:34:12.873]1911,Earth Sealed Coat of Invocation,cha ID:1
[04-10 00:34:12.873]1912,Fire Sealed Robe of the Arcane,cha ID:1
[04-10 00:34:12.873]1913,Ice Sealed Robe of Enigma,cha ID:1
[04-10 00:34:12.873]1917,Earth Sealed Robe of Abraxas,cha ID:1
[04-10 00:34:12.873]1918,Fire Sealed Robe of Malediction,cha ID:1
[04-10 00:34:12.873]1919,Ice Sealed Robe of the Sphinx,cha ID:1
[04-10 00:34:12.882]1924,Undead Sealed Mantle of the Naga,cha ID:2
[04-10 00:34:12.882]1925,Earth Sealed Mantle of the Cursed Flame,cha ID:2
[04-10 00:34:12.883]1926,Fire Sealed Cloak of Evanescence,cha ID:2
[04-10 00:34:12.883]1927,Ice Sealed Mantle of the Sphinx,cha ID:2
[04-10 00:34:12.883]1928,Battle Armor of Crimson Flame,cha ID:4
[04-10 00:34:12.885]1929,Battle Armor of the Tempest,cha ID:4
[04-10 00:34:12.885]1930,Battle Armor of Sistine,cha ID:4
[04-10 00:34:12.885]1931,Battle Armor of the Kylin,cha ID:4
[04-10 00:34:12.885]1932,Battle Armor of Nature,cha ID:3
[04-10 00:34:12.887]1933,Tattoo of Gallon,cha ID:3
[04-10 00:34:12.887]1934,Tattoo of the Tortoise,cha ID:3
[04-10 00:34:12.887]1935,Gauntlets of Crimson Flame,cha ID:4
[04-10 00:34:12.889]1936,Gauntlets of the Tempest,cha ID:4
[04-10 00:34:12.889]1937,Gauntlets of Sistine,cha ID:4
[04-10 00:34:12.889]1938,Gauntlets of the Kylin,cha ID:4
[04-10 00:34:12.889]1939,Greaves of Crimson Flame,cha ID:4
[04-10 00:34:12.891]1940,Greaves of the Tempest,cha ID:4
[04-10 00:34:12.891]1941,Greaves of Sistine,cha ID:4
[04-10 00:34:12.893]1942,Greaves of the Kylin,cha ID:4
[04-10 00:34:12.893]1943,Vest of Clarion Mist,cha ID:2
[04-10 00:34:12.893]1944,Flaming Coat,cha ID:2
[04-10 00:34:12.893]1945,Mantle of Darwin,cha ID:2
[04-10 00:34:12.895]1946,Coat of the White Tiger,cha ID:2
[04-10 00:34:12.895]1947,Gloves of Clarion Mist,cha ID:2
[04-10 00:34:12.895]1948,Flaming Gloves,cha ID:2
[04-10 00:34:12.895]1949,Gloves of Darwin,cha ID:2
[04-10 00:34:12.897]1950,Gloves of the White Tiger,cha ID:2
[04-10 00:34:12.897]1951,Boots of Clarion Mist,cha ID:2
[04-10 00:34:12.897]1952,Flaming Boots,cha ID:2
[04-10 00:34:12.899]1953,Boots of Darwin,cha ID:2
[04-10 00:34:12.899]1954,Boots of the White Tiger,cha ID:2
[04-10 00:34:12.899]1955,Emerald Vine Robe,cha ID:1
[04-10 00:34:12.899]1956,Coat of Frozen Crescent,cha ID:1
[04-10 00:34:12.901]1957,Coat of Udine,cha ID:1
[04-10 00:34:12.901]1958,Coat of the Peacock,cha ID:1
[04-10 00:34:12.901]1959,Glory Coat,cha ID:1
[04-10 00:34:12.903]1960,Coat of Hope,cha ID:1
[04-10 00:34:12.903]1961,Coat of the Phoenix,cha ID:1
[04-10 00:34:12.903]1962,Emerald Vine Gloves,cha ID:1
[04-10 00:34:12.903]1963,Gloves of Frozen Crescent,cha ID:1
[04-10 00:34:12.905]1964,Gloves of Udine,cha ID:1
[04-10 00:34:12.905]1965,Gloves of the Peacock,cha ID:1
[04-10 00:34:12.905]1966,Glory Gloves,cha ID:1
[04-10 00:34:12.907]1967,Gloves of Hope,cha ID:1
[04-10 00:34:12.907]1968,Gloves of the Phoenix,cha ID:1
[04-10 00:34:12.907]1969,Emerald Vine Boots,cha ID:1
[04-10 00:34:12.907]1970,Boots of Frozen Crescent,cha ID:1
[04-10 00:34:12.909]1971,Boots of Udine,cha ID:1
[04-10 00:34:12.909]1972,Boots of the Peacock,cha ID:1
[04-10 00:34:12.909]1973,Glory Boots,cha ID:1
[04-10 00:34:12.909]1974,Boots of Hope,cha ID:1
[04-10 00:34:12.911]1975,Boots of the Phoenix,cha ID:1
[04-10 00:34:12.911]1976,Robe of the Mist,cha ID:2
[04-10 00:34:12.911]1977,Coat of the Tempest,cha ID:2
[04-10 00:34:12.913]1978,Robe of Forlorn,cha ID:2
[04-10 00:34:12.913]1979,Coat of the Green Dragon,cha ID:2
[04-10 00:34:12.913]1980,Gloves of the Mist,cha ID:2
[04-10 00:34:12.915]1981,Gloves of the Tempest,cha ID:2
[04-10 00:34:12.915]1982,Gloves of Forlorn,cha ID:2
[04-10 00:34:12.915]1983,Gloves of the Green Dragon,cha ID:2
[04-10 00:34:12.917]1984,Boots of the Mist,cha ID:2
[04-10 00:34:12.917]1985,Boots of the Tempest,cha ID:2
[04-10 00:34:12.917]1986,Boots of Forlorn,cha ID:2
[04-10 00:34:12.917]1987,Boots of the Green Dragon,cha ID:2
[04-10 00:34:12.919]1988,Fire Sealed Gauntlets of Evanescence,cha ID:4
[04-10 00:34:12.919]1989,Fire Sealed Greaves of Evanescence,cha ID:4
[04-10 00:34:12.919]1990,Fire Sealed Gloves of Evanescence,cha ID:2
[04-10 00:34:12.921]1991,Fire Sealed Shoes of Evanescence,cha ID:2
[04-10 00:34:12.921]1992,Fire Sealed Gloves of Malediction,cha ID:1
[04-10 00:34:12.921]1993,Fire Sealed Gloves of the Arcane,cha ID:1
[04-10 00:34:12.921]1994,Fire Sealed Boots of Malediction,cha ID:1
[04-10 00:34:12.923]1995,Fire Sealed Boots of the of the Arcane,cha ID:1
[04-10 00:34:12.923]1996,Fire Sealed Heavy Gloves of Evanescence,cha ID:2
[04-10 00:34:12.923]1997,Fire Sealed Boots of Evanescence,cha ID:2
[04-10 00:34:12.925]1999,Lance Failed Hairdo 1,cha ID:2
[04-10 00:34:12.925]2000,Hairdo 1,cha ID:2
[04-10 00:34:12.925]2001,Hairdo 2,cha ID:2
[04-10 00:34:12.927]2002,Hairdo 3,cha ID:2
[04-10 00:34:12.927]2003,Hairdo 4,cha ID:2
[04-10 00:34:12.927]2004,Hairdo 5,cha ID:2
[04-10 00:34:12.929]2005,Hairdo 6,cha ID:2
[04-10 00:34:12.929]2006,Hairdo 7,cha ID:2
[04-10 00:34:12.929]2007,Hairdo 8,cha ID:2
[04-10 00:34:12.931]2008,Event Commissioner,cha ID:2
[04-10 00:34:12.931]2009,Hairdo 1,cha ID:2
[04-10 00:34:12.931]2010,Hairdo 1,cha ID:2
[04-10 00:34:12.933]2011,Hairdo 1,cha ID:2
[04-10 00:34:12.933]2012,Hairdo 1,cha ID:2
[04-10 00:34:12.933]2013,Hairdo 1,cha ID:2
[04-10 00:34:12.933]2014,Hairdo 1,cha ID:2
[04-10 00:34:12.935]2015,Hairdo 2,cha ID:2
[04-10 00:34:12.935]2016,Hairdo 2,cha ID:2
[04-10 00:34:12.935]2017,Hairdo 2,cha ID:2
[04-10 00:34:12.935]2018,Hairdo 2,cha ID:2
[04-10 00:34:12.937]2019,Hairdo 2,cha ID:2
[04-10 00:34:12.937]2020,Hairdo 2,cha ID:2
[04-10 00:34:12.937]2021,Hairdo 3,cha ID:2
[04-10 00:34:12.939]2022,Hairdo 3,cha ID:2
[04-10 00:34:12.939]2023,Hairdo 3,cha ID:2
[04-10 00:34:12.939]2024,Hairdo 3,cha ID:2
[04-10 00:34:12.939]2025,Hairdo 3,cha ID:2
[04-10 00:34:12.941]2026,Hairdo 3,cha ID:2
[04-10 00:34:12.941]2027,Hairdo 4,cha ID:2
[04-10 00:34:12.941]2028,Hairdo 4,cha ID:2
[04-10 00:34:12.941]2029,Hairdo 4,cha ID:2
[04-10 00:34:12.943]2030,Hairdo 4,cha ID:2
[04-10 00:34:12.943]2031,Hairdo 4,cha ID:2
[04-10 00:34:12.943]2032,Hairdo 4,cha ID:2
[04-10 00:34:12.945]2033,Hairdo 5,cha ID:2
[04-10 00:34:12.946]2034,Hairdo 5,cha ID:2
[04-10 00:34:12.946]2035,Hairdo 5,cha ID:2
[04-10 00:34:12.947]2036,Hairdo 5,cha ID:2
[04-10 00:34:12.947]2037,Hairdo 5,cha ID:2
[04-10 00:34:12.947]2038,Hairdo 5,cha ID:2
[04-10 00:34:12.949]2039,Hairdo 5,cha ID:2
[04-10 00:34:12.949]2040,Hairdo 6,cha ID:2
[04-10 00:34:12.949]2041,Hairdo 6,cha ID:2
[04-10 00:34:12.949]2042,Hairdo 6,cha ID:2
[04-10 00:34:12.949]2043,Hairdo 6,cha ID:2
[04-10 00:34:12.949]2044,Hairdo 6,cha ID:2
[04-10 00:34:12.949]2045,Hairdo 6,cha ID:2
[04-10 00:34:12.949]2046,Hairdo 6,cha ID:2
[04-10 00:34:12.949]2047,Hairdo 7,cha ID:2
[04-10 00:34:12.949]2048,Hairdo 7,cha ID:2
[04-10 00:34:12.949]2049,Hairdo 7,cha ID:2
[04-10 00:34:12.949]2050,Hairdo 7,cha ID:2
[04-10 00:34:12.949]2051,Hairdo 7,cha ID:2
[04-10 00:34:12.949]2052,Hairdo 7,cha ID:2
[04-10 00:34:12.949]2053,Hairdo 7,cha ID:2
[04-10 00:34:12.961]2054,Hairdo 8,cha ID:2
[04-10 00:34:12.961]2055,Hairdo 8,cha ID:2
[04-10 00:34:12.961]2056,Hairdo 8,cha ID:2
[04-10 00:34:12.961]2057,Hairdo 8,cha ID:2
[04-10 00:34:12.961]2058,Hairdo 8,cha ID:2
[04-10 00:34:12.961]2059,Hairdo 8,cha ID:2
[04-10 00:34:12.961]2060,Guy 1 Bald Hairdo,cha ID:2
[04-10 00:34:12.961]2061,Lance Failed Hairdo 2,cha ID:2
[04-10 00:34:12.961]2062,Hairdo 1,cha ID:1
[04-10 00:34:12.961]2063,Hairdo 2,cha ID:1
[04-10 00:34:12.961]2064,Hairdo 3,cha ID:1
[04-10 00:34:12.961]2065,Hairdo 4,cha ID:1
[04-10 00:34:12.961]2066,Hairdo 5,cha ID:1
[04-10 00:34:12.961]2067,Hairdo 6,cha ID:1
[04-10 00:34:12.961]2068,Hairdo 7,cha ID:1
[04-10 00:34:12.973]2069,Hairdo 8,cha ID:1
[04-10 00:34:12.973]2070,Event Commissioner,cha ID:1
[04-10 00:34:12.973]2071,Hairdo 1,cha ID:1
[04-10 00:34:12.976]2072,Hairdo 1,cha ID:1
[04-10 00:34:12.977]2073,Hairdo 1,cha ID:1
[04-10 00:34:12.977]2074,Hairdo 1,cha ID:1
[04-10 00:34:12.977]2075,Hairdo 1,cha ID:1
[04-10 00:34:12.977]2076,Hairdo 1,cha ID:1
[04-10 00:34:12.977]2077,Hairdo 1,cha ID:1
[04-10 00:34:12.977]2078,Hairdo 2,cha ID:1
[04-10 00:34:12.977]2079,Hairdo 2,cha ID:1
[04-10 00:34:12.977]2080,Hairdo 2,cha ID:1
[04-10 00:34:12.977]2081,Hairdo 2,cha ID:1
[04-10 00:34:12.977]2082,Hairdo 2,cha ID:1
[04-10 00:34:12.977]2083,Hairdo 2,cha ID:1
[04-10 00:34:12.977]2084,Hairdo 3,cha ID:1
[04-10 00:34:12.977]2085,Hairdo 3,cha ID:1
[04-10 00:34:12.977]2086,Hairdo 3,cha ID:1
[04-10 00:34:12.977]2087,Hairdo 3,cha ID:1
[04-10 00:34:12.977]2088,Hairdo 3,cha ID:1
[04-10 00:34:12.977]2089,Hairdo 3,cha ID:1
[04-10 00:34:12.977]2090,Hairdo 4,cha ID:1
[04-10 00:34:12.977]2091,Hairdo 4,cha ID:1
[04-10 00:34:12.977]2092,Hairdo 4,cha ID:1
[04-10 00:34:12.993]2093,Hairdo 4,cha ID:1
[04-10 00:34:12.993]2094,Hairdo 4,cha ID:1
[04-10 00:34:12.993]2095,Hairdo 4,cha ID:1
[04-10 00:34:12.993]2096,Hairdo 4,cha ID:1
[04-10 00:34:12.993]2097,Hairdo 5,cha ID:1
[04-10 00:34:12.993]2098,Hairdo 5,cha ID:1
[04-10 00:34:12.993]2099,Hairdo 5,cha ID:1
[04-10 00:34:12.993]2100,Hairdo 5,cha ID:1
[04-10 00:34:12.993]2101,Hairdo 6,cha ID:1
[04-10 00:34:12.999]2102,Hairdo 6,cha ID:1
[04-10 00:34:12.999]2103,Hairdo 6,cha ID:1
[04-10 00:34:12.999]2104,Hairdo 6,cha ID:1
[04-10 00:34:12.999]2105,Hairdo 6,cha ID:1
[04-10 00:34:12.999]2106,Hairdo 6,cha ID:1
[04-10 00:34:12.999]2107,Hairdo 6,cha ID:1
[04-10 00:34:12.999]2108,Hairdo 7,cha ID:1
[04-10 00:34:12.999]2109,Hairdo 7,cha ID:1
[04-10 00:34:12.999]2110,Hairdo 7,cha ID:1
[04-10 00:34:12.999]2111,Hairdo 7,cha ID:1
[04-10 00:34:12.999]2112,Hairdo 7,cha ID:1
[04-10 00:34:12.999]2113,Hairdo 7,cha ID:1
[04-10 00:34:12.999]2114,Hairdo 8,cha ID:1
[04-10 00:34:12.999]2115,Hairdo 8,cha ID:1
[04-10 00:34:13.008]2116,Hairdo 8,cha ID:1
[04-10 00:34:13.008]2117,Hairdo 8,cha ID:1
[04-10 00:34:13.008]2118,Hairdo 8,cha ID:1
[04-10 00:34:13.008]2119,Hairdo 8,cha ID:1
[04-10 00:34:13.008]2120,Hairdo 8,cha ID:1
[04-10 00:34:13.008]2121,Carsise Failed Hairdo 1,cha ID:1
[04-10 00:34:13.008]2122,Guy 2 Bald Hairdo,cha ID:1
[04-10 00:34:13.008]2123,Carsise Failed Hairdo 2,cha ID:1
[04-10 00:34:13.008]2124,Hairdo 1,cha ID:1
[04-10 00:34:13.008]2125,Hairdo 2,cha ID:1
[04-10 00:34:13.008]2126,Hairdo 3,cha ID:1
[04-10 00:34:13.008]2127,Hairdo 4,cha ID:1
[04-10 00:34:13.008]2128,Hairdo 5,cha ID:1
[04-10 00:34:13.008]2129,Hairdo 6,cha ID:1
[04-10 00:34:13.008]2130,Hairdo 7,cha ID:1
[04-10 00:34:13.008]2131,Hairdo 8,cha ID:1
[04-10 00:34:13.008]2132,Event Commissioner,cha ID:1
[04-10 00:34:13.008]2133,Hairdo 1,cha ID:1
[04-10 00:34:13.008]2134,Hairdo 1,cha ID:1
[04-10 00:34:13.008]2135,Hairdo 1,cha ID:1
[04-10 00:34:13.008]2136,Hairdo 1,cha ID:1
[04-10 00:34:13.008]2137,Hairdo 1,cha ID:1
[04-10 00:34:13.008]2138,Hairdo 1,cha ID:1
[04-10 00:34:13.008]2139,Hairdo 1,cha ID:1
[04-10 00:34:13.008]2140,Hairdo 2,cha ID:1
[04-10 00:34:13.008]2141,Hairdo 2,cha ID:1
[04-10 00:34:13.024]2142,Hairdo 2,cha ID:1
[04-10 00:34:13.024]2143,Hairdo 2,cha ID:1
[04-10 00:34:13.024]2144,Hairdo 2,cha ID:1
[04-10 00:34:13.024]2145,Hairdo 2,cha ID:1
[04-10 00:34:13.024]2146,Hairdo 3,cha ID:1
[04-10 00:34:13.024]2147,Hairdo 3,cha ID:1
[04-10 00:34:13.024]2148,Hairdo 3,cha ID:1
[04-10 00:34:13.024]2149,Hairdo 3,cha ID:1
[04-10 00:34:13.024]2150,Hairdo 3,cha ID:1
[04-10 00:34:13.024]2151,Hairdo 3,cha ID:1
[04-10 00:34:13.024]2152,Hairdo 4,cha ID:1
[04-10 00:34:13.024]2153,Hairdo 4,cha ID:1
[04-10 00:34:13.024]2154,Hairdo 4,cha ID:1
[04-10 00:34:13.024]2155,Hairdo 4,cha ID:1
[04-10 00:34:13.024]2156,Hairdo 4,cha ID:1
[04-10 00:34:13.024]2157,Hairdo 4,cha ID:1
[04-10 00:34:13.024]2158,Hairdo 5,cha ID:1
[04-10 00:34:13.024]2159,Hairdo 5,cha ID:1
[04-10 00:34:13.024]2160,Hairdo 5,cha ID:1
[04-10 00:34:13.024]2161,Hairdo 5,cha ID:1
[04-10 00:34:13.024]2162,Hairdo 5,cha ID:1
[04-10 00:34:13.040]2163,Hairdo 5,cha ID:1
[04-10 00:34:13.040]2164,Hairdo 6,cha ID:1
[04-10 00:34:13.042]2165,Hairdo 6,cha ID:1
[04-10 00:34:13.042]2166,Hairdo 6,cha ID:1
[04-10 00:34:13.042]2167,Hairdo 6,cha ID:1
[04-10 00:34:13.042]2168,Hairdo 6,cha ID:1
[04-10 00:34:13.042]2169,Hairdo 6,cha ID:1
[04-10 00:34:13.042]2170,Hairdo 7,cha ID:1
[04-10 00:34:13.042]2171,Hairdo 7,cha ID:1
[04-10 00:34:13.042]2172,Hairdo 7,cha ID:1
[04-10 00:34:13.042]2173,Hairdo 7,cha ID:1
[04-10 00:34:13.042]2174,Hairdo 7,cha ID:1
[04-10 00:34:13.042]2175,Hairdo 7,cha ID:1
[04-10 00:34:13.042]2176,Hairdo 8,cha ID:1
[04-10 00:34:13.042]2177,Hairdo 8,cha ID:1
[04-10 00:34:13.042]2178,Hairdo 8,cha ID:1
[04-10 00:34:13.042]2179,Hairdo 8,cha ID:1
[04-10 00:34:13.042]2180,Hairdo 8,cha ID:1
[04-10 00:34:13.042]2181,Hairdo 8,cha ID:1
[04-10 00:34:13.056]2182,Phyllis Failed Hairdo 1,cha ID:1
[04-10 00:34:13.056]2183,Phyllis Failed Hairdo 2,cha ID:1
[04-10 00:34:13.056]2184,Girl 1 Bald Hairdo,cha ID:1
[04-10 00:34:13.056]2185,Girl 1 Hair Makeup 01,cha ID:1
[04-10 00:34:13.056]2186,Girl 2 Hair 00,cha ID:1
[04-10 00:34:13.119]2275,Lance Trendy Hairdo 1,cha ID:4
[04-10 00:34:13.119]2276,Lance Trendy Hairdo 2,cha ID:4
[04-10 00:34:13.119]2277,Lance Trendy Hairdo 3,cha ID:4
[04-10 00:34:13.119]2278,Lance Trendy Hairdo 4,cha ID:4
[04-10 00:34:13.119]2279,Carsise Trendy Hairdo 1,cha ID:4
[04-10 00:34:13.119]2280,Carsise Trendy Hairdo 2,cha ID:4
[04-10 00:34:13.119]2281,Carsise Trendy Hairdo 3,cha ID:4
[04-10 00:34:13.119]2282,Carsise Trendy Hairdo 4,cha ID:4
[04-10 00:34:13.119]2283,Phyllis Trendy Hairdo 1,cha ID:4
[04-10 00:34:13.119]2284,Phyllis Trendy Hairdo 2,cha ID:4
[04-10 00:34:13.119]2285,Phyllis Trendy Hairdo 3,cha ID:4
[04-10 00:34:13.119]2286,Phyllis Trendy Hairdo 4,cha ID:4
[04-10 00:34:13.246]2434,Arrow 02,cha ID:1
[04-10 00:34:13.258]2448,Gunpowder 02,cha ID:1
[04-10 00:34:13.301]2499,Left Plaster Glove,cha ID:1
[04-10 00:34:13.303]2500,Left Brawler Glove,cha ID:1
[04-10 00:34:13.303]2501,Left Master Glove,cha ID:1
[04-10 00:34:13.303]2502,Left Jagged Blade,cha ID:1
[04-10 00:34:13.305]2503,Left Cosmo Blade,cha ID:1
[04-10 00:34:13.305]2504,Left Tiger Glove,cha ID:1
[04-10 00:34:13.307]2505,Left Hand of Death,cha ID:1
[04-10 00:34:13.314]2517,UPO Cap,cha ID:1
[04-10 00:34:13.320]2527,Raging Bull Tattoo,cha ID:3
[04-10 00:34:13.320]2528,Savage Bull Tattoo,cha ID:3
[04-10 00:34:13.320]2529,Primal Tattoo,cha ID:3
[04-10 00:34:13.324]2530,Hephaestus Framestone,cha ID:1
[04-10 00:34:13.324]2531,Hephaestus Clawstone,cha ID:1
[04-10 00:34:13.324]2532,Hephaestus Pawstone,cha ID:1
[04-10 00:34:13.324]2533,Hermes Framestone,cha ID:1
[04-10 00:34:13.324]2534,Hermes Clawstone,cha ID:1
[04-10 00:34:13.328]2535,Hermes Pawstone,cha ID:1
[04-10 00:34:13.328]2536,Apollo Framestone,cha ID:1
[04-10 00:34:13.328]2537,Apollo Clawstone,cha ID:1
[04-10 00:34:13.328]2538,Apollo Pawstone,cha ID:1
[04-10 00:34:13.328]2539,Poseidon Framestone,cha ID:1
[04-10 00:34:13.328]2540,Poseidon Clawstone,cha ID:1
[04-10 00:34:13.332]2541,Poseidon Pawstone,cha ID:1
[04-10 00:34:13.332]2542,Hestia Framestone,cha ID:1
[04-10 00:34:13.332]2543,Hestia Clawstone,cha ID:1
[04-10 00:34:13.334]2544,Hestia Pawstone,cha ID:1
[04-10 00:34:13.334]2545,Athena Framestone,cha ID:1
[04-10 00:34:13.336]2546,Athena Clawstone,cha ID:1
[04-10 00:34:13.336]2547,Athena Pawstone,cha ID:1
[04-10 00:34:13.336]2548,Artemis Crownstone,cha ID:4
[04-10 00:34:13.340]2552,Corporeal Kylin Cap,cha ID:1
[04-10 00:34:13.624]3061,Bear Shoes,cha ID:1
[04-10 00:34:13.768]3285,Calculator,cha ID:1
[04-10 00:34:13.768]3287,Serious study book,cha ID:1
[04-10 00:34:14.000]3612,Virgo's Shadow,cha ID:2
[04-10 00:34:14.000]3613,Virgo's Touch,cha ID:2
[04-10 00:34:14.000]3614,Virgo's Trace,cha ID:2
[04-10 00:34:14.002]3617,Virgo's Bind,cha ID:1
[04-10 00:34:14.004]3618,Virgo's Claw,cha ID:1
[04-10 00:34:14.004]3619,Virgo's Print,cha ID:1
[04-10 00:34:14.005]3622,Virgo's Protection,cha ID:2
[04-10 00:34:14.005]3623,Virgo's Caress,cha ID:2
[04-10 00:34:14.007]3624,Virgo's Dance,cha ID:2
[04-10 00:34:14.007]3627,Virgo's Possession,cha ID:1
[04-10 00:34:14.009]3628,Virgo's Death,cha ID:1
[04-10 00:34:14.009]3629,Virgo's Trail,cha ID:1
[04-10 00:34:14.011]3632,Virgo's Torso,cha ID:1
[04-10 00:34:14.011]3633,Virgo's Span,cha ID:1
[04-10 00:34:14.011]3634,Virgo's Wanderer,cha ID:1
[04-10 00:34:14.015]3638,Virgo's Seal,cha ID:2
[04-10 00:34:14.015]3639,Virgo's Hand,cha ID:2
[04-10 00:34:14.015]3640,Virgo's Brace,cha ID:2
[04-10 00:34:14.383]4147,Spirit Beast Tattoo,cha ID:3
[04-10 00:34:14.383]4148,Arcane Beast Tattoo,cha ID:3
[04-10 00:34:14.383]4149,Capricious Battle Armor,cha ID:4
[04-10 00:34:14.387]4150,Sagacious Battle Armor,cha ID:4
[04-10 00:34:14.387]4151,Robe of Perception,cha ID:2
[04-10 00:34:14.387]4152,Robe of Gallant,cha ID:2
[04-10 00:34:14.387]4153,Nautical Coat,cha ID:2
[04-10 00:34:14.387]4154,Arcane Lobster Costume,cha ID:1
[04-10 00:34:14.387]4155,Robe of Stride,cha ID:2
[04-10 00:34:14.387]4156,Pique Lobster Costume,cha ID:1
[04-10 00:34:14.387]4157,Robe of Melody,cha ID:1
[04-10 00:34:14.387]4158,Arcane Bunny Costume,cha ID:1
[04-10 00:34:14.387]4159,Robe of Spirit,cha ID:1
[04-10 00:34:14.387]4160,Pique Bunny Costume,cha ID:1
[04-10 00:34:14.387]4161,Robe of Vengence,cha ID:1
[04-10 00:34:14.387]4162,Arcane Otter Costume,cha ID:1
[04-10 00:34:14.387]4163,Robe of Amercement,cha ID:1
[04-10 00:34:14.387]4164,Pique Otter Costume,cha ID:1
[04-10 00:34:14.387]4165,Capricious Battle Gauntlets,cha ID:4
[04-10 00:34:14.387]4166,Sagacious Battle Gauntlets,cha ID:4
[04-10 00:34:14.387]4167,Gloves of Perception,cha ID:2
[04-10 00:34:14.387]4168,Gloves of Gallant,cha ID:2
[04-10 00:34:14.387]4169,Nautical Gloves,cha ID:2
[04-10 00:34:14.399]4170,Arcane Lobster Muffs,cha ID:1
[04-10 00:34:14.399]4171,Gloves of Stride,cha ID:2
[04-10 00:34:14.399]4172,Pique Lobster Muffs,cha ID:1
[04-10 00:34:14.399]4173,Gloves of Melody,cha ID:1
[04-10 00:34:14.402]4174,Arcane Bunny Muffs,cha ID:1
[04-10 00:34:14.402]4175,Gloves of Spirit,cha ID:1
[04-10 00:34:14.402]4176,Pique Bunny Muffs,cha ID:1
[04-10 00:34:14.402]4177,Gloves of Vengence,cha ID:1
[04-10 00:34:14.402]4178,Arcane Otter Muffs,cha ID:1
[04-10 00:34:14.402]4179,Gloves of Amercement,cha ID:1
[04-10 00:34:14.402]4180,Pique Otter Muffs,cha ID:1
[04-10 00:34:14.402]4181,Capricious Battle Greaves,cha ID:4
[04-10 00:34:14.402]4182,Sagacious Battle Greaves,cha ID:4
[04-10 00:34:14.402]4183,Boots of Perception,cha ID:2
[04-10 00:34:14.402]4184,Boots of Gallant,cha ID:2
[04-10 00:34:14.402]4185,Nautical Boots,cha ID:2
[04-10 00:34:14.402]4186,Arcane Lobster Shoes,cha ID:1
[04-10 00:34:14.402]4187,Boots of Stride,cha ID:2
[04-10 00:34:14.402]4188,Pique Lobster Shoes,cha ID:1
[04-10 00:34:14.402]4189,Boots of Melody,cha ID:1
[04-10 00:34:14.402]4190,Arcane Bunny Shoes,cha ID:1
[04-10 00:34:14.402]4191,Boots of Spirit,cha ID:1
[04-10 00:34:14.402]4192,Pique Bunny Shoes,cha ID:1
[04-10 00:34:14.402]4193,Boots of Vengence,cha ID:1
[04-10 00:34:14.402]4194,Arcane Otter Shoes,cha ID:1
[04-10 00:34:14.415]4195,Boots of Amercement,cha ID:1
[04-10 00:34:14.415]4196,Pique Otter Shoes,cha ID:1
[04-10 00:34:15.479]6144,Forest Battle Robe,cha ID:2
[04-10 00:34:15.479]6145,Forest Battle Gloves,cha ID:2
[04-10 00:34:15.479]6146,Forest Battle Boots,cha ID:2
[04-10 00:34:15.479]6147,Holy Armor,cha ID:2
[04-10 00:34:15.479]6148,Holy Armor Gloves,cha ID:2
[04-10 00:34:15.479]6149,Holy Armor Boots,cha ID:2
[04-10 00:34:15.479]6150,Savage Armor,cha ID:1
[04-10 00:34:15.479]6151,Savage Armor Gloves,cha ID:1
[04-10 00:34:15.479]6152,Savage Armor Boots,cha ID:1
[04-10 00:34:15.479]6154,Ice Battle Armor,cha ID:2
[04-10 00:34:15.479]6155,Ice Battle Gloves,cha ID:2
[04-10 00:34:15.479]6156,Ice Battle Boots,cha ID:2
[04-10 00:34:15.479]6158,Ice Holy Robe,cha ID:1
[04-10 00:34:15.479]6159,Ice Holy Gloves,cha ID:1
[04-10 00:34:15.479]6160,Ice Holy Boots,cha ID:1
[04-10 00:34:15.479]6162,Ice Magic Robe,cha ID:1
[04-10 00:34:15.479]6163,Ice Spirit Gloves,cha ID:1
[04-10 00:34:15.479]6164,Ice Spirit Boots,cha ID:1
[04-10 00:34:15.494]6174,Sealed Guard of Epic Prowess,cha ID:2
[04-10 00:34:15.494]6175,Sealed Bless of Epic Prowess,cha ID:2
[04-10 00:34:15.494]6176,Sealed Mercy of Epic Prowess,cha ID:2
[04-10 00:34:15.494]6178,Sealed Guard of Honor,cha ID:2
[04-10 00:34:15.494]6179,Sealed Bless of Honor,cha ID:2
[04-10 00:34:15.494]6180,Sealed Mercy of Honor,cha ID:2
[04-10 00:34:15.494]6182,Sealed Guard of Sacrifice,cha ID:1
[04-10 00:34:15.494]6183,Sealed Bless of Sacrifice,cha ID:1
[04-10 00:34:15.494]6184,Sealed Mercy of Sacrifice,cha ID:1
[04-10 00:34:15.494]6186,Sealed Guard of Justice,cha ID:2
[04-10 00:34:15.494]6187,Sealed Bless of Justice,cha ID:2
[04-10 00:34:15.494]6188,Sealed Mercy of Justice,cha ID:2
[04-10 00:34:15.494]6190,Sealed Guard of Empathy,cha ID:1
[04-10 00:34:15.506]6191,Sealed Bless of Empathy,cha ID:1
[04-10 00:34:15.506]6192,Sealed Mercy of Empathy,cha ID:1
[04-10 00:34:15.506]6194,Sealed Guard of Inspiration,cha ID:1
[04-10 00:34:15.506]6195,Sealed Bless of Inspiration,cha ID:1
[04-10 00:34:15.506]6196,Sealed Mercy of Inspiration,cha ID:1
[04-10 00:34:15.797]7096,Kylin Helm,cha ID:1
[04-10 00:34:15.797]7108,Frozen Kylin Helm,cha ID:1
[04-10 00:34:15.797]7109,Dark Kylin Helm,cha ID:1
[04-10 00:34:15.797]7110,Holy Kylin Helm,cha ID:1
[04-10 00:34:15.813]7132,Black Dragon Lord's Helm,cha ID:1
[04-10 00:34:15.832]7166,Undead Kylin Helm,cha ID:1
[04-10 00:34:15.845]7205,Champion's Bind,cha ID:1
[04-10 00:34:15.845]7206,Champion's Touch,cha ID:1
[04-10 00:34:15.845]7207,Champion's Print,cha ID:1
[04-10 00:34:15.845]7208,Crusader's Shadow,cha ID:2
[04-10 00:34:15.845]7209,Crusader's Touch,cha ID:2
[04-10 00:34:15.845]7210,Crusader's Trace,cha ID:2
[04-10 00:34:15.845]7211,Sharpshooter's Seal,cha ID:2
[04-10 00:34:15.845]7212,Sharpshooter's Hand,cha ID:2
[04-10 00:34:15.845]7213,Sharpshooter's Brace,cha ID:2
[04-10 00:34:15.861]7214,Voyager's Protection,cha ID:2
[04-10 00:34:15.861]7215,Voyager's Caress,cha ID:2
[04-10 00:34:15.861]7216,Voyager's Dance,cha ID:2
[04-10 00:34:15.861]7217,Cleric's Possession,cha ID:1
[04-10 00:34:15.861]7218,Cleric Hands of Healing,cha ID:1
[04-10 00:34:15.861]7219,Cleric's Trail,cha ID:1
[04-10 00:34:15.861]7220,Sealmaster's Torso,cha ID:1
[04-10 00:34:15.861]7221,Sealmaster's Span,cha ID:1
[04-10 00:34:15.861]7222,Sealmaster's Wanderer,cha ID:1
[04-10 00:34:15.861]7223,Hairdo 1,cha ID:2
[04-10 00:34:15.861]7224,Hairdo 1,cha ID:2
[04-10 00:34:15.861]7225,Hairdo 3,cha ID:2
[04-10 00:34:15.861]7226,Hairdo 4,cha ID:2
[04-10 00:34:15.861]7227,Hairdo 5,cha ID:2
[04-10 00:34:15.861]7228,Hairdo 8,cha ID:2
[04-10 00:34:15.861]7229,Lance Trendy Hairdo 4,cha ID:4
[04-10 00:34:15.861]7230,Hairdo 1,cha ID:2
[04-10 00:34:15.861]7231,Hairdo 1,cha ID:2
[04-10 00:34:15.861]7232,Hairdo 2,cha ID:2
[04-10 00:34:15.861]7233,Hairdo 2,cha ID:2
[04-10 00:34:15.861]7234,Hairdo 3,cha ID:2
[04-10 00:34:15.861]7235,Hairdo 4,cha ID:2
[04-10 00:34:15.861]7236,Hairdo 4,cha ID:2
[04-10 00:34:15.876]7245,Terra's Undead Kylin Helm,cha ID:1
[04-10 00:34:15.974]7501,Lance Trendy Hairdo 3,cha ID:4
[04-10 00:34:15.974]7502,Lance Trendy Hairdo 4,cha ID:4
[04-10 00:34:15.974]7503,Lance Trendy Hairdo 5,cha ID:4
[04-10 00:34:15.974]7504,Lance Trendy Hairdo 6,cha ID:4
[04-10 00:34:15.974]7505,Lance Trendy Hairdo 7,cha ID:4
[04-10 00:34:15.974]7506,Lance Trendy Hairdo 8,cha ID:4
[04-10 00:34:15.974]7507,Lance Trendy Hairdo 9,cha ID:4
[04-10 00:34:15.974]7508,Lance Trendy Hairdo 10,cha ID:4
[04-10 00:34:15.974]7509,Lance Trendy Hairdo 11,cha ID:2
[04-10 00:34:15.974]7510,Lance Trendy Hairdo 12,cha ID:2
[04-10 00:34:15.974]7511,Lance Trendy Hairdo 13,cha ID:2
[04-10 00:34:15.974]7512,Lance Trendy Hairdo 14,cha ID:2
[04-10 00:34:15.974]7513,Lance Trendy Hairdo 15,cha ID:2
[04-10 00:34:15.974]7514,Lance Trendy Hairdo 16,cha ID:2
[04-10 00:34:15.974]7515,Lance Trendy Hairdo 17,cha ID:2
[04-10 00:34:15.988]7516,Lance Trendy Hairdo 18,cha ID:2
[04-10 00:34:15.988]7517,Phyllis Trendy Hairdo 3,cha ID:4
[04-10 00:34:15.988]7518,Phyllis Trendy Hairdo 4,cha ID:4
[04-10 00:34:15.988]7519,Phyllis Trendy Hairdo 5,cha ID:4
[04-10 00:34:15.988]7520,Phyllis Trendy Hairdo 6,cha ID:4
[04-10 00:34:15.988]7521,Phyllis Trendy Hairdo 7,cha ID:4
[04-10 00:34:15.988]7522,Phyllis Trendy Hairdo 8,cha ID:4
[04-10 00:34:15.988]7523,Phyllis Trendy Hairdo 9,cha ID:4
[04-10 00:34:15.988]7524,Phyllis Trendy Hairdo 10,cha ID:4
[04-10 00:34:16.433]9700,Tattoo of Evanescence,cha ID:3
[04-10 00:34:16.433]9704,Armor of Evanescence,cha ID:4
[04-10 00:34:16.433]9706,Gauntlets of Evanescence,cha ID:4
[04-10 00:34:16.433]9707,Greaves of Evanescence,cha ID:4
[04-10 00:34:16.433]9708,Coat of Evanescence,cha ID:2
[04-10 00:34:16.433]9710,Gloves of Evanescence,cha ID:2
[04-10 00:34:16.433]9711,Shoes of Evanescence,cha ID:2
[04-10 00:34:16.433]9712,Robe of the Arcane,cha ID:1
[04-10 00:34:16.433]9714,Gloves of the Arcane,cha ID:1
[04-10 00:34:16.433]9715,Boots of the of the Arcane,cha ID:1
[04-10 00:34:16.433]9716,Robe of Malediction,cha ID:1
[04-10 00:34:16.433]9718,Gloves of Malediction,cha ID:1
[04-10 00:34:16.433]9719,Boots of Malediction,cha ID:1
[04-10 00:34:16.433]9720,Cloak of Evanescence,cha ID:2
[04-10 00:34:16.433]9722,Heavy Gloves of Evanescence,cha ID:2
[04-10 00:34:16.433]9723,Boots of Evanescence,cha ID:2
[04-10 00:34:16.433]9724,Tattoo of Enigma,cha ID:3
[04-10 00:34:16.449]9725,Armor of Enigma,cha ID:4
[04-10 00:34:16.449]9728,Mantle of Enigma,cha ID:2
[04-10 00:34:16.449]9731,Robe of Enigma,cha ID:1
[04-10 00:34:16.449]9733,Robe of the Sphinx,cha ID:1
[04-10 00:34:16.449]9735,Mantle of the Sphinx,cha ID:2
[04-10 00:34:16.449]9736,Tattoo of the Cursed Warrior,cha ID:3
[04-10 00:34:16.449]9737,Platemail of the Cursed Soul,cha ID:4
[04-10 00:34:16.449]9740,Corset of Incantation,cha ID:2
[04-10 00:34:16.449]9743,Coat of Invocation,cha ID:1
[04-10 00:34:16.449]9745,Robe of Abraxas,cha ID:1
[04-10 00:34:16.449]9747,Mantle of the Cursed Flame,cha ID:2
