[04-10 00:34:10.432]Add LG [init]
[04-10 00:34:11.790]Add LG [iteminfoerror]
[04-10 00:34:16.732]Add LG [PfTable]
[04-10 00:34:16.750]Add LG [npcinfo]
[04-10 00:34:16.750]Add LG [boat_init]
[04-10 00:34:16.750]Add LG [packbag_init]
[04-10 00:34:16.750]Add LG [boatlevel_init]
[04-10 00:34:16.843]Add LG [randmission_prize_error]
[04-10 00:34:17.017]Add LG [FairyGuard]
[04-10 00:34:17.048]Add LG [script_reload]
[04-10 00:34:17.048]Add LG [BossTimer]
[04-10 00:34:17.064]Add LG [BossLastHit]
[04-10 00:34:17.064]Add LG [npcinit]
[04-10 00:34:17.064]Add LG [initmap]
[04-10 00:34:17.318]Add LG [Common]
[04-10 00:34:17.478]Add LG [spawn mum garner]
[04-10 00:34:17.576]Add LG [missioninit]
[04-10 00:34:17.576]Add LG [npcinit_trade]
[04-10 00:34:17.620]Add LG [entity_init]
[04-10 00:34:17.620]Add LG [weather]
[04-10 00:34:17.620]Add LG [create_cha]
[04-10 00:34:17.620]Add LG [help]
[04-10 00:34:18.192]Add LG [spawn mum magicsea]
[04-10 00:34:18.211]Add LG [Cha born error]
[04-10 00:34:18.478]Add LG [lua_ai]
[04-10 00:34:18.979]Add LG [spawn mum darkblue]
[04-10 00:34:19.201]Add LG [spawn mum eastgoaf]
[04-10 00:34:19.308]Add LG [spawn mum winterland]
[04-10 00:34:19.388]Add LG [spawn mum mjing1]
[04-10 00:34:19.437]Add LG [spawn mum mjing2]
[04-10 00:34:19.469]Add LG [spawn mum mjing3]
[04-10 00:34:19.485]Add LG [spawn mum mjing4]
[04-10 00:34:20.191]Add LG [offline_stall]
[04-10 00:34:20.213]Add LG [size]
[04-10 00:34:20.213]Add LG [EntityNum]
[04-10 00:34:20.213]Add LG [Connect]
[04-10 00:34:20.213]Add LG [portaltimes2]
[04-10 00:34:20.238]Add LG [GameLogin]
[04-10 00:34:22.724]Add LG [the map entrance flow ]
[04-10 00:34:22.757]Add LG [map entry flow]
[04-10 00:34:22.757]Add LG [WorldNotice]
[04-10 00:34:50.230]Add LG [map_time]
[04-10 00:34:50.234]Add LG [GameRunTime]
[04-10 00:35:05.981]Add LG [enter_map]
[04-10 00:35:05.999]Add LG [trade2026-4-10-0]
[04-10 00:35:05.999]Add LG [PlayerRegistry]
[04-10 00:35:06.003]Add LG [pickup_debug]
[04-10 00:35:06.004]Add LG [death_persist]
[04-10 00:35:16.962]Add LG [ServerRunLog]
[04-10 00:35:16.963]Add LG [DoCommand]
[04-10 00:35:19.808]Add LG [script_time]
[04-10 00:35:46.411]Add LG [Save data waste time]
[04-10 00:37:01.826]Add LG [util_db_error]
[04-10 00:37:01.852]Add LG [save data waste time]
[04-10 03:00:25.785]Add LG [RelogPenalty]
[04-10 03:00:25.924]Add LG [Portal]
[04-10 03:01:15.769]Add LG [lua return value error]
[04-10 03:01:37.284]Add LG [attr_error]
[04-10 03:01:45.701]Add LG [lua_err]
[04-10 03:02:08.064]Add LG [ChaosArgent]
[04-10 03:07:08.060]Add LG [create_chaex]
