[04-10 00:34:17.576]????????[1]??[203]????Secretary Message?? 
[04-10 00:34:17.576]????????[2]??[204]????Secretary Message?? 
[04-10 00:34:17.576]????????[3]??[205]????Secretary Message?? 
[04-10 00:34:17.576]????????[4]??[206]????A Small Task?? 
[04-10 00:34:17.576]????????[5]??[221]????Ditto's Report?? 
[04-10 00:34:17.576]????????[6]??[222]????A New Task?? 
[04-10 00:34:17.576]????????[7]??[1002]????A Swordsman's Life?? 
[04-10 00:34:17.576]????????[8]??[1057]????A Hunter's Life?? 
[04-10 00:34:17.576]????????[9]??[1112]????Doctor Class Quest?? 
[04-10 00:34:17.576]????????[10]??[1166]????An Explorer's Life?? 
[04-10 00:34:17.576]????????[11]??[55]????Letter for Salvier?? 
[04-10 00:34:17.576]????????[12]??[56]????Shroom Population?? 
[04-10 00:34:17.576]????????[13]??[57]????Letter for Goldie?? 
[04-10 00:34:17.576]????????[14]??[1220]????Commerce Quest?? 
[04-10 00:34:17.576]????????[15]??[319]????Nameless One?? 
[04-10 00:34:17.576]????????[16]??[325]????Lone Warrior?? 
[04-10 00:34:17.576]????????[17]??[326]????Powerful Backing?? 
[04-10 00:34:17.576]????????[18]??[5037]????Dust of the Century?? 
[04-10 00:34:17.576]????????[1]??[703]????Blacksmith's Greetings?? 
[04-10 00:34:17.576]????????[2]??[1044]????A Swordsman's Life?? 
[04-10 00:34:17.576]????????[3]??[1096]????A Hunter's Life?? 
[04-10 00:34:17.576]????????[4]??[1155]????Doctor Class Quest?? 
[04-10 00:34:17.576]????????[5]??[1207]????An Explorer's Life?? 
[04-10 00:34:17.576]????????[6]??[58]????Letter for Goldie?? 
[04-10 00:34:17.576]????????[7]??[59]????Conservation Activity?? 
[04-10 00:34:17.576]????????[8]??[60]????Letter for Senna?? 
[04-10 00:34:17.576]????????[9]??[1221]????Commerce Quest?? 
[04-10 00:34:17.576]????????[1]??[1023]????A Swordsman's Life?? 
[04-10 00:34:17.576]????????[2]??[1080]????A Hunter's Life?? 
[04-10 00:34:17.576]????????[3]??[1135]????Doctor Class Quest?? 
[04-10 00:34:17.576]????????[4]??[1186]????An Explorer's Life?? 
[04-10 00:34:17.576]????????[5]??[1223]????Commerce Quest?? 
[04-10 00:34:17.576]????????[1]??[282]????Scary Monsters?? 
[04-10 00:34:17.576]????????[2]??[283]????Granny's Pastries?? 
[04-10 00:34:17.576]????????[3]??[1026]????A Swordsman's Life?? 
[04-10 00:34:17.576]????????[4]??[1084]????A Hunter's Life?? 
[04-10 00:34:17.576]????????[5]??[1137]????Doctor Class Quest?? 
[04-10 00:34:17.576]????????[6]??[1189]????An Explorer's Life?? 
[04-10 00:34:17.576]????????[7]??[1224]????Commerce Quest?? 
[04-10 00:34:17.576]????????[8]??[373]????Beldi?? 
[04-10 00:34:17.576]????????[9]??[374]????Hometown?? 
[04-10 00:34:17.576]????????[10]??[388]????Language Barrier?? 
[04-10 00:34:17.576]????????[1]??[1045]????A Swordsman's Life?? 
[04-10 00:34:17.576]????????[2]??[1099]????A Hunter's Life?? 
[04-10 00:34:17.576]????????[3]??[1157]????Doctor Class Quest?? 
[04-10 00:34:17.576]????????[4]??[758]????Journey of the Voyager?? 
[04-10 00:34:17.576]????????[5]??[103]????An Explorer's Life?? 
[04-10 00:34:17.576]????????[6]??[191]????Explorer Promotion?? 
[04-10 00:34:17.576]????????[7]??[192]????Explorer Promotion?? 
[04-10 00:34:17.576]????????[8]??[193]????Explorer Promotion?? 
[04-10 00:34:17.576]????????[9]??[197]????Explorer Promotion?? 
[04-10 00:34:17.576]????????[10]??[1225]????Commerce Quest?? 
[04-10 00:34:17.576]????????[11]??[503]????Skeleton of Sorrow Warrior?? 
[04-10 00:34:17.576]????????[12]??[330]????Secret of the Will?? 
[04-10 00:34:17.576]????????[13]??[331]????Jack Introduction?? 
[04-10 00:34:17.576]????????[14]??[332]????Rumour of the Bar?? 
[04-10 00:34:17.576]????????[15]??[335]????Love Entanglement?? 
[04-10 00:34:17.576]????????[16]??[359]????Exploration Spirit?? 
[04-10 00:34:17.576]????????[17]??[360]????Exploration Spirit?? 
[04-10 00:34:17.576]????????[18]??[361]????Exploration Spirit?? 
[04-10 00:34:17.576]????????[19]??[362]????Exploration Test?? 
[04-10 00:34:17.576]????????[20]??[363]????Exploration Test?? 
[04-10 00:34:17.576]????????[21]??[364]????Exploration Test?? 
[04-10 00:34:17.576]????????[22]??[365]????Exploration Test?? 
[04-10 00:34:17.576]????????[23]??[366]????Exploration Test?? 
[04-10 00:34:17.576]????????[24]??[367]????Exploration Test?? 
[04-10 00:34:17.576]????????[25]??[368]????Exploration Test?? 
[04-10 00:34:17.576]????????[26]??[369]????Exploration Test?? 
[04-10 00:34:17.576]????????[27]??[370]????Exploration Test?? 
[04-10 00:34:17.576]????????[28]??[371]????Exploration Test?? 
[04-10 00:34:17.576]????????[29]??[522]????Heart of Mermaid?? 
[04-10 00:34:17.576]????????[30]??[5058]????Sang Di's guidance?? 
[04-10 00:34:17.576]????????[31]??[5062]????Daniel's Suggestion?? 
[04-10 00:34:17.576]????????[1]??[443]????World's Finest Merchant?? 
[04-10 00:34:17.576]????????[2]??[445]????Argent Trade Center?? 
[04-10 00:34:17.576]????????[3]??[447]????Sea Commerce?? 
[04-10 00:34:17.576]????????[4]??[1020]????A Swordsman's Life?? 
[04-10 00:34:17.576]????????[5]??[1076]????A Hunter's Life?? 
[04-10 00:34:17.576]????????[6]??[1132]????Doctor Class Quest?? 
[04-10 00:34:17.576]????????[7]??[1183]????An Explorer's Life?? 
[04-10 00:34:17.576]????????[8]??[1226]????Commerce Quest?? 
[04-10 00:34:17.576]????????[1]??[707]????Physician's Greetings?? 
[04-10 00:34:17.576]????????[2]??[214]????Food Poisoning?? 
[04-10 00:34:17.576]????????[3]??[215]????Quest for Antidote?? 
[04-10 00:34:17.576]????????[4]??[217]????Tommy's Request?? 
[04-10 00:34:17.576]????????[5]??[218]????A Crazy Reason?? 
[04-10 00:34:17.576]????????[6]??[219]????Thorough Investigation?? 
[04-10 00:34:17.576]????????[7]??[220]????Ditto's Report?? 
[04-10 00:34:17.576]????????[8]??[1046]????A Swordsman's Life?? 
[04-10 00:34:17.576]????????[9]??[1208]????An Explorer's Life?? 
[04-10 00:34:17.576]????????[10]??[73]????Letter for Ditto?? 
[04-10 00:34:17.576]????????[11]??[74]????Decoction Recipe?? 
[04-10 00:34:17.576]????????[12]??[75]????Letter for Rouri?? 
[04-10 00:34:17.576]????????[13]??[5027]????Ingredient of Restoration Potion?? 
[04-10 00:34:17.576]????????[14]??[5035]????Whereabouts of Sunstone?? 
[04-10 00:34:17.576]????????[15]??[5036]????Eyedrop?? 
[04-10 00:34:17.576]????????[1]??[1050]????A Swordsman's Life?? 
[04-10 00:34:17.576]????????[2]??[1212]????An Explorer's Life?? 
[04-10 00:34:17.576]????????[1]??[1009]????A Swordsman's Life?? 
[04-10 00:34:17.576]????????[2]??[1173]????An Explorer's Life?? 
[04-10 00:34:17.576]????????[1]??[1039]????A Swordsman's Life?? 
[04-10 00:34:17.576]????????[2]??[1202]????An Explorer's Life?? 
[04-10 00:34:17.576]????????[3]??[80]????Lost Items?? 
[04-10 00:34:17.576]????????[4]??[81]????Letter for Senna?? 
[04-10 00:34:17.576]????????[5]??[79]????Letter for Coddy?? 
[04-10 00:34:17.576]????????[6]??[5510]????Challenge Genesis?? 
[04-10 00:34:17.576]????????[1]??[207]????A Small Task?? 
[04-10 00:34:17.576]????????[2]??[208]????Food for the Navy?? 
[04-10 00:34:17.576]????????[3]??[209]????Missing Tommy?? 
[04-10 00:34:17.576]????????[4]??[212]????Report to General?? 
[04-10 00:34:17.576]????????[5]??[213]????Food Poisoning?? 
[04-10 00:34:17.576]????????[6]??[216]????Tommy's Request?? 
[04-10 00:34:17.576]????????[7]??[274]????Chairman's Dark Secret?? 
[04-10 00:34:17.576]????????[8]??[275]????Mine Investigation?? 
[04-10 00:34:17.576]????????[9]??[276]????Secret of the Slip?? 
[04-10 00:34:17.576]????????[10]??[1016]????A Swordsman's Life?? 
[04-10 00:34:17.576]????????[11]??[1179]????An Explorer's Life?? 
[04-10 00:34:17.576]????????[12]??[69]????Swordsman Promotion?? 
[04-10 00:34:17.576]????????[13]??[70]????Swordsman Promotion?? 
[04-10 00:34:17.576]????????[14]??[71]????Swordsman Promotion?? 
[04-10 00:34:17.576]????????[15]??[194]????Explorer Promotion?? 
[04-10 00:34:17.576]????????[16]??[195]????Explorer Promotion?? 
[04-10 00:34:17.576]????????[17]??[196]????Explorer Promotion?? 
[04-10 00:34:17.576]????????[18]??[318]????Soul of Navy?? 
[04-10 00:34:17.576]????????[19]??[323]????Sever Relationship?? 
[04-10 00:34:17.576]????????[20]??[324]????I'm not a PIRATE!?? 
[04-10 00:34:17.576]????????[21]??[5053]????Enchanted Pouch?? 
[04-10 00:34:17.576]????????[1]??[1048]????A Swordsman's Life?? 
[04-10 00:34:17.576]????????[2]??[1210]????An Explorer's Life?? 
[04-10 00:34:17.576]????????[3]??[920]????Bloodied High Heels?? 
[04-10 00:34:17.576]????????[4]??[921]????Verify with the Patroller?? 
[04-10 00:34:17.576]????????[1]??[1032]????A Swordsman's Life?? 
[04-10 00:34:17.576]????????[2]??[1195]????An Explorer's Life?? 
[04-10 00:34:17.576]????????[1]??[271]????A Long Long Time Ago?? 
[04-10 00:34:17.576]????????[2]??[277]????Secret of the Slip?? 
[04-10 00:34:17.576]????????[3]??[278]????Behemoth's Escape?? 
[04-10 00:34:17.576]????????[4]??[280]????Ancient Bounty Token?? 
[04-10 00:34:17.576]????????[5]??[286]????Sea Haven?? 
[04-10 00:34:17.576]????????[6]??[5076]????Who is the Enlightened One?? 
[04-10 00:34:17.576]????????[7]??[5077]????Who is the Enlightened One?? 
[04-10 00:34:17.576]????????[8]??[5078]????Who is the Enlightened One?? 
[04-10 00:34:17.576]????????[9]??[5079]????Who is the Enlightened One?? 
[04-10 00:34:17.576]????????[10]??[5088]????Top Disciple?? 
[04-10 00:34:17.576]????????[11]??[5110]????Qualified Disciple?? 
[04-10 00:34:17.576]????????[12]??[5112]????Qualified Disciple?? 
[04-10 00:34:17.576]????????[13]??[5114]????Qualified Disciple?? 
[04-10 00:34:17.576]????????[14]??[5116]????Qualified Disciple?? 
[04-10 00:34:17.576]????????[15]??[5147]????The mystery has been solved?? 
[04-10 00:34:17.576]????????[1]??[266]????Wisdom of Argent?? 
[04-10 00:34:17.576]????????[2]??[267]????Blurry?? 
[04-10 00:34:17.576]????????[3]??[270]????A Long Long Time Ago?? 
[04-10 00:34:17.576]????????[4]??[272]????Wrong Question?? 
[04-10 00:34:17.576]????????[5]??[273]????Chairman's Dark Secret?? 
[04-10 00:34:17.576]????????[6]??[337]????Mystic Diary?? 
[04-10 00:34:17.576]????????[7]??[338]????Goddess's Follower?? 
[04-10 00:34:17.576]????????[8]??[554]????Tragedy?? 
[04-10 00:34:17.576]????????[9]??[555]????Tragedy?? 
[04-10 00:34:17.576]????????[10]??[901]????Money Making?? 
[04-10 00:34:17.576]????????[11]??[5557]????PKO Ambassador 3?? 
[04-10 00:34:17.576]????????[12]??[5558]????PKO Ambassador 4?? 
[04-10 00:34:17.576]????????[1]??[705]????Tailor's Greetings?? 
[04-10 00:34:17.576]????????[1]??[76]????Letter for Rouri?? 
[04-10 00:34:17.576]????????[2]??[77]????Mushroom Mushroom?? 
[04-10 00:34:17.576]????????[3]??[78]????Letter for Coddy?? 
[04-10 00:34:17.576]????????[1]??[268]????Blurry?? 
[04-10 00:34:17.576]????????[2]??[269]????Eight Treasures Wine?? 
[04-10 00:34:17.576]????????[3]??[288]????Eight Treasures Wine?? 
[04-10 00:34:17.576]????????[4]??[502]????Drunken Dreams?? 
[04-10 00:34:17.576]????????[5]??[334]????Love Entanglement?? 
[04-10 00:34:17.576]????????[1]??[500]????Drunkyard Secrets?? 
[04-10 00:34:17.576]????????[2]??[501]????Another Cup Please!?? 
[04-10 00:34:17.576]????????[3]??[358]????Exploration Spirit?? 
[04-10 00:34:17.576]????????[4]??[372]????Beldi?? 
[04-10 00:34:17.576]????????[1]??[210]????Missing Tommy?? 
[04-10 00:34:17.576]????????[2]??[211]????Report to General?? 
[04-10 00:34:17.576]????????[3]??[1034]????A Swordsman's Life?? 
[04-10 00:34:17.576]????????[4]??[1197]????An Explorer's Life?? 
[04-10 00:34:17.576]????????[1]??[1054]????A Swordsman's Life?? 
[04-10 00:34:17.576]????????[2]??[1216]????An Explorer's Life?? 
[04-10 00:34:17.576]????????[1]??[1000]????A Swordsman's Life?? 
[04-10 00:34:17.576]????????[2]??[1164]????An Explorer's Life?? 
[04-10 00:34:17.576]????????[1]??[566]????Shuang's Debt?? 
[04-10 00:34:17.576]????????[2]??[477]????Commander's Complaint?? 
[04-10 00:34:17.576]????????[3]??[478]????Secret of the Commander?? 
[04-10 00:34:17.576]????????[1]??[1022]????A Swordsman's Life?? 
[04-10 00:34:17.576]????????[2]??[1079]????A Hunter's Life?? 
[04-10 00:34:17.576]????????[3]??[1134]????Doctor Class Quest?? 
[04-10 00:34:17.576]????????[4]??[1185]????An Explorer's Life?? 
[04-10 00:34:17.576]????????[5]??[378]????Ancient Brooch?? 
[04-10 00:34:17.576]????????[1]??[1038]????A Swordsman's Life?? 
[04-10 00:34:17.576]????????[2]??[1092]????A Hunter's Life?? 
[04-10 00:34:17.576]????????[3]??[1150]????Doctor Class Quest?? 
[04-10 00:34:17.576]????????[4]??[1201]????An Explorer's Life?? 
[04-10 00:34:17.576]????????[5]??[5535]????Challenge Genesis 13?? 
[04-10 00:34:17.576]????????[1]??[1021]????A Swordsman's Life?? 
[04-10 00:34:17.576]????????[2]??[1077]????A Hunter's Life?? 
[04-10 00:34:17.576]????????[3]??[1133]????Doctor Class Quest?? 
[04-10 00:34:17.576]????????[4]??[1184]????An Explorer's Life?? 
[04-10 00:34:17.576]????????[1]??[1024]????A Swordsman's Life?? 
[04-10 00:34:17.576]????????[2]??[1081]????A Hunter's Life?? 
[04-10 00:34:17.576]????????[3]??[1136]????Doctor Class Quest?? 
[04-10 00:34:17.576]????????[4]??[1187]????An Explorer's Life?? 
[04-10 00:34:17.576]????????[5]??[5130]????Goodbye to 4th Gate?? 
[04-10 00:34:17.576]????????[6]??[5131]????5th Gate?? 
[04-10 00:34:17.576]????????[7]??[5132]????Goodbye to 5th Gate?? 
[04-10 00:34:17.576]????????[1]??[1049]????A Swordsman's Life?? 
[04-10 00:34:17.576]????????[2]??[1103]????A Hunter's Life?? 
[04-10 00:34:17.576]????????[3]??[1159]????Doctor Class Quest?? 
[04-10 00:34:17.576]????????[4]??[1211]????An Explorer's Life?? 
[04-10 00:34:17.576]????????[5]??[320]????Thundoria Bank?? 
[04-10 00:34:17.576]????????[6]??[375]????Earring of Beldi?? 
[04-10 00:34:17.576]????????[7]??[376]????Hometown?? 
[04-10 00:34:17.576]????????[8]??[377]????Hometown?? 
[04-10 00:34:17.576]????????[9]??[432]????Desert Exploration?? 
[04-10 00:34:17.576]????????[10]??[560]????Hometown?? 
[04-10 00:34:17.576]????????[11]??[561]????Hometown?? 
[04-10 00:34:17.576]????????[12]??[542]????Hassli's Deposit?? 
[04-10 00:34:17.576]????????[13]??[562]????Hometown?? 
[04-10 00:34:17.576]????????[1]??[1042]????A Swordsman's Life?? 
[04-10 00:34:17.576]????????[2]??[1094]????A Hunter's Life?? 
[04-10 00:34:17.576]????????[3]??[1153]????Doctor Class Quest?? 
[04-10 00:34:17.576]????????[4]??[1205]????An Explorer's Life?? 
[04-10 00:34:17.576]????????[1]??[1036]????A Swordsman's Life?? 
[04-10 00:34:17.576]????????[2]??[1090]????A Hunter's Life?? 
[04-10 00:34:17.576]????????[3]??[1148]????Doctor Class Quest?? 
[04-10 00:34:17.576]????????[4]??[1199]????An Explorer's Life?? 
[04-10 00:34:17.576]????????[5]??[867]????Phantom Blood Test?? 
[04-10 00:34:17.576]????????[6]??[863]????Test of the Sacred Forest?? 
[04-10 00:34:17.576]????????[7]??[5536]????Vampiric Aries Battle Hero?? 
[04-10 00:34:17.576]????????[8]??[5537]????Vampiric Aries Renown Hero?? 
[04-10 00:34:17.576]????????[9]??[5538]????Vampiric Aries Hero?? 
[04-10 00:34:17.576]????????[10]??[5539]????Vampiric Aries Honorable Hero?? 
[04-10 00:34:17.576]????????[11]??[5540]????Vampiric Aries Gatherer Ambassador?? 
[04-10 00:34:17.576]????????[12]??[5541]????Vampiric Aries - Sleeping Aries?? 
[04-10 00:34:17.576]????????[13]??[5542]????Vampiric Aries Battle Hero?? 
[04-10 00:34:17.576]????????[14]??[5543]????Vampiric Aries Renown Hero?? 
[04-10 00:34:17.576]????????[15]??[5544]????Vampiric Aries Hero?? 
[04-10 00:34:17.576]????????[16]??[5545]????Vampiric Aries Honorable Hero?? 
[04-10 00:34:17.576]????????[17]??[5546]????Vampiric Aries Gatherer Ambassador?? 
[04-10 00:34:17.576]????????[18]??[5547]????Vampiric Aries Battle Hero?? 
[04-10 00:34:17.576]????????[19]??[5548]????Vampiric Aries Renown Hero?? 
[04-10 00:34:17.576]????????[20]??[5549]????Vampiric Aries Hero?? 
[04-10 00:34:17.576]????????[21]??[5550]????Vampiric Aries Honorable Hero?? 
[04-10 00:34:17.576]????????[22]??[5551]????Vampiric Aries Gatherer Ambassador?? 
[04-10 00:34:17.576]????????[23]??[5552]????Vampiric Aries PKO Ambassador?? 
[04-10 00:34:17.576]????????[24]??[5597]????PKO Hero 22?? 
[04-10 00:34:17.576]????????[25]??[5600]????Special Operation - Vampiric Aries?? 
[04-10 00:34:17.576]????????[1]??[1033]????A Swordsman's Life?? 
[04-10 00:34:17.576]????????[2]??[1088]????A Hunter's Life?? 
[04-10 00:34:17.576]????????[3]??[1145]????Doctor Class Quest?? 
[04-10 00:34:17.576]????????[4]??[1196]????An Explorer's Life?? 
[04-10 00:34:17.576]????????[1]??[1008]????A Swordsman's Life?? 
[04-10 00:34:17.576]????????[2]??[1063]????A Hunter's Life?? 
[04-10 00:34:17.576]????????[3]??[1118]????Doctor Class Quest?? 
[04-10 00:34:17.576]????????[4]??[1172]????An Explorer's Life?? 
[04-10 00:34:17.576]????????[5]??[850]????Bloodied Hammer?? 
[04-10 00:34:17.576]????????[6]??[861]????Fallen Helmet?? 
[04-10 00:34:17.576]????????[7]??[868]????Dark Bow?? 
[04-10 00:34:17.576]????????[1]??[1030]????A Swordsman's Life?? 
[04-10 00:34:17.576]????????[2]??[1086]????A Hunter's Life?? 
[04-10 00:34:17.576]????????[3]??[1139]????Doctor Class Quest?? 
[04-10 00:34:17.576]????????[4]??[1193]????An Explorer's Life?? 
[04-10 00:34:17.576]????????[1]??[1010]????A Swordsman's Life?? 
[04-10 00:34:17.576]????????[2]??[1066]????A Hunter's Life?? 
[04-10 00:34:17.576]????????[3]??[1122]????Doctor Class Quest?? 
[04-10 00:34:17.576]????????[4]??[1174]????An Explorer's Life?? 
[04-10 00:34:17.576]????????[1]??[1003]????A Swordsman's Life?? 
[04-10 00:34:17.576]????????[2]??[1058]????A Hunter's Life?? 
[04-10 00:34:17.576]????????[3]??[1113]????Doctor Class Quest?? 
[04-10 00:34:17.576]????????[4]??[1167]????An Explorer's Life?? 
[04-10 00:34:17.576]????????[1]??[1019]????A Swordsman's Life?? 
[04-10 00:34:17.576]????????[2]??[1074]????A Hunter's Life?? 
[04-10 00:34:17.576]????????[3]??[1130]????Doctor Class Quest?? 
[04-10 00:34:17.576]????????[4]??[1182]????An Explorer's Life?? 
[04-10 00:34:17.576]????????[5]??[852]????Vengence?? 
[04-10 00:34:17.576]????????[6]??[855]????Repel Spirit?? 
[04-10 00:34:17.576]????????[7]??[865]????Hidden Shadow?? 
[04-10 00:34:17.576]????????[8]??[473]????Thundoria Navy?? 
[04-10 00:34:17.576]????????[1]??[1053]????A Swordsman's Life?? 
[04-10 00:34:17.576]????????[2]??[1107]????A Hunter's Life?? 
[04-10 00:34:17.576]????????[3]??[1163]????Doctor Class Quest?? 
[04-10 00:34:17.576]????????[4]??[1215]????An Explorer's Life?? 
[04-10 00:34:17.589]????????[1]??[1035]????A Swordsman's Life?? 
[04-10 00:34:17.589]????????[2]??[1089]????A Hunter's Life?? 
[04-10 00:34:17.589]????????[3]??[1147]????Doctor Class Quest?? 
[04-10 00:34:17.589]????????[4]??[1198]????An Explorer's Life?? 
[04-10 00:34:17.589]????????[1]??[1017]????A Swordsman's Life?? 
[04-10 00:34:17.589]????????[2]??[1071]????A Hunter's Life?? 
[04-10 00:34:17.589]????????[3]??[1127]????Doctor Class Quest?? 
[04-10 00:34:17.589]????????[4]??[1180]????An Explorer's Life?? 
[04-10 00:34:17.589]????????[5]??[5575]????PKO Ambassador 11?? 
[04-10 00:34:17.589]????????[6]??[5576]????PKO Ambassador 12?? 
[04-10 00:34:17.589]????????[1]??[849]????Disintegration?? 
[04-10 00:34:17.589]????????[2]??[856]????Tribal Invasion?? 
[04-10 00:34:17.589]????????[3]??[858]????New Weapon?? 
[04-10 00:34:17.589]????????[4]??[860]????Expedition?? 
[04-10 00:34:17.589]????????[5]??[866]????Last Enemy?? 
[04-10 00:34:17.589]????????[1]??[851]????First Ingredient?? 
[04-10 00:34:17.589]????????[2]??[853]????Third Ingredient?? 
[04-10 00:34:17.589]????????[3]??[854]????Second Ingredient?? 
[04-10 00:34:17.589]????????[4]??[862]????Fourth Ingredient?? 
[04-10 00:34:17.589]????????[5]??[864]????Last Ingredient?? 
[04-10 00:34:17.589]????????[1]??[859]????Fallen Angel?? 
[04-10 00:34:17.589]????????[2]??[857]????Battle Reward?? 
[04-10 00:34:17.589]????????[1]??[474]????Deep Deep Forest?? 
[04-10 00:34:17.589]????????[1]??[400]????Wandering Creatures?? 
[04-10 00:34:17.589]????????[2]??[52]????Send a letter to Marcusa?? 
[04-10 00:34:17.589]????????[3]??[53]????Emergency?? 
[04-10 00:34:17.589]????????[4]??[54]????Letter for Salvier?? 
[04-10 00:34:17.589]????????[1]??[471]????Occupation Change?? 
[04-10 00:34:17.589]????????[2]??[472]????Thundoria Navy?? 
[04-10 00:34:17.589]????????[3]??[753]????Walk of the Cleric?? 
[04-10 00:34:17.589]????????[1]??[1442]????Commerce Quest?? 
[04-10 00:34:17.589]????????[2]??[1900]????Mid Lv Commerce?? 
[04-10 00:34:17.589]????????[3]??[5567]????PKO Ambassador 8?? 
[04-10 00:34:17.589]????????[4]??[5568]????PKO Ambassador 9?? 
[04-10 00:34:17.589]????????[1]??[409]????Argent's Invitation?? 
[04-10 00:34:17.589]????????[2]??[415]????Warrior Recruitment?? 
[04-10 00:34:17.589]????????[3]??[424]????Forest Exploration?? 
[04-10 00:34:17.589]????????[4]??[426]????Dangerous Times?? 
[04-10 00:34:17.589]????????[5]??[449]????Ambushed Swordsman?? 
[04-10 00:34:17.589]????????[6]??[809]????Vampiric Monster?? 
[04-10 00:34:17.589]????????[7]??[813]????Miner Mole?? 
[04-10 00:34:17.589]????????[8]??[1431]????Commerce Quest?? 
[04-10 00:34:17.589]????????[9]??[1901]????Mid Lv Commerce?? 
[04-10 00:34:17.589]????????[10]??[5048]????Mask of Zorro?? 
[04-10 00:34:17.589]????????[11]??[5049]????Final Password?? 
[04-10 00:34:17.589]????????[12]??[5050]????Stone of Destiny?? 
[04-10 00:34:17.589]????????[13]??[5051]????Destroy the mask?? 
[04-10 00:34:17.589]????????[14]??[5052]????Enchanted Pouch?? 
[04-10 00:34:17.589]????????[1]??[603]????Scholar Owlie?? 
[04-10 00:34:17.589]????????[2]??[608]????Unusual Satchet?? 
[04-10 00:34:17.589]????????[3]??[613]????The Contest?? 
[04-10 00:34:17.589]????????[4]??[615]????Grass Tortoise's Tradegy?? 
[04-10 00:34:17.589]????????[5]??[618]????A Terrible Curse?? 
[04-10 00:34:17.589]????????[1]??[451]????Traversing?? 
[04-10 00:34:17.589]????????[2]??[457]????Waala's Crisis?? 
[04-10 00:34:17.589]????????[3]??[621]????Expensive Herbs?? 
[04-10 00:34:17.589]????????[4]??[625]????Revenge?? 
[04-10 00:34:17.589]????????[5]??[1590]????Commerce Quest?? 
[04-10 00:34:17.589]????????[6]??[1902]????Mid Lv Commerce?? 
[04-10 00:34:17.589]????????[7]??[1940]????High Lv Commerce?? 
[04-10 00:34:17.589]????????[1]??[425]????Forest Exploration?? 
[04-10 00:34:17.589]????????[2]??[431]????Awakening?? 
[04-10 00:34:17.589]????????[3]??[436]????Dream Sea?? 
[04-10 00:34:17.589]????????[4]??[442]????World's Finest Merchant?? 
[04-10 00:34:17.589]????????[5]??[448]????Ambushed Swordsman?? 
[04-10 00:34:17.589]????????[6]??[601]????Bee Eradication?? 
[04-10 00:34:17.589]????????[7]??[607]????No More Odour!?? 
[04-10 00:34:17.589]????????[8]??[610]????The Terrible Bandits?? 
[04-10 00:34:17.589]????????[9]??[612]????Eradicate Stramonium?? 
[04-10 00:34:17.589]????????[10]??[1001]????A Swordsman's Life?? 
[04-10 00:34:17.589]????????[11]??[1165]????An Explorer's Life?? 
[04-10 00:34:17.589]????????[1]??[475]????Deep Deep Forest?? 
[04-10 00:34:17.589]????????[1]??[437]????Dream Sea?? 
[04-10 00:34:17.589]????????[2]??[439]????Navy Registration Now Open!?? 
[04-10 00:34:17.589]????????[3]??[441]????The Navy Office?? 
[04-10 00:34:17.589]????????[1]??[289]????Sea Haven?? 
[04-10 00:34:17.589]????????[2]??[290]????Navigation Map?? 
[04-10 00:34:17.589]????????[1]??[419]????Jungle Exploration?? 
[04-10 00:34:17.589]????????[2]??[460]????Mine Labyrinth?? 
[04-10 00:34:17.589]????????[3]??[600]????Honey Combs Heist?? 
[04-10 00:34:17.589]????????[4]??[604]????Cunning Owl?? 
[04-10 00:34:17.589]????????[5]??[606]????Tusk Boar's Resistance?? 
[04-10 00:34:17.589]????????[6]??[611]????Burning of Stramonium?? 
[04-10 00:34:17.589]????????[7]??[614]????Boxing Gloves?? 
[04-10 00:34:17.589]????????[8]??[619]????Boar Independence Day?? 
[04-10 00:34:17.589]????????[9]??[1028]????A Swordsman's Life?? 
[04-10 00:34:17.589]????????[10]??[1191]????An Explorer's Life?? 
[04-10 00:34:17.589]????????[11]??[1434]????Commerce Quest?? 
[04-10 00:34:17.589]????????[12]??[1903]????Mid Lv Commerce?? 
[04-10 00:34:17.589]????????[13]??[5587]????PKO Ambassador 17?? 
[04-10 00:34:17.589]????????[14]??[5588]????PKO Ambassador 18?? 
[04-10 00:34:17.589]????????[1]??[450]????Traversing?? 
[04-10 00:34:17.589]????????[2]??[452]????The Labyrinth Mystery?? 
[04-10 00:34:17.589]????????[3]??[602]????Unsettling Dream?? 
[04-10 00:34:17.589]????????[4]??[605]????Temptation of BBQ Tails?? 
[04-10 00:34:17.589]????????[5]??[609]????Missing Gold Coin?? 
[04-10 00:34:17.589]????????[6]??[616]????Stealing Tortoise Eggs?? 
[04-10 00:34:17.589]????????[7]??[617]????Smuggle Tortoise Shells?? 
[04-10 00:34:17.589]????????[8]??[1435]????Commerce Quest?? 
[04-10 00:34:17.589]????????[9]??[1904]????Mid Lv Commerce?? 
[04-10 00:34:17.589]????????[1]??[623]????Deer Skin Coat?? 
[04-10 00:34:17.589]????????[2]??[627]????Cruel Massacre?? 
[04-10 00:34:17.589]????????[3]??[634]????Mysterious Cape?? 
[04-10 00:34:17.589]????????[4]??[1031]????A Swordsman's Life?? 
[04-10 00:34:17.589]????????[5]??[1194]????An Explorer's Life?? 
[04-10 00:34:17.589]????????[6]??[1591]????Commerce Quest?? 
[04-10 00:34:17.589]????????[7]??[1905]????Mid Lv Commerce?? 
[04-10 00:34:17.589]????????[8]??[1941]????High Lv Commerce?? 
[04-10 00:34:17.589]????????[9]??[5583]????PKO Ambassador 15?? 
[04-10 00:34:17.589]????????[10]??[5584]????PKO Ambassador 16?? 
[04-10 00:34:17.589]????????[1]??[622]????Secret of the Grassland Elk?? 
[04-10 00:34:17.589]????????[2]??[624]????White Owlie?? 
[04-10 00:34:17.589]????????[3]??[628]????Boxing Trouble?? 
[04-10 00:34:17.589]????????[4]??[630]????Investigation of Slowpoke Snail?? 
[04-10 00:34:17.589]????????[5]??[636]????Emerald Fog?? 
[04-10 00:34:17.589]????????[6]??[1006]????A Swordsman's Life?? 
[04-10 00:34:17.589]????????[7]??[1170]????An Explorer's Life?? 
[04-10 00:34:17.589]????????[8]??[1592]????Commerce Quest?? 
[04-10 00:34:17.589]????????[9]??[1906]????Mid Lv Commerce?? 
[04-10 00:34:17.589]????????[10]??[1942]????High Lv Commerce?? 
[04-10 00:34:17.589]????????[1]??[463]????Search for Talent?? 
[04-10 00:34:17.589]????????[2]??[620]????Boar Challenge?? 
[04-10 00:34:17.589]????????[3]??[626]????Pursue of the Wolf?? 
[04-10 00:34:17.589]????????[4]??[629]????Lucky Magical Stone?? 
[04-10 00:34:17.589]????????[5]??[631]????The Slowpoke Snails?? 
[04-10 00:34:17.589]????????[6]??[632]????Fallen?? 
[04-10 00:34:17.589]????????[7]??[633]????Song of the Stinging Beak?? 
[04-10 00:34:17.589]????????[8]??[635]????Trading Fake Gems?? 
[04-10 00:34:17.589]????????[9]??[637]????Search for Velvet Stone?? 
[04-10 00:34:17.589]????????[10]??[1015]????A Swordsman's Life?? 
[04-10 00:34:17.589]????????[11]??[1178]????An Explorer's Life?? 
[04-10 00:34:17.589]????????[12]??[1593]????Commerce Quest?? 
[04-10 00:34:17.589]????????[13]??[1907]????Mid Lv Commerce?? 
[04-10 00:34:17.589]????????[14]??[1943]????High Lv Commerce?? 
[04-10 00:34:17.599]????????[1]??[223]????A New Task?? 
[04-10 00:34:17.599]????????[2]??[224]????The Lost Tool?? 
[04-10 00:34:17.599]????????[3]??[225]????Kill the Shrooms?? 
[04-10 00:34:17.599]????????[4]??[226]????Ditto's Request?? 
[04-10 00:34:17.599]????????[5]??[227]????Bandit Hideout Map?? 
[04-10 00:34:17.599]????????[6]??[228]????Ambush Bandit?? 
[04-10 00:34:17.599]????????[7]??[229]????Bounty?? 
[04-10 00:34:17.599]????????[8]??[230]????Desert Visit?? 
[04-10 00:34:17.599]????????[9]??[1055]????A Swordsman's Life?? 
[04-10 00:34:17.599]????????[10]??[1217]????An Explorer's Life?? 
[04-10 00:34:17.599]????????[11]??[1432]????Commerce Quest?? 
[04-10 00:34:17.599]????????[12]??[1908]????Mid Lv Commerce?? 
[04-10 00:34:17.599]????????[1]??[401]????Wandering Creatures?? 
[04-10 00:34:17.599]????????[2]??[810]????Miner Mole Safety Helmet?? 
[04-10 00:34:17.599]????????[3]??[1040]????A Swordsman's Life?? 
[04-10 00:34:17.599]????????[4]??[1203]????An Explorer's Life?? 
[04-10 00:34:17.599]????????[5]??[1433]????Commerce Quest?? 
[04-10 00:34:17.599]????????[6]??[1909]????Mid Lv Commerce?? 
[04-10 00:34:17.599]????????[7]??[5579]????PKO Ambassador 13?? 
[04-10 00:34:17.599]????????[8]??[5580]????PKO Ambassador 14?? 
[04-10 00:34:17.599]????????[1]??[428]????Reinforcement for Atlantis?? 
[04-10 00:34:17.599]????????[2]??[812]????Revenge of the Mud?? 
[04-10 00:34:17.599]????????[3]??[1025]????A Swordsman's Life?? 
[04-10 00:34:17.599]????????[4]??[1188]????An Explorer's Life?? 
[04-10 00:34:17.599]????????[1]??[455]????Mine Exploration?? 
[04-10 00:34:17.599]????????[2]??[461]????Mine Labyrinth?? 
[04-10 00:34:17.599]????????[3]??[811]????Weird Mud?? 
[04-10 00:34:17.599]????????[4]??[814]????Ninja Sword?? 
[04-10 00:34:17.599]????????[5]??[1013]????A Swordsman's Life?? 
[04-10 00:34:17.599]????????[6]??[1014]????A Swordsman's Life?? 
[04-10 00:34:17.599]????????[7]??[1177]????An Explorer's Life?? 
[04-10 00:34:17.599]????????[1]??[1027]????A Swordsman's Life?? 
[04-10 00:34:17.599]????????[2]??[1190]????An Explorer's Life?? 
[04-10 00:34:17.599]????????[3]??[5139]????Goodbye to 7th Gate?? 
[04-10 00:34:17.599]????????[4]??[5140]????8th Gate?? 
[04-10 00:34:17.599]????????[5]??[5141]????Instructions for last Gate?? 
[04-10 00:34:17.599]????????[1]??[5563]????PKO Ambassador 6?? 
[04-10 00:34:17.599]????????[2]??[5564]????PKO Ambassador 7?? 
[04-10 00:34:17.599]????????[1]??[763]????Journey of the Voyager?? 
[04-10 00:34:17.599]????????[2]??[1742]????Commerce Quest?? 
[04-10 00:34:17.599]????????[3]??[1938]????Mid Lv Commerce?? 
[04-10 00:34:17.599]????????[4]??[1953]????High Lv Commerce?? 
[04-10 00:34:17.599]????????[5]??[5511]????Challenge Genesis?? 
[04-10 00:34:17.599]????????[6]??[5512]????Challenge Genesis 2?? 
[04-10 00:34:17.599]????????[1]??[379]????Wheel of Fate?? 
[04-10 00:34:17.599]????????[2]??[380]????Wheel of Fate?? 
[04-10 00:34:17.599]????????[3]??[5533]????Challenge Genesis 12?? 
[04-10 00:34:17.599]????????[4]??[5534]????Challenge Genesis 13?? 
[04-10 00:34:17.599]????????[1]??[1740]????Commerce Quest?? 
[04-10 00:34:17.599]????????[2]??[1936]????Mid Lv Commerce?? 
[04-10 00:34:17.599]????????[3]??[1951]????High Lv Commerce?? 
[04-10 00:34:17.599]????????[4]??[381]????Wheel of Fate?? 
[04-10 00:34:17.599]????????[5]??[382]????Wheel of Fate?? 
[04-10 00:34:17.599]????????[6]??[5531]????Challenge Genesis 11?? 
[04-10 00:34:17.599]????????[7]??[5532]????Challenge Genesis 12?? 
[04-10 00:34:17.599]????????[1]??[1739]????Commerce Quest?? 
[04-10 00:34:17.599]????????[2]??[1935]????Mid Lv Commerce?? 
[04-10 00:34:17.599]????????[3]??[1950]????High Lv Commerce?? 
[04-10 00:34:17.599]????????[4]??[383]????Wheel of Fate?? 
[04-10 00:34:17.599]????????[5]??[384]????Wheel of Fate?? 
[04-10 00:34:17.599]????????[6]??[385]????Wheel of Fate?? 
[04-10 00:34:17.599]????????[7]??[5529]????Challenge Genesis10?? 
[04-10 00:34:17.599]????????[8]??[5530]????Challenge Genesis 11?? 
[04-10 00:34:17.599]????????[1]??[760]????Journey of the Voyager?? 
[04-10 00:34:17.599]????????[1]??[761]????Journey of the Voyager?? 
[04-10 00:34:17.599]????????[1]??[762]????Journey of the Voyager?? 
[04-10 00:34:17.605]????????[1]??[1436]????Commerce Quest?? 
[04-10 00:34:17.605]????????[2]??[1930]????Mid Lv Commerce?? 
[04-10 00:34:17.605]????????[1]??[5118]????Grandeur Oracle?? 
[04-10 00:34:17.605]????????[2]??[5119]????First Gate?? 
[04-10 00:34:17.605]????????[3]??[5120]????Goodbye to First Gate?? 
[04-10 00:34:17.605]????????[1]??[837]????Test?? 
[04-10 00:34:17.605]????????[2]??[838]????Test?? 
[04-10 00:34:17.605]????????[3]??[839]????Hidden Agenda?? 
[04-10 00:34:17.605]????????[1]??[840]????Enthusiast?? 
[04-10 00:34:17.605]????????[2]??[5591]????PKO Ambassador 19?? 
[04-10 00:34:17.605]????????[3]??[5592]????PKO Ambassador 20?? 
[04-10 00:34:17.605]????????[1]??[844]????Candle Research?? 
[04-10 00:34:17.605]????????[2]??[841]????Sampling?? 
[04-10 00:34:17.605]????????[3]??[842]????Never Dying Candle?? 
[04-10 00:34:17.605]????????[4]??[843]????Black Monster?? 
[04-10 00:34:17.605]????????[1]??[845]????Rock Golem?? 
[04-10 00:34:17.605]????????[2]??[846]????Velvet Stone Research?? 
[04-10 00:34:17.605]????????[3]??[847]????Validity?? 
[04-10 00:34:17.605]????????[4]??[848]????Unyielding Helmet?? 
[04-10 00:34:17.605]????????[1]??[918]????Love Revival?? 
[04-10 00:34:17.605]????????[2]??[5018]????Amber Tear?? 
[04-10 00:34:17.605]????????[3]??[5020]????Calcium Replenishment?? 
[04-10 00:34:17.605]????????[4]??[5021]????Revival Clover?? 
[04-10 00:34:17.605]????????[5]??[5022]????Side effect?? 
[04-10 00:34:17.620]????????[1]??[1048]????A Swordsman's Life?? 
[04-10 00:34:17.620]????????[2]??[1210]????An Explorer's Life?? 
[04-10 00:34:17.620]????????[3]??[920]????Bloodied High Heels?? 
[04-10 00:34:17.620]????????[4]??[921]????Verify with the Patroller?? 
[04-10 00:34:17.620]????????[1]??[1048]????A Swordsman's Life?? 
[04-10 00:34:17.620]????????[2]??[1210]????An Explorer's Life?? 
[04-10 00:34:17.620]????????[3]??[920]????Bloodied High Heels?? 
[04-10 00:34:17.620]????????[4]??[921]????Verify with the Patroller?? 
[04-10 00:34:17.668]????????[1]??[1048]????A Swordsman's Life?? 
[04-10 00:34:17.668]????????[2]??[1210]????An Explorer's Life?? 
[04-10 00:34:17.668]????????[3]??[920]????Bloodied High Heels?? 
[04-10 00:34:17.668]????????[4]??[921]????Verify with the Patroller?? 
[04-10 00:34:17.668]????????[1]??[1048]????A Swordsman's Life?? 
[04-10 00:34:17.668]????????[2]??[1210]????An Explorer's Life?? 
[04-10 00:34:17.668]????????[3]??[920]????Bloodied High Heels?? 
[04-10 00:34:17.668]????????[4]??[921]????Verify with the Patroller?? 
[04-10 00:34:17.700]????????[1]??[1048]????A Swordsman's Life?? 
[04-10 00:34:17.700]????????[2]??[1210]????An Explorer's Life?? 
[04-10 00:34:17.700]????????[3]??[920]????Bloodied High Heels?? 
[04-10 00:34:17.700]????????[4]??[921]????Verify with the Patroller?? 
[04-10 00:34:18.318]????????[1]??[102]????A Herbalist's Life?? 
[04-10 00:34:18.318]????????[2]??[416]????Asha Followers?? 
[04-10 00:34:18.318]????????[3]??[751]????Walk of the Cleric?? 
[04-10 00:34:18.318]????????[4]??[755]????Ways of the Seal?? 
[04-10 00:34:18.318]????????[5]??[95]????Herbalist Promotion?? 
[04-10 00:34:18.318]????????[6]??[96]????Herbalist Promotion?? 
[04-10 00:34:18.318]????????[7]??[97]????Herbalist Promotion?? 
[04-10 00:34:18.318]????????[8]??[151]????Herbalist Promotion?? 
[04-10 00:34:18.318]????????[9]??[1227]????Commerce Quest?? 
[04-10 00:34:18.318]????????[10]??[342]????Testament of the Piety?? 
[04-10 00:34:18.318]????????[11]??[343]????Testament of the Piety?? 
[04-10 00:34:18.318]????????[12]??[344]????Testament of the Piety?? 
[04-10 00:34:18.318]????????[13]??[345]????Testament of the Piety?? 
[04-10 00:34:18.318]????????[14]??[346]????Goddess Test?? 
[04-10 00:34:18.318]????????[15]??[347]????Goddess Test?? 
[04-10 00:34:18.318]????????[16]??[348]????Goddess Test?? 
[04-10 00:34:18.318]????????[17]??[349]????Goddess Test?? 
[04-10 00:34:18.318]????????[18]??[350]????Goddess Test?? 
[04-10 00:34:18.318]????????[19]??[351]????Goddess Test?? 
[04-10 00:34:18.318]????????[20]??[352]????Goddess Test?? 
[04-10 00:34:18.318]????????[21]??[353]????Goddess Test?? 
[04-10 00:34:18.318]????????[22]??[354]????Goddess Test?? 
[04-10 00:34:18.318]????????[23]??[355]????Goddess Test?? 
[04-10 00:34:18.318]????????[24]??[5009]????Memory Soup?? 
[04-10 00:34:18.318]????????[25]??[5015]????Cooling Black Pearl?? 
[04-10 00:34:18.318]????????[26]??[5017]????Memory Capsule?? 
[04-10 00:34:18.318]????????[27]??[5024]????Beautiful Past?? 
[04-10 00:34:18.318]????????[28]??[5028]????Let go off love?? 
[04-10 00:34:18.318]????????[29]??[5031]????Brimstone?? 
[04-10 00:34:18.318]????????[30]??[5059]????Sang Di's guidance?? 
[04-10 00:34:18.318]????????[31]??[5064]????Gannon's Suggestion?? 
[04-10 00:34:18.318]????????[1]??[231]????Desert Visit?? 
[04-10 00:34:18.318]????????[2]??[232]????Changes?? 
[04-10 00:34:18.318]????????[3]??[234]????Roland's Notebook?? 
[04-10 00:34:18.318]????????[4]??[1037]????A Swordsman's Life?? 
[04-10 00:34:18.318]????????[5]??[1091]????A Hunter's Life?? 
[04-10 00:34:18.318]????????[6]??[1149]????Doctor Class Quest?? 
[04-10 00:34:18.318]????????[7]??[1200]????An Explorer's Life?? 
[04-10 00:34:18.318]????????[8]??[1228]????Commerce Quest?? 
[04-10 00:34:18.318]????????[9]??[327]????Repentant?? 
[04-10 00:34:18.318]????????[10]??[339]????Goddess's Follower?? 
[04-10 00:34:18.318]????????[11]??[340]????Holy Priestess?? 
[04-10 00:34:18.318]????????[12]??[6017]????Tough? Or irritating??? 
[04-10 00:34:18.318]????????[13]??[6018]????Continue the path of rebirth?? 
[04-10 00:34:18.318]????????[1]??[1007]????A Swordsman's Life?? 
[04-10 00:34:18.318]????????[2]??[1117]????Doctor Class Quest?? 
[04-10 00:34:18.318]????????[3]??[1171]????An Explorer's Life?? 
[04-10 00:34:18.318]????????[4]??[1062]????A Hunter's Life?? 
[04-10 00:34:18.318]????????[5]??[1229]????Commerce Quest?? 
[04-10 00:34:18.318]????????[1]??[715]????Tailor's Greetings?? 
[04-10 00:34:18.318]????????[2]??[1011]????A Swordsman's Life?? 
[04-10 00:34:18.318]????????[3]??[1068]????A Hunter's Life?? 
[04-10 00:34:18.318]????????[4]??[1123]????Doctor Class Quest?? 
[04-10 00:34:18.318]????????[5]??[1175]????An Explorer's Life?? 
[04-10 00:34:18.318]????????[6]??[1230]????Commerce Quest?? 
[04-10 00:34:18.318]????????[1]??[1051]????A Swordsman's Life?? 
[04-10 00:34:18.318]????????[2]??[1104]????A Hunter's Life?? 
[04-10 00:34:18.318]????????[3]??[1160]????Doctor Class Quest?? 
[04-10 00:34:18.318]????????[4]??[1213]????An Explorer's Life?? 
[04-10 00:34:18.318]????????[5]??[1231]????Commerce Quest?? 
[04-10 00:34:18.318]????????[6]??[5012]????Invitation Letter?? 
[04-10 00:34:18.318]????????[1]??[243]????Buccaneer's News?? 
[04-10 00:34:18.318]????????[2]??[244]????Jack's Pirates?? 
[04-10 00:34:18.318]????????[3]??[1012]????A Swordsman's Life?? 
[04-10 00:34:18.318]????????[4]??[1069]????A Hunter's Life?? 
[04-10 00:34:18.318]????????[5]??[1124]????Doctor Class Quest?? 
[04-10 00:34:18.318]????????[6]??[1176]????An Explorer's Life?? 
[04-10 00:34:18.318]????????[7]??[88]????Letter for Franco?? 
[04-10 00:34:18.318]????????[8]??[89]????Kicking Monster?? 
[04-10 00:34:18.318]????????[9]??[90]????Letter for Smithy?? 
[04-10 00:34:18.318]????????[10]??[1232]????Commerce Quest?? 
[04-10 00:34:18.318]????????[1]??[713]????Blacksmith's Greetings?? 
[04-10 00:34:18.318]????????[2]??[1043]????A Swordsman's Life?? 
[04-10 00:34:18.318]????????[3]??[1095]????A Hunter's Life?? 
[04-10 00:34:18.318]????????[4]??[1154]????Doctor Class Quest?? 
[04-10 00:34:18.318]????????[5]??[1206]????An Explorer's Life?? 
[04-10 00:34:18.318]????????[6]??[91]????Letter for Smithy?? 
[04-10 00:34:18.318]????????[7]??[92]????Scorpion Phobia?? 
[04-10 00:34:18.318]????????[8]??[93]????Letter for Bliss?? 
[04-10 00:34:18.318]????????[1]??[1146]????Doctor Class Quest?? 
[04-10 00:34:18.318]????????[2]??[155]????Letter for Lena?? 
[04-10 00:34:18.318]????????[3]??[156]????Fake Item?? 
[04-10 00:34:18.318]????????[4]??[157]????Letter for Franklin?? 
[04-10 00:34:18.318]????????[1]??[1161]????Doctor Class Quest?? 
[04-10 00:34:18.318]????????[2]??[152]????Letter for Amos?? 
[04-10 00:34:18.318]????????[3]??[153]????Grafting Analysis?? 
[04-10 00:34:18.318]????????[4]??[154]????Letter for Lena?? 
[04-10 00:34:18.318]????????[1]??[1138]????Doctor Class Quest?? 
[04-10 00:34:18.318]????????[2]??[1161]????Doctor Class Quest?? 
[04-10 00:34:18.318]????????[1]??[1129]????Doctor Class Quest?? 
[04-10 00:34:18.318]????????[1]??[1125]????Doctor Class Quest?? 
[04-10 00:34:18.318]????????[1]??[1116]????Doctor Class Quest?? 
[04-10 00:34:18.318]????????[2]??[158]????Letter for Franklin?? 
[04-10 00:34:18.318]????????[3]??[159]????Medication for Nausea?? 
[04-10 00:34:18.318]????????[4]??[160]????Letter for Bliss?? 
[04-10 00:34:18.318]????????[1]??[1126]????Doctor Class Quest?? 
[04-10 00:34:18.318]????????[2]??[98]????Herbalist Promotion?? 
[04-10 00:34:18.318]????????[3]??[99]????Herbalist Promotion?? 
[04-10 00:34:18.318]????????[4]??[150]????Herbalist Promotion?? 
[04-10 00:34:18.318]????????[1]??[1144]????Doctor Class Quest?? 
[04-10 00:34:18.318]????????[1]??[233]????Changes?? 
[04-10 00:34:18.318]????????[2]??[5565]????PKO Ambassador 7?? 
[04-10 00:34:18.318]????????[3]??[5566]????PKO Ambassador 8?? 
[04-10 00:34:18.318]????????[1]??[5604]????Ingredient to make sushi?? 
[04-10 00:34:18.318]????????[2]??[5605]????Super Sushi?? 
[04-10 00:34:18.318]????????[3]??[5606]????Cake Warrior?? 
[04-10 00:34:18.318]????????[4]??[5607]????Famous Cake?? 
[04-10 00:34:18.318]????????[1]??[237]????Clues?? 
[04-10 00:34:18.318]????????[2]??[238]????The Traitor Within?? 
[04-10 00:34:18.318]????????[3]??[239]????Desert Battle?? 
[04-10 00:34:18.318]????????[4]??[240]????The Truth?? 
[04-10 00:34:18.318]????????[5]??[248]????To Whom It May Concern?? 
[04-10 00:34:18.318]????????[6]??[557]????Past?? 
[04-10 00:34:18.318]????????[7]??[5011]????Invitation Letter?? 
[04-10 00:34:18.318]????????[1]??[5010]????Bloodstone?? 
[04-10 00:34:18.318]????????[2]??[5014]????Memory Soup Recipe?? 
[04-10 00:34:18.318]????????[3]??[5033]????Piety Treasure Map?? 
[04-10 00:34:18.318]????????[4]??[5034]????Whereabouts of Sunstone?? 
[04-10 00:34:18.318]????????[5]??[5553]????PKO Ambassador?? 
[04-10 00:34:18.318]????????[6]??[5554]????PKO Ambassador 2?? 
[04-10 00:34:18.318]????????[1]??[5559]????PKO Ambassador 4?? 
[04-10 00:34:18.318]????????[2]??[5560]????PKO Ambassador 5?? 
[04-10 00:34:18.318]????????[1]??[756]????Ways of the Seal?? 
[04-10 00:34:18.318]????????[2]??[341]????Testament of the Piety?? 
[04-10 00:34:18.318]????????[3]??[356]????Mystery Town?? 
[04-10 00:34:18.318]????????[4]??[357]????Spring Town?? 
[04-10 00:34:18.318]????????[5]??[521]????Tear of Goddess?? 
[04-10 00:34:18.318]????????[6]??[539]????Secret of Dragon's Tear?? 
[04-10 00:34:18.318]????????[7]??[540]????Holy Water?? 
[04-10 00:34:18.318]????????[8]??[541]????Redemption?? 
[04-10 00:34:18.318]????????[9]??[552]????Tragedy?? 
[04-10 00:34:18.318]????????[10]??[553]????Tragedy?? 
[04-10 00:34:18.318]????????[11]??[556]????Past?? 
[04-10 00:34:18.318]????????[1]??[235]????Roland's Notebook?? 
[04-10 00:34:18.318]????????[2]??[236]????Clues?? 
[04-10 00:34:18.318]????????[3]??[241]????The Truth?? 
[04-10 00:34:18.318]????????[4]??[242]????Buccaneer's News?? 
[04-10 00:34:18.318]????????[5]??[412]????Trade Embargo?? 
[04-10 00:34:18.318]????????[6]??[85]????Letter for Michael?? 
[04-10 00:34:18.318]????????[7]??[86]????Cactus Invasion?? 
[04-10 00:34:18.318]????????[8]??[87]????Letter for Franco?? 
[04-10 00:34:18.318]????????[9]??[922]????Verify with the Patroller?? 
[04-10 00:34:18.318]????????[10]??[923]????Investigation to the Case of the High Heels?? 
[04-10 00:34:18.318]????????[11]??[924]????Weapon of the Case of the High Heels?? 
[04-10 00:34:18.318]????????[1]??[717]????Physician's Greetings?? 
[04-10 00:34:18.318]????????[1]??[456]????Waala's Crisis?? 
[04-10 00:34:18.318]????????[2]??[656]????Mushroom Soup?? 
[04-10 00:34:18.318]????????[3]??[661]????Spider Clearance?? 
[04-10 00:34:18.318]????????[4]??[665]????Capture the Head?? 
[04-10 00:34:18.318]????????[5]??[1142]????Doctor Class Quest?? 
[04-10 00:34:18.318]????????[6]??[1582]????Commerce Quest?? 
[04-10 00:34:18.318]????????[7]??[1910]????Mid Lv Commerce?? 
[04-10 00:34:18.318]????????[8]??[5025]????Used Candle?? 
[04-10 00:34:18.318]????????[9]??[5026]????Restore Past?? 
[04-10 00:34:18.318]????????[10]??[5029]????Let go off love?? 
[04-10 00:34:18.318]????????[11]??[5070]????Story of the Enlightened One?? 
[04-10 00:34:18.318]????????[12]??[5072]????Gannon's Suggestion?? 
[04-10 00:34:18.318]????????[13]??[5073]????Harden Will?? 
[04-10 00:34:18.318]????????[14]??[5074]????Who is the Enlightened One?? 
[04-10 00:34:18.318]????????[15]??[5092]????Top Disciple?? 
[04-10 00:34:18.318]????????[16]??[5101]????Initial Disciple?? 
[04-10 00:34:18.318]????????[17]??[5102]????Lv2 Disciple?? 
[04-10 00:34:18.318]????????[18]??[5103]????3rd Grade Disciple?? 
[04-10 00:34:18.318]????????[19]??[5104]????Advance Disciple?? 
[04-10 00:34:18.318]????????[20]??[5113]????Qualified Disciple?? 
[04-10 00:34:18.318]????????[1]??[1111]????Doctor Class Quest?? 
[04-10 00:34:18.318]????????[1]??[1131]????Doctor Class Quest?? 
[04-10 00:34:18.318]????????[1]??[640]????Hopping Lizard Secretion?? 
[04-10 00:34:18.318]????????[2]??[644]????Bitter Medication?? 
[04-10 00:34:18.318]????????[3]??[645]????Cactus Water Pouch?? 
[04-10 00:34:18.318]????????[4]??[646]????Rolling Melons?? 
[04-10 00:34:18.318]????????[5]??[651]????Flush out the Bandits?? 
[04-10 00:34:18.318]????????[6]??[1119]????Doctor Class Quest?? 
[04-10 00:34:18.318]????????[7]??[1437]????Commerce Quest?? 
[04-10 00:34:18.318]????????[8]??[1911]????Mid Lv Commerce?? 
[04-10 00:34:18.318]????????[1]??[1120]????Doctor Class Quest?? 
[04-10 00:34:18.318]????????[1]??[245]????Jack's Pirates?? 
[04-10 00:34:18.318]????????[2]??[246]????Captain Fickle?? 
[04-10 00:34:18.318]????????[3]??[247]????To Whom It May Concern?? 
[04-10 00:34:18.318]????????[4]??[249]????For Whom It May Concern?? 
[04-10 00:34:18.318]????????[5]??[250]????Journey to the North?? 
[04-10 00:34:18.318]????????[6]??[1141]????Doctor Class Quest?? 
[04-10 00:34:18.318]????????[1]??[407]????To the Desert!?? 
[04-10 00:34:18.318]????????[2]??[638]????Weird Collector?? 
[04-10 00:34:18.318]????????[3]??[642]????Wolves Massacre?? 
[04-10 00:34:18.318]????????[4]??[1438]????Commerce Quest?? 
[04-10 00:34:18.318]????????[5]??[1912]????Mid Lv Commerce?? 
[04-10 00:34:18.334]????????[1]??[421]????Journey to the East?? 
[04-10 00:34:18.334]????????[2]??[427]????Dangerous Times?? 
[04-10 00:34:18.334]????????[3]??[438]????Navy Registration Now Open!?? 
[04-10 00:34:18.334]????????[4]??[444]????Argent Trade Center?? 
[04-10 00:34:18.334]????????[5]??[653]????Rebellion of Sandy Tortoise?? 
[04-10 00:34:18.334]????????[6]??[659]????Mudman Sleepy Head?? 
[04-10 00:34:18.334]????????[7]??[660]????Dangerous Raiders?? 
[04-10 00:34:18.334]????????[8]??[664]????Master Key?? 
[04-10 00:34:18.334]????????[9]??[1151]????Doctor Class Quest?? 
[04-10 00:34:18.334]????????[10]??[1583]????Commerce Quest?? 
[04-10 00:34:18.334]????????[11]??[1913]????Mid Lv Commerce?? 
[04-10 00:34:18.334]????????[1]??[454]????Mine Exploration?? 
[04-10 00:34:18.334]????????[2]??[458]????Mysterious Discovery?? 
[04-10 00:34:18.334]????????[3]??[654]????Moving Garden?? 
[04-10 00:34:18.334]????????[4]??[657]????The Runaway Shroom?? 
[04-10 00:34:18.334]????????[5]??[658]????Magical Usage for Mud?? 
[04-10 00:34:18.334]????????[6]??[663]????Golden Spider?? 
[04-10 00:34:18.334]????????[7]??[666]????Challenge Cavalier?? 
[04-10 00:34:18.334]????????[8]??[1110]????Doctor Class Quest?? 
[04-10 00:34:18.334]????????[9]??[1584]????Commerce Quest?? 
[04-10 00:34:18.334]????????[10]??[1914]????Mid Lv Commerce?? 
[04-10 00:34:18.334]????????[1]??[433]????Desert Exploration?? 
[04-10 00:34:18.334]????????[2]??[655]????Preparation?? 
[04-10 00:34:18.334]????????[3]??[662]????Walking Wolf?? 
[04-10 00:34:18.334]????????[4]??[667]????Lizard Crown?? 
[04-10 00:34:18.334]????????[5]??[1143]????Doctor Class Quest?? 
[04-10 00:34:18.334]????????[6]??[1585]????Commerce Quest?? 
[04-10 00:34:18.334]????????[7]??[1915]????Mid Lv Commerce?? 
[04-10 00:34:18.334]????????[8]??[5577]????PKO Ambassador 12?? 
[04-10 00:34:18.334]????????[9]??[5578]????PKO Ambassador 13?? 
[04-10 00:34:18.334]????????[1]??[418]????Jungle Exploration?? 
[04-10 00:34:18.334]????????[2]??[641]????Expel the Wolves?? 
[04-10 00:34:18.334]????????[3]??[650]????Unparallel Evil?? 
[04-10 00:34:18.334]????????[4]??[1156]????Doctor Class Quest?? 
[04-10 00:34:18.334]????????[1]??[422]????In Search of a Bodyguard?? 
[04-10 00:34:18.334]????????[2]??[639]????Playful Lizard?? 
[04-10 00:34:18.334]????????[3]??[648]????Legend of Phantom Tree?? 
[04-10 00:34:18.334]????????[4]??[1121]????Doctor Class Quest?? 
[04-10 00:34:18.334]????????[5]??[1439]????Commerce Quest?? 
[04-10 00:34:18.334]????????[6]??[1916]????Mid Lv Commerce?? 
[04-10 00:34:18.334]????????[7]??[5569]????PKO Ambassador 9?? 
[04-10 00:34:18.334]????????[8]??[5572]????PKO Ambassador 10?? 
[04-10 00:34:18.334]????????[1]??[403]????Late Arrival?? 
[04-10 00:34:18.334]????????[2]??[413]????Trade Embargo?? 
[04-10 00:34:18.334]????????[3]??[420]????Journey to the East?? 
[04-10 00:34:18.334]????????[4]??[643]????Clearance of Killer Cactus?? 
[04-10 00:34:18.334]????????[5]??[647]????Bitter Fruit?? 
[04-10 00:34:18.334]????????[6]??[649]????Treant Holiday?? 
[04-10 00:34:18.334]????????[7]??[652]????Vicious Hungry Wolves?? 
[04-10 00:34:18.334]????????[8]??[1140]????Doctor Class Quest?? 
[04-10 00:34:18.334]????????[9]??[1440]????Commerce Quest?? 
[04-10 00:34:18.334]????????[10]??[1917]????Mid Lv Commerce?? 
[04-10 00:34:18.334]????????[11]??[5124]????Goodbye to 2nd Gate?? 
[04-10 00:34:18.334]????????[12]??[5125]????3rd Gate?? 
[04-10 00:34:18.334]????????[13]??[5126]????Goodbye to 3rd Gate?? 
[04-10 00:34:18.334]????????[1]??[5527]????Challenge Genesis 9?? 
[04-10 00:34:18.334]????????[2]??[5528]????Challenge Genesis10?? 
[04-10 00:34:18.334]????????[1]??[304]????Go Forth to Ninth Haven?? 
[04-10 00:34:18.334]????????[2]??[305]????Who is Andrew??? 
[04-10 00:34:18.334]????????[3]??[1743]????Commerce Quest?? 
[04-10 00:34:18.334]????????[4]??[1939]????Mid Lv Commerce?? 
[04-10 00:34:18.334]????????[5]??[1954]????High Lv Commerce?? 
[04-10 00:34:18.334]????????[6]??[386]????Wheel of Fate?? 
[04-10 00:34:18.334]????????[7]??[387]????Wheel of Fate?? 
[04-10 00:34:18.334]????????[8]??[5525]????Challenge Genesis 8?? 
[04-10 00:34:18.334]????????[9]??[5526]????Challenge Genesis 9?? 
[04-10 00:34:18.334]????????[1]??[1441]????Commerce Quest?? 
[04-10 00:34:18.334]????????[2]??[1931]????Mid Lv Commerce?? 
[04-10 00:34:18.334]????????[3]??[5523]????Challenge Genesis 7?? 
[04-10 00:34:18.334]????????[4]??[5524]????Challenge Genesis 8?? 
[04-10 00:34:18.334]????????[1]??[291]????Navigation Map?? 
[04-10 00:34:18.334]????????[2]??[292]????Challenge Sea Jelly?? 
[04-10 00:34:18.334]????????[3]??[293]????Sailing?? 
[04-10 00:34:18.334]????????[4]??[1443]????Commerce Quest?? 
[04-10 00:34:18.334]????????[5]??[1932]????Mid Lv Commerce?? 
[04-10 00:34:18.334]????????[1]??[5515]????Challenge Genesis?? 
[04-10 00:34:18.334]????????[2]??[5516]????Challenge Genesis 4?? 
[04-10 00:34:18.334]????????[1]??[5133]????Goodbye to 5th Gate?? 
[04-10 00:34:18.334]????????[2]??[5134]????6th Gate?? 
[04-10 00:34:18.334]????????[3]??[5135]????Goodbye to 6th Gate?? 
[04-10 00:34:18.334]????????[4]??[5513]????Challenge Genesis 2?? 
[04-10 00:34:18.334]????????[5]??[5514]????Challenge Genesis?? 
[04-10 00:34:18.334]????????[1]??[5517]????Challenge Genesis 4?? 
[04-10 00:34:18.334]????????[2]??[5518]????Challenge Genesis 5?? 
[04-10 00:34:18.334]????????[1]??[717]????Physician's Greetings?? 
[04-10 00:34:18.334]????????[1]??[104]????Low Lv Commerce?? 
[04-10 00:34:18.334]????????[2]??[198]????Low Lv Commerce?? 
[04-10 00:34:18.334]????????[3]??[199]????Mid Lv Commerce?? 
[04-10 00:34:18.334]????????[4]??[149]????High Lv Commerce?? 
[04-10 00:34:18.334]????????[5]??[105]????Mid Lv Commerce?? 
[04-10 00:34:18.334]????????[6]??[106]????High Lv Commerce?? 
[04-10 00:34:18.334]????????[1]??[306]????Who is Andrew??? 
[04-10 00:34:18.334]????????[2]??[307]????Navy Don't Move!?? 
[04-10 00:34:18.334]????????[3]??[308]????Jack Again?? 
[04-10 00:34:18.334]????????[1]??[309]????Jack Again?? 
[04-10 00:34:18.334]????????[2]??[310]????I'll be Back!?? 
[04-10 00:34:18.334]????????[3]??[312]????"Investigation"?? 
[04-10 00:34:18.334]????????[4]??[313]????Memento of Andrew?? 
[04-10 00:34:18.334]????????[5]??[314]????Blood of Pirate?? 
[04-10 00:34:18.334]????????[6]??[315]????Soul of Navy?? 
[04-10 00:34:18.334]????????[7]??[316]????Nameless One?? 
[04-10 00:34:18.334]????????[8]??[328]????Will of Andrew?? 
[04-10 00:34:18.334]????????[9]??[329]????Secret of the Will?? 
[04-10 00:34:18.334]????????[10]??[333]????Love Entanglement?? 
[04-10 00:34:18.334]????????[11]??[336]????Language of the Pirates?? 
[04-10 00:34:18.334]????????[12]??[483]????SOS?? 
[04-10 00:34:18.334]????????[13]??[484]????Jack Vs Jack?? 
[04-10 00:34:18.350]????????[1]??[5019]????Amber Tear?? 
[04-10 00:34:18.350]????????[2]??[5032]????Piety Treasure Map?? 
[04-10 00:34:18.350]????????[3]??[5080]????Who is the Enlightened One?? 
[04-10 00:34:18.350]????????[4]??[5081]????Who is the Enlightened One?? 
[04-10 00:34:18.350]????????[5]??[5082]????Who is the Enlightened One?? 
[04-10 00:34:18.350]????????[6]??[5083]????Who is the Enlightened One?? 
[04-10 00:34:18.350]????????[7]??[5117]????Grandeur Oracle?? 
[04-10 00:34:18.350]????????[8]??[5142]????Instructions for last Gate?? 
[04-10 00:34:18.350]????????[9]??[5149]????The mystery has been solved?? 
[04-10 00:34:18.430]????????[1]??[505]????Blacksmith's Worries?? 
[04-10 00:34:18.430]????????[2]??[506]????Elizabeth's Love Keepsake?? 
[04-10 00:34:18.430]????????[3]??[507]????Necklace of Love?? 
[04-10 00:34:18.430]????????[4]??[579]????General's Confession of Love?? 
[04-10 00:34:18.430]????????[5]??[580]????Elizabeth's Prayer?? 
[04-10 00:34:18.430]????????[6]??[587]????The Gift?? 
[04-10 00:34:18.430]????????[7]??[588]????Undeserving Love?? 
[04-10 00:34:18.430]????????[8]??[591]????Wellington's Blessing?? 
[04-10 00:34:18.430]????????[9]??[5573]????PKO Ambassador 10?? 
[04-10 00:34:18.430]????????[10]??[5574]????PKO Ambassador 11?? 
[04-10 00:34:18.430]????????[1]??[897]????Pirate's Food?? 
[04-10 00:34:18.430]????????[2]??[898]????Pirate's Annihilation?? 
[04-10 00:34:18.430]????????[3]??[899]????Cursed Black Jewel?? 
[04-10 00:34:18.430]????????[4]??[476]????Commander's Complaint?? 
[04-10 00:34:18.430]????????[5]??[479]????Secret of the Commander?? 
[04-10 00:34:18.430]????????[6]??[480]????Navy's Weapon?? 
[04-10 00:34:18.430]????????[7]??[481]????Navy Manual?? 
[04-10 00:34:18.430]????????[8]??[576]????Pirate Vs Navy?? 
[04-10 00:34:18.430]????????[9]??[577]????General's Confession of Love?? 
[04-10 00:34:18.430]????????[10]??[578]????General's Confession of Love?? 
[04-10 00:34:18.430]????????[11]??[589]????Undeserving Love?? 
[04-10 00:34:18.430]????????[12]??[590]????Wellington's Blessing?? 
[04-10 00:34:18.430]????????[1]??[895]????Peerless Pirate?? 
[04-10 00:34:18.430]????????[2]??[896]????Commander's Head?? 
[04-10 00:34:18.430]????????[3]??[482]????SOS?? 
[04-10 00:34:18.430]????????[4]??[485]????Jack Vs Jack?? 
[04-10 00:34:18.430]????????[5]??[486]????Treasure of the Caribbean?? 
[04-10 00:34:18.430]????????[6]??[574]????Unique Weapon?? 
[04-10 00:34:18.430]????????[7]??[575]????Pirate Vs Navy?? 
[04-10 00:34:18.430]????????[8]??[584]????The Curse?? 
[04-10 00:34:18.430]????????[9]??[585]????The Real Captain?? 
[04-10 00:34:18.430]????????[10]??[586]????The Gift?? 
[04-10 00:34:18.430]????????[1]??[894]????Counter Probe?? 
[04-10 00:34:18.430]????????[2]??[487]????The Congregation?? 
[04-10 00:34:18.430]????????[3]??[504]????Blacksmith's Worries?? 
[04-10 00:34:18.430]????????[4]??[508]????Necklace of Love?? 
[04-10 00:34:18.430]????????[5]??[509]????Blacksmith's Promise?? 
[04-10 00:34:18.430]????????[6]??[573]????Unique Weapon?? 
[04-10 00:34:18.430]????????[7]??[581]????Elizabeth's Prayer?? 
[04-10 00:34:18.430]????????[8]??[582]????The Curse?? 
[04-10 00:34:18.430]????????[9]??[583]????The Curse?? 
[04-10 00:34:18.430]????????[1]??[5593]????PKO Ambassador 20?? 
[04-10 00:34:18.430]????????[2]??[5594]????PKO Ambassador 21?? 
[04-10 00:34:18.430]????????[1]??[5595]????PKO Ambassador 21?? 
[04-10 00:34:18.430]????????[2]??[5596]????PKO Hero 22?? 
[04-10 00:34:18.430]????????[1]??[3001]????Seeking the true Power?? 
[04-10 00:34:18.430]????????[1]??[3000]????Fragments of Rebirth?? 
[04-10 00:34:19.107]????????[1]??[723]????Blacksmith's Greetings?? 
[04-10 00:34:19.107]????????[2]??[1041]????A Swordsman's Life?? 
[04-10 00:34:19.107]????????[3]??[1093]????A Hunter's Life?? 
[04-10 00:34:19.107]????????[4]??[1152]????Doctor Class Quest?? 
[04-10 00:34:19.107]????????[5]??[1204]????An Explorer's Life?? 
[04-10 00:34:19.107]????????[6]??[1233]????Commerce Quest?? 
[04-10 00:34:19.107]????????[1]??[1052]????A Swordsman's Life?? 
[04-10 00:34:19.107]????????[2]??[1106]????A Hunter's Life?? 
[04-10 00:34:19.107]????????[3]??[1162]????Doctor Class Quest?? 
[04-10 00:34:19.107]????????[4]??[1214]????An Explorer's Life?? 
[04-10 00:34:19.107]????????[5]??[181]????Letter for Palpin?? 
[04-10 00:34:19.107]????????[6]??[182]????Bangle Collection?? 
[04-10 00:34:19.107]????????[7]??[183]????Letter for Yaskey?? 
[04-10 00:34:19.107]????????[8]??[1234]????Commerce Quest?? 
[04-10 00:34:19.107]????????[1]??[727]????Physician's Greetings?? 
[04-10 00:34:19.107]????????[2]??[1047]????A Swordsman's Life?? 
[04-10 00:34:19.107]????????[3]??[1101]????A Hunter's Life?? 
[04-10 00:34:19.107]????????[4]??[1158]????Doctor Class Quest?? 
[04-10 00:34:19.107]????????[5]??[1209]????An Explorer's Life?? 
[04-10 00:34:19.107]????????[6]??[1235]????Commerce Quest?? 
[04-10 00:34:19.107]????????[7]??[5067]????Unravel the dream of Daisha?? 
[04-10 00:34:19.107]????????[8]??[593]????Retrospection?? 
[04-10 00:34:19.107]????????[9]??[594]????Daisha's Nightmare?? 
[04-10 00:34:19.107]????????[10]??[596]????Belinda's nightmare?? 
[04-10 00:34:19.120]????????[1]??[1018]????A Swordsman's Life?? 
[04-10 00:34:19.120]????????[2]??[1073]????A Hunter's Life?? 
[04-10 00:34:19.120]????????[3]??[1128]????Doctor Class Quest?? 
[04-10 00:34:19.120]????????[4]??[1181]????An Explorer's Life?? 
[04-10 00:34:19.120]????????[5]??[1236]????Commerce Quest?? 
[04-10 00:34:19.120]????????[1]??[101]????A Hunter's Life?? 
[04-10 00:34:19.120]????????[2]??[251]????Journey to the North?? 
[04-10 00:34:19.120]????????[3]??[252]????Danger in Icicle?? 
[04-10 00:34:19.120]????????[4]??[260]????Escort the Supplies?? 
[04-10 00:34:19.120]????????[5]??[261]????Further Investigation?? 
[04-10 00:34:19.120]????????[6]??[410]????Stir of the Tundra?? 
[04-10 00:34:19.120]????????[7]??[757]????Sharpshooter Range?? 
[04-10 00:34:19.120]????????[8]??[167]????Letter for Ray?? 
[04-10 00:34:19.120]????????[9]??[168]????There's never too much?? 
[04-10 00:34:19.120]????????[10]??[169]????Letter for Hannah?? 
[04-10 00:34:19.120]????????[11]??[174]????Hunter Promotion?? 
[04-10 00:34:19.120]????????[12]??[175]????Hunter Promotion?? 
[04-10 00:34:19.120]????????[13]??[176]????Hunter Promotion?? 
[04-10 00:34:19.120]????????[14]??[180]????Hunter Promotion?? 
[04-10 00:34:19.120]????????[15]??[523]????Feather of the Bird?? 
[04-10 00:34:19.120]????????[16]??[1237]????Commerce Quest?? 
[04-10 00:34:19.120]????????[17]??[5057]????Sang Di's guidance?? 
[04-10 00:34:19.120]????????[18]??[5061]????Ray's suggestion?? 
[04-10 00:34:19.120]????????[19]??[5069]????Story of the Enlightened One?? 
[04-10 00:34:19.120]????????[20]??[5168]????Who is the Enlightened One?? 
[04-10 00:34:19.120]????????[21]??[5090]????Top Disciple?? 
[04-10 00:34:19.120]????????[22]??[5097]????Initial Disciple?? 
[04-10 00:34:19.120]????????[23]??[5098]????Lv2 Disciple?? 
[04-10 00:34:19.120]????????[24]??[5099]????3rd Grade Disciple?? 
[04-10 00:34:19.120]????????[25]??[5100]????Advance Disciple?? 
[04-10 00:34:19.120]????????[26]??[5111]????Qualified Disciple?? 
[04-10 00:34:19.120]????????[1]??[459]????Mysterious Discovery?? 
[04-10 00:34:19.120]????????[2]??[465]????Labyrinth Exploration?? 
[04-10 00:34:19.120]????????[3]??[699]????Win Win Pig!?? 
[04-10 00:34:19.120]????????[4]??[800]????Playful Snow Doll?? 
[04-10 00:34:19.120]????????[5]??[1005]????A Swordsman's Life?? 
[04-10 00:34:19.120]????????[6]??[1060]????A Hunter's Life?? 
[04-10 00:34:19.120]????????[7]??[1115]????Doctor Class Quest?? 
[04-10 00:34:19.120]????????[8]??[1169]????An Explorer's Life?? 
[04-10 00:34:19.120]????????[9]??[1238]????Commerce Quest?? 
[04-10 00:34:19.120]????????[10]??[5084]????Who is the Enlightened One?? 
[04-10 00:34:19.120]????????[11]??[5085]????Who is the Enlightened One?? 
[04-10 00:34:19.120]????????[12]??[5086]????Who is the Enlightened One?? 
[04-10 00:34:19.120]????????[13]??[5087]????Who is the Enlightened One?? 
[04-10 00:34:19.120]????????[14]??[5143]????Perfect Pirate Mission?? 
[04-10 00:34:19.120]????????[15]??[5144]????Perfect Pirate Mission?? 
[04-10 00:34:19.120]????????[16]??[5145]????Perfect Pirate Mission?? 
[04-10 00:34:19.120]????????[17]??[5146]????Perfect Pirate Mission?? 
[04-10 00:34:19.120]????????[18]??[5151]????The mystery has been solved?? 
[04-10 00:34:19.120]????????[1]??[253]????Danger in Icicle?? 
[04-10 00:34:19.120]????????[2]??[254]????Replenishment?? 
[04-10 00:34:19.120]????????[3]??[453]????The Labyrinth Mystery?? 
[04-10 00:34:19.120]????????[4]??[698]????Lost Mystery?? 
[04-10 00:34:19.120]????????[5]??[801]????Soul Gem?? 
[04-10 00:34:19.120]????????[6]??[1004]????A Swordsman's Life?? 
[04-10 00:34:19.120]????????[7]??[1059]????A Hunter's Life?? 
[04-10 00:34:19.120]????????[8]??[1114]????Doctor Class Quest?? 
[04-10 00:34:19.120]????????[9]??[1168]????An Explorer's Life?? 
[04-10 00:34:19.120]????????[10]??[317]????Blood of Pirate?? 
[04-10 00:34:19.120]????????[11]??[321]????Friend of the Pirates?? 
[04-10 00:34:19.120]????????[12]??[322]????I'm not a NAVY!?? 
[04-10 00:34:19.120]????????[13]??[5045]????Tribal Long Spear?? 
[04-10 00:34:19.120]????????[14]??[5046]????Kill Mummy?? 
[04-10 00:34:19.120]????????[15]??[5047]????Mask of Zorro?? 
[04-10 00:34:19.120]????????[1]??[1102]????A Hunter's Life?? 
[04-10 00:34:19.120]????????[2]??[187]????Letter for Belinda?? 
[04-10 00:34:19.120]????????[3]??[188]????Tear?? 
[04-10 00:34:19.120]????????[4]??[189]????Letter for Angela?? 
[04-10 00:34:19.120]????????[5]??[597]????Belinda's nightmare?? 
[04-10 00:34:19.120]????????[6]??[598]????Rescue Belinda?? 
[04-10 00:34:19.123]????????[1]??[1078]????A Hunter's Life?? 
[04-10 00:34:19.123]????????[2]??[389]????Language Barrier?? 
[04-10 00:34:19.123]????????[1]??[725]????Tailor's Greetings?? 
[04-10 00:34:19.123]????????[2]??[1067]????A Hunter's Life?? 
[04-10 00:34:19.123]????????[3]??[170]????Letter for Hannah?? 
[04-10 00:34:19.123]????????[4]??[171]????Wrong Transfer?? 
[04-10 00:34:19.123]????????[5]??[172]????Letter for Angela?? 
[04-10 00:34:19.123]????????[1]??[1085]????A Hunter's Life?? 
[04-10 00:34:19.123]????????[2]??[184]????Letter for Yaskey?? 
[04-10 00:34:19.123]????????[3]??[185]????Concoction?? 
[04-10 00:34:19.123]????????[4]??[186]????Letter for Belinda?? 
[04-10 00:34:19.123]????????[1]??[6015]????Who is the Guardian?? 
[04-10 00:34:19.123]????????[2]??[6016]????Tough? Or troublesome??? 
[04-10 00:34:19.123]????????[3]??[6019]????Continue the path of rebirth?? 
[04-10 00:34:19.123]????????[4]??[6020]????Arduous Quest?? 
[04-10 00:34:19.123]????????[5]??[6021]????Time0based Challenge?? 
[04-10 00:34:19.123]????????[6]??[6022]????Time0based Challenge?? 
[04-10 00:34:19.123]????????[7]??[6023]????Time0based Challenge?? 
[04-10 00:34:19.123]????????[8]??[6024]????Visit the guardian of Thundoria?? 
[04-10 00:34:19.123]????????[1]??[255]????Replenishment?? 
[04-10 00:34:19.123]????????[2]??[256]????Search for Supplies?? 
[04-10 00:34:19.123]????????[3]??[408]????Argent's Invitation?? 
[04-10 00:34:19.123]????????[4]??[164]????Letter for Michael?? 
[04-10 00:34:19.123]????????[5]??[165]????Playful Squidy?? 
[04-10 00:34:19.123]????????[6]??[166]????Letter for Ray?? 
[04-10 00:34:19.123]????????[7]??[177]????Hunter Promotion?? 
[04-10 00:34:19.123]????????[8]??[178]????Hunter Promotion?? 
[04-10 00:34:19.123]????????[9]??[179]????Hunter Promotion?? 
[04-10 00:34:19.123]????????[1]??[5581]????PKO Ambassador 14?? 
[04-10 00:34:19.123]????????[2]??[5582]????PKO Ambassador 15?? 
[04-10 00:34:19.123]????????[1]??[1061]????A Hunter's Life?? 
[04-10 00:34:19.123]????????[2]??[1007]????A Swordsman's Life?? 
[04-10 00:34:19.123]????????[3]??[1062]????A Hunter's Life?? 
[04-10 00:34:19.123]????????[4]??[1117]????Doctor Class Quest?? 
[04-10 00:34:19.123]????????[5]??[1171]????An Explorer's Life?? 
[04-10 00:34:19.123]????????[1]??[1083]????A Hunter's Life?? 
[04-10 00:34:19.123]????????[1]??[1098]????A Hunter's Life?? 
[04-10 00:34:19.123]????????[1]??[262]????Further Investigation?? 
[04-10 00:34:19.123]????????[2]??[263]????Snowfield Organism?? 
[04-10 00:34:19.123]????????[3]??[264]????Search for Yeti King?? 
[04-10 00:34:19.123]????????[4]??[265]????Wisdom of Argent?? 
[04-10 00:34:19.123]????????[5]??[1056]????A Hunter's Life?? 
[04-10 00:34:19.123]????????[1]??[1072]????A Hunter's Life?? 
[04-10 00:34:19.123]????????[1]??[1105]????A Hunter's Life?? 
[04-10 00:34:19.123]????????[1]??[5555]????PKO Ambassador 2?? 
[04-10 00:34:19.123]????????[2]??[5556]????PKO Ambassador 3?? 
[04-10 00:34:19.123]????????[1]??[294]????Sailing?? 
[04-10 00:34:19.123]????????[2]??[295]????The Li Brothers?? 
[04-10 00:34:19.123]????????[1]??[685]????Cavern Little Bears?? 
[04-10 00:34:19.123]????????[2]??[688]????Wailing Snow Lady?? 
[04-10 00:34:19.123]????????[3]??[690]????Nutritious Tortoise?? 
[04-10 00:34:19.123]????????[4]??[1097]????A Hunter's Life?? 
[04-10 00:34:19.123]????????[1]??[429]????Reinforcement for Atlantis?? 
[04-10 00:34:19.123]????????[2]??[464]????Labyrinth Exploration?? 
[04-10 00:34:19.123]????????[3]??[466]????Till We Meet?? 
[04-10 00:34:19.123]????????[4]??[684]????Naive Snow Doll?? 
[04-10 00:34:19.123]????????[5]??[696]????Buggy Snow Doll?? 
[04-10 00:34:19.123]????????[6]??[697]????Primal Snowman?? 
[04-10 00:34:19.123]????????[7]??[1108]????A Hunter's Life?? 
[04-10 00:34:19.123]????????[8]??[5136]????Goodbye to 6th Gate?? 
[04-10 00:34:19.123]????????[9]??[5137]????7th Gate?? 
[04-10 00:34:19.123]????????[10]??[5138]????Goodbye to 7th Gate?? 
[04-10 00:34:19.123]????????[1]??[257]????Search for Supplies?? 
[04-10 00:34:19.123]????????[2]??[258]????Recapture the Supplies?? 
[04-10 00:34:19.123]????????[3]??[259]????Escort the Supplies?? 
[04-10 00:34:19.123]????????[4]??[435]????Journey to the South?? 
[04-10 00:34:19.123]????????[5]??[686]????Snow Tears?? 
[04-10 00:34:19.123]????????[6]??[691]????Long Nose Tortoise?? 
[04-10 00:34:19.123]????????[7]??[693]????Crab Egg Sauce?? 
[04-10 00:34:19.123]????????[8]??[694]????Gourmet Critic?? 
[04-10 00:34:19.123]????????[9]??[1082]????A Hunter's Life?? 
[04-10 00:34:19.123]????????[1]??[689]????Punish the Wolves?? 
[04-10 00:34:19.123]????????[2]??[1109]????A Hunter's Life?? 
[04-10 00:34:19.123]????????[3]??[1579]????Commerce Quest?? 
[04-10 00:34:19.123]????????[4]??[1918]????Mid Lv Commerce?? 
[04-10 00:34:19.123]????????[1]??[423]????In Search of a Bodyguard?? 
[04-10 00:34:19.123]????????[2]??[440]????The Navy Office?? 
[04-10 00:34:19.123]????????[3]??[446]????Sea Commerce?? 
[04-10 00:34:19.123]????????[4]??[462]????Search for Talent?? 
[04-10 00:34:19.123]????????[5]??[683]????Search for Snowy Heart?? 
[04-10 00:34:19.123]????????[6]??[687]????Snow Crystal?? 
[04-10 00:34:19.123]????????[7]??[692]????Brute Crabby?? 
[04-10 00:34:19.123]????????[8]??[695]????Collect Heart of Purity?? 
[04-10 00:34:19.123]????????[9]??[1580]????Commerce Quest?? 
[04-10 00:34:19.123]????????[10]??[1919]????Mid Lv Commerce?? 
[04-10 00:34:19.123]????????[11]??[1955]????A Hunter's Life?? 
[04-10 00:34:19.123]????????[1]??[804]????Fallen Lamb?? 
[04-10 00:34:19.123]????????[2]??[808]????Warrior Soul?? 
[04-10 00:34:19.123]????????[3]??[468]????Oriental Mentor?? 
[04-10 00:34:19.123]????????[4]??[1586]????Commerce Quest?? 
[04-10 00:34:19.123]????????[5]??[1920]????Mid Lv Commerce?? 
[04-10 00:34:19.123]????????[6]??[5585]????PKO Ambassador 16?? 
[04-10 00:34:19.123]????????[7]??[5586]????PKO Ambassador 17?? 
[04-10 00:34:19.123]????????[1]??[802]????Slaughter of Innocent?? 
[04-10 00:34:19.123]????????[2]??[807]????Phantom Sword?? 
[04-10 00:34:19.123]????????[3]??[1100]????A Hunter's Life?? 
[04-10 00:34:19.123]????????[4]??[1587]????Commerce Quest?? 
[04-10 00:34:19.123]????????[5]??[1921]????Mid Lv Commerce?? 
[04-10 00:34:19.123]????????[6]??[1922]????Mid Lv Commerce?? 
[04-10 00:34:19.123]????????[7]??[5127]????Goodbye to 3rd Gate?? 
[04-10 00:34:19.123]????????[8]??[5128]????4th Gate?? 
[04-10 00:34:19.123]????????[9]??[5129]????Goodbye to 4th Gate?? 
[04-10 00:34:19.123]????????[1]??[467]????Till We Meet?? 
[04-10 00:34:19.123]????????[2]??[803]????Unhealing Wound?? 
[04-10 00:34:19.123]????????[3]??[1588]????Commerce Quest?? 
[04-10 00:34:19.123]????????[4]??[1923]????Mid Lv Commerce?? 
[04-10 00:34:19.123]????????[5]??[1944]????High Lv Commerce?? 
[04-10 00:34:19.123]????????[1]??[870]????Werewolves Invasion?? 
[04-10 00:34:19.123]????????[2]??[875]????Snail Hunting?? 
[04-10 00:34:19.123]????????[3]??[876]????New Invader?? 
[04-10 00:34:19.123]????????[4]??[880]????Enemy's Rear?? 
[04-10 00:34:19.123]????????[5]??[882]????Hunt for Infant Dragon?? 
[04-10 00:34:19.123]????????[6]??[885]????Hunt for Polar Bear?? 
[04-10 00:34:19.123]????????[7]??[888]????Werewolf Archer?? 
[04-10 00:34:19.123]????????[8]??[891]????For Honour?? 
[04-10 00:34:19.123]????????[9]??[892]????Hunt for Lizardman?? 
[04-10 00:34:19.123]????????[10]??[1735]????Commerce Quest?? 
[04-10 00:34:19.123]????????[11]??[1924]????Mid Lv Commerce?? 
[04-10 00:34:19.123]????????[12]??[1945]????High Lv Commerce?? 
[04-10 00:34:19.123]????????[1]??[1736]????Commerce Quest?? 
[04-10 00:34:19.123]????????[2]??[1925]????Mid Lv Commerce?? 
[04-10 00:34:19.123]????????[3]??[1946]????High Lv Commerce?? 
[04-10 00:34:19.123]????????[4]??[5561]????PKO Ambassador 5?? 
[04-10 00:34:19.123]????????[5]??[5562]????PKO Ambassador 6?? 
[04-10 00:34:19.123]????????[1]??[871]????Rubbish Collection?? 
[04-10 00:34:19.123]????????[2]??[873]????Giant Broadsword?? 
[04-10 00:34:19.123]????????[3]??[879]????Giant Wooden Stick?? 
[04-10 00:34:19.123]????????[4]??[887]????Fearsome Sword of Giant?? 
[04-10 00:34:19.123]????????[5]??[890]????Fearsome Staff of Giant?? 
[04-10 00:34:19.123]????????[6]??[893]????Lizard Man Axe?? 
[04-10 00:34:19.123]????????[7]??[1737]????Commerce Quest?? 
[04-10 00:34:19.123]????????[8]??[1926]????Mid Lv Commerce?? 
[04-10 00:34:19.123]????????[9]??[1947]????High Lv Commerce?? 
[04-10 00:34:19.123]????????[1]??[1065]????A Hunter's Life?? 
[04-10 00:34:19.123]????????[2]??[869]????Repel Snowman?? 
[04-10 00:34:19.123]????????[3]??[872]????Upgrade Battle?? 
[04-10 00:34:19.123]????????[4]??[874]????Repel Yeti?? 
[04-10 00:34:19.123]????????[5]??[878]????Deep Venture?? 
[04-10 00:34:19.123]????????[6]??[886]????Snowman Warlord?? 
[04-10 00:34:19.123]????????[7]??[889]????Last Yeti?? 
[04-10 00:34:19.123]????????[8]??[470]????Occupation Change?? 
[04-10 00:34:19.123]????????[9]??[1738]????Commerce Quest?? 
[04-10 00:34:19.123]????????[10]??[1927]????Mid Lv Commerce?? 
[04-10 00:34:19.123]????????[11]??[1948]????High Lv Commerce?? 
[04-10 00:34:19.135]????????[1]??[411]????Stir of the Tundra?? 
[04-10 00:34:19.135]????????[2]??[669]????Heart of Naiad?? 
[04-10 00:34:19.135]????????[3]??[675]????Witchcraft Ingredient?? 
[04-10 00:34:19.135]????????[4]??[678]????Clearance of Shrooms?? 
[04-10 00:34:19.135]????????[5]??[680]????Slow Slow Snail!?? 
[04-10 00:34:19.135]????????[6]??[1075]????A Hunter's Life?? 
[04-10 00:34:19.135]????????[1]??[417]????Asha Followers?? 
[04-10 00:34:19.135]????????[2]??[674]????Troublesome Bat?? 
[04-10 00:34:19.135]????????[3]??[676]????Polution of Squity?? 
[04-10 00:34:19.135]????????[4]??[681]????Flowery Stone?? 
[04-10 00:34:19.135]????????[5]??[1064]????A Hunter's Life?? 
[04-10 00:34:19.135]????????[6]??[752]????Walk of the Cleric?? 
[04-10 00:34:19.135]????????[7]??[5153]????Dispute of the Old?? 
[04-10 00:34:19.135]????????[8]??[5154]????Granny's Intellect?? 
[04-10 00:34:19.135]????????[9]??[5155]????Cure infectious disease?? 
[04-10 00:34:19.135]????????[10]??[5156]????Manual Healing?? 
[04-10 00:34:19.135]????????[11]??[5157]????Guardian of Truth?? 
[04-10 00:34:19.135]????????[12]??[5159]????Guardian of Truth?? 
[04-10 00:34:19.135]????????[1]??[405]????Tundra Exploration?? 
[04-10 00:34:19.135]????????[2]??[432]????Desert Exploration?? 
[04-10 00:34:19.135]????????[3]??[668]????Sailer Cap?? 
[04-10 00:34:19.135]????????[4]??[672]????Overweight?? 
[04-10 00:34:19.135]????????[5]??[673]????Think Too Much?? 
[04-10 00:34:19.135]????????[6]??[677]????Squidy Cap?? 
[04-10 00:34:19.135]????????[7]??[1087]????A Hunter's Life?? 
[04-10 00:34:19.135]????????[8]??[1429]????Commerce Quest?? 
[04-10 00:34:19.135]????????[9]??[1928]????Mid Lv Commerce?? 
[04-10 00:34:19.135]????????[10]??[5589]????PKO Ambassador 18?? 
[04-10 00:34:19.135]????????[11]??[5590]????PKO Ambassador 19?? 
[04-10 00:34:19.135]????????[1]??[430]????Awakening?? 
[04-10 00:34:19.135]????????[2]??[434]????Journey to the South?? 
[04-10 00:34:19.135]????????[3]??[670]????Perfect Crystal?? 
[04-10 00:34:19.135]????????[4]??[671]????Suffering of Elk?? 
[04-10 00:34:19.135]????????[5]??[679]????Snowy Mushroom?? 
[04-10 00:34:19.135]????????[6]??[682]????Snail Feeler?? 
[04-10 00:34:19.135]????????[7]??[1070]????A Hunter's Life?? 
[04-10 00:34:19.135]????????[8]??[1430]????Commerce Quest?? 
[04-10 00:34:19.135]????????[9]??[1929]????Mid Lv Commerce?? 
[04-10 00:34:19.135]????????[10]??[5148]????The mystery has been solved?? 
[04-10 00:34:19.135]????????[11]??[5150]????The mystery has been solved?? 
[04-10 00:34:19.135]????????[12]??[5152]????The mystery has been solved?? 
[04-10 00:34:19.135]????????[13]??[5158]????Guardian of Truth?? 
[04-10 00:34:19.135]????????[14]??[5160]????Guardian of Truth?? 
[04-10 00:34:19.135]????????[15]??[5161]????Mysterious Curse?? 
[04-10 00:34:19.135]????????[16]??[5162]????Mysterious Curse?? 
[04-10 00:34:19.135]????????[17]??[5163]????Mysterious Curse?? 
[04-10 00:34:19.135]????????[18]??[5164]????Mysterious Curse?? 
[04-10 00:34:19.135]????????[19]??[5165]????Mysterious Curse?? 
[04-10 00:34:19.135]????????[20]??[5166]????Seal Research Outcome?? 
[04-10 00:34:19.135]????????[21]??[5169]????Dispute of the Old?? 
[04-10 00:34:19.138]????????[1]??[805]????Scorpion Poison?? 
[04-10 00:34:19.138]????????[2]??[806]????Pioneer?? 
[04-10 00:34:19.138]????????[3]??[1589]????Commerce Quest?? 
[04-10 00:34:19.138]????????[4]??[1934]????Mid Lv Commerce?? 
[04-10 00:34:19.138]????????[5]??[1949]????High Lv Commerce?? 
[04-10 00:34:19.138]????????[1]??[1741]????Commerce Quest?? 
[04-10 00:34:19.138]????????[2]??[1937]????Mid Lv Commerce?? 
[04-10 00:34:19.138]????????[3]??[1952]????High Lv Commerce?? 
[04-10 00:34:19.138]????????[4]??[5063]????Daniel's Suggestion?? 
[04-10 00:34:19.138]????????[5]??[5071]????Story of the Enlightened One?? 
[04-10 00:34:19.138]????????[6]??[5075]????Who is the Enlightened One?? 
[04-10 00:34:19.138]????????[7]??[5091]????Top Disciple?? 
[04-10 00:34:19.138]????????[8]??[5105]????Initial Disciple?? 
[04-10 00:34:19.138]????????[9]??[5106]????Lv2 Disciple?? 
[04-10 00:34:19.138]????????[10]??[5107]????3rd Grade Disciple?? 
[04-10 00:34:19.138]????????[11]??[5108]????Advance Disciple?? 
[04-10 00:34:19.138]????????[12]??[5115]????Qualified Disciple?? 
[04-10 00:34:19.138]????????[13]??[5521]????Challenge Genesis6?? 
[04-10 00:34:19.138]????????[14]??[5522]????Challenge Genesis 7?? 
[04-10 00:34:19.138]????????[1]??[5519]????Challenge Genesis 5?? 
[04-10 00:34:19.138]????????[2]??[5520]????Challenge Genesis6?? 
[04-10 00:34:19.138]????????[1]??[1581]????Commerce Quest?? 
[04-10 00:34:19.138]????????[2]??[1933]????Mid Lv Commerce?? 
[04-10 00:34:19.138]????????[1]??[296]????The Li Brothers?? 
[04-10 00:34:19.138]????????[2]??[297]????Activity Preparation?? 
[04-10 00:34:19.138]????????[3]??[298]????Blessing Hand?? 
[04-10 00:34:19.138]????????[4]??[302]????Return to Icicle?? 
[04-10 00:34:19.138]????????[5]??[303]????Go Forth to Ninth Haven?? 
[04-10 00:34:19.138]????????[1]??[299]????Blessing Hand?? 
[04-10 00:34:19.138]????????[2]??[300]????Spiritual Strength?? 
[04-10 00:34:19.138]????????[3]??[469]????Oriental Mentor?? 
[04-10 00:34:19.138]????????[4]??[391]????Language Barrier?? 
[04-10 00:34:19.138]????????[5]??[5121]????Goodbye to First Gate?? 
[04-10 00:34:19.138]????????[6]??[5122]????2nd Gate?? 
[04-10 00:34:19.138]????????[7]??[5123]????Goodbye to 2nd Gate?? 
[04-10 00:34:19.138]????????[1]??[877]????Skeleton Accessory?? 
[04-10 00:34:19.138]????????[2]??[883]????Puzzle of the Crystalline?? 
[04-10 00:34:19.138]????????[3]??[884]????Crystal Heart?? 
[04-10 00:34:19.138]????????[1]??[881]????Glory of the Past?? 
[04-10 00:34:19.138]????????[1]??[393]????Rare Visitor from Afar?? 
[04-10 00:34:19.138]????????[2]??[567]????Demand for Payment?? 
[04-10 00:34:19.138]????????[1]??[394]????Rare Visitor from Afar?? 
[04-10 00:34:19.138]????????[2]??[536]????Tear of Dragon?? 
[04-10 00:34:19.138]????????[3]??[537]????Sale of Dragon's Tear?? 
[04-10 00:34:19.138]????????[4]??[538]????Legend of Dragon's Tear?? 
[04-10 00:34:19.138]????????[5]??[569]????Long Er's Debt?? 
[04-10 00:34:19.138]????????[1]??[395]????Rare Visitor from Afar?? 
[04-10 00:34:19.138]????????[2]??[517]????Talisman?? 
[04-10 00:34:19.138]????????[3]??[519]????Talisman?? 
[04-10 00:34:19.138]????????[4]??[525]????Love Miracle?? 
[04-10 00:34:19.138]????????[5]??[526]????Corpse Venom?? 
[04-10 00:34:19.138]????????[6]??[564]????Grocer's Debt?? 
[04-10 00:34:19.138]????????[1]??[396]????Rare Visitor from Afar?? 
[04-10 00:34:19.138]????????[2]??[530]????Miracle Fruit?? 
[04-10 00:34:19.138]????????[3]??[545]????New Goods?? 
[04-10 00:34:19.138]????????[4]??[546]????Sea Exploration?? 
[04-10 00:34:19.138]????????[5]??[547]????Buy New Clothes?? 
[04-10 00:34:19.138]????????[6]??[572]????Yuri's Debt?? 
[04-10 00:34:19.138]????????[1]??[397]????Rare Visitor from Afar?? 
[04-10 00:34:19.138]????????[2]??[559]????Language Barrier?? 
[04-10 00:34:19.138]????????[1]??[520]????Love Miracle?? 
[04-10 00:34:19.138]????????[2]??[900]????Pet Event?? 
[04-10 00:34:19.138]????????[3]??[5065]????Daisha's Nightmare?? 
[04-10 00:34:19.138]????????[4]??[595]????Mischief of Fox Taoist?? 
[04-10 00:34:19.138]????????[5]??[599]????Mytho Crystal Ball?? 
[04-10 00:34:19.138]????????[6]??[5000]????Mischief of Fox Spirit?? 
[04-10 00:34:19.138]????????[7]??[5001]????Mischief of Fox Sage?? 
[04-10 00:34:19.138]????????[8]??[5002]????big secret?? 
[04-10 00:34:19.138]????????[9]??[5003]????Spirit of Roland?? 
[04-10 00:34:19.138]????????[10]??[5066]????Unravel the dream of Daisha?? 
[04-10 00:34:19.138]????????[1]??[392]????Rare Visitor from Afar?? 
[04-10 00:34:19.138]????????[2]??[514]????Lost?? 
[04-10 00:34:19.138]????????[3]??[516]????Lost?? 
[04-10 00:34:19.138]????????[4]??[527]????Lost?? 
[04-10 00:34:19.138]????????[5]??[528]????Lost?? 
[04-10 00:34:19.138]????????[6]??[529]????Miracle Fruit?? 
[04-10 00:34:19.138]????????[7]??[548]????Demonic Fruit?? 
[04-10 00:34:19.138]????????[8]??[550]????Demonic Fruit?? 
[04-10 00:34:19.138]????????[9]??[551]????Roland?? 
[04-10 00:34:19.138]????????[10]??[558]????Demand for Payment?? 
[04-10 00:34:19.138]????????[11]??[571]????Roland?? 
[04-10 00:34:19.138]????????[12]??[592]????Retrospection?? 
[04-10 00:34:19.138]????????[13]??[5004]????Spirit of Roland?? 
[04-10 00:34:19.138]????????[14]??[5005]????Heal Sang Di?? 
[04-10 00:34:19.138]????????[15]??[5006]????Sorcerer's bone powder.?? 
[04-10 00:34:19.138]????????[16]??[5007]????Highly Nutritious Product?? 
[04-10 00:34:19.138]????????[17]??[5008]????Forgotten Past?? 
[04-10 00:34:19.138]????????[18]??[5043]????Magical Curse?? 
[04-10 00:34:19.138]????????[19]??[5054]????Gold powder on the Sacred Amulet?? 
[04-10 00:34:19.138]????????[20]??[5055]????Sang Di's guidance?? 
[04-10 00:34:19.138]????????[1]??[398]????Rare Visitor from Afar?? 
[04-10 00:34:19.138]????????[2]??[565]????Shuang's Debt?? 
[04-10 00:34:19.138]????????[1]??[399]????Rare Visitor from Afar?? 
[04-10 00:34:19.138]????????[2]??[510]????Make the Finishing Point?? 
[04-10 00:34:19.138]????????[3]??[511]????Make the Finishing Point?? 
[04-10 00:34:19.138]????????[4]??[512]????Make the Finishing Point?? 
[04-10 00:34:19.138]????????[5]??[513]????Make the Finishing Point?? 
[04-10 00:34:19.138]????????[6]??[543]????Love Letter of Zhou?? 
[04-10 00:34:19.138]????????[7]??[544]????Letter of Zhou?? 
[04-10 00:34:19.138]????????[8]??[570]????Long Er's Debt?? 
[04-10 00:34:19.138]????????[1]??[531]????Miracle Fruit?? 
[04-10 00:34:19.138]????????[2]??[532]????Demonic Fruit?? 
[04-10 00:34:19.138]????????[3]??[533]????Letter of Zhou?? 
[04-10 00:34:19.138]????????[4]??[534]????Demonic Fruit?? 
[04-10 00:34:19.138]????????[1]??[533]????Letter of Zhou?? 
[04-10 00:34:19.138]????????[2]??[563]????Demand for Payment?? 
[04-10 00:34:19.138]????????[1]??[568]????Demand for Payment?? 
[04-10 00:34:19.138]????????[1]??[6003]????Little Mystery Man?? 
[04-10 00:34:19.138]????????[2]??[6004]????Simple Mission?? 
[04-10 00:34:19.138]????????[3]??[6005]????Day of Abstinence?? 
[04-10 00:34:19.138]????????[4]??[6006]????Day of Abstinence?? 
[04-10 00:34:19.138]????????[5]??[6007]????Day of Abstinence?? 
[04-10 00:34:19.138]????????[6]??[6008]????Day of Abstinence?? 
[04-10 00:34:19.138]????????[7]??[6009]????Seek out Demonic Guide?? 
[04-10 00:34:19.154]????????[1]??[1048]????A Swordsman's Life?? 
[04-10 00:34:19.154]????????[2]??[1210]????An Explorer's Life?? 
[04-10 00:34:19.154]????????[3]??[920]????Bloodied High Heels?? 
[04-10 00:34:19.154]????????[4]??[921]????Verify with the Patroller?? 
[04-10 00:34:19.201]????????[1]??[284]????Granny's Pastries?? 
[04-10 00:34:19.201]????????[2]??[285]????Stolen Lunchbox?? 
[04-10 00:34:19.201]????????[3]??[311]????Lure Behemoth?? 
[04-10 00:34:19.201]????????[1]??[515]????Lost?? 
[04-10 00:34:19.201]????????[2]??[518]????Talisman?? 
[04-10 00:34:19.201]????????[3]??[524]????Love Miracle?? 
[04-10 00:34:19.844]????????[1]??[703]????Blacksmith's Greetings?? 
[04-10 00:34:19.844]????????[2]??[1044]????A Swordsman's Life?? 
[04-10 00:34:19.844]????????[3]??[1096]????A Hunter's Life?? 
[04-10 00:34:19.844]????????[4]??[1155]????Doctor Class Quest?? 
[04-10 00:34:19.844]????????[5]??[1207]????An Explorer's Life?? 
[04-10 00:34:19.844]????????[6]??[58]????Letter for Goldie?? 
[04-10 00:34:19.844]????????[7]??[59]????Conservation Activity?? 
[04-10 00:34:19.844]????????[8]??[60]????Letter for Senna?? 
[04-10 00:34:19.844]????????[9]??[1221]????Commerce Quest?? 
[04-10 00:34:19.850]????????[1]??[1050]????A Swordsman's Life?? 
[04-10 00:34:19.850]????????[2]??[1212]????An Explorer's Life?? 
[04-10 00:34:19.850]????????[1]??[1050]????A Swordsman's Life?? 
[04-10 00:34:19.850]????????[2]??[1212]????An Explorer's Life?? 
[04-10 00:34:19.852]????????[1]??[707]????Physician's Greetings?? 
[04-10 00:34:19.852]????????[2]??[214]????Food Poisoning?? 
[04-10 00:34:19.852]????????[3]??[215]????Quest for Antidote?? 
[04-10 00:34:19.852]????????[4]??[217]????Tommy's Request?? 
[04-10 00:34:19.852]????????[5]??[218]????A Crazy Reason?? 
[04-10 00:34:19.852]????????[6]??[219]????Thorough Investigation?? 
[04-10 00:34:19.852]????????[7]??[220]????Ditto's Report?? 
[04-10 00:34:19.852]????????[8]??[1046]????A Swordsman's Life?? 
[04-10 00:34:19.852]????????[9]??[1208]????An Explorer's Life?? 
[04-10 00:34:19.852]????????[10]??[73]????Letter for Ditto?? 
[04-10 00:34:19.852]????????[11]??[74]????Decoction Recipe?? 
[04-10 00:34:19.852]????????[12]??[75]????Letter for Rouri?? 
[04-10 00:34:19.852]????????[13]??[5027]????Ingredient of Restoration Potion?? 
[04-10 00:34:19.852]????????[14]??[5035]????Whereabouts of Sunstone?? 
[04-10 00:34:19.852]????????[15]??[5036]????Eyedrop?? 
[04-10 00:34:19.852]????????[1]??[1048]????A Swordsman's Life?? 
[04-10 00:34:19.852]????????[2]??[1210]????An Explorer's Life?? 
[04-10 00:34:19.852]????????[3]??[920]????Bloodied High Heels?? 
[04-10 00:34:19.852]????????[4]??[921]????Verify with the Patroller?? 
