[04-10 00:35:16.962]ChaID: 5187, ChaName: tempra, CMD: attr, Param: 69,2500
[04-10 00:35:16.962]ChaID: 5187, ChaName: tempra, CMD: attr, Param: 69,2500
[04-10 00:35:43.867]ChaID: 5187, ChaName: tempra, CMD: addmoney, Param: 999999
[04-10 00:35:43.868]ChaID: 5187, ChaName: tempra, CMD: addmoney, Param: 999999
[04-10 00:37:07.210]ChaID: 5187, ChaName: tempra, CMD: attr, Param: 69,2500
[04-10 00:37:07.211]ChaID: 5187, ChaName: tempra, CMD: attr, Param: 69,2500
[04-10 03:00:34.835]ChaID: 5187, ChaName: tempra, CMD: attr, Param: 69,2500
[04-10 03:00:34.836]ChaID: 5187, ChaName: tempra, CMD: attr, Param: 69,2500
[04-10 03:00:48.167]ChaID: 5187, ChaName: tempra, CMD: admoney, Param: 9999999999
[04-10 03:00:53.291]ChaID: 5187, ChaName: tempra, CMD: addmoney, Param: 9999999999
[04-10 03:00:53.291]ChaID: 5187, ChaName: tempra, CMD: addmoney, Param: 9999999999
[04-10 03:01:10.349]ChaID: 5187, ChaName: tempra, CMD: addmoney, Param: 9999999999
[04-10 03:01:10.349]ChaID: 5187, ChaName: tempra, CMD: addmoney, Param: 9999999999
[04-10 03:01:13.160]ChaID: 5187, ChaName: tempra, CMD: admoney, Param: 9999999999
[04-10 03:01:14.433]ChaID: 5187, ChaName: tempra, CMD: attr, Param: 69,2500
[04-10 03:01:14.433]ChaID: 5187, ChaName: tempra, CMD: attr, Param: 69,2500
[04-10 03:01:29.263]ChaID: 5187, ChaName: tempra, CMD: call, Param: sads
[04-10 03:01:29.263]ChaID: 5187, ChaName: tempra, CMD: call, Param: sads
[04-10 03:01:37.279]ChaID: 5188, ChaName: sads, CMD: attr, Param: 104,99999999999
[04-10 03:01:37.284]ChaID: 5188, ChaName: sads, CMD: attr, Param: 104,99999999999
[04-10 03:01:40.461]ChaID: 5188, ChaName: sads, CMD: attr, Param: 105,99999999999
[04-10 03:01:40.461]ChaID: 5188, ChaName: sads, CMD: attr, Param: 105,99999999999
