[04-10 00:37:01.826]SQL Error State:42000, Native Error Code: C9, ODBC Error: [Microsoft][ODBC SQL Server Driver][SQL Server]Procedure or function 'SaveAllData' expects parameter '@_CHA_ID', which was not supplied.
[04-10 00:37:01.826][STMT:0x3e9aca10][SQLERR]: [SaveAllData]
[04-10 03:00:25.923]SQL Error State:08004, Native Error Code: 394, ODBC Error: [Microsoft][ODBC SQL Server Driver][SQL Server]The server principal "pko_game" is not able to access the database "AccountServer" under the current security context.
[04-10 03:00:25.923][STMT:0x3e9aca10][SQLERR]: [{CALL dbo.GetPlayerLoginInfo(?)}]
[04-10 03:00:32.580]SQL Error State:42000, Native Error Code: C9, ODBC Error: [Microsoft][ODBC SQL Server Driver][SQL Server]Procedure or function 'SaveAllData' expects parameter '@_CHA_ID', which was not supplied.
[04-10 03:00:32.584][STMT:0x3e9aca10][SQLERR]: [SaveAllData]
[04-10 03:01:06.378]SQL Error State:42000, Native Error Code: C9, ODBC Error: [Microsoft][ODBC SQL Server Driver][SQL Server]Procedure or function 'SaveAllData' expects parameter '@_CHA_ID', which was not supplied.
[04-10 03:01:06.378][STMT:0x3e9aca10][SQLERR]: [SaveAllData]
[04-10 03:01:15.768]SQL Error State:08004, Native Error Code: 394, ODBC Error: [Microsoft][ODBC SQL Server Driver][SQL Server]The server principal "pko_game" is not able to access the database "AccountServer" under the current security context.
[04-10 03:01:15.768][STMT:0x3e9aca10][SQLERR]: [{CALL dbo.GetPlayerLoginInfo(?)}]
[04-10 03:01:15.770]SQL Error State:42000, Native Error Code: C9, ODBC Error: [Microsoft][ODBC SQL Server Driver][SQL Server]Procedure or function 'SaveAllData' expects parameter '@_CHA_ID', which was not supplied.
[04-10 03:01:15.770][STMT:0x3e9aca10][SQLERR]: [SaveAllData]
[04-10 03:01:29.295]SQL Error State:42000, Native Error Code: C9, ODBC Error: [Microsoft][ODBC SQL Server Driver][SQL Server]Procedure or function 'SaveAllData' expects parameter '@_CHA_ID', which was not supplied.
[04-10 03:01:29.295][STMT:0x3e9aca10][SQLERR]: [SaveAllData]
[04-10 03:01:49.423]SQL Error State:08004, Native Error Code: 394, ODBC Error: [Microsoft][ODBC SQL Server Driver][SQL Server]The server principal "pko_game" is not able to access the database "AccountServer" under the current security context.
[04-10 03:01:49.423][STMT:0x3e9aca10][SQLERR]: [{CALL dbo.GetPlayerLoginInfo(?)}]
[04-10 03:01:49.561]SQL Error State:42000, Native Error Code: C9, ODBC Error: [Microsoft][ODBC SQL Server Driver][SQL Server]Procedure or function 'SaveAllDataWithoutPos' expects parameter '@_CHA_ID', which was not supplied.
[04-10 03:01:49.561][STMT:0x3e9aca10][SQLERR]: [SaveAllDataWithoutPos]
[04-10 03:14:27.798]SQL Error State:42000, Native Error Code: C9, ODBC Error: [Microsoft][ODBC SQL Server Driver][SQL Server]Procedure or function 'SaveAllDataWithoutPos' expects parameter '@_CHA_ID', which was not supplied.
[04-10 03:14:27.798][STMT:0x3e9aca10][SQLERR]: [SaveAllDataWithoutPos]
[04-10 03:14:27.807]SQL Error State:42000, Native Error Code: C9, ODBC Error: [Microsoft][ODBC SQL Server Driver][SQL Server]Procedure or function 'SaveAllData' expects parameter '@_CHA_ID', which was not supplied.
[04-10 03:14:27.807][STMT:0x3e9aca10][SQLERR]: [SaveAllData]
