[04-10 00:34:17.620]add weather area[9], occur time limit = 8, duration = 40, location = 1217 1400, 40 40
[04-10 00:34:17.620]add weather area[11], occur time limit = 8, duration = 40, location = 1123 1480, 40 40
[04-10 00:34:17.620]add weather area[9], occur time limit = 8, duration = 40, location = 595 570, 40 40
[04-10 00:34:17.620]add weather area[11], occur time limit = 8, duration = 40, location = 580 700, 40 40
[04-10 00:34:18.350]add weather area[9], occur time limit = 15, duration = 40, location = 325 1850, 40 40
[04-10 00:34:18.350]add weather area[11], occur time limit = 15, duration = 40, location = 450 1900, 40 40
[04-10 00:34:18.350]add weather area[10], occur time limit = 15, duration = 40, location = 1300 190, 40 40
[04-10 00:34:18.350]add weather area[10], occur time limit = 15, duration = 40, location = 1300 400, 40 40
[04-10 00:34:18.350]add weather area[10], occur time limit = 15, duration = 40, location = 1350 1100, 40 40
[04-10 00:34:18.350]add weather area[10], occur time limit = 15, duration = 40, location = 1100 1050, 40 40
[04-10 00:34:19.154]add weather area[9], occur time limit = 15, duration = 40, location = 550 475, 40 40
[04-10 00:34:19.154]add weather area[11], occur time limit = 15, duration = 40, location = 750 450, 40 40
[04-10 00:35:06.035][garner]predict[Weather: Current sea (2484,2802) nearby will occur Thunderstorm], time = 44956
[04-10 00:35:06.036][garner]predict[Weather: Current sea (2268,3030) nearby will occur Tornado], time = 44956
[04-10 03:03:15.466][darkblue]predict[Weather: Current sea (1122,1008) nearby will occur Thunderstorm], time = 45275
[04-10 03:03:15.651][garner]predict[Weather: Current sea (1196,1404) nearby will occur Tornado], time = 45275
[04-10 03:08:16.639][darkblue]predict[Weather: Current sea (1528,960) nearby will occur Tornado], time = 45576
[04-10 03:08:25.786][garner]predict[Weather: Current sea (2496,2836) nearby will occur Thunderstorm], time = 45585
[04-10 03:13:25.157][garner]predict[Weather: Current sea (2256,3002) nearby will occur Tornado], time = 45884
[04-10 03:13:33.047][garner]predict[Weather: Current sea (1194,1198) nearby will occur Thunderstorm], time = 45892
