[04-10 00:34:22.757]WorldNotice: len = 143
[04-10 00:34:22.757]WorldNotice: contend = Announcement: In Magical Ocean region, players has discovered [600,2106] emerges a portal that leads to [Thundoria Mirage]. All players beware.
[04-10 00:34:24.928]WorldNotice: len = 52
[04-10 00:34:24.928]WorldNotice: contend = Announcement: Map for party challenge is now opened.
[04-10 03:00:23.063]WorldNotice: len = 57
[04-10 03:00:23.063]WorldNotice: contend = Portal to Chaos Argent has opened at [1372,531] Deep Blue
[04-10 03:01:15.772]WorldNotice: len = 28
[04-10 03:01:15.772]WorldNotice: contend = [tempra] Enters Chaos Argent
[04-10 03:01:29.296]WorldNotice: len = 26
[04-10 03:01:29.296]WorldNotice: contend = [sads] Enters Chaos Argent
[04-10 03:01:49.363]WorldNotice: len = 28
[04-10 03:01:49.363]WorldNotice: contend = [tempra] Leaves Chaos Argent
[04-10 03:02:08.064]WorldNotice: len = 42
[04-10 03:02:08.064]WorldNotice: contend = There are current 1 people in Chaos Argent
[04-10 03:02:10.358]WorldNotice: len = 44
[04-10 03:02:10.358]WorldNotice: contend = There are current 0 survivor in Hell Chapter
[04-10 03:07:08.059]WorldNotice: len = 42
[04-10 03:07:08.059]WorldNotice: contend = There are current 1 people in Chaos Argent
[04-10 03:07:10.353]WorldNotice: len = 44
[04-10 03:07:10.353]WorldNotice: contend = There are current 0 survivor in Hell Chapter
[04-10 03:12:08.072]WorldNotice: len = 42
[04-10 03:12:08.072]WorldNotice: contend = There are current 1 people in Chaos Argent
[04-10 03:12:10.380]WorldNotice: len = 44
[04-10 03:12:10.380]WorldNotice: contend = There are current 0 survivor in Hell Chapter
