[04-06 10:55:49.397]Auth system initialized:
[04-06 10:55:49.397]  Rate Limiting: ENABLED
[04-06 10:55:49.397]  Max Attempts: 5 per 120 seconds
[04-06 10:55:49.397]  Block Duration: 120 seconds
[04-06 10:55:49.397]  Login Timeout: 30000 ms
[04-06 10:55:49.397]  Saving Protection: 15 seconds
[04-06 11:00:42.652]Auth system initialized:
[04-06 11:00:42.652]  Rate Limiting: ENABLED
[04-06 11:00:42.652]  Max Attempts: 5 per 120 seconds
[04-06 11:00:42.652]  Block Duration: 120 seconds
[04-06 11:00:42.652]  Login Timeout: 30000 ms
[04-06 11:00:42.652]  Saving Protection: 15 seconds
[04-06 11:01:52.834]Auth system initialized:
[04-06 11:01:52.834]  Rate Limiting: ENABLED
[04-06 11:01:52.834]  Max Attempts: 5 per 120 seconds
[04-06 11:01:52.834]  Block Duration: 120 seconds
[04-06 11:01:52.834]  Login Timeout: 30000 ms
[04-06 11:01:52.834]  Saving Protection: 15 seconds
[04-06 11:11:47.095]Auth system initialized:
[04-07 16:01:25.600]Auth system initialized:
[04-07 16:01:25.601]  Rate Limiting: ENABLED
[04-07 16:01:25.601]  Max Attempts: 5 per 120 seconds
[04-07 16:01:25.601]  Block Duration: 120 seconds
[04-07 16:01:25.601]  Login Timeout: 30000 ms
[04-07 16:01:25.601]  Saving Protection: 15 seconds
[04-07 16:03:44.816]Auth system initialized:
[04-07 16:03:44.816]  Rate Limiting: ENABLED
[04-07 16:03:44.816]  Max Attempts: 5 per 120 seconds
[04-07 16:03:44.816]  Block Duration: 120 seconds
[04-07 16:03:44.816]  Login Timeout: 30000 ms
[04-07 16:03:44.816]  Saving Protection: 15 seconds
[04-07 16:09:37.596]Auth system initialized:
[04-07 16:09:37.596]  Rate Limiting: ENABLED
[04-07 16:09:37.596]  Max Attempts: 5 per 120 seconds
[04-07 16:09:37.596]  Block Duration: 120 seconds
[04-07 16:09:37.596]  Login Timeout: 30000 ms
[04-07 16:09:37.596]  Saving Protection: 15 seconds
[04-07 16:21:08.956]Auth system initialized:
[04-07 16:21:08.956]  Rate Limiting: ENABLED
[04-07 16:21:08.956]  Max Attempts: 5 per 120 seconds
[04-07 16:21:08.956]  Block Duration: 120 seconds
[04-07 16:21:08.956]  Login Timeout: 30000 ms
[04-07 16:21:08.956]  Saving Protection: 15 seconds
[04-07 16:27:23.730]Auth system initialized:
[04-08 15:02:11.062]Auth system initialized:
[04-08 15:02:11.069]  Rate Limiting: ENABLED
[04-08 15:02:11.069]  Max Attempts: 5 per 120 seconds
[04-08 15:02:11.069]  Block Duration: 120 seconds
[04-08 15:02:11.069]  Login Timeout: 30000 ms
[04-08 15:02:11.069]  Saving Protection: 15 seconds
[04-08 15:50:32.229]Auth system initialized:
[04-10 00:33:59.854]Auth system initialized:
[04-10 00:33:59.854]  Rate Limiting: ENABLED
[04-10 00:33:59.854]  Max Attempts: 5 per 120 seconds
[04-10 00:33:59.854]  Block Duration: 120 seconds
[04-10 00:33:59.854]  Login Timeout: 30000 ms
[04-10 00:33:59.854]  Saving Protection: 15 seconds
