[04-06 10:32:19.847]=== BossTimer Initializing ===
[04-06 10:32:19.849]Tracking boss 1423 (Devil) - respawn: 86400 seconds
[04-06 10:32:19.849]Tracking boss 1414 (Half-beast Man) - respawn: 86400 seconds
[04-06 10:32:19.849]Tracking boss 1413 (Aqua Tiger) - respawn: 86400 seconds
[04-06 10:32:19.849]Tracking boss 1009 (Aries Guardian) - respawn: 1800 seconds
[04-06 10:32:19.849]Tracking boss 789 (Black Dragon) - respawn: 86400 seconds
[04-06 10:32:19.849]Tracking boss 1105 (Firm Guard) - respawn: 86400 seconds
[04-06 10:32:19.849]Tracking boss 1109 (Fury Kara) - respawn: 86400 seconds
[04-06 10:32:19.849]Tracking boss 1117 (Morpheus Abyss Demon) - respawn: 86400 seconds
[04-06 10:32:19.849]Tracking boss 1113 (Vicious Relic Protector) - respawn: 86400 seconds
[04-06 10:32:19.849]Tracking boss 1418 (Hell Demon) - respawn: 86400 seconds
[04-06 10:32:19.849]Tracking boss 1417 (Hell Prisoner) - respawn: 86400 seconds
[04-06 10:32:19.849]Tracking boss 1416 (Hell Mud Monster) - respawn: 86400 seconds
[04-06 10:32:19.849]Tracking boss 1415 (Hell Knight) - respawn: 86400 seconds
[04-06 10:32:19.849]Loaded 13 boss configurations from BossTracked.txt
[04-06 10:32:19.849]Loaded 0 active timers, 0 expired
[04-06 10:32:19.849]=== BossTimer Ready ===
[04-06 10:40:05.384]Shutting down - saving state
[04-06 10:40:05.384]Saved 0 boss states to BossTimers.txt
[04-06 10:40:16.602]=== BossTimer Initializing ===
[04-06 10:40:16.603]Tracking boss 1423 (Devil) - respawn: 86400 seconds
[04-06 10:40:16.603]Tracking boss 1414 (Half-beast Man) - respawn: 86400 seconds
[04-06 10:40:16.603]Tracking boss 1413 (Aqua Tiger) - respawn: 86400 seconds
[04-06 10:40:16.603]Tracking boss 1009 (Aries Guardian) - respawn: 1800 seconds
[04-06 10:40:16.603]Tracking boss 789 (Black Dragon) - respawn: 86400 seconds
[04-06 10:40:16.603]Tracking boss 1105 (Firm Guard) - respawn: 86400 seconds
[04-06 10:40:16.603]Tracking boss 1109 (Fury Kara) - respawn: 86400 seconds
[04-06 10:40:16.603]Tracking boss 1117 (Morpheus Abyss Demon) - respawn: 86400 seconds
[04-06 10:40:16.603]Tracking boss 1113 (Vicious Relic Protector) - respawn: 86400 seconds
[04-06 10:40:16.603]Tracking boss 1418 (Hell Demon) - respawn: 86400 seconds
[04-06 10:40:16.603]Tracking boss 1417 (Hell Prisoner) - respawn: 86400 seconds
[04-06 10:40:16.603]Tracking boss 1416 (Hell Mud Monster) - respawn: 86400 seconds
[04-06 10:40:16.603]Tracking boss 1415 (Hell Knight) - respawn: 86400 seconds
[04-06 10:40:16.603]Loaded 13 boss configurations from BossTracked.txt
[04-06 10:40:16.603]Loaded 0 active timers, 0 expired
[04-06 10:40:16.603]=== BossTimer Ready ===
[04-06 10:45:55.510]Shutting down - saving state
[04-06 10:45:55.510]Saved 0 boss states to BossTimers.txt
[04-06 10:46:08.022]=== BossTimer Initializing ===
[04-06 10:46:08.022]Tracking boss 1423 (Devil) - respawn: 86400 seconds
[04-06 10:46:08.022]Tracking boss 1414 (Half-beast Man) - respawn: 86400 seconds
[04-06 10:46:08.022]Tracking boss 1413 (Aqua Tiger) - respawn: 86400 seconds
[04-06 10:46:08.022]Tracking boss 1009 (Aries Guardian) - respawn: 1800 seconds
[04-06 10:46:08.022]Tracking boss 789 (Black Dragon) - respawn: 86400 seconds
[04-06 10:46:08.022]Tracking boss 1105 (Firm Guard) - respawn: 86400 seconds
[04-06 10:46:08.022]Tracking boss 1109 (Fury Kara) - respawn: 86400 seconds
[04-06 10:46:08.022]Tracking boss 1117 (Morpheus Abyss Demon) - respawn: 86400 seconds
[04-06 10:46:08.022]Tracking boss 1113 (Vicious Relic Protector) - respawn: 86400 seconds
[04-06 10:46:08.022]Tracking boss 1418 (Hell Demon) - respawn: 86400 seconds
[04-06 10:46:08.022]Tracking boss 1417 (Hell Prisoner) - respawn: 86400 seconds
[04-06 10:46:08.022]Tracking boss 1416 (Hell Mud Monster) - respawn: 86400 seconds
[04-06 10:46:08.022]Tracking boss 1415 (Hell Knight) - respawn: 86400 seconds
[04-06 10:46:08.022]Loaded 13 boss configurations from BossTracked.txt
[04-06 10:46:08.022]Loaded 0 active timers, 0 expired
[04-06 10:46:08.022]=== BossTimer Ready ===
[04-06 10:49:02.495]Shutting down - saving state
[04-06 10:49:02.495]Saved 0 boss states to BossTimers.txt
[04-06 10:50:16.059]=== BossTimer Initializing ===
[04-06 10:50:16.060]Tracking boss 1423 (Devil) - respawn: 86400 seconds
[04-06 10:50:16.060]Tracking boss 1414 (Half-beast Man) - respawn: 86400 seconds
[04-06 10:50:16.060]Tracking boss 1413 (Aqua Tiger) - respawn: 86400 seconds
[04-06 10:50:16.060]Tracking boss 1009 (Aries Guardian) - respawn: 1800 seconds
[04-06 10:50:16.060]Tracking boss 789 (Black Dragon) - respawn: 86400 seconds
[04-06 10:50:16.060]Tracking boss 1105 (Firm Guard) - respawn: 86400 seconds
[04-06 10:50:16.060]Tracking boss 1109 (Fury Kara) - respawn: 86400 seconds
[04-06 10:50:16.060]Tracking boss 1117 (Morpheus Abyss Demon) - respawn: 86400 seconds
[04-06 10:50:16.060]Tracking boss 1113 (Vicious Relic Protector) - respawn: 86400 seconds
[04-06 10:50:16.060]Tracking boss 1418 (Hell Demon) - respawn: 86400 seconds
[04-06 10:50:16.060]Tracking boss 1417 (Hell Prisoner) - respawn: 86400 seconds
[04-06 10:50:16.060]Tracking boss 1416 (Hell Mud Monster) - respawn: 86400 seconds
[04-06 10:50:16.060]Tracking boss 1415 (Hell Knight) - respawn: 86400 seconds
[04-06 10:50:16.060]Loaded 13 boss configurations from BossTracked.txt
[04-06 10:50:16.060]Loaded 0 active timers, 0 expired
[04-06 10:50:16.060]=== BossTimer Ready ===
[04-06 10:55:23.865]Shutting down - saving state
[04-06 10:55:23.865]Saved 0 boss states to BossTimers.txt
[04-06 10:56:07.420]=== BossTimer Initializing ===
[04-06 10:56:07.420]Tracking boss 1423 (Devil) - respawn: 86400 seconds
[04-06 10:56:07.420]Tracking boss 1414 (Half-beast Man) - respawn: 86400 seconds
[04-06 10:56:07.420]Tracking boss 1413 (Aqua Tiger) - respawn: 86400 seconds
[04-06 10:56:07.420]Tracking boss 1009 (Aries Guardian) - respawn: 1800 seconds
[04-06 10:56:07.420]Tracking boss 789 (Black Dragon) - respawn: 86400 seconds
[04-06 10:56:07.420]Tracking boss 1105 (Firm Guard) - respawn: 86400 seconds
[04-06 10:56:07.420]Tracking boss 1109 (Fury Kara) - respawn: 86400 seconds
[04-06 10:56:07.420]Tracking boss 1117 (Morpheus Abyss Demon) - respawn: 86400 seconds
[04-06 10:56:07.420]Tracking boss 1113 (Vicious Relic Protector) - respawn: 86400 seconds
[04-06 10:56:07.420]Tracking boss 1418 (Hell Demon) - respawn: 86400 seconds
[04-06 10:56:07.420]Tracking boss 1417 (Hell Prisoner) - respawn: 86400 seconds
[04-06 10:56:07.420]Tracking boss 1416 (Hell Mud Monster) - respawn: 86400 seconds
[04-06 10:56:07.420]Tracking boss 1415 (Hell Knight) - respawn: 86400 seconds
[04-06 10:56:07.420]Loaded 13 boss configurations from BossTracked.txt
[04-06 10:56:07.420]Loaded 0 active timers, 0 expired
[04-06 10:56:07.420]=== BossTimer Ready ===
[04-06 11:00:23.405]Shutting down - saving state
[04-06 11:00:23.406]Saved 0 boss states to BossTimers.txt
[04-06 11:00:55.694]=== BossTimer Initializing ===
[04-06 11:00:55.694]Tracking boss 1423 (Devil) - respawn: 86400 seconds
[04-06 11:00:55.694]Tracking boss 1414 (Half-beast Man) - respawn: 86400 seconds
[04-06 11:00:55.694]Tracking boss 1413 (Aqua Tiger) - respawn: 86400 seconds
[04-06 11:00:55.694]Tracking boss 1009 (Aries Guardian) - respawn: 1800 seconds
[04-06 11:00:55.694]Tracking boss 789 (Black Dragon) - respawn: 86400 seconds
[04-06 11:00:55.694]Tracking boss 1105 (Firm Guard) - respawn: 86400 seconds
[04-06 11:00:55.694]Tracking boss 1109 (Fury Kara) - respawn: 86400 seconds
[04-06 11:00:55.694]Tracking boss 1117 (Morpheus Abyss Demon) - respawn: 86400 seconds
[04-06 11:00:55.694]Tracking boss 1113 (Vicious Relic Protector) - respawn: 86400 seconds
[04-06 11:00:55.694]Tracking boss 1418 (Hell Demon) - respawn: 86400 seconds
[04-06 11:00:55.694]Tracking boss 1417 (Hell Prisoner) - respawn: 86400 seconds
[04-06 11:00:55.694]Tracking boss 1416 (Hell Mud Monster) - respawn: 86400 seconds
[04-06 11:00:55.694]Tracking boss 1415 (Hell Knight) - respawn: 86400 seconds
[04-06 11:00:55.694]Loaded 13 boss configurations from BossTracked.txt
[04-06 11:00:55.695]Loaded 0 active timers, 0 expired
[04-06 11:00:55.695]=== BossTimer Ready ===
[04-06 11:01:44.777]Shutting down - saving state
[04-06 11:01:44.778]Saved 0 boss states to BossTimers.txt
[04-06 11:02:12.877]=== BossTimer Initializing ===
[04-06 11:02:12.878]Tracking boss 1423 (Devil) - respawn: 86400 seconds
[04-06 11:02:12.878]Tracking boss 1414 (Half-beast Man) - respawn: 86400 seconds
[04-06 11:02:12.878]Tracking boss 1413 (Aqua Tiger) - respawn: 86400 seconds
[04-06 11:02:12.878]Tracking boss 1009 (Aries Guardian) - respawn: 1800 seconds
[04-06 11:02:12.878]Tracking boss 789 (Black Dragon) - respawn: 86400 seconds
[04-06 11:02:12.878]Tracking boss 1105 (Firm Guard) - respawn: 86400 seconds
[04-06 11:02:12.878]Tracking boss 1109 (Fury Kara) - respawn: 86400 seconds
[04-06 11:02:12.878]Tracking boss 1117 (Morpheus Abyss Demon) - respawn: 86400 seconds
[04-06 11:02:12.878]Tracking boss 1113 (Vicious Relic Protector) - respawn: 86400 seconds
[04-06 11:02:12.878]Tracking boss 1418 (Hell Demon) - respawn: 86400 seconds
[04-06 11:02:12.878]Tracking boss 1417 (Hell Prisoner) - respawn: 86400 seconds
[04-06 11:02:12.878]Tracking boss 1416 (Hell Mud Monster) - respawn: 86400 seconds
[04-06 11:02:12.878]Tracking boss 1415 (Hell Knight) - respawn: 86400 seconds
[04-06 11:02:12.878]Loaded 13 boss configurations from BossTracked.txt
[04-06 11:02:12.878]Loaded 0 active timers, 0 expired
[04-06 11:02:12.878]=== BossTimer Ready ===
[04-06 11:11:40.720]Shutting down - saving state
[04-06 11:11:40.721]Saved 0 boss states to BossTimers.txt
[04-06 11:12:00.179]=== BossTimer Initializing ===
