[04-06 10:32:20.088]Attrib file: [id=0] -> [./resource/garner\garner.atr]
[04-06 10:32:20.425]Attrib file: [id=1] -> [./resource/ctf\ctf.atr]
[04-06 10:32:20.451]Attrib file: [id=2] -> [./resource/garner2\garner2.atr]
[04-06 10:32:20.458]Attrib file: [id=3] -> [./resource/PKmap\PKmap.atr]
[04-06 10:32:20.472]Attrib file: [id=4] -> [./resource/shalan2\shalan2.atr]
[04-06 10:32:20.482]Attrib file: [id=5] -> [./resource/leiting2\leiting2.atr]
[04-06 10:32:20.529]Attrib file: [id=6] -> [./resource/lonetower\lonetower.atr]
[04-06 10:32:20.572]Attrib file: [id=7] -> [./resource/L4MAP\L4MAP.atr]
[04-06 10:32:20.623]Attrib file: [id=8] -> [./resource/LostCity\LostCity.atr]
[04-06 10:32:20.873]Attrib file: [id=9] -> [./resource/magicsea\magicsea.atr]
[04-06 10:32:21.151]Attrib file: [id=10] -> [./resource/jialebi\jialebi.atr]
[04-06 10:32:21.224]Attrib file: [id=11] -> [./resource/hell\hell.atr]
[04-06 10:32:21.251]Attrib file: [id=12] -> [./resource/hell2\hell2.atr]
[04-06 10:32:21.286]Attrib file: [id=13] -> [./resource/hell3\hell3.atr]
[04-06 10:32:21.331]Attrib file: [id=14] -> [./resource/hell4\hell4.atr]
[04-06 10:32:21.364]Attrib file: [id=15] -> [./resource/hell5\hell5.atr]
[04-06 10:32:21.638]Attrib file: [id=16] -> [./resource/darkblue\darkblue.atr]
[04-06 10:32:21.977]Attrib file: [id=17] -> [./resource/eastgoaf\eastgoaf.atr]
[04-06 10:32:22.063]Attrib file: [id=18] -> [./resource/winterland\winterland.atr]
[04-06 10:32:22.149]Attrib file: [id=19] -> [./resource/mjing1\mjing1.atr]
[04-06 10:32:22.168]Attrib file: [id=20] -> [./resource/mjing2\mjing2.atr]
[04-06 10:32:22.186]Attrib file: [id=21] -> [./resource/mjing3\mjing3.atr]
[04-06 10:32:22.205]Attrib file: [id=22] -> [./resource/mjing4\mjing4.atr]
[04-06 10:32:22.219]Attrib file: [id=23] -> [./resource/starena13\starena13.atr]
[04-06 10:32:22.226]Attrib file: [id=24] -> [./resource/starena23\starena23.atr]
[04-06 10:32:22.232]Attrib file: [id=25] -> [./resource/starena33\starena33.atr]
[04-06 10:32:22.241]Attrib file: [id=26] -> [./resource/abandonedcity\abandonedcity.atr]
[04-06 10:32:22.272]Attrib file: [id=27] -> [./resource/abandonedcity2\abandonedcity2.atr]
[04-06 10:32:22.321]Attrib file: [id=28] -> [./resource/abandonedcity3\abandonedcity3.atr]
[04-06 10:32:22.372]Attrib file: [id=29] -> [./resource/darkswamp\darkswamp.atr]
[04-06 10:32:22.450]Attrib file: [id=30] -> [./resource/puzzleworld\puzzleworld.atr]
[04-06 10:32:22.481]Attrib file: [id=31] -> [./resource/puzzleworld2\puzzleworld2.atr]
[04-06 10:32:22.535]Attrib file: [id=32] -> [./resource/DreamIsland\DreamIsland.atr]
[04-06 10:32:22.585]Attrib file: [id=33] -> [./resource/teampk\teampk.atr]
[04-06 10:32:22.660]Attrib file: [id=34] -> [./resource/Hellchapter\Hellchapter.atr]
[04-06 10:32:22.711]Attrib file: [id=35] -> [./resource/chaosicicle\chaosicicle.atr]
[04-06 10:32:22.721]Attrib file: [id=36] -> [./resource/yschurch\yschurch.atr]
[04-06 10:40:16.823]Attrib file: [id=0] -> [./resource/garner\garner.atr]
[04-06 10:40:17.095]Attrib file: [id=1] -> [./resource/ctf\ctf.atr]
[04-06 10:40:17.104]Attrib file: [id=2] -> [./resource/garner2\garner2.atr]
[04-06 10:40:17.109]Attrib file: [id=3] -> [./resource/PKmap\PKmap.atr]
[04-06 10:40:17.120]Attrib file: [id=4] -> [./resource/shalan2\shalan2.atr]
[04-06 10:40:17.128]Attrib file: [id=5] -> [./resource/leiting2\leiting2.atr]
[04-06 10:40:17.152]Attrib file: [id=6] -> [./resource/lonetower\lonetower.atr]
[04-06 10:40:17.173]Attrib file: [id=7] -> [./resource/L4MAP\L4MAP.atr]
[04-06 10:40:17.182]Attrib file: [id=8] -> [./resource/LostCity\LostCity.atr]
[04-06 10:40:17.403]Attrib file: [id=9] -> [./resource/magicsea\magicsea.atr]
[04-06 10:40:17.662]Attrib file: [id=10] -> [./resource/jialebi\jialebi.atr]
[04-06 10:40:17.715]Attrib file: [id=11] -> [./resource/hell\hell.atr]
[04-06 10:40:17.723]Attrib file: [id=12] -> [./resource/hell2\hell2.atr]
[04-06 10:40:17.730]Attrib file: [id=13] -> [./resource/hell3\hell3.atr]
[04-06 10:40:17.739]Attrib file: [id=14] -> [./resource/hell4\hell4.atr]
[04-06 10:40:17.745]Attrib file: [id=15] -> [./resource/hell5\hell5.atr]
[04-06 10:40:17.964]Attrib file: [id=16] -> [./resource/darkblue\darkblue.atr]
[04-06 10:40:18.234]Attrib file: [id=17] -> [./resource/eastgoaf\eastgoaf.atr]
[04-06 10:40:18.289]Attrib file: [id=18] -> [./resource/winterland\winterland.atr]
[04-06 10:40:18.380]Attrib file: [id=19] -> [./resource/mjing1\mjing1.atr]
[04-06 10:40:18.394]Attrib file: [id=20] -> [./resource/mjing2\mjing2.atr]
[04-06 10:40:18.408]Attrib file: [id=21] -> [./resource/mjing3\mjing3.atr]
[04-06 10:40:18.425]Attrib file: [id=22] -> [./resource/mjing4\mjing4.atr]
[04-06 10:40:18.437]Attrib file: [id=23] -> [./resource/starena13\starena13.atr]
[04-06 10:40:18.441]Attrib file: [id=24] -> [./resource/starena23\starena23.atr]
[04-06 10:40:18.445]Attrib file: [id=25] -> [./resource/starena33\starena33.atr]
[04-06 10:40:18.451]Attrib file: [id=26] -> [./resource/abandonedcity\abandonedcity.atr]
[04-06 10:40:18.468]Attrib file: [id=27] -> [./resource/abandonedcity2\abandonedcity2.atr]
[04-06 10:40:18.486]Attrib file: [id=28] -> [./resource/abandonedcity3\abandonedcity3.atr]
[04-06 10:40:18.509]Attrib file: [id=29] -> [./resource/darkswamp\darkswamp.atr]
[04-06 10:40:18.541]Attrib file: [id=30] -> [./resource/puzzleworld\puzzleworld.atr]
[04-06 10:40:18.568]Attrib file: [id=31] -> [./resource/puzzleworld2\puzzleworld2.atr]
[04-06 10:40:18.599]Attrib file: [id=32] -> [./resource/DreamIsland\DreamIsland.atr]
[04-06 10:40:18.616]Attrib file: [id=33] -> [./resource/teampk\teampk.atr]
[04-06 10:40:18.664]Attrib file: [id=34] -> [./resource/Hellchapter\Hellchapter.atr]
[04-06 10:40:18.675]Attrib file: [id=35] -> [./resource/chaosicicle\chaosicicle.atr]
[04-06 10:40:18.681]Attrib file: [id=36] -> [./resource/yschurch\yschurch.atr]
[04-06 10:46:08.196]Attrib file: [id=0] -> [./resource/garner\garner.atr]
[04-06 10:46:08.448]Attrib file: [id=1] -> [./resource/ctf\ctf.atr]
[04-06 10:46:08.455]Attrib file: [id=2] -> [./resource/garner2\garner2.atr]
[04-06 10:46:08.460]Attrib file: [id=3] -> [./resource/PKmap\PKmap.atr]
[04-06 10:46:08.471]Attrib file: [id=4] -> [./resource/shalan2\shalan2.atr]
[04-06 10:46:08.478]Attrib file: [id=5] -> [./resource/leiting2\leiting2.atr]
[04-06 10:46:08.497]Attrib file: [id=6] -> [./resource/lonetower\lonetower.atr]
[04-06 10:46:08.515]Attrib file: [id=7] -> [./resource/L4MAP\L4MAP.atr]
[04-06 10:46:08.522]Attrib file: [id=8] -> [./resource/LostCity\LostCity.atr]
[04-06 10:46:08.702]Attrib file: [id=9] -> [./resource/magicsea\magicsea.atr]
[04-06 10:46:08.936]Attrib file: [id=10] -> [./resource/jialebi\jialebi.atr]
[04-06 10:46:08.986]Attrib file: [id=11] -> [./resource/hell\hell.atr]
[04-06 10:46:08.992]Attrib file: [id=12] -> [./resource/hell2\hell2.atr]
[04-06 10:46:08.999]Attrib file: [id=13] -> [./resource/hell3\hell3.atr]
[04-06 10:46:09.008]Attrib file: [id=14] -> [./resource/hell4\hell4.atr]
[04-06 10:46:09.014]Attrib file: [id=15] -> [./resource/hell5\hell5.atr]
[04-06 10:46:09.192]Attrib file: [id=16] -> [./resource/darkblue\darkblue.atr]
[04-06 10:46:09.442]Attrib file: [id=17] -> [./resource/eastgoaf\eastgoaf.atr]
[04-06 10:46:09.494]Attrib file: [id=18] -> [./resource/winterland\winterland.atr]
[04-06 10:46:09.572]Attrib file: [id=19] -> [./resource/mjing1\mjing1.atr]
[04-06 10:46:09.586]Attrib file: [id=20] -> [./resource/mjing2\mjing2.atr]
[04-06 10:46:09.599]Attrib file: [id=21] -> [./resource/mjing3\mjing3.atr]
[04-06 10:46:09.615]Attrib file: [id=22] -> [./resource/mjing4\mjing4.atr]
[04-06 10:46:09.629]Attrib file: [id=23] -> [./resource/starena13\starena13.atr]
[04-06 10:46:09.633]Attrib file: [id=24] -> [./resource/starena23\starena23.atr]
[04-06 10:46:09.638]Attrib file: [id=25] -> [./resource/starena33\starena33.atr]
[04-06 10:46:09.644]Attrib file: [id=26] -> [./resource/abandonedcity\abandonedcity.atr]
[04-06 10:46:09.659]Attrib file: [id=27] -> [./resource/abandonedcity2\abandonedcity2.atr]
[04-06 10:46:09.675]Attrib file: [id=28] -> [./resource/abandonedcity3\abandonedcity3.atr]
[04-06 10:46:09.694]Attrib file: [id=29] -> [./resource/darkswamp\darkswamp.atr]
[04-06 10:46:09.723]Attrib file: [id=30] -> [./resource/puzzleworld\puzzleworld.atr]
[04-06 10:46:09.747]Attrib file: [id=31] -> [./resource/puzzleworld2\puzzleworld2.atr]
[04-06 10:46:09.777]Attrib file: [id=32] -> [./resource/DreamIsland\DreamIsland.atr]
[04-06 10:46:09.792]Attrib file: [id=33] -> [./resource/teampk\teampk.atr]
[04-06 10:46:09.836]Attrib file: [id=34] -> [./resource/Hellchapter\Hellchapter.atr]
[04-06 10:46:09.852]Attrib file: [id=35] -> [./resource/chaosicicle\chaosicicle.atr]
[04-06 10:46:09.860]Attrib file: [id=36] -> [./resource/yschurch\yschurch.atr]
[04-06 10:50:16.256]Attrib file: [id=0] -> [./resource/garner\garner.atr]
[04-06 10:50:16.549]Attrib file: [id=1] -> [./resource/ctf\ctf.atr]
[04-06 10:50:16.558]Attrib file: [id=2] -> [./resource/garner2\garner2.atr]
[04-06 10:50:16.562]Attrib file: [id=3] -> [./resource/PKmap\PKmap.atr]
[04-06 10:50:16.573]Attrib file: [id=4] -> [./resource/shalan2\shalan2.atr]
[04-06 10:50:16.582]Attrib file: [id=5] -> [./resource/leiting2\leiting2.atr]
[04-06 10:50:16.605]Attrib file: [id=6] -> [./resource/lonetower\lonetower.atr]
[04-06 10:50:16.625]Attrib file: [id=7] -> [./resource/L4MAP\L4MAP.atr]
[04-06 10:50:16.634]Attrib file: [id=8] -> [./resource/LostCity\LostCity.atr]
[04-06 10:50:16.888]Attrib file: [id=9] -> [./resource/magicsea\magicsea.atr]
[04-06 10:50:17.267]Attrib file: [id=10] -> [./resource/jialebi\jialebi.atr]
[04-06 10:50:17.326]Attrib file: [id=11] -> [./resource/hell\hell.atr]
[04-06 10:50:17.334]Attrib file: [id=12] -> [./resource/hell2\hell2.atr]
[04-06 10:50:17.340]Attrib file: [id=13] -> [./resource/hell3\hell3.atr]
[04-06 10:50:17.352]Attrib file: [id=14] -> [./resource/hell4\hell4.atr]
[04-06 10:50:17.359]Attrib file: [id=15] -> [./resource/hell5\hell5.atr]
[04-06 10:50:17.566]Attrib file: [id=16] -> [./resource/darkblue\darkblue.atr]
[04-06 10:50:17.951]Attrib file: [id=17] -> [./resource/eastgoaf\eastgoaf.atr]
[04-06 10:50:18.029]Attrib file: [id=18] -> [./resource/winterland\winterland.atr]
[04-06 10:50:18.135]Attrib file: [id=19] -> [./resource/mjing1\mjing1.atr]
[04-06 10:50:18.152]Attrib file: [id=20] -> [./resource/mjing2\mjing2.atr]
[04-06 10:50:18.169]Attrib file: [id=21] -> [./resource/mjing3\mjing3.atr]
[04-06 10:50:18.186]Attrib file: [id=22] -> [./resource/mjing4\mjing4.atr]
[04-06 10:50:18.200]Attrib file: [id=23] -> [./resource/starena13\starena13.atr]
[04-06 10:50:18.204]Attrib file: [id=24] -> [./resource/starena23\starena23.atr]
[04-06 10:50:18.208]Attrib file: [id=25] -> [./resource/starena33\starena33.atr]
[04-06 10:50:18.214]Attrib file: [id=26] -> [./resource/abandonedcity\abandonedcity.atr]
[04-06 10:50:18.230]Attrib file: [id=27] -> [./resource/abandonedcity2\abandonedcity2.atr]
[04-06 10:50:18.249]Attrib file: [id=28] -> [./resource/abandonedcity3\abandonedcity3.atr]
[04-06 10:50:18.271]Attrib file: [id=29] -> [./resource/darkswamp\darkswamp.atr]
[04-06 10:50:18.305]Attrib file: [id=30] -> [./resource/puzzleworld\puzzleworld.atr]
[04-06 10:50:18.341]Attrib file: [id=31] -> [./resource/puzzleworld2\puzzleworld2.atr]
[04-06 10:50:18.387]Attrib file: [id=32] -> [./resource/DreamIsland\DreamIsland.atr]
[04-06 10:50:18.408]Attrib file: [id=33] -> [./resource/teampk\teampk.atr]
[04-06 10:50:18.459]Attrib file: [id=34] -> [./resource/Hellchapter\Hellchapter.atr]
[04-06 10:50:18.473]Attrib file: [id=35] -> [./resource/chaosicicle\chaosicicle.atr]
[04-06 10:50:18.481]Attrib file: [id=36] -> [./resource/yschurch\yschurch.atr]
[04-06 10:56:07.646]Attrib file: [id=0] -> [./resource/garner\garner.atr]
[04-06 10:56:07.951]Attrib file: [id=1] -> [./resource/ctf\ctf.atr]
[04-06 10:56:07.959]Attrib file: [id=2] -> [./resource/garner2\garner2.atr]
[04-06 10:56:07.965]Attrib file: [id=3] -> [./resource/PKmap\PKmap.atr]
[04-06 10:56:07.976]Attrib file: [id=4] -> [./resource/shalan2\shalan2.atr]
[04-06 10:56:07.985]Attrib file: [id=5] -> [./resource/leiting2\leiting2.atr]
[04-06 10:56:08.011]Attrib file: [id=6] -> [./resource/lonetower\lonetower.atr]
[04-06 10:56:08.031]Attrib file: [id=7] -> [./resource/L4MAP\L4MAP.atr]
[04-06 10:56:08.040]Attrib file: [id=8] -> [./resource/LostCity\LostCity.atr]
[04-06 10:56:08.262]Attrib file: [id=9] -> [./resource/magicsea\magicsea.atr]
[04-06 10:56:08.540]Attrib file: [id=10] -> [./resource/jialebi\jialebi.atr]
[04-06 10:56:08.595]Attrib file: [id=11] -> [./resource/hell\hell.atr]
[04-06 10:56:08.603]Attrib file: [id=12] -> [./resource/hell2\hell2.atr]
[04-06 10:56:08.610]Attrib file: [id=13] -> [./resource/hell3\hell3.atr]
[04-06 10:56:08.619]Attrib file: [id=14] -> [./resource/hell4\hell4.atr]
[04-06 10:56:08.626]Attrib file: [id=15] -> [./resource/hell5\hell5.atr]
[04-06 10:56:08.864]Attrib file: [id=16] -> [./resource/darkblue\darkblue.atr]
[04-06 10:56:09.151]Attrib file: [id=17] -> [./resource/eastgoaf\eastgoaf.atr]
[04-06 10:56:09.218]Attrib file: [id=18] -> [./resource/winterland\winterland.atr]
[04-06 10:56:09.305]Attrib file: [id=19] -> [./resource/mjing1\mjing1.atr]
[04-06 10:56:09.320]Attrib file: [id=20] -> [./resource/mjing2\mjing2.atr]
[04-06 10:56:09.335]Attrib file: [id=21] -> [./resource/mjing3\mjing3.atr]
[04-06 10:56:09.351]Attrib file: [id=22] -> [./resource/mjing4\mjing4.atr]
[04-06 10:56:09.367]Attrib file: [id=23] -> [./resource/starena13\starena13.atr]
[04-06 10:56:09.371]Attrib file: [id=24] -> [./resource/starena23\starena23.atr]
[04-06 10:56:09.376]Attrib file: [id=25] -> [./resource/starena33\starena33.atr]
[04-06 10:56:09.385]Attrib file: [id=26] -> [./resource/abandonedcity\abandonedcity.atr]
[04-06 10:56:09.402]Attrib file: [id=27] -> [./resource/abandonedcity2\abandonedcity2.atr]
[04-06 10:56:09.420]Attrib file: [id=28] -> [./resource/abandonedcity3\abandonedcity3.atr]
[04-06 10:56:09.445]Attrib file: [id=29] -> [./resource/darkswamp\darkswamp.atr]
[04-06 10:56:09.477]Attrib file: [id=30] -> [./resource/puzzleworld\puzzleworld.atr]
[04-06 10:56:09.504]Attrib file: [id=31] -> [./resource/puzzleworld2\puzzleworld2.atr]
[04-06 10:56:09.540]Attrib file: [id=32] -> [./resource/DreamIsland\DreamIsland.atr]
[04-06 10:56:09.557]Attrib file: [id=33] -> [./resource/teampk\teampk.atr]
[04-06 10:56:09.604]Attrib file: [id=34] -> [./resource/Hellchapter\Hellchapter.atr]
[04-06 10:56:09.617]Attrib file: [id=35] -> [./resource/chaosicicle\chaosicicle.atr]
[04-06 10:56:09.624]Attrib file: [id=36] -> [./resource/yschurch\yschurch.atr]
[04-06 11:00:55.868]Attrib file: [id=0] -> [./resource/garner\garner.atr]
[04-06 11:00:56.131]Attrib file: [id=1] -> [./resource/ctf\ctf.atr]
[04-06 11:00:56.139]Attrib file: [id=2] -> [./resource/garner2\garner2.atr]
[04-06 11:00:56.144]Attrib file: [id=3] -> [./resource/PKmap\PKmap.atr]
[04-06 11:00:56.153]Attrib file: [id=4] -> [./resource/shalan2\shalan2.atr]
[04-06 11:00:56.162]Attrib file: [id=5] -> [./resource/leiting2\leiting2.atr]
[04-06 11:00:56.182]Attrib file: [id=6] -> [./resource/lonetower\lonetower.atr]
[04-06 11:00:56.203]Attrib file: [id=7] -> [./resource/L4MAP\L4MAP.atr]
[04-06 11:00:56.212]Attrib file: [id=8] -> [./resource/LostCity\LostCity.atr]
[04-06 11:00:56.391]Attrib file: [id=9] -> [./resource/magicsea\magicsea.atr]
[04-06 11:00:56.649]Attrib file: [id=10] -> [./resource/jialebi\jialebi.atr]
[04-06 11:00:56.702]Attrib file: [id=11] -> [./resource/hell\hell.atr]
[04-06 11:00:56.709]Attrib file: [id=12] -> [./resource/hell2\hell2.atr]
[04-06 11:00:56.715]Attrib file: [id=13] -> [./resource/hell3\hell3.atr]
[04-06 11:00:56.725]Attrib file: [id=14] -> [./resource/hell4\hell4.atr]
[04-06 11:00:56.731]Attrib file: [id=15] -> [./resource/hell5\hell5.atr]
[04-06 11:00:56.910]Attrib file: [id=16] -> [./resource/darkblue\darkblue.atr]
[04-06 11:00:57.185]Attrib file: [id=17] -> [./resource/eastgoaf\eastgoaf.atr]
[04-06 11:00:57.238]Attrib file: [id=18] -> [./resource/winterland\winterland.atr]
[04-06 11:00:57.321]Attrib file: [id=19] -> [./resource/mjing1\mjing1.atr]
[04-06 11:00:57.335]Attrib file: [id=20] -> [./resource/mjing2\mjing2.atr]
[04-06 11:00:57.349]Attrib file: [id=21] -> [./resource/mjing3\mjing3.atr]
[04-06 11:00:57.364]Attrib file: [id=22] -> [./resource/mjing4\mjing4.atr]
[04-06 11:00:57.377]Attrib file: [id=23] -> [./resource/starena13\starena13.atr]
[04-06 11:00:57.381]Attrib file: [id=24] -> [./resource/starena23\starena23.atr]
[04-06 11:00:57.385]Attrib file: [id=25] -> [./resource/starena33\starena33.atr]
[04-06 11:00:57.390]Attrib file: [id=26] -> [./resource/abandonedcity\abandonedcity.atr]
[04-06 11:00:57.405]Attrib file: [id=27] -> [./resource/abandonedcity2\abandonedcity2.atr]
[04-06 11:00:57.422]Attrib file: [id=28] -> [./resource/abandonedcity3\abandonedcity3.atr]
[04-06 11:00:57.444]Attrib file: [id=29] -> [./resource/darkswamp\darkswamp.atr]
[04-06 11:00:57.475]Attrib file: [id=30] -> [./resource/puzzleworld\puzzleworld.atr]
[04-06 11:00:57.501]Attrib file: [id=31] -> [./resource/puzzleworld2\puzzleworld2.atr]
[04-06 11:00:57.533]Attrib file: [id=32] -> [./resource/DreamIsland\DreamIsland.atr]
[04-06 11:00:57.548]Attrib file: [id=33] -> [./resource/teampk\teampk.atr]
[04-06 11:00:57.600]Attrib file: [id=34] -> [./resource/Hellchapter\Hellchapter.atr]
[04-06 11:00:57.617]Attrib file: [id=35] -> [./resource/chaosicicle\chaosicicle.atr]
[04-06 11:00:57.625]Attrib file: [id=36] -> [./resource/yschurch\yschurch.atr]
[04-06 11:02:13.053]Attrib file: [id=0] -> [./resource/garner\garner.atr]
[04-06 11:02:13.326]Attrib file: [id=1] -> [./resource/ctf\ctf.atr]
[04-06 11:02:13.334]Attrib file: [id=2] -> [./resource/garner2\garner2.atr]
[04-06 11:02:13.339]Attrib file: [id=3] -> [./resource/PKmap\PKmap.atr]
[04-06 11:02:13.351]Attrib file: [id=4] -> [./resource/shalan2\shalan2.atr]
[04-06 11:02:13.360]Attrib file: [id=5] -> [./resource/leiting2\leiting2.atr]
[04-06 11:02:13.384]Attrib file: [id=6] -> [./resource/lonetower\lonetower.atr]
[04-06 11:02:13.403]Attrib file: [id=7] -> [./resource/L4MAP\L4MAP.atr]
[04-06 11:02:13.412]Attrib file: [id=8] -> [./resource/LostCity\LostCity.atr]
[04-06 11:02:13.621]Attrib file: [id=9] -> [./resource/magicsea\magicsea.atr]
[04-06 11:02:13.883]Attrib file: [id=10] -> [./resource/jialebi\jialebi.atr]
[04-06 11:02:13.938]Attrib file: [id=11] -> [./resource/hell\hell.atr]
[04-06 11:02:13.945]Attrib file: [id=12] -> [./resource/hell2\hell2.atr]
[04-06 11:02:13.953]Attrib file: [id=13] -> [./resource/hell3\hell3.atr]
[04-06 11:02:13.963]Attrib file: [id=14] -> [./resource/hell4\hell4.atr]
[04-06 11:02:13.969]Attrib file: [id=15] -> [./resource/hell5\hell5.atr]
[04-06 11:02:14.157]Attrib file: [id=16] -> [./resource/darkblue\darkblue.atr]
[04-06 11:02:14.435]Attrib file: [id=17] -> [./resource/eastgoaf\eastgoaf.atr]
[04-06 11:02:14.490]Attrib file: [id=18] -> [./resource/winterland\winterland.atr]
[04-06 11:02:14.583]Attrib file: [id=19] -> [./resource/mjing1\mjing1.atr]
[04-06 11:02:14.599]Attrib file: [id=20] -> [./resource/mjing2\mjing2.atr]
[04-06 11:02:14.615]Attrib file: [id=21] -> [./resource/mjing3\mjing3.atr]
[04-06 11:02:14.634]Attrib file: [id=22] -> [./resource/mjing4\mjing4.atr]
[04-06 11:02:14.648]Attrib file: [id=23] -> [./resource/starena13\starena13.atr]
[04-06 11:02:14.653]Attrib file: [id=24] -> [./resource/starena23\starena23.atr]
[04-06 11:02:14.658]Attrib file: [id=25] -> [./resource/starena33\starena33.atr]
[04-06 11:02:14.664]Attrib file: [id=26] -> [./resource/abandonedcity\abandonedcity.atr]
[04-06 11:02:14.683]Attrib file: [id=27] -> [./resource/abandonedcity2\abandonedcity2.atr]
[04-06 11:02:14.703]Attrib file: [id=28] -> [./resource/abandonedcity3\abandonedcity3.atr]
[04-06 11:02:14.734]Attrib file: [id=29] -> [./resource/darkswamp\darkswamp.atr]
[04-06 11:02:14.773]Attrib file: [id=30] -> [./resource/puzzleworld\puzzleworld.atr]
[04-06 11:02:14.807]Attrib file: [id=31] -> [./resource/puzzleworld2\puzzleworld2.atr]
[04-06 11:02:14.845]Attrib file: [id=32] -> [./resource/DreamIsland\DreamIsland.atr]
[04-06 11:02:14.869]Attrib file: [id=33] -> [./resource/teampk\teampk.atr]
[04-06 11:02:14.920]Attrib file: [id=34] -> [./resource/Hellchapter\Hellchapter.atr]
[04-06 11:02:14.932]Attrib file: [id=35] -> [./resource/chaosicicle\chaosicicle.atr]
[04-06 11:02:14.939]Attrib file: [id=36] -> [./resource/yschurch\yschurch.atr]
[04-06 11:12:00.412]Attrib file: [id=0] -> [./resource/garner\garner.atr]
