[04-06 10:32:22.836]Ply[    0     0  5000],	Cha[40495 40495 70000],	Item[    1     1 50000],	TNpc[  493   493   700]
[04-06 10:33:22.875]Ply[    0     0  5000],	Cha[40495 40495 70000],	Item[   13    13 50000],	TNpc[  493   493   700]
[04-06 10:34:22.870]Ply[    0     0  5000],	Cha[40495 40495 70000],	Item[   13    13 50000],	TNpc[  493   493   700]
[04-06 10:35:22.892]Ply[    0     0  5000],	Cha[40495 40495 70000],	Item[   13    13 50000],	TNpc[  493   493   700]
[04-06 10:36:22.884]Ply[    1     1  5000],	Cha[40496 40496 70000],	Item[   13    13 50000],	TNpc[  493   493   700]
[04-06 10:37:22.888]Ply[    1     1  5000],	Cha[40496 40496 70000],	Item[   13    13 50000],	TNpc[  493   493   700]
[04-06 10:38:22.938]Ply[    1     1  5000],	Cha[40496 40496 70000],	Item[   13    13 50000],	TNpc[  493   493   700]
[04-06 10:39:22.976]Ply[    1     1  5000],	Cha[40496 40496 70000],	Item[   13    13 50000],	TNpc[  493   493   700]
[04-06 10:40:18.776]Ply[    0     0  5000],	Cha[40495 40495 70000],	Item[    1     1 50000],	TNpc[  493   493   700]
[04-06 10:41:18.791]Ply[    1     1  5000],	Cha[40496 40496 70000],	Item[    9     9 50000],	TNpc[  493   493   700]
[04-06 10:42:18.800]Ply[    1     1  5000],	Cha[40496 40496 70000],	Item[    9     9 50000],	TNpc[  493   493   700]
[04-06 10:43:18.845]Ply[    1     1  5000],	Cha[40496 40496 70000],	Item[    9     9 50000],	TNpc[  493   493   700]
[04-06 10:44:18.843]Ply[    1     1  5000],	Cha[40496 40496 70000],	Item[    9     9 50000],	TNpc[  493   493   700]
[04-06 10:45:18.842]Ply[    1     1  5000],	Cha[40496 40496 70000],	Item[    9     9 50000],	TNpc[  493   493   700]
[04-06 10:46:09.953]Ply[    0     0  5000],	Cha[40495 40495 70000],	Item[    1     1 50000],	TNpc[  493   493   700]
[04-06 10:47:09.942]Ply[    1     1  5000],	Cha[40496 40496 70000],	Item[    9     9 50000],	TNpc[  493   493   700]
[04-06 10:48:09.962]Ply[    1     1  5000],	Cha[40496 40496 70000],	Item[    9     9 50000],	TNpc[  493   493   700]
[04-06 10:50:18.597]Ply[    0     0  5000],	Cha[40495 40495 70000],	Item[    1     1 50000],	TNpc[  493   493   700]
[04-06 10:51:18.606]Ply[    1     1  5000],	Cha[40496 40496 70000],	Item[    9     9 50000],	TNpc[  493   493   700]
[04-06 10:52:18.653]Ply[    0     1  5000],	Cha[40495 40496 70000],	Item[    9     9 50000],	TNpc[  493   493   700]
[04-06 10:53:18.681]Ply[    1     1  5000],	Cha[40496 40496 70000],	Item[    9     9 50000],	TNpc[  493   493   700]
[04-06 10:54:18.683]Ply[    1     1  5000],	Cha[40496 40496 70000],	Item[    9     9 50000],	TNpc[  493   493   700]
[04-06 10:55:18.731]Ply[    1     1  5000],	Cha[40496 40496 70000],	Item[    9     9 50000],	TNpc[  493   493   700]
[04-06 10:56:09.726]Ply[    0     0  5000],	Cha[40495 40495 70000],	Item[    1     1 50000],	TNpc[  493   493   700]
[04-06 10:57:09.774]Ply[    1     1  5000],	Cha[40496 40496 70000],	Item[    9     9 50000],	TNpc[  493   493   700]
[04-06 10:58:09.817]Ply[    1     1  5000],	Cha[40496 40496 70000],	Item[    9     9 50000],	TNpc[  493   493   700]
[04-06 10:59:09.879]Ply[    1     1  5000],	Cha[40496 40496 70000],	Item[    9     9 50000],	TNpc[  493   493   700]
[04-06 11:00:09.931]Ply[    1     1  5000],	Cha[40496 40496 70000],	Item[    9     9 50000],	TNpc[  493   493   700]
[04-06 11:00:57.720]Ply[    0     0  5000],	Cha[40495 40495 70000],	Item[    1     1 50000],	TNpc[  493   493   700]
[04-06 11:02:15.068]Ply[    0     0  5000],	Cha[40495 40495 70000],	Item[    1     1 50000],	TNpc[  493   493   700]
[04-06 11:03:15.098]Ply[    1     1  5000],	Cha[40496 40496 70000],	Item[    9     9 50000],	TNpc[  493   493   700]
[04-06 11:04:15.128]Ply[    1     1  5000],	Cha[40496 40496 70000],	Item[    9     9 50000],	TNpc[  493   493   700]
[04-06 11:05:15.156]Ply[    1     1  5000],	Cha[40496 40496 70000],	Item[    9     9 50000],	TNpc[  493   493   700]
[04-06 11:06:15.188]Ply[    1     1  5000],	Cha[40496 40496 70000],	Item[    9     9 50000],	TNpc[  493   493   700]
[04-06 11:07:15.232]Ply[    1     1  5000],	Cha[40496 40496 70000],	Item[    9     9 50000],	TNpc[  493   493   700]
[04-06 11:08:15.252]Ply[    1     1  5000],	Cha[40496 40496 70000],	Item[    9     9 50000],	TNpc[  493   493   700]
[04-06 11:09:15.267]Ply[    1     1  5000],	Cha[40496 40496 70000],	Item[    9     9 50000],	TNpc[  493   493   700]
[04-06 11:10:15.305]Ply[    1     1  5000],	Cha[40496 40496 70000],	Item[    9     9 50000],	TNpc[  493   493   700]
[04-06 11:11:15.344]Ply[    1     1  5000],	Cha[40496 40496 70000],	Item[    9     9 50000],	TNpc[  493   493   700]
[04-06 11:12:02.698]Ply[    0     0  5000],	Cha[40495 40495 70000],	Item[    1     1 50000],	TNpc[  493   493   700]
[04-06 11:13:02.752]Ply[    1     1  5000],	Cha[40496 40496 70000],	Item[    9     9 50000],	TNpc[  493   493   700]
[04-06 11:14:02.798]Ply[    1     1  5000],	Cha[40496 40496 70000],	Item[    9     9 50000],	TNpc[  493   493   700]
[04-06 11:15:02.838]Ply[    1     1  5000],	Cha[40496 40496 70000],	Item[    9     9 50000],	TNpc[  493   493   700]
[04-06 11:16:02.871]Ply[    1     1  5000],	Cha[40496 40496 70000],	Item[    9     9 50000],	TNpc[  493   493   700]
[04-06 11:17:02.885]Ply[    0     1  5000],	Cha[40495 40496 70000],	Item[    9     9 50000],	TNpc[  493   493   700]
[04-06 11:18:02.917]Ply[    0     1  5000],	Cha[40495 40496 70000],	Item[    9     9 50000],	TNpc[  493   493   700]
[04-06 11:19:02.933]Ply[    0     1  5000],	Cha[40495 40496 70000],	Item[    9     9 50000],	TNpc[  493   493   700]
[04-06 11:20:02.974]Ply[    0     1  5000],	Cha[40495 40496 70000],	Item[    8     9 50000],	TNpc[  493   493   700]
[04-06 11:21:03.000]Ply[    0     1  5000],	Cha[40495 40496 70000],	Item[    8     9 50000],	TNpc[  493   493   700]
[04-06 11:22:02.990]Ply[    0     1  5000],	Cha[40495 40496 70000],	Item[    8     9 50000],	TNpc[  493   493   700]
[04-06 11:23:03.046]Ply[    0     1  5000],	Cha[40495 40496 70000],	Item[    8     9 50000],	TNpc[  493   493   700]
[04-06 11:24:03.038]Ply[    0     1  5000],	Cha[40495 40496 70000],	Item[    8     9 50000],	TNpc[  493   493   700]
[04-06 11:25:03.086]Ply[    0     1  5000],	Cha[40495 40496 70000],	Item[    8     9 50000],	TNpc[  493   493   700]
[04-06 11:26:03.092]Ply[    0     1  5000],	Cha[40495 40496 70000],	Item[    8     9 50000],	TNpc[  493   493   700]
[04-06 11:27:03.091]Ply[    0     1  5000],	Cha[40495 40496 70000],	Item[    8     9 50000],	TNpc[  493   493   700]
[04-06 11:28:03.085]Ply[    0     1  5000],	Cha[40495 40496 70000],	Item[    8     9 50000],	TNpc[  493   493   700]
[04-06 11:29:03.094]Ply[    0     1  5000],	Cha[40495 40496 70000],	Item[    8     9 50000],	TNpc[  493   493   700]
[04-06 11:30:03.118]Ply[    0     1  5000],	Cha[40495 40496 70000],	Item[    7     9 50000],	TNpc[  493   493   700]
[04-06 11:31:03.142]Ply[    0     1  5000],	Cha[40495 40496 70000],	Item[    7     9 50000],	TNpc[  493   493   700]
[04-06 11:32:03.184]Ply[    0     1  5000],	Cha[40495 40496 70000],	Item[    7     9 50000],	TNpc[  493   493   700]
[04-06 11:33:03.211]Ply[    0     1  5000],	Cha[40495 40496 70000],	Item[    7     9 50000],	TNpc[  493   493   700]
[04-06 11:34:03.228]Ply[    0     1  5000],	Cha[40495 40496 70000],	Item[    7     9 50000],	TNpc[  493   493   700]
[04-06 11:35:03.276]Ply[    0     1  5000],	Cha[40495 40496 70000],	Item[    7     9 50000],	TNpc[  493   493   700]
[04-06 11:36:03.276]Ply[    0     1  5000],	Cha[40495 40496 70000],	Item[    7     9 50000],	TNpc[  493   493   700]
[04-06 11:37:03.301]Ply[    0     1  5000],	Cha[40495 40496 70000],	Item[    7     9 50000],	TNpc[  493   493   700]
[04-06 11:38:03.316]Ply[    0     1  5000],	Cha[40495 40496 70000],	Item[    7     9 50000],	TNpc[  493   493   700]
[04-06 11:39:03.310]Ply[    0     1  5000],	Cha[40495 40496 70000],	Item[    7     9 50000],	TNpc[  493   493   700]
[04-06 11:40:03.307]Ply[    0     1  5000],	Cha[40495 40496 70000],	Item[    7     9 50000],	TNpc[  493   493   700]
[04-06 11:41:03.340]Ply[    0     1  5000],	Cha[40495 40496 70000],	Item[    7     9 50000],	TNpc[  493   493   700]
[04-06 11:42:03.387]Ply[    0     1  5000],	Cha[40495 40496 70000],	Item[    7     9 50000],	TNpc[  493   493   700]
[04-06 11:43:03.409]Ply[    0     1  5000],	Cha[40495 40496 70000],	Item[    7     9 50000],	TNpc[  493   493   700]
[04-06 11:44:03.420]Ply[    0     1  5000],	Cha[40495 40496 70000],	Item[    7     9 50000],	TNpc[  493   493   700]
[04-06 11:45:03.461]Ply[    0     1  5000],	Cha[40495 40496 70000],	Item[    7     9 50000],	TNpc[  493   493   700]
[04-06 11:46:03.508]Ply[    0     1  5000],	Cha[40495 40496 70000],	Item[    7     9 50000],	TNpc[  493   493   700]
[04-06 11:47:03.514]Ply[    0     1  5000],	Cha[40495 40496 70000],	Item[    7     9 50000],	TNpc[  493   493   700]
[04-06 11:48:03.522]Ply[    0     1  5000],	Cha[40495 40496 70000],	Item[    7     9 50000],	TNpc[  493   493   700]
[04-06 11:49:03.535]Ply[    0     1  5000],	Cha[40495 40496 70000],	Item[    7     9 50000],	TNpc[  493   493   700]
[04-06 11:50:03.586]Ply[    0     1  5000],	Cha[40495 40496 70000],	Item[    7     9 50000],	TNpc[  493   493   700]
[04-06 11:51:03.593]Ply[    0     1  5000],	Cha[40495 40496 70000],	Item[    7     9 50000],	TNpc[  493   493   700]
[04-06 11:52:03.619]Ply[    0     1  5000],	Cha[40495 40496 70000],	Item[    7     9 50000],	TNpc[  493   493   700]
[04-06 11:53:03.671]Ply[    0     1  5000],	Cha[40495 40496 70000],	Item[    7     9 50000],	TNpc[  493   493   700]
[04-06 11:54:03.668]Ply[    0     1  5000],	Cha[40495 40496 70000],	Item[    7     9 50000],	TNpc[  493   493   700]
[04-06 11:55:03.670]Ply[    0     1  5000],	Cha[40495 40496 70000],	Item[    7     9 50000],	TNpc[  493   493   700]
[04-06 11:56:03.662]Ply[    0     1  5000],	Cha[40495 40496 70000],	Item[    7     9 50000],	TNpc[  493   493   700]
[04-06 11:57:03.713]Ply[    0     1  5000],	Cha[40495 40496 70000],	Item[    7     9 50000],	TNpc[  493   493   700]
[04-06 11:58:03.767]Ply[    0     1  5000],	Cha[40495 40496 70000],	Item[    7     9 50000],	TNpc[  493   493   700]
[04-06 11:59:03.786]Ply[    0     1  5000],	Cha[40495 40496 70000],	Item[    7     9 50000],	TNpc[  493   493   700]
[04-06 12:00:03.846]Ply[    0     1  5000],	Cha[40495 40496 70000],	Item[    7     9 50000],	TNpc[  493   493   700]
[04-06 12:01:03.881]Ply[    0     1  5000],	Cha[40495 40496 70000],	Item[    7     9 50000],	TNpc[  493   493   700]
[04-06 12:02:03.923]Ply[    0     1  5000],	Cha[40495 40496 70000],	Item[    7     9 50000],	TNpc[  493   493   700]
[04-06 12:03:03.968]Ply[    0     1  5000],	Cha[40495 40496 70000],	Item[    7     9 50000],	TNpc[  493   493   700]
[04-06 12:04:03.959]Ply[    0     1  5000],	Cha[40495 40496 70000],	Item[    7     9 50000],	TNpc[  493   493   700]
[04-06 12:05:04.013]Ply[    0     1  5000],	Cha[40495 40496 70000],	Item[    7     9 50000],	TNpc[  493   493   700]
[04-06 12:06:04.046]Ply[    0     1  5000],	Cha[40495 40496 70000],	Item[    7     9 50000],	TNpc[  493   493   700]
[04-06 12:07:04.053]Ply[    0     1  5000],	Cha[40495 40496 70000],	Item[    7     9 50000],	TNpc[  493   493   700]
[04-06 12:08:04.089]Ply[    0     1  5000],	Cha[40495 40496 70000],	Item[    7     9 50000],	TNpc[  493   493   700]
[04-06 12:09:04.090]Ply[    0     1  5000],	Cha[40495 40496 70000],	Item[    7     9 50000],	TNpc[  493   493   700]
[04-06 12:10:04.129]Ply[    0     1  5000],	Cha[40495 40496 70000],	Item[    7     9 50000],	TNpc[  493   493   700]
[04-06 12:11:04.142]Ply[    0     1  5000],	Cha[40495 40496 70000],	Item[    7     9 50000],	TNpc[  493   493   700]
[04-06 12:12:04.165]Ply[    0     1  5000],	Cha[40495 40496 70000],	Item[    7     9 50000],	TNpc[  493   493   700]
[04-06 12:13:04.192]Ply[    0     1  5000],	Cha[40495 40496 70000],	Item[    7     9 50000],	TNpc[  493   493   700]
[04-06 12:14:04.230]Ply[    0     1  5000],	Cha[40495 40496 70000],	Item[    7     9 50000],	TNpc[  493   493   700]
[04-06 12:15:04.270]Ply[    0     1  5000],	Cha[40495 40496 70000],	Item[    7     9 50000],	TNpc[  493   493   700]
[04-06 12:16:04.311]Ply[    0     1  5000],	Cha[40495 40496 70000],	Item[    7     9 50000],	TNpc[  493   493   700]
[04-06 12:17:04.313]Ply[    0     1  5000],	Cha[40495 40496 70000],	Item[    7     9 50000],	TNpc[  493   493   700]
[04-06 12:18:04.342]Ply[    0     1  5000],	Cha[40495 40496 70000],	Item[    7     9 50000],	TNpc[  493   493   700]
[04-06 12:19:04.374]Ply[    0     1  5000],	Cha[40495 40496 70000],	Item[    7     9 50000],	TNpc[  493   493   700]
[04-06 12:20:04.373]Ply[    0     1  5000],	Cha[40495 40496 70000],	Item[    7     9 50000],	TNpc[  493   493   700]
[04-06 12:21:04.404]Ply[    0     1  5000],	Cha[40495 40496 70000],	Item[    7     9 50000],	TNpc[  493   493   700]
[04-06 12:22:04.430]Ply[    0     1  5000],	Cha[40495 40496 70000],	Item[    7     9 50000],	TNpc[  493   493   700]
[04-06 12:23:04.433]Ply[    0     1  5000],	Cha[40495 40496 70000],	Item[    7     9 50000],	TNpc[  493   493   700]
[04-06 12:24:04.473]Ply[    0     1  5000],	Cha[40495 40496 70000],	Item[    7     9 50000],	TNpc[  493   493   700]
[04-06 12:25:04.489]Ply[    0     1  5000],	Cha[40495 40496 70000],	Item[    7     9 50000],	TNpc[  493   493   700]
[04-06 12:26:04.531]Ply[    0     1  5000],	Cha[40495 40496 70000],	Item[    7     9 50000],	TNpc[  493   493   700]
[04-06 12:27:04.575]Ply[    0     1  5000],	Cha[40495 40496 70000],	Item[    7     9 50000],	TNpc[  493   493   700]
[04-06 12:28:04.601]Ply[    0     1  5000],	Cha[40495 40496 70000],	Item[    7     9 50000],	TNpc[  493   493   700]
[04-06 12:29:04.645]Ply[    0     1  5000],	Cha[40495 40496 70000],	Item[    7     9 50000],	TNpc[  493   493   700]
[04-06 12:30:04.656]Ply[    0     1  5000],	Cha[40495 40496 70000],	Item[    7     9 50000],	TNpc[  493   493   700]
[04-06 12:31:04.677]Ply[    0     1  5000],	Cha[40495 40496 70000],	Item[    7     9 50000],	TNpc[  493   493   700]
[04-06 12:32:04.718]Ply[    0     1  5000],	Cha[40495 40496 70000],	Item[    7     9 50000],	TNpc[  493   493   700]
[04-06 12:33:04.759]Ply[    0     1  5000],	Cha[40495 40496 70000],	Item[    7     9 50000],	TNpc[  493   493   700]
[04-06 12:34:04.811]Ply[    0     1  5000],	Cha[40495 40496 70000],	Item[    7     9 50000],	TNpc[  493   493   700]
[04-06 12:35:04.808]Ply[    0     1  5000],	Cha[40495 40496 70000],	Item[    7     9 50000],	TNpc[  493   493   700]
[04-06 12:36:04.833]Ply[    0     1  5000],	Cha[40495 40496 70000],	Item[    7     9 50000],	TNpc[  493   493   700]
[04-06 12:37:04.874]Ply[    0     1  5000],	Cha[40495 40496 70000],	Item[    7     9 50000],	TNpc[  493   493   700]
[04-06 12:38:04.898]Ply[    0     1  5000],	Cha[40495 40496 70000],	Item[    7     9 50000],	TNpc[  493   493   700]
[04-06 12:39:04.910]Ply[    0     1  5000],	Cha[40495 40496 70000],	Item[    7     9 50000],	TNpc[  493   493   700]
[04-06 12:40:04.934]Ply[    0     1  5000],	Cha[40495 40496 70000],	Item[    7     9 50000],	TNpc[  493   493   700]
[04-06 12:41:04.972]Ply[    0     1  5000],	Cha[40495 40496 70000],	Item[    7     9 50000],	TNpc[  493   493   700]
[04-06 12:42:04.978]Ply[    0     1  5000],	Cha[40495 40496 70000],	Item[    7     9 50000],	TNpc[  493   493   700]
[04-06 12:43:04.993]Ply[    0     1  5000],	Cha[40495 40496 70000],	Item[    7     9 50000],	TNpc[  493   493   700]
[04-06 12:44:05.025]Ply[    0     1  5000],	Cha[40495 40496 70000],	Item[    7     9 50000],	TNpc[  493   493   700]
[04-06 12:45:05.078]Ply[    0     1  5000],	Cha[40495 40496 70000],	Item[    7     9 50000],	TNpc[  493   493   700]
[04-06 12:46:05.073]Ply[    0     1  5000],	Cha[40495 40496 70000],	Item[    7     9 50000],	TNpc[  493   493   700]
[04-06 12:47:05.124]Ply[    0     1  5000],	Cha[40495 40496 70000],	Item[    7     9 50000],	TNpc[  493   493   700]
[04-06 12:48:05.173]Ply[    0     1  5000],	Cha[40495 40496 70000],	Item[    7     9 50000],	TNpc[  493   493   700]
[04-06 12:49:05.161]Ply[    0     1  5000],	Cha[40495 40496 70000],	Item[    7     9 50000],	TNpc[  493   493   700]
[04-06 12:50:05.218]Ply[    0     1  5000],	Cha[40495 40496 70000],	Item[    7     9 50000],	TNpc[  493   493   700]
[04-06 12:51:05.255]Ply[    0     1  5000],	Cha[40495 40496 70000],	Item[    7     9 50000],	TNpc[  493   493   700]
[04-06 12:52:05.272]Ply[    0     1  5000],	Cha[40495 40496 70000],	Item[    7     9 50000],	TNpc[  493   493   700]
[04-06 12:53:05.292]Ply[    0     1  5000],	Cha[40495 40496 70000],	Item[    7     9 50000],	TNpc[  493   493   700]
[04-06 12:54:05.304]Ply[    0     1  5000],	Cha[40495 40496 70000],	Item[    7     9 50000],	TNpc[  493   493   700]
[04-06 12:55:05.320]Ply[    0     1  5000],	Cha[40495 40496 70000],	Item[    7     9 50000],	TNpc[  493   493   700]
[04-06 12:56:05.347]Ply[    0     1  5000],	Cha[40495 40496 70000],	Item[    7     9 50000],	TNpc[  493   493   700]
[04-06 12:57:05.367]Ply[    0     1  5000],	Cha[40495 40496 70000],	Item[    7     9 50000],	TNpc[  493   493   700]
[04-06 12:58:05.424]Ply[    0     1  5000],	Cha[40495 40496 70000],	Item[    7     9 50000],	TNpc[  493   493   700]
[04-06 12:59:05.418]Ply[    0     1  5000],	Cha[40495 40496 70000],	Item[    7     9 50000],	TNpc[  493   493   700]
[04-06 13:00:05.420]Ply[    0     1  5000],	Cha[40495 40496 70000],	Item[   13    13 50000],	TNpc[  493   493   700]
[04-06 13:01:05.462]Ply[    0     1  5000],	Cha[40495 40496 70000],	Item[   13    13 50000],	TNpc[  493   493   700]
[04-06 13:02:05.503]Ply[    0     1  5000],	Cha[40495 40496 70000],	Item[   13    13 50000],	TNpc[  493   493   700]
[04-06 13:03:05.535]Ply[    0     1  5000],	Cha[40495 40496 70000],	Item[   13    13 50000],	TNpc[  493   493   700]
[04-06 13:04:05.593]Ply[    0     1  5000],	Cha[40495 40496 70000],	Item[   13    13 50000],	TNpc[  493   493   700]
[04-06 13:05:05.591]Ply[    0     1  5000],	Cha[40495 40496 70000],	Item[   13    13 50000],	TNpc[  493   493   700]
[04-06 13:06:05.607]Ply[    0     1  5000],	Cha[40495 40496 70000],	Item[   13    13 50000],	TNpc[  493   493   700]
[04-06 13:07:05.625]Ply[    0     1  5000],	Cha[40495 40496 70000],	Item[   13    13 50000],	TNpc[  493   493   700]
[04-06 13:08:05.624]Ply[    0     1  5000],	Cha[40495 40496 70000],	Item[   13    13 50000],	TNpc[  493   493   700]
[04-06 13:09:05.641]Ply[    0     1  5000],	Cha[40495 40496 70000],	Item[   13    13 50000],	TNpc[  493   493   700]
[04-06 13:10:05.632]Ply[    0     1  5000],	Cha[40495 40496 70000],	Item[   13    13 50000],	TNpc[  493   493   700]
[04-06 13:11:05.665]Ply[    0     1  5000],	Cha[40495 40496 70000],	Item[   13    13 50000],	TNpc[  493   493   700]
[04-06 13:12:05.707]Ply[    0     1  5000],	Cha[40495 40496 70000],	Item[   13    13 50000],	TNpc[  493   493   700]
[04-06 13:13:05.739]Ply[    0     1  5000],	Cha[40495 40496 70000],	Item[   13    13 50000],	TNpc[  493   493   700]
[04-06 13:14:05.796]Ply[    0     1  5000],	Cha[40495 40496 70000],	Item[   13    13 50000],	TNpc[  493   493   700]
[04-06 13:15:05.841]Ply[    0     1  5000],	Cha[40495 40496 70000],	Item[   13    13 50000],	TNpc[  493   493   700]
[04-06 13:16:05.880]Ply[    0     1  5000],	Cha[40495 40496 70000],	Item[   13    13 50000],	TNpc[  493   493   700]
[04-06 13:17:05.939]Ply[    0     1  5000],	Cha[40495 40496 70000],	Item[   13    13 50000],	TNpc[  493   493   700]
[04-06 13:18:05.963]Ply[    0     1  5000],	Cha[40495 40496 70000],	Item[   13    13 50000],	TNpc[  493   493   700]
[04-06 13:19:05.980]Ply[    0     1  5000],	Cha[40495 40496 70000],	Item[   13    13 50000],	TNpc[  493   493   700]
[04-06 13:20:06.014]Ply[    0     1  5000],	Cha[40495 40496 70000],	Item[   13    13 50000],	TNpc[  493   493   700]
[04-06 13:21:06.033]Ply[    0     1  5000],	Cha[40495 40496 70000],	Item[   13    13 50000],	TNpc[  493   493   700]
[04-06 13:22:06.039]Ply[    0     1  5000],	Cha[40495 40496 70000],	Item[   13    13 50000],	TNpc[  493   493   700]
[04-06 13:23:06.040]Ply[    0     1  5000],	Cha[40495 40496 70000],	Item[   13    13 50000],	TNpc[  493   493   700]
[04-06 13:24:06.071]Ply[    0     1  5000],	Cha[40495 40496 70000],	Item[   13    13 50000],	TNpc[  493   493   700]
[04-06 13:25:06.092]Ply[    0     1  5000],	Cha[40495 40496 70000],	Item[   13    13 50000],	TNpc[  493   493   700]
[04-06 13:26:06.109]Ply[    0     1  5000],	Cha[40495 40496 70000],	Item[   13    13 50000],	TNpc[  493   493   700]
[04-06 13:27:06.143]Ply[    0     1  5000],	Cha[40495 40496 70000],	Item[   13    13 50000],	TNpc[  493   493   700]
[04-06 13:28:06.172]Ply[    0     1  5000],	Cha[40495 40496 70000],	Item[   13    13 50000],	TNpc[  493   493   700]
[04-06 13:29:06.182]Ply[    0     1  5000],	Cha[40495 40496 70000],	Item[   13    13 50000],	TNpc[  493   493   700]
[04-06 13:30:06.200]Ply[    0     1  5000],	Cha[40495 40496 70000],	Item[   13    13 50000],	TNpc[  493   493   700]
[04-06 13:31:06.237]Ply[    0     1  5000],	Cha[40495 40496 70000],	Item[   13    13 50000],	TNpc[  493   493   700]
[04-06 13:32:06.235]Ply[    0     1  5000],	Cha[40495 40496 70000],	Item[   13    13 50000],	TNpc[  493   493   700]
[04-06 13:33:06.260]Ply[    0     1  5000],	Cha[40495 40496 70000],	Item[   13    13 50000],	TNpc[  493   493   700]
[04-06 13:34:06.315]Ply[    0     1  5000],	Cha[40495 40496 70000],	Item[   13    13 50000],	TNpc[  493   493   700]
[04-06 13:35:06.310]Ply[    0     1  5000],	Cha[40495 40496 70000],	Item[   13    13 50000],	TNpc[  493   493   700]
[04-06 13:36:06.303]Ply[    0     1  5000],	Cha[40495 40496 70000],	Item[   13    13 50000],	TNpc[  493   493   700]
[04-06 13:37:06.353]Ply[    0     1  5000],	Cha[40495 40496 70000],	Item[   13    13 50000],	TNpc[  493   493   700]
[04-06 13:38:06.362]Ply[    0     1  5000],	Cha[40495 40496 70000],	Item[   13    13 50000],	TNpc[  493   493   700]
[04-06 13:39:06.357]Ply[    0     1  5000],	Cha[40495 40496 70000],	Item[   13    13 50000],	TNpc[  493   493   700]
[04-06 13:40:06.357]Ply[    0     1  5000],	Cha[40495 40496 70000],	Item[    9    13 50000],	TNpc[  493   493   700]
[04-06 13:41:06.375]Ply[    0     1  5000],	Cha[40495 40496 70000],	Item[    9    13 50000],	TNpc[  493   493   700]
[04-06 13:42:06.419]Ply[    0     1  5000],	Cha[40495 40496 70000],	Item[    9    13 50000],	TNpc[  493   493   700]
[04-06 13:43:06.436]Ply[    0     1  5000],	Cha[40495 40496 70000],	Item[    9    13 50000],	TNpc[  493   493   700]
[04-06 13:44:06.443]Ply[    0     1  5000],	Cha[40495 40496 70000],	Item[    9    13 50000],	TNpc[  493   493   700]
[04-06 13:45:06.496]Ply[    0     1  5000],	Cha[40495 40496 70000],	Item[    9    13 50000],	TNpc[  493   493   700]
[04-06 13:46:06.509]Ply[    0     1  5000],	Cha[40495 40496 70000],	Item[    9    13 50000],	TNpc[  493   493   700]
[04-06 13:47:06.558]Ply[    0     1  5000],	Cha[40495 40496 70000],	Item[    9    13 50000],	TNpc[  493   493   700]
[04-06 13:48:06.597]Ply[    0     1  5000],	Cha[40495 40496 70000],	Item[    9    13 50000],	TNpc[  493   493   700]
[04-06 13:49:06.639]Ply[    0     1  5000],	Cha[40495 40496 70000],	Item[    9    13 50000],	TNpc[  493   493   700]
[04-06 13:50:06.689]Ply[    0     1  5000],	Cha[40495 40496 70000],	Item[    9    13 50000],	TNpc[  493   493   700]
[04-06 13:51:06.683]Ply[    0     1  5000],	Cha[40495 40496 70000],	Item[    9    13 50000],	TNpc[  493   493   700]
[04-06 13:52:06.679]Ply[    0     1  5000],	Cha[40495 40496 70000],	Item[    9    13 50000],	TNpc[  493   493   700]
[04-06 13:53:06.677]Ply[    0     1  5000],	Cha[40495 40496 70000],	Item[    9    13 50000],	TNpc[  493   493   700]
[04-06 13:54:06.703]Ply[    0     1  5000],	Cha[40495 40496 70000],	Item[    9    13 50000],	TNpc[  493   493   700]
[04-06 13:55:06.721]Ply[    0     1  5000],	Cha[40495 40496 70000],	Item[    9    13 50000],	TNpc[  493   493   700]
[04-06 13:56:06.768]Ply[    0     1  5000],	Cha[40495 40496 70000],	Item[    9    13 50000],	TNpc[  493   493   700]
[04-06 13:57:06.766]Ply[    0     1  5000],	Cha[40495 40496 70000],	Item[    9    13 50000],	TNpc[  493   493   700]
[04-06 13:58:06.785]Ply[    0     1  5000],	Cha[40495 40496 70000],	Item[    9    13 50000],	TNpc[  493   493   700]
[04-06 13:59:06.841]Ply[    0     1  5000],	Cha[40495 40496 70000],	Item[    9    13 50000],	TNpc[  493   493   700]
[04-06 14:00:06.852]Ply[    0     1  5000],	Cha[40495 40496 70000],	Item[    9    13 50000],	TNpc[  493   493   700]
[04-06 14:01:06.848]Ply[    0     1  5000],	Cha[40495 40496 70000],	Item[    9    13 50000],	TNpc[  493   493   700]
[04-06 14:02:06.859]Ply[    0     1  5000],	Cha[40495 40496 70000],	Item[    9    13 50000],	TNpc[  493   493   700]
[04-06 14:03:06.900]Ply[    0     1  5000],	Cha[40495 40496 70000],	Item[    9    13 50000],	TNpc[  493   493   700]
[04-06 14:04:06.902]Ply[    0     1  5000],	Cha[40495 40496 70000],	Item[    9    13 50000],	TNpc[  493   493   700]
[04-06 14:05:06.929]Ply[    0     1  5000],	Cha[40495 40496 70000],	Item[    9    13 50000],	TNpc[  493   493   700]
[04-06 14:06:06.973]Ply[    0     1  5000],	Cha[40495 40496 70000],	Item[    9    13 50000],	TNpc[  493   493   700]
[04-06 14:07:07.032]Ply[    0     1  5000],	Cha[40495 40496 70000],	Item[    9    13 50000],	TNpc[  493   493   700]
[04-06 14:08:07.027]Ply[    0     1  5000],	Cha[40495 40496 70000],	Item[    9    13 50000],	TNpc[  493   493   700]
[04-06 14:09:07.075]Ply[    0     1  5000],	Cha[40495 40496 70000],	Item[    9    13 50000],	TNpc[  493   493   700]
[04-06 14:10:07.121]Ply[    0     1  5000],	Cha[40495 40496 70000],	Item[    9    13 50000],	TNpc[  493   493   700]
[04-06 14:11:07.166]Ply[    0     1  5000],	Cha[40495 40496 70000],	Item[    9    13 50000],	TNpc[  493   493   700]
[04-06 14:12:07.193]Ply[    0     1  5000],	Cha[40495 40496 70000],	Item[    9    13 50000],	TNpc[  493   493   700]
[04-06 14:13:07.197]Ply[    0     1  5000],	Cha[40495 40496 70000],	Item[    9    13 50000],	TNpc[  493   493   700]
[04-06 14:14:07.216]Ply[    0     1  5000],	Cha[40495 40496 70000],	Item[    9    13 50000],	TNpc[  493   493   700]
[04-06 14:15:07.262]Ply[    0     1  5000],	Cha[40495 40496 70000],	Item[    9    13 50000],	TNpc[  493   493   700]
[04-06 14:16:07.277]Ply[    0     1  5000],	Cha[40495 40496 70000],	Item[    9    13 50000],	TNpc[  493   493   700]
[04-06 14:17:07.282]Ply[    0     1  5000],	Cha[40495 40496 70000],	Item[    9    13 50000],	TNpc[  493   493   700]
[04-06 14:18:07.325]Ply[    0     1  5000],	Cha[40495 40496 70000],	Item[    9    13 50000],	TNpc[  493   493   700]
[04-06 14:19:07.333]Ply[    0     1  5000],	Cha[40495 40496 70000],	Item[    9    13 50000],	TNpc[  493   493   700]
[04-06 14:20:07.380]Ply[    0     1  5000],	Cha[40495 40496 70000],	Item[    8    13 50000],	TNpc[  493   493   700]
[04-06 14:21:07.425]Ply[    0     1  5000],	Cha[40495 40496 70000],	Item[    8    13 50000],	TNpc[  493   493   700]
[04-06 14:22:07.483]Ply[    0     1  5000],	Cha[40495 40496 70000],	Item[    8    13 50000],	TNpc[  493   493   700]
[04-06 14:23:07.520]Ply[    0     1  5000],	Cha[40495 40496 70000],	Item[    8    13 50000],	TNpc[  493   493   700]
[04-06 14:24:07.579]Ply[    0     1  5000],	Cha[40495 40496 70000],	Item[    8    13 50000],	TNpc[  493   493   700]
[04-06 14:25:07.571]Ply[    0     1  5000],	Cha[40495 40496 70000],	Item[    8    13 50000],	TNpc[  493   493   700]
[04-06 14:26:07.611]Ply[    0     1  5000],	Cha[40495 40496 70000],	Item[    8    13 50000],	TNpc[  493   493   700]
[04-06 14:27:07.650]Ply[    0     1  5000],	Cha[40495 40496 70000],	Item[    8    13 50000],	TNpc[  493   493   700]
[04-06 14:28:07.686]Ply[    0     1  5000],	Cha[40495 40496 70000],	Item[    8    13 50000],	TNpc[  493   493   700]
[04-06 14:29:07.704]Ply[    0     1  5000],	Cha[40495 40496 70000],	Item[    8    13 50000],	TNpc[  493   493   700]
[04-06 14:30:07.727]Ply[    0     1  5000],	Cha[40495 40496 70000],	Item[    7    13 50000],	TNpc[  493   493   700]
[04-06 14:31:07.761]Ply[    0     1  5000],	Cha[40495 40496 70000],	Item[    7    13 50000],	TNpc[  493   493   700]
[04-06 14:32:07.796]Ply[    0     1  5000],	Cha[40495 40496 70000],	Item[    7    13 50000],	TNpc[  493   493   700]
[04-06 14:33:07.806]Ply[    0     1  5000],	Cha[40495 40496 70000],	Item[    7    13 50000],	TNpc[  493   493   700]
[04-06 14:34:07.851]Ply[    0     1  5000],	Cha[40495 40496 70000],	Item[    7    13 50000],	TNpc[  493   493   700]
[04-06 14:35:07.859]Ply[    0     1  5000],	Cha[40495 40496 70000],	Item[    7    13 50000],	TNpc[  493   493   700]
[04-06 14:36:07.870]Ply[    0     1  5000],	Cha[40495 40496 70000],	Item[    7    13 50000],	TNpc[  493   493   700]
[04-06 14:37:07.908]Ply[    0     1  5000],	Cha[40495 40496 70000],	Item[    7    13 50000],	TNpc[  493   493   700]
[04-06 14:38:07.945]Ply[    0     1  5000],	Cha[40495 40496 70000],	Item[    7    13 50000],	TNpc[  493   493   700]
[04-06 14:39:07.978]Ply[    0     1  5000],	Cha[40495 40496 70000],	Item[    7    13 50000],	TNpc[  493   493   700]
[04-06 14:40:07.973]Ply[    0     1  5000],	Cha[40495 40496 70000],	Item[    7    13 50000],	TNpc[  493   493   700]
[04-06 14:41:07.988]Ply[    0     1  5000],	Cha[40495 40496 70000],	Item[    7    13 50000],	TNpc[  493   493   700]
[04-06 14:42:08.016]Ply[    0     1  5000],	Cha[40495 40496 70000],	Item[    7    13 50000],	TNpc[  493   493   700]
[04-06 14:43:08.022]Ply[    0     1  5000],	Cha[40495 40496 70000],	Item[    7    13 50000],	TNpc[  493   493   700]
[04-06 14:44:08.038]Ply[    0     1  5000],	Cha[40495 40496 70000],	Item[    7    13 50000],	TNpc[  493   493   700]
[04-06 14:45:08.044]Ply[    0     1  5000],	Cha[40495 40496 70000],	Item[    7    13 50000],	TNpc[  493   493   700]
[04-06 14:46:08.088]Ply[    0     1  5000],	Cha[40495 40496 70000],	Item[    7    13 50000],	TNpc[  493   493   700]
[04-06 14:47:08.119]Ply[    0     1  5000],	Cha[40495 40496 70000],	Item[    7    13 50000],	TNpc[  493   493   700]
[04-06 14:48:08.137]Ply[    0     1  5000],	Cha[40495 40496 70000],	Item[    7    13 50000],	TNpc[  493   493   700]
[04-06 14:49:08.178]Ply[    0     1  5000],	Cha[40495 40496 70000],	Item[    7    13 50000],	TNpc[  493   493   700]
[04-06 14:50:08.183]Ply[    0     1  5000],	Cha[40495 40496 70000],	Item[    7    13 50000],	TNpc[  493   493   700]
[04-06 14:51:08.223]Ply[    0     1  5000],	Cha[40495 40496 70000],	Item[    7    13 50000],	TNpc[  493   493   700]
[04-06 14:52:08.235]Ply[    0     1  5000],	Cha[40495 40496 70000],	Item[    7    13 50000],	TNpc[  493   493   700]
[04-06 14:53:08.240]Ply[    0     1  5000],	Cha[40495 40496 70000],	Item[    7    13 50000],	TNpc[  493   493   700]
[04-06 14:54:08.288]Ply[    0     1  5000],	Cha[40495 40496 70000],	Item[    7    13 50000],	TNpc[  493   493   700]
[04-06 14:55:08.334]Ply[    0     1  5000],	Cha[40495 40496 70000],	Item[    7    13 50000],	TNpc[  493   493   700]
[04-06 14:56:08.344]Ply[    0     1  5000],	Cha[40495 40496 70000],	Item[    7    13 50000],	TNpc[  493   493   700]
[04-06 14:57:08.333]Ply[    0     1  5000],	Cha[40495 40496 70000],	Item[    7    13 50000],	TNpc[  493   493   700]
[04-06 14:58:08.385]Ply[    0     1  5000],	Cha[40495 40496 70000],	Item[    7    13 50000],	TNpc[  493   493   700]
[04-06 14:59:08.406]Ply[    0     1  5000],	Cha[40495 40496 70000],	Item[    7    13 50000],	TNpc[  493   493   700]
[04-06 15:00:08.413]Ply[    0     1  5000],	Cha[40495 40496 70000],	Item[    8    13 50000],	TNpc[  493   493   700]
[04-06 15:01:08.461]Ply[    0     1  5000],	Cha[40495 40496 70000],	Item[    8    13 50000],	TNpc[  493   493   700]
[04-06 15:02:08.477]Ply[    0     1  5000],	Cha[40495 40496 70000],	Item[    8    13 50000],	TNpc[  493   493   700]
[04-06 15:03:08.500]Ply[    0     1  5000],	Cha[40495 40496 70000],	Item[    8    13 50000],	TNpc[  493   493   700]
[04-06 15:04:08.513]Ply[    0     1  5000],	Cha[40495 40496 70000],	Item[    8    13 50000],	TNpc[  493   493   700]
[04-06 15:05:08.563]Ply[    0     1  5000],	Cha[40495 40496 70000],	Item[    8    13 50000],	TNpc[  493   493   700]
[04-06 15:06:08.553]Ply[    0     1  5000],	Cha[40495 40496 70000],	Item[    8    13 50000],	TNpc[  493   493   700]
[04-06 15:07:08.602]Ply[    0     1  5000],	Cha[40495 40496 70000],	Item[    8    13 50000],	TNpc[  493   493   700]
[04-06 15:08:08.635]Ply[    0     1  5000],	Cha[40495 40496 70000],	Item[    8    13 50000],	TNpc[  493   493   700]
[04-06 15:09:08.671]Ply[    0     1  5000],	Cha[40495 40496 70000],	Item[    8    13 50000],	TNpc[  493   493   700]
[04-06 15:10:08.682]Ply[    0     1  5000],	Cha[40495 40496 70000],	Item[    8    13 50000],	TNpc[  493   493   700]
[04-06 15:11:08.704]Ply[    0     1  5000],	Cha[40495 40496 70000],	Item[    8    13 50000],	TNpc[  493   493   700]
[04-06 15:12:08.749]Ply[    0     1  5000],	Cha[40495 40496 70000],	Item[    8    13 50000],	TNpc[  493   493   700]
[04-06 15:13:08.798]Ply[    0     1  5000],	Cha[40495 40496 70000],	Item[    8    13 50000],	TNpc[  493   493   700]
[04-06 15:14:08.843]Ply[    0     1  5000],	Cha[40495 40496 70000],	Item[    8    13 50000],	TNpc[  493   493   700]
[04-06 15:15:08.880]Ply[    0     1  5000],	Cha[40495 40496 70000],	Item[    8    13 50000],	TNpc[  493   493   700]
[04-06 15:16:08.879]Ply[    0     1  5000],	Cha[40495 40496 70000],	Item[    8    13 50000],	TNpc[  493   493   700]
[04-06 15:17:08.926]Ply[    0     1  5000],	Cha[40495 40496 70000],	Item[    8    13 50000],	TNpc[  493   493   700]
[04-06 15:18:08.937]Ply[    0     1  5000],	Cha[40495 40496 70000],	Item[    8    13 50000],	TNpc[  493   493   700]
[04-06 15:19:08.928]Ply[    0     1  5000],	Cha[40495 40496 70000],	Item[    8    13 50000],	TNpc[  493   493   700]
[04-06 15:20:08.951]Ply[    0     1  5000],	Cha[40495 40496 70000],	Item[    8    13 50000],	TNpc[  493   493   700]
[04-06 15:21:08.982]Ply[    0     1  5000],	Cha[40495 40496 70000],	Item[    8    13 50000],	TNpc[  493   493   700]
[04-06 15:22:09.024]Ply[    0     1  5000],	Cha[40495 40496 70000],	Item[    8    13 50000],	TNpc[  493   493   700]
[04-06 15:23:09.062]Ply[    0     1  5000],	Cha[40495 40496 70000],	Item[    8    13 50000],	TNpc[  493   493   700]
[04-06 15:24:09.055]Ply[    0     1  5000],	Cha[40495 40496 70000],	Item[    8    13 50000],	TNpc[  493   493   700]
[04-06 15:25:09.086]Ply[    0     1  5000],	Cha[40495 40496 70000],	Item[    8    13 50000],	TNpc[  493   493   700]
[04-06 15:26:09.138]Ply[    0     1  5000],	Cha[40495 40496 70000],	Item[    8    13 50000],	TNpc[  493   493   700]
[04-06 15:27:09.166]Ply[    0     1  5000],	Cha[40495 40496 70000],	Item[    8    13 50000],	TNpc[  493   493   700]
[04-06 15:28:09.182]Ply[    0     1  5000],	Cha[40495 40496 70000],	Item[    8    13 50000],	TNpc[  493   493   700]
[04-06 15:29:09.178]Ply[    0     1  5000],	Cha[40495 40496 70000],	Item[    8    13 50000],	TNpc[  493   493   700]
[04-06 15:30:09.211]Ply[    0     1  5000],	Cha[40495 40496 70000],	Item[    7    13 50000],	TNpc[  493   493   700]
[04-06 15:31:09.243]Ply[    0     1  5000],	Cha[40495 40496 70000],	Item[    7    13 50000],	TNpc[  493   493   700]
[04-06 15:32:09.251]Ply[    0     1  5000],	Cha[40495 40496 70000],	Item[    7    13 50000],	TNpc[  493   493   700]
[04-06 15:33:09.277]Ply[    0     1  5000],	Cha[40495 40496 70000],	Item[    7    13 50000],	TNpc[  493   493   700]
[04-06 15:34:09.306]Ply[    0     1  5000],	Cha[40495 40496 70000],	Item[    7    13 50000],	TNpc[  493   493   700]
[04-06 15:35:09.320]Ply[    0     1  5000],	Cha[40495 40496 70000],	Item[    7    13 50000],	TNpc[  493   493   700]
[04-06 15:36:09.364]Ply[    0     1  5000],	Cha[40495 40496 70000],	Item[    7    13 50000],	TNpc[  493   493   700]
[04-06 15:37:09.386]Ply[    0     1  5000],	Cha[40495 40496 70000],	Item[    7    13 50000],	TNpc[  493   493   700]
[04-06 15:38:09.407]Ply[    0     1  5000],	Cha[40495 40496 70000],	Item[    7    13 50000],	TNpc[  493   493   700]
[04-06 15:39:09.415]Ply[    0     1  5000],	Cha[40495 40496 70000],	Item[    7    13 50000],	TNpc[  493   493   700]
[04-06 15:40:09.447]Ply[    0     1  5000],	Cha[40495 40496 70000],	Item[    7    13 50000],	TNpc[  493   493   700]
[04-06 15:41:09.485]Ply[    0     1  5000],	Cha[40495 40496 70000],	Item[    7    13 50000],	TNpc[  493   493   700]
[04-06 15:42:09.478]Ply[    0     1  5000],	Cha[40495 40496 70000],	Item[    7    13 50000],	TNpc[  493   493   700]
[04-06 15:43:09.478]Ply[    0     1  5000],	Cha[40495 40496 70000],	Item[    7    13 50000],	TNpc[  493   493   700]
[04-06 15:44:09.531]Ply[    0     1  5000],	Cha[40495 40496 70000],	Item[    7    13 50000],	TNpc[  493   493   700]
[04-06 15:45:09.519]Ply[    0     1  5000],	Cha[40495 40496 70000],	Item[    7    13 50000],	TNpc[  493   493   700]
[04-06 15:46:09.544]Ply[    0     1  5000],	Cha[40495 40496 70000],	Item[    7    13 50000],	TNpc[  493   493   700]
[04-06 15:47:09.579]Ply[    0     1  5000],	Cha[40495 40496 70000],	Item[    7    13 50000],	TNpc[  493   493   700]
[04-06 15:48:09.591]Ply[    0     1  5000],	Cha[40495 40496 70000],	Item[    7    13 50000],	TNpc[  493   493   700]
[04-06 15:49:09.603]Ply[    0     1  5000],	Cha[40495 40496 70000],	Item[    7    13 50000],	TNpc[  493   493   700]
[04-06 15:50:09.612]Ply[    0     1  5000],	Cha[40495 40496 70000],	Item[    7    13 50000],	TNpc[  493   493   700]
[04-06 15:51:09.635]Ply[    0     1  5000],	Cha[40495 40496 70000],	Item[    7    13 50000],	TNpc[  493   493   700]
[04-06 15:52:09.642]Ply[    0     1  5000],	Cha[40495 40496 70000],	Item[    7    13 50000],	TNpc[  493   493   700]
[04-06 15:53:09.690]Ply[    0     1  5000],	Cha[40495 40496 70000],	Item[    7    13 50000],	TNpc[  493   493   700]
[04-06 15:54:09.732]Ply[    0     1  5000],	Cha[40495 40496 70000],	Item[    7    13 50000],	TNpc[  493   493   700]
[04-06 15:55:09.754]Ply[    0     1  5000],	Cha[40495 40496 70000],	Item[    7    13 50000],	TNpc[  493   493   700]
[04-06 15:56:09.806]Ply[    0     1  5000],	Cha[40495 40496 70000],	Item[    7    13 50000],	TNpc[  493   493   700]
[04-06 15:57:09.832]Ply[    0     1  5000],	Cha[40495 40496 70000],	Item[    7    13 50000],	TNpc[  493   493   700]
[04-06 15:58:09.845]Ply[    0     1  5000],	Cha[40495 40496 70000],	Item[    7    13 50000],	TNpc[  493   493   700]
[04-06 15:59:09.861]Ply[    0     1  5000],	Cha[40495 40496 70000],	Item[    7    13 50000],	TNpc[  493   493   700]
[04-06 16:00:09.891]Ply[    0     1  5000],	Cha[40495 40496 70000],	Item[   13    13 50000],	TNpc[  493   493   700]
[04-06 16:01:09.908]Ply[    0     1  5000],	Cha[40495 40496 70000],	Item[   13    13 50000],	TNpc[  493   493   700]
[04-06 16:02:09.915]Ply[    0     1  5000],	Cha[40495 40496 70000],	Item[   13    13 50000],	TNpc[  493   493   700]
[04-06 16:03:09.957]Ply[    0     1  5000],	Cha[40495 40496 70000],	Item[   13    13 50000],	TNpc[  493   493   700]
[04-06 16:04:09.968]Ply[    0     1  5000],	Cha[40495 40496 70000],	Item[   13    13 50000],	TNpc[  493   493   700]
[04-06 16:05:09.965]Ply[    0     1  5000],	Cha[40495 40496 70000],	Item[   13    13 50000],	TNpc[  493   493   700]
[04-06 16:06:09.986]Ply[    0     1  5000],	Cha[40495 40496 70000],	Item[   13    13 50000],	TNpc[  493   493   700]
[04-06 16:07:09.976]Ply[    0     1  5000],	Cha[40495 40496 70000],	Item[   13    13 50000],	TNpc[  493   493   700]
[04-06 16:08:10.017]Ply[    0     1  5000],	Cha[40495 40496 70000],	Item[   13    13 50000],	TNpc[  493   493   700]
[04-06 16:09:10.062]Ply[    0     1  5000],	Cha[40495 40496 70000],	Item[   13    13 50000],	TNpc[  493   493   700]
[04-06 16:10:10.107]Ply[    0     1  5000],	Cha[40495 40496 70000],	Item[   13    13 50000],	TNpc[  493   493   700]
[04-06 16:11:10.124]Ply[    0     1  5000],	Cha[40495 40496 70000],	Item[   13    13 50000],	TNpc[  493   493   700]
[04-06 16:12:10.172]Ply[    0     1  5000],	Cha[40495 40496 70000],	Item[   13    13 50000],	TNpc[  493   493   700]
[04-06 16:13:10.180]Ply[    0     1  5000],	Cha[40495 40496 70000],	Item[   13    13 50000],	TNpc[  493   493   700]
[04-06 16:14:10.177]Ply[    0     1  5000],	Cha[40495 40496 70000],	Item[   13    13 50000],	TNpc[  493   493   700]
[04-06 16:15:10.200]Ply[    0     1  5000],	Cha[40495 40496 70000],	Item[   13    13 50000],	TNpc[  493   493   700]
[04-06 16:16:10.250]Ply[    0     1  5000],	Cha[40495 40496 70000],	Item[   13    13 50000],	TNpc[  493   493   700]
[04-06 16:17:10.252]Ply[    0     1  5000],	Cha[40495 40496 70000],	Item[   13    13 50000],	TNpc[  493   493   700]
[04-06 16:18:10.263]Ply[    0     1  5000],	Cha[40495 40496 70000],	Item[   13    13 50000],	TNpc[  493   493   700]
[04-06 16:19:10.276]Ply[    0     1  5000],	Cha[40495 40496 70000],	Item[   13    13 50000],	TNpc[  493   493   700]
[04-06 16:20:10.291]Ply[    0     1  5000],	Cha[40495 40496 70000],	Item[   13    13 50000],	TNpc[  493   493   700]
[04-06 16:21:10.346]Ply[    0     1  5000],	Cha[40495 40496 70000],	Item[   13    13 50000],	TNpc[  493   493   700]
[04-06 16:22:10.340]Ply[    0     1  5000],	Cha[40495 40496 70000],	Item[   13    13 50000],	TNpc[  493   493   700]
[04-06 16:23:10.359]Ply[    0     1  5000],	Cha[40495 40496 70000],	Item[   13    13 50000],	TNpc[  493   493   700]
[04-06 16:24:10.354]Ply[    0     1  5000],	Cha[40495 40496 70000],	Item[   13    13 50000],	TNpc[  493   493   700]
[04-06 16:25:10.368]Ply[    0     1  5000],	Cha[40495 40496 70000],	Item[   13    13 50000],	TNpc[  493   493   700]
[04-06 16:26:10.373]Ply[    0     1  5000],	Cha[40495 40496 70000],	Item[   13    13 50000],	TNpc[  493   493   700]
[04-06 16:27:10.366]Ply[    0     1  5000],	Cha[40495 40496 70000],	Item[   13    13 50000],	TNpc[  493   493   700]
[04-06 16:28:10.366]Ply[    0     1  5000],	Cha[40495 40496 70000],	Item[   13    13 50000],	TNpc[  493   493   700]
[04-06 16:29:10.403]Ply[    0     1  5000],	Cha[40495 40496 70000],	Item[   13    13 50000],	TNpc[  493   493   700]
[04-06 16:30:10.441]Ply[    0     1  5000],	Cha[40495 40496 70000],	Item[   13    13 50000],	TNpc[  493   493   700]
[04-06 16:31:10.445]Ply[    0     1  5000],	Cha[40495 40496 70000],	Item[   13    13 50000],	TNpc[  493   493   700]
[04-06 16:32:10.486]Ply[    0     1  5000],	Cha[40495 40496 70000],	Item[   13    13 50000],	TNpc[  493   493   700]
[04-06 16:33:10.505]Ply[    0     1  5000],	Cha[40495 40496 70000],	Item[   13    13 50000],	TNpc[  493   493   700]
[04-06 16:34:10.512]Ply[    0     1  5000],	Cha[40495 40496 70000],	Item[   13    13 50000],	TNpc[  493   493   700]
[04-06 16:35:10.549]Ply[    0     1  5000],	Cha[40495 40496 70000],	Item[   13    13 50000],	TNpc[  493   493   700]
[04-06 16:36:10.545]Ply[    0     1  5000],	Cha[40495 40496 70000],	Item[   13    13 50000],	TNpc[  493   493   700]
[04-06 16:37:10.556]Ply[    0     1  5000],	Cha[40495 40496 70000],	Item[   13    13 50000],	TNpc[  493   493   700]
[04-06 16:38:10.587]Ply[    0     1  5000],	Cha[40495 40496 70000],	Item[   13    13 50000],	TNpc[  493   493   700]
[04-06 16:39:10.640]Ply[    0     1  5000],	Cha[40495 40496 70000],	Item[   13    13 50000],	TNpc[  493   493   700]
[04-06 16:40:10.653]Ply[    0     1  5000],	Cha[40495 40496 70000],	Item[    9    13 50000],	TNpc[  493   493   700]
[04-06 16:41:10.676]Ply[    0     1  5000],	Cha[40495 40496 70000],	Item[    9    13 50000],	TNpc[  493   493   700]
[04-06 16:42:10.688]Ply[    0     1  5000],	Cha[40495 40496 70000],	Item[    9    13 50000],	TNpc[  493   493   700]
[04-06 16:43:10.709]Ply[    0     1  5000],	Cha[40495 40496 70000],	Item[    9    13 50000],	TNpc[  493   493   700]
[04-06 16:44:10.746]Ply[    0     1  5000],	Cha[40495 40496 70000],	Item[    9    13 50000],	TNpc[  493   493   700]
[04-06 16:45:10.799]Ply[    0     1  5000],	Cha[40495 40496 70000],	Item[    9    13 50000],	TNpc[  493   493   700]
[04-06 16:46:10.811]Ply[    0     1  5000],	Cha[40495 40496 70000],	Item[    9    13 50000],	TNpc[  493   493   700]
[04-06 16:47:10.860]Ply[    0     1  5000],	Cha[40495 40496 70000],	Item[    9    13 50000],	TNpc[  493   493   700]
[04-06 16:48:10.873]Ply[    0     1  5000],	Cha[40495 40496 70000],	Item[    9    13 50000],	TNpc[  493   493   700]
