[04-06 10:32:19.851]set makp (garner)?ID = 1!
[04-06 10:32:20.406]set makp (ctf)?ID = 54!
[04-06 10:32:20.449]set makp (garner2)?ID = 15!
[04-06 10:32:20.456]set makp (PKmap)?ID = 50!
[04-06 10:32:20.468]set makp (shalan2)?ID = 23!
[04-06 10:32:20.478]set makp (leiting2)?ID = 22!
[04-06 10:32:20.508]set makp (lonetower)?ID = 5!
[04-06 10:32:20.549]set makp (L4MAP)?ID = 28!
[04-06 10:32:20.603]set makp (LostCity)?ID = 47!
[04-06 10:32:20.633]set makp (magicsea)?ID = 2!
[04-06 10:32:21.112]set makp (jialebi)?ID = 14!
[04-06 10:32:21.222]set makp (hell)?ID = 16!
[04-06 10:32:21.237]set makp (hell2)?ID = 17!
[04-06 10:32:21.282]set makp (hell3)?ID = 18!
[04-06 10:32:21.319]set makp (hell4)?ID = 19!
[04-06 10:32:21.352]set makp (hell5)?ID = 20!
[04-06 10:32:21.387]set makp (darkblue)?ID = 3!
[04-06 10:32:21.960]set makp (eastgoaf)?ID = 4!
[04-06 10:32:22.005]set makp (winterland)?ID = 33!
[04-06 10:32:22.144]set makp (mjing1)?ID = 34!
[04-06 10:32:22.162]set makp (mjing2)?ID = 35!
[04-06 10:32:22.180]set makp (mjing3)?ID = 36!
[04-06 10:32:22.199]set makp (mjing4)?ID = 37!
[04-06 10:32:22.218]set makp (starena13)?ID = 39!
[04-06 10:32:22.225]set makp (starena23)?ID = 42!
[04-06 10:32:22.230]set makp (starena33)?ID = 45!
[04-06 10:32:22.237]set makp (abandonedcity)?ID = 8!
[04-06 10:32:22.268]set makp (abandonedcity2)?ID = 9!
[04-06 10:32:22.317]set makp (abandonedcity3)?ID = 10!
[04-06 10:32:22.359]set makp (darkswamp)?ID = 7!
[04-06 10:32:22.444]set makp (puzzleworld)?ID = 11!
[04-06 10:32:22.473]set makp (puzzleworld2)?ID = 12!
[04-06 10:32:22.504]set makp (DreamIsland)?ID = 38!
[04-06 10:32:22.584]set makp (teampk)?ID = 13!
[04-06 10:32:22.639]set makp (Hellchapter)?ID = 48!
[04-06 10:32:22.691]set makp (chaosicicle)?ID = 40!
[04-06 10:32:22.716]set makp (yschurch)?ID = 26!
[04-06 10:40:16.605]set makp (garner)?ID = 1!
[04-06 10:40:17.093]set makp (ctf)?ID = 54!
[04-06 10:40:17.102]set makp (garner2)?ID = 15!
[04-06 10:40:17.108]set makp (PKmap)?ID = 50!
[04-06 10:40:17.118]set makp (shalan2)?ID = 23!
[04-06 10:40:17.126]set makp (leiting2)?ID = 22!
[04-06 10:40:17.138]set makp (lonetower)?ID = 5!
[04-06 10:40:17.170]set makp (L4MAP)?ID = 28!
[04-06 10:40:17.179]set makp (LostCity)?ID = 47!
[04-06 10:40:17.189]set makp (magicsea)?ID = 2!
[04-06 10:40:17.628]set makp (jialebi)?ID = 14!
[04-06 10:40:17.714]set makp (hell)?ID = 16!
[04-06 10:40:17.721]set makp (hell2)?ID = 17!
[04-06 10:40:17.728]set makp (hell3)?ID = 18!
[04-06 10:40:17.739]set makp (hell4)?ID = 19!
[04-06 10:40:17.744]set makp (hell5)?ID = 20!
[04-06 10:40:17.751]set makp (darkblue)?ID = 3!
[04-06 10:40:18.223]set makp (eastgoaf)?ID = 4!
[04-06 10:40:18.247]set makp (winterland)?ID = 33!
[04-06 10:40:18.376]set makp (mjing1)?ID = 34!
[04-06 10:40:18.392]set makp (mjing2)?ID = 35!
[04-06 10:40:18.405]set makp (mjing3)?ID = 36!
[04-06 10:40:18.421]set makp (mjing4)?ID = 37!
[04-06 10:40:18.437]set makp (starena13)?ID = 39!
[04-06 10:40:18.441]set makp (starena23)?ID = 42!
[04-06 10:40:18.445]set makp (starena33)?ID = 45!
[04-06 10:40:18.450]set makp (abandonedcity)?ID = 8!
[04-06 10:40:18.465]set makp (abandonedcity2)?ID = 9!
[04-06 10:40:18.483]set makp (abandonedcity3)?ID = 10!
[04-06 10:40:18.499]set makp (darkswamp)?ID = 7!
[04-06 10:40:18.537]set makp (puzzleworld)?ID = 11!
[04-06 10:40:18.563]set makp (puzzleworld2)?ID = 12!
[04-06 10:40:18.590]set makp (DreamIsland)?ID = 38!
[04-06 10:40:18.616]set makp (teampk)?ID = 13!
[04-06 10:40:18.663]set makp (Hellchapter)?ID = 48!
[04-06 10:40:18.673]set makp (chaosicicle)?ID = 40!
[04-06 10:40:18.678]set makp (yschurch)?ID = 26!
[04-06 10:46:08.025]set makp (garner)?ID = 1!
[04-06 10:46:08.447]set makp (ctf)?ID = 54!
[04-06 10:46:08.454]set makp (garner2)?ID = 15!
[04-06 10:46:08.460]set makp (PKmap)?ID = 50!
[04-06 10:46:08.469]set makp (shalan2)?ID = 23!
[04-06 10:46:08.476]set makp (leiting2)?ID = 22!
[04-06 10:46:08.487]set makp (lonetower)?ID = 5!
[04-06 10:46:08.514]set makp (L4MAP)?ID = 28!
[04-06 10:46:08.521]set makp (LostCity)?ID = 47!
[04-06 10:46:08.530]set makp (magicsea)?ID = 2!
[04-06 10:46:08.908]set makp (jialebi)?ID = 14!
[04-06 10:46:08.985]set makp (hell)?ID = 16!
[04-06 10:46:08.992]set makp (hell2)?ID = 17!
[04-06 10:46:08.998]set makp (hell3)?ID = 18!
[04-06 10:46:09.008]set makp (hell4)?ID = 19!
[04-06 10:46:09.014]set makp (hell5)?ID = 20!
[04-06 10:46:09.020]set makp (darkblue)?ID = 3!
[04-06 10:46:09.430]set makp (eastgoaf)?ID = 4!
[04-06 10:46:09.453]set makp (winterland)?ID = 33!
[04-06 10:46:09.569]set makp (mjing1)?ID = 34!
[04-06 10:46:09.582]set makp (mjing2)?ID = 35!
[04-06 10:46:09.596]set makp (mjing3)?ID = 36!
[04-06 10:46:09.610]set makp (mjing4)?ID = 37!
[04-06 10:46:09.629]set makp (starena13)?ID = 39!
[04-06 10:46:09.633]set makp (starena23)?ID = 42!
[04-06 10:46:09.638]set makp (starena33)?ID = 45!
[04-06 10:46:09.642]set makp (abandonedcity)?ID = 8!
[04-06 10:46:09.656]set makp (abandonedcity2)?ID = 9!
[04-06 10:46:09.672]set makp (abandonedcity3)?ID = 10!
[04-06 10:46:09.686]set makp (darkswamp)?ID = 7!
[04-06 10:46:09.720]set makp (puzzleworld)?ID = 11!
[04-06 10:46:09.744]set makp (puzzleworld2)?ID = 12!
[04-06 10:46:09.768]set makp (DreamIsland)?ID = 38!
[04-06 10:46:09.792]set makp (teampk)?ID = 13!
[04-06 10:46:09.835]set makp (Hellchapter)?ID = 48!
[04-06 10:46:09.852]set makp (chaosicicle)?ID = 40!
[04-06 10:46:09.857]set makp (yschurch)?ID = 26!
[04-06 10:50:16.061]set makp (garner)?ID = 1!
[04-06 10:50:16.548]set makp (ctf)?ID = 54!
[04-06 10:50:16.557]set makp (garner2)?ID = 15!
[04-06 10:50:16.562]set makp (PKmap)?ID = 50!
[04-06 10:50:16.571]set makp (shalan2)?ID = 23!
[04-06 10:50:16.581]set makp (leiting2)?ID = 22!
[04-06 10:50:16.592]set makp (lonetower)?ID = 5!
[04-06 10:50:16.624]set makp (L4MAP)?ID = 28!
[04-06 10:50:16.632]set makp (LostCity)?ID = 47!
[04-06 10:50:16.645]set makp (magicsea)?ID = 2!
[04-06 10:50:17.231]set makp (jialebi)?ID = 14!
[04-06 10:50:17.325]set makp (hell)?ID = 16!
[04-06 10:50:17.332]set makp (hell2)?ID = 17!
[04-06 10:50:17.338]set makp (hell3)?ID = 18!
[04-06 10:50:17.352]set makp (hell4)?ID = 19!
[04-06 10:50:17.358]set makp (hell5)?ID = 20!
[04-06 10:50:17.367]set makp (darkblue)?ID = 3!
[04-06 10:50:17.935]set makp (eastgoaf)?ID = 4!
[04-06 10:50:17.966]set makp (winterland)?ID = 33!
[04-06 10:50:18.131]set makp (mjing1)?ID = 34!
[04-06 10:50:18.149]set makp (mjing2)?ID = 35!
[04-06 10:50:18.166]set makp (mjing3)?ID = 36!
[04-06 10:50:18.183]set makp (mjing4)?ID = 37!
[04-06 10:50:18.199]set makp (starena13)?ID = 39!
[04-06 10:50:18.204]set makp (starena23)?ID = 42!
[04-06 10:50:18.208]set makp (starena33)?ID = 45!
[04-06 10:50:18.212]set makp (abandonedcity)?ID = 8!
[04-06 10:50:18.227]set makp (abandonedcity2)?ID = 9!
[04-06 10:50:18.245]set makp (abandonedcity3)?ID = 10!
[04-06 10:50:18.262]set makp (darkswamp)?ID = 7!
[04-06 10:50:18.302]set makp (puzzleworld)?ID = 11!
[04-06 10:50:18.336]set makp (puzzleworld2)?ID = 12!
[04-06 10:50:18.375]set makp (DreamIsland)?ID = 38!
[04-06 10:50:18.408]set makp (teampk)?ID = 13!
[04-06 10:50:18.459]set makp (Hellchapter)?ID = 48!
[04-06 10:50:18.472]set makp (chaosicicle)?ID = 40!
[04-06 10:50:18.477]set makp (yschurch)?ID = 26!
[04-06 10:56:07.422]set makp (garner)?ID = 1!
[04-06 10:56:07.949]set makp (ctf)?ID = 54!
[04-06 10:56:07.958]set makp (garner2)?ID = 15!
[04-06 10:56:07.963]set makp (PKmap)?ID = 50!
[04-06 10:56:07.974]set makp (shalan2)?ID = 23!
[04-06 10:56:07.983]set makp (leiting2)?ID = 22!
[04-06 10:56:07.996]set makp (lonetower)?ID = 5!
[04-06 10:56:08.030]set makp (L4MAP)?ID = 28!
[04-06 10:56:08.038]set makp (LostCity)?ID = 47!
[04-06 10:56:08.049]set makp (magicsea)?ID = 2!
[04-06 10:56:08.505]set makp (jialebi)?ID = 14!
[04-06 10:56:08.593]set makp (hell)?ID = 16!
[04-06 10:56:08.602]set makp (hell2)?ID = 17!
[04-06 10:56:08.607]set makp (hell3)?ID = 18!
[04-06 10:56:08.619]set makp (hell4)?ID = 19!
[04-06 10:56:08.625]set makp (hell5)?ID = 20!
[04-06 10:56:08.633]set makp (darkblue)?ID = 3!
[04-06 10:56:09.136]set makp (eastgoaf)?ID = 4!
[04-06 10:56:09.163]set makp (winterland)?ID = 33!
[04-06 10:56:09.301]set makp (mjing1)?ID = 34!
[04-06 10:56:09.316]set makp (mjing2)?ID = 35!
[04-06 10:56:09.331]set makp (mjing3)?ID = 36!
[04-06 10:56:09.348]set makp (mjing4)?ID = 37!
[04-06 10:56:09.366]set makp (starena13)?ID = 39!
[04-06 10:56:09.370]set makp (starena23)?ID = 42!
[04-06 10:56:09.375]set makp (starena33)?ID = 45!
[04-06 10:56:09.382]set makp (abandonedcity)?ID = 8!
[04-06 10:56:09.398]set makp (abandonedcity2)?ID = 9!
[04-06 10:56:09.417]set makp (abandonedcity3)?ID = 10!
[04-06 10:56:09.434]set makp (darkswamp)?ID = 7!
[04-06 10:56:09.473]set makp (puzzleworld)?ID = 11!
[04-06 10:56:09.500]set makp (puzzleworld2)?ID = 12!
[04-06 10:56:09.527]set makp (DreamIsland)?ID = 38!
[04-06 10:56:09.557]set makp (teampk)?ID = 13!
[04-06 10:56:09.603]set makp (Hellchapter)?ID = 48!
[04-06 10:56:09.616]set makp (chaosicicle)?ID = 40!
[04-06 10:56:09.621]set makp (yschurch)?ID = 26!
[04-06 11:00:55.696]set makp (garner)?ID = 1!
[04-06 11:00:56.130]set makp (ctf)?ID = 54!
[04-06 11:00:56.139]set makp (garner2)?ID = 15!
[04-06 11:00:56.143]set makp (PKmap)?ID = 50!
[04-06 11:00:56.152]set makp (shalan2)?ID = 23!
[04-06 11:00:56.161]set makp (leiting2)?ID = 22!
[04-06 11:00:56.172]set makp (lonetower)?ID = 5!
[04-06 11:00:56.202]set makp (L4MAP)?ID = 28!
[04-06 11:00:56.210]set makp (LostCity)?ID = 47!
[04-06 11:00:56.218]set makp (magicsea)?ID = 2!
[04-06 11:00:56.620]set makp (jialebi)?ID = 14!
[04-06 11:00:56.701]set makp (hell)?ID = 16!
[04-06 11:00:56.708]set makp (hell2)?ID = 17!
[04-06 11:00:56.713]set makp (hell3)?ID = 18!
[04-06 11:00:56.725]set makp (hell4)?ID = 19!
[04-06 11:00:56.730]set makp (hell5)?ID = 20!
[04-06 11:00:56.737]set makp (darkblue)?ID = 3!
[04-06 11:00:57.174]set makp (eastgoaf)?ID = 4!
[04-06 11:00:57.197]set makp (winterland)?ID = 33!
[04-06 11:00:57.318]set makp (mjing1)?ID = 34!
[04-06 11:00:57.332]set makp (mjing2)?ID = 35!
[04-06 11:00:57.346]set makp (mjing3)?ID = 36!
[04-06 11:00:57.361]set makp (mjing4)?ID = 37!
[04-06 11:00:57.376]set makp (starena13)?ID = 39!
[04-06 11:00:57.381]set makp (starena23)?ID = 42!
[04-06 11:00:57.385]set makp (starena33)?ID = 45!
[04-06 11:00:57.389]set makp (abandonedcity)?ID = 8!
[04-06 11:00:57.403]set makp (abandonedcity2)?ID = 9!
[04-06 11:00:57.420]set makp (abandonedcity3)?ID = 10!
[04-06 11:00:57.436]set makp (darkswamp)?ID = 7!
[04-06 11:00:57.472]set makp (puzzleworld)?ID = 11!
[04-06 11:00:57.497]set makp (puzzleworld2)?ID = 12!
[04-06 11:00:57.524]set makp (DreamIsland)?ID = 38!
[04-06 11:00:57.548]set makp (teampk)?ID = 13!
[04-06 11:00:57.599]set makp (Hellchapter)?ID = 48!
[04-06 11:00:57.616]set makp (chaosicicle)?ID = 40!
[04-06 11:00:57.622]set makp (yschurch)?ID = 26!
[04-06 11:02:12.879]set makp (garner)?ID = 1!
[04-06 11:02:13.325]set makp (ctf)?ID = 54!
[04-06 11:02:13.332]set makp (garner2)?ID = 15!
[04-06 11:02:13.339]set makp (PKmap)?ID = 50!
[04-06 11:02:13.350]set makp (shalan2)?ID = 23!
[04-06 11:02:13.358]set makp (leiting2)?ID = 22!
[04-06 11:02:13.371]set makp (lonetower)?ID = 5!
[04-06 11:02:13.401]set makp (L4MAP)?ID = 28!
[04-06 11:02:13.410]set makp (LostCity)?ID = 47!
[04-06 11:02:13.420]set makp (magicsea)?ID = 2!
[04-06 11:02:13.855]set makp (jialebi)?ID = 14!
[04-06 11:02:13.937]set makp (hell)?ID = 16!
[04-06 11:02:13.944]set makp (hell2)?ID = 17!
[04-06 11:02:13.951]set makp (hell3)?ID = 18!
[04-06 11:02:13.963]set makp (hell4)?ID = 19!
[04-06 11:02:13.968]set makp (hell5)?ID = 20!
[04-06 11:02:13.977]set makp (darkblue)?ID = 3!
[04-06 11:02:14.423]set makp (eastgoaf)?ID = 4!
[04-06 11:02:14.447]set makp (winterland)?ID = 33!
[04-06 11:02:14.579]set makp (mjing1)?ID = 34!
[04-06 11:02:14.595]set makp (mjing2)?ID = 35!
[04-06 11:02:14.612]set makp (mjing3)?ID = 36!
[04-06 11:02:14.630]set makp (mjing4)?ID = 37!
[04-06 11:02:14.648]set makp (starena13)?ID = 39!
[04-06 11:02:14.653]set makp (starena23)?ID = 42!
[04-06 11:02:14.658]set makp (starena33)?ID = 45!
[04-06 11:02:14.662]set makp (abandonedcity)?ID = 8!
[04-06 11:02:14.679]set makp (abandonedcity2)?ID = 9!
[04-06 11:02:14.700]set makp (abandonedcity3)?ID = 10!
[04-06 11:02:14.721]set makp (darkswamp)?ID = 7!
[04-06 11:02:14.768]set makp (puzzleworld)?ID = 11!
[04-06 11:02:14.802]set makp (puzzleworld2)?ID = 12!
[04-06 11:02:14.837]set makp (DreamIsland)?ID = 38!
[04-06 11:02:14.868]set makp (teampk)?ID = 13!
[04-06 11:02:14.919]set makp (Hellchapter)?ID = 48!
[04-06 11:02:14.930]set makp (chaosicicle)?ID = 40!
[04-06 11:02:14.935]set makp (yschurch)?ID = 26!
[04-06 11:12:00.182]set makp (garner)?ID = 1!
