[04-06 10:32:13.664]Add LG [init]
[04-06 10:32:14.985]Add LG [iteminfoerror]
[04-06 10:32:19.599]Add LG [PfTable]
[04-06 10:32:19.601]Add LG [npcinfo]
[04-06 10:32:19.603]Add LG [boat_init]
[04-06 10:32:19.603]Add LG [packbag_init]
[04-06 10:32:19.603]Add LG [boatlevel_init]
[04-06 10:32:19.705]Add LG [randmission_prize_error]
[04-06 10:32:19.820]Add LG [FairyGuard]
[04-06 10:32:19.847]Add LG [script_reload]
[04-06 10:32:19.847]Add LG [BossTimer]
[04-06 10:32:19.850]Add LG [BossLastHit]
[04-06 10:32:19.851]Add LG [npcinit]
[04-06 10:32:19.851]Add LG [initmap]
[04-06 10:32:20.088]Add LG [Common]
[04-06 10:32:20.221]Add LG [spawn mum garner]
[04-06 10:32:20.313]Add LG [missioninit]
[04-06 10:32:20.317]Add LG [npcinit_trade]
[04-06 10:32:20.376]Add LG [entity_init]
[04-06 10:32:20.387]Add LG [weather]
[04-06 10:32:20.388]Add LG [create_cha]
[04-06 10:32:20.388]Add LG [help]
[04-06 10:32:20.964]Add LG [spawn mum magicsea]
[04-06 10:32:20.979]Add LG [Cha born error]
[04-06 10:32:21.213]Add LG [lua_ai]
[04-06 10:32:21.757]Add LG [spawn mum darkblue]
[04-06 10:32:21.992]Add LG [spawn mum eastgoaf]
[04-06 10:32:22.100]Add LG [spawn mum winterland]
[04-06 10:32:22.156]Add LG [spawn mum mjing1]
[04-06 10:32:22.174]Add LG [spawn mum mjing2]
[04-06 10:32:22.192]Add LG [spawn mum mjing3]
[04-06 10:32:22.212]Add LG [spawn mum mjing4]
[04-06 10:32:22.817]Add LG [offline_stall]
[04-06 10:32:22.835]Add LG [size]
[04-06 10:32:22.836]Add LG [EntityNum]
[04-06 10:32:22.836]Add LG [Connect]
[04-06 10:32:22.836]Add LG [portaltimes2]
[04-06 10:32:22.873]Add LG [GameLogin]
[04-06 10:32:25.503]Add LG [the map entrance flow ]
[04-06 10:32:25.535]Add LG [map entry flow]
[04-06 10:32:25.536]Add LG [WorldNotice]
[04-06 10:32:52.863]Add LG [map_time]
[04-06 10:32:52.864]Add LG [GameRunTime]
[04-06 10:35:48.782]Add LG [enter_map]
[04-06 10:35:49.128]Add LG [trade2026-4-6-10]
[04-06 10:35:49.128]Add LG [PlayerRegistry]
[04-06 10:35:49.133]Add LG [pickup_debug]
[04-06 10:39:53.511]Add LG [util_db_error]
[04-06 10:39:53.516]Add LG [save data waste time]
[04-06 10:40:02.241]Add LG [map entrance flow]
[04-06 10:40:10.060]Add LG [init]
[04-06 10:40:11.288]Add LG [iteminfoerror]
[04-06 10:40:16.362]Add LG [PfTable]
[04-06 10:40:16.365]Add LG [npcinfo]
[04-06 10:40:16.366]Add LG [boat_init]
[04-06 10:40:16.367]Add LG [packbag_init]
[04-06 10:40:16.367]Add LG [boatlevel_init]
[04-06 10:40:16.460]Add LG [randmission_prize_error]
[04-06 10:40:16.575]Add LG [FairyGuard]
[04-06 10:40:16.602]Add LG [script_reload]
[04-06 10:40:16.602]Add LG [BossTimer]
[04-06 10:40:16.603]Add LG [BossLastHit]
[04-06 10:40:16.604]Add LG [npcinit]
[04-06 10:40:16.605]Add LG [initmap]
[04-06 10:40:16.823]Add LG [Common]
[04-06 10:40:16.933]Add LG [spawn mum garner]
[04-06 10:40:17.021]Add LG [missioninit]
[04-06 10:40:17.025]Add LG [npcinit_trade]
[04-06 10:40:17.073]Add LG [entity_init]
[04-06 10:40:17.075]Add LG [weather]
[04-06 10:40:17.076]Add LG [create_cha]
[04-06 10:40:17.076]Add LG [help]
[04-06 10:40:17.481]Add LG [spawn mum magicsea]
[04-06 10:40:17.496]Add LG [Cha born error]
[04-06 10:40:17.706]Add LG [lua_ai]
[04-06 10:40:18.045]Add LG [spawn mum darkblue]
[04-06 10:40:18.241]Add LG [spawn mum eastgoaf]
[04-06 10:40:18.326]Add LG [spawn mum winterland]
[04-06 10:40:18.386]Add LG [spawn mum mjing1]
[04-06 10:40:18.399]Add LG [spawn mum mjing2]
[04-06 10:40:18.415]Add LG [spawn mum mjing3]
[04-06 10:40:18.431]Add LG [spawn mum mjing4]
[04-06 10:40:18.764]Add LG [offline_stall]
[04-06 10:40:18.775]Add LG [size]
[04-06 10:40:18.776]Add LG [EntityNum]
[04-06 10:40:18.776]Add LG [Connect]
[04-06 10:40:18.776]Add LG [portaltimes2]
[04-06 10:40:18.813]Add LG [GameLogin]
[04-06 10:40:22.122]Add LG [the map entrance flow ]
[04-06 10:40:22.154]Add LG [map entry flow]
[04-06 10:40:22.154]Add LG [WorldNotice]
[04-06 10:40:23.877]Add LG [enter_map]
[04-06 10:40:24.008]Add LG [trade2026-4-6-10]
[04-06 10:40:24.009]Add LG [PlayerRegistry]
[04-06 10:40:24.011]Add LG [pickup_debug]
[04-06 10:40:48.784]Add LG [map_time]
[04-06 10:40:48.784]Add LG [GameRunTime]
[04-06 10:45:43.475]Add LG [util_db_error]
[04-06 10:45:43.480]Add LG [save data waste time]
[04-06 10:46:01.908]Add LG [init]
[04-06 10:46:02.974]Add LG [iteminfoerror]
[04-06 10:46:07.815]Add LG [PfTable]
[04-06 10:46:07.816]Add LG [npcinfo]
[04-06 10:46:07.818]Add LG [boat_init]
[04-06 10:46:07.818]Add LG [packbag_init]
[04-06 10:46:07.818]Add LG [boatlevel_init]
[04-06 10:46:07.898]Add LG [randmission_prize_error]
[04-06 10:46:07.996]Add LG [FairyGuard]
[04-06 10:46:08.022]Add LG [script_reload]
[04-06 10:46:08.022]Add LG [BossTimer]
[04-06 10:46:08.022]Add LG [BossLastHit]
[04-06 10:46:08.023]Add LG [npcinit]
[04-06 10:46:08.025]Add LG [initmap]
[04-06 10:46:08.196]Add LG [Common]
[04-06 10:46:08.300]Add LG [spawn mum garner]
[04-06 10:46:08.379]Add LG [missioninit]
[04-06 10:46:08.382]Add LG [npcinit_trade]
[04-06 10:46:08.428]Add LG [entity_init]
[04-06 10:46:08.430]Add LG [weather]
[04-06 10:46:08.430]Add LG [create_cha]
[04-06 10:46:08.430]Add LG [help]
[04-06 10:46:08.771]Add LG [spawn mum magicsea]
[04-06 10:46:08.784]Add LG [Cha born error]
[04-06 10:46:08.977]Add LG [lua_ai]
[04-06 10:46:09.270]Add LG [spawn mum darkblue]
[04-06 10:46:09.447]Add LG [spawn mum eastgoaf]
[04-06 10:46:09.529]Add LG [spawn mum winterland]
[04-06 10:46:09.577]Add LG [spawn mum mjing1]
[04-06 10:46:09.590]Add LG [spawn mum mjing2]
[04-06 10:46:09.604]Add LG [spawn mum mjing3]
[04-06 10:46:09.622]Add LG [spawn mum mjing4]
[04-06 10:46:09.945]Add LG [offline_stall]
[04-06 10:46:09.952]Add LG [size]
[04-06 10:46:09.953]Add LG [EntityNum]
[04-06 10:46:09.953]Add LG [Connect]
[04-06 10:46:09.953]Add LG [portaltimes2]
[04-06 10:46:09.992]Add LG [GameLogin]
[04-06 10:46:11.280]Add LG [enter_map]
[04-06 10:46:11.293]Add LG [trade2026-4-6-10]
[04-06 10:46:11.293]Add LG [PlayerRegistry]
[04-06 10:46:11.296]Add LG [pickup_debug]
[04-06 10:46:13.477]Add LG [the map entrance flow ]
[04-06 10:46:13.508]Add LG [map entry flow]
[04-06 10:46:13.508]Add LG [WorldNotice]
[04-06 10:46:39.967]Add LG [map_time]
[04-06 10:46:39.967]Add LG [GameRunTime]
[04-06 10:47:17.530]Add LG [Save data waste time]
[04-06 10:47:18.145]Add LG [util_db_error]
[04-06 10:47:18.154]Add LG [save data waste time]
[04-06 10:47:18.156]Add LG [teleport]
[04-06 10:50:09.602]Add LG [init]
[04-06 10:50:10.685]Add LG [iteminfoerror]
[04-06 10:50:15.804]Add LG [PfTable]
[04-06 10:50:15.804]Add LG [npcinfo]
[04-06 10:50:15.806]Add LG [boat_init]
[04-06 10:50:15.806]Add LG [packbag_init]
[04-06 10:50:15.806]Add LG [boatlevel_init]
[04-06 10:50:15.907]Add LG [randmission_prize_error]
[04-06 10:50:16.026]Add LG [FairyGuard]
[04-06 10:50:16.059]Add LG [script_reload]
[04-06 10:50:16.059]Add LG [BossTimer]
[04-06 10:50:16.060]Add LG [BossLastHit]
[04-06 10:50:16.060]Add LG [npcinit]
[04-06 10:50:16.061]Add LG [initmap]
[04-06 10:50:16.256]Add LG [Common]
[04-06 10:50:16.366]Add LG [spawn mum garner]
[04-06 10:50:16.470]Add LG [missioninit]
[04-06 10:50:16.473]Add LG [npcinit_trade]
[04-06 10:50:16.526]Add LG [entity_init]
[04-06 10:50:16.527]Add LG [weather]
[04-06 10:50:16.528]Add LG [create_cha]
[04-06 10:50:16.528]Add LG [help]
[04-06 10:50:17.016]Add LG [spawn mum magicsea]
[04-06 10:50:17.037]Add LG [Cha born error]
[04-06 10:50:17.316]Add LG [lua_ai]
[04-06 10:50:17.676]Add LG [spawn mum darkblue]
[04-06 10:50:17.959]Add LG [spawn mum eastgoaf]
[04-06 10:50:18.075]Add LG [spawn mum winterland]
[04-06 10:50:18.142]Add LG [spawn mum mjing1]
[04-06 10:50:18.159]Add LG [spawn mum mjing2]
[04-06 10:50:18.176]Add LG [spawn mum mjing3]
[04-06 10:50:18.192]Add LG [spawn mum mjing4]
[04-06 10:50:18.589]Add LG [offline_stall]
[04-06 10:50:18.596]Add LG [size]
[04-06 10:50:18.597]Add LG [EntityNum]
[04-06 10:50:18.597]Add LG [Connect]
[04-06 10:50:18.597]Add LG [portaltimes2]
[04-06 10:50:18.634]Add LG [GameLogin]
[04-06 10:50:21.554]Add LG [enter_map]
[04-06 10:50:21.679]Add LG [trade2026-4-6-10]
[04-06 10:50:21.679]Add LG [PlayerRegistry]
[04-06 10:50:21.682]Add LG [pickup_debug]
[04-06 10:50:21.686]Add LG [the map entrance flow ]
[04-06 10:50:21.710]Add LG [map entry flow]
[04-06 10:50:21.711]Add LG [WorldNotice]
[04-06 10:50:48.602]Add LG [map_time]
[04-06 10:50:48.602]Add LG [GameRunTime]
[04-06 10:52:04.850]Add LG [util_db_error]
[04-06 10:52:04.852]Add LG [save data waste time]
[04-06 10:56:01.529]Add LG [init]
[04-06 10:56:02.570]Add LG [iteminfoerror]
[04-06 10:56:07.172]Add LG [PfTable]
[04-06 10:56:07.174]Add LG [npcinfo]
[04-06 10:56:07.175]Add LG [boat_init]
[04-06 10:56:07.175]Add LG [packbag_init]
[04-06 10:56:07.175]Add LG [boatlevel_init]
[04-06 10:56:07.270]Add LG [randmission_prize_error]
[04-06 10:56:07.389]Add LG [FairyGuard]
[04-06 10:56:07.420]Add LG [script_reload]
[04-06 10:56:07.420]Add LG [BossTimer]
[04-06 10:56:07.421]Add LG [BossLastHit]
[04-06 10:56:07.421]Add LG [npcinit]
[04-06 10:56:07.422]Add LG [initmap]
[04-06 10:56:07.646]Add LG [Common]
[04-06 10:56:07.773]Add LG [spawn mum garner]
[04-06 10:56:07.871]Add LG [missioninit]
[04-06 10:56:07.874]Add LG [npcinit_trade]
[04-06 10:56:07.925]Add LG [entity_init]
[04-06 10:56:07.927]Add LG [weather]
[04-06 10:56:07.928]Add LG [create_cha]
[04-06 10:56:07.928]Add LG [help]
[04-06 10:56:08.343]Add LG [spawn mum magicsea]
[04-06 10:56:08.359]Add LG [Cha born error]
[04-06 10:56:08.584]Add LG [lua_ai]
[04-06 10:56:08.952]Add LG [spawn mum darkblue]
[04-06 10:56:09.158]Add LG [spawn mum eastgoaf]
[04-06 10:56:09.254]Add LG [spawn mum winterland]
[04-06 10:56:09.311]Add LG [spawn mum mjing1]
[04-06 10:56:09.326]Add LG [spawn mum mjing2]
[04-06 10:56:09.342]Add LG [spawn mum mjing3]
[04-06 10:56:09.359]Add LG [spawn mum mjing4]
[04-06 10:56:09.717]Add LG [offline_stall]
[04-06 10:56:09.725]Add LG [size]
[04-06 10:56:09.726]Add LG [EntityNum]
[04-06 10:56:09.726]Add LG [Connect]
[04-06 10:56:09.726]Add LG [portaltimes2]
[04-06 10:56:09.752]Add LG [GameLogin]
[04-06 10:56:13.010]Add LG [the map entrance flow ]
[04-06 10:56:13.042]Add LG [map entry flow]
[04-06 10:56:13.043]Add LG [WorldNotice]
[04-06 10:56:39.727]Add LG [map_time]
[04-06 10:56:39.727]Add LG [GameRunTime]
[04-06 10:56:48.567]Add LG [enter_map]
[04-06 10:56:48.684]Add LG [trade2026-4-6-10]
[04-06 10:56:48.685]Add LG [PlayerRegistry]
[04-06 10:56:48.688]Add LG [pickup_debug]
[04-06 11:00:04.468]Add LG [map entrance flow]
[04-06 11:00:19.702]Add LG [util_db_error]
[04-06 11:00:19.706]Add LG [save data waste time]
[04-06 11:00:49.943]Add LG [init]
[04-06 11:00:50.977]Add LG [iteminfoerror]
[04-06 11:00:55.472]Add LG [PfTable]
[04-06 11:00:55.473]Add LG [npcinfo]
[04-06 11:00:55.474]Add LG [boat_init]
[04-06 11:00:55.474]Add LG [packbag_init]
[04-06 11:00:55.475]Add LG [boatlevel_init]
[04-06 11:00:55.560]Add LG [randmission_prize_error]
[04-06 11:00:55.667]Add LG [FairyGuard]
[04-06 11:00:55.694]Add LG [script_reload]
[04-06 11:00:55.694]Add LG [BossTimer]
[04-06 11:00:55.695]Add LG [BossLastHit]
[04-06 11:00:55.695]Add LG [npcinit]
[04-06 11:00:55.696]Add LG [initmap]
[04-06 11:00:55.868]Add LG [Common]
[04-06 11:00:55.966]Add LG [spawn mum garner]
[04-06 11:00:56.059]Add LG [missioninit]
[04-06 11:00:56.061]Add LG [npcinit_trade]
[04-06 11:00:56.109]Add LG [entity_init]
[04-06 11:00:56.111]Add LG [weather]
[04-06 11:00:56.111]Add LG [create_cha]
[04-06 11:00:56.111]Add LG [help]
[04-06 11:00:56.466]Add LG [spawn mum magicsea]
[04-06 11:00:56.483]Add LG [Cha born error]
[04-06 11:00:56.692]Add LG [lua_ai]
[04-06 11:00:56.992]Add LG [spawn mum darkblue]
[04-06 11:00:57.192]Add LG [spawn mum eastgoaf]
[04-06 11:00:57.272]Add LG [spawn mum winterland]
[04-06 11:00:57.326]Add LG [spawn mum mjing1]
[04-06 11:00:57.340]Add LG [spawn mum mjing2]
[04-06 11:00:57.355]Add LG [spawn mum mjing3]
[04-06 11:00:57.370]Add LG [spawn mum mjing4]
[04-06 11:00:57.707]Add LG [offline_stall]
[04-06 11:00:57.719]Add LG [size]
[04-06 11:00:57.720]Add LG [EntityNum]
[04-06 11:00:57.720]Add LG [Connect]
[04-06 11:00:57.720]Add LG [portaltimes2]
[04-06 11:00:57.738]Add LG [GameLogin]
[04-06 11:01:01.185]Add LG [the map entrance flow ]
[04-06 11:01:01.216]Add LG [map entry flow]
[04-06 11:01:01.216]Add LG [WorldNotice]
[04-06 11:01:27.728]Add LG [map_time]
[04-06 11:01:27.728]Add LG [GameRunTime]
[04-06 11:01:44.778]Add LG [enter_map]
[04-06 11:02:05.957]Add LG [init]
[04-06 11:02:08.153]Add LG [iteminfoerror]
[04-06 11:02:12.641]Add LG [PfTable]
[04-06 11:02:12.642]Add LG [npcinfo]
[04-06 11:02:12.644]Add LG [boat_init]
[04-06 11:02:12.644]Add LG [packbag_init]
[04-06 11:02:12.645]Add LG [boatlevel_init]
[04-06 11:02:12.737]Add LG [randmission_prize_error]
[04-06 11:02:12.849]Add LG [FairyGuard]
[04-06 11:02:12.877]Add LG [script_reload]
[04-06 11:02:12.877]Add LG [BossTimer]
[04-06 11:02:12.878]Add LG [BossLastHit]
[04-06 11:02:12.878]Add LG [npcinit]
[04-06 11:02:12.879]Add LG [initmap]
[04-06 11:02:13.053]Add LG [Common]
[04-06 11:02:13.151]Add LG [spawn mum garner]
[04-06 11:02:13.245]Add LG [missioninit]
[04-06 11:02:13.248]Add LG [npcinit_trade]
[04-06 11:02:13.304]Add LG [entity_init]
[04-06 11:02:13.306]Add LG [weather]
[04-06 11:02:13.306]Add LG [create_cha]
[04-06 11:02:13.306]Add LG [help]
[04-06 11:02:13.695]Add LG [spawn mum magicsea]
[04-06 11:02:13.710]Add LG [Cha born error]
[04-06 11:02:13.926]Add LG [lua_ai]
[04-06 11:02:14.241]Add LG [spawn mum darkblue]
[04-06 11:02:14.442]Add LG [spawn mum eastgoaf]
[04-06 11:02:14.525]Add LG [spawn mum winterland]
[04-06 11:02:14.589]Add LG [spawn mum mjing1]
[04-06 11:02:14.605]Add LG [spawn mum mjing2]
[04-06 11:02:14.623]Add LG [spawn mum mjing3]
[04-06 11:02:14.640]Add LG [spawn mum mjing4]
[04-06 11:02:15.059]Add LG [offline_stall]
[04-06 11:02:15.067]Add LG [size]
[04-06 11:02:15.068]Add LG [EntityNum]
[04-06 11:02:15.068]Add LG [Connect]
[04-06 11:02:15.069]Add LG [portaltimes2]
[04-06 11:02:15.095]Add LG [GameLogin]
[04-06 11:02:18.367]Add LG [the map entrance flow ]
[04-06 11:02:18.399]Add LG [map entry flow]
[04-06 11:02:18.399]Add LG [WorldNotice]
[04-06 11:02:26.027]Add LG [enter_map]
[04-06 11:02:26.039]Add LG [trade2026-4-6-11]
[04-06 11:02:26.039]Add LG [PlayerRegistry]
[04-06 11:02:26.042]Add LG [pickup_debug]
[04-06 11:02:45.110]Add LG [map_time]
[04-06 11:02:45.110]Add LG [GameRunTime]
[04-06 11:06:29.832]Add LG [Save data waste time]
[04-06 11:06:31.263]Add LG [util_db_error]
[04-06 11:06:31.290]Add LG [save data waste time]
[04-06 11:06:31.291]Add LG [script_time]
[04-06 11:06:31.292]Add LG [teleport]
[04-06 11:11:54.382]Add LG [init]
[04-06 11:11:55.408]Add LG [iteminfoerror]
[04-06 11:11:59.942]Add LG [PfTable]
[04-06 11:11:59.943]Add LG [npcinfo]
[04-06 11:11:59.944]Add LG [boat_init]
[04-06 11:11:59.945]Add LG [packbag_init]
[04-06 11:11:59.945]Add LG [boatlevel_init]
[04-06 11:12:00.040]Add LG [randmission_prize_error]
[04-06 11:12:00.151]Add LG [FairyGuard]
[04-06 11:12:00.179]Add LG [script_reload]
[04-06 11:12:00.179]Add LG [BossTimer]
[04-06 11:12:00.181]Add LG [BossLastHit]
[04-06 11:12:00.182]Add LG [npcinit]
[04-06 11:12:00.182]Add LG [initmap]
[04-06 11:12:00.412]Add LG [Common]
[04-06 11:12:00.517]Add LG [spawn mum garner]
[04-06 11:12:00.607]Add LG [missioninit]
[04-06 11:12:00.610]Add LG [npcinit_trade]
[04-06 11:12:00.661]Add LG [entity_init]
[04-06 11:12:00.663]Add LG [weather]
[04-06 11:12:00.663]Add LG [create_cha]
[04-06 11:12:00.663]Add LG [help]
[04-06 11:12:01.132]Add LG [spawn mum magicsea]
[04-06 11:12:01.148]Add LG [Cha born error]
[04-06 11:12:01.405]Add LG [lua_ai]
[04-06 11:12:01.812]Add LG [spawn mum darkblue]
[04-06 11:12:02.059]Add LG [spawn mum eastgoaf]
[04-06 11:12:02.158]Add LG [spawn mum winterland]
[04-06 11:12:02.220]Add LG [spawn mum mjing1]
[04-06 11:12:02.236]Add LG [spawn mum mjing2]
[04-06 11:12:02.256]Add LG [spawn mum mjing3]
[04-06 11:12:02.275]Add LG [spawn mum mjing4]
[04-06 11:12:02.689]Add LG [offline_stall]
[04-06 11:12:02.698]Add LG [size]
[04-06 11:12:02.698]Add LG [EntityNum]
[04-06 11:12:02.699]Add LG [Connect]
[04-06 11:12:02.699]Add LG [portaltimes2]
[04-06 11:12:02.718]Add LG [GameLogin]
[04-06 11:12:05.744]Add LG [the map entrance flow ]
[04-06 11:12:05.775]Add LG [map entry flow]
[04-06 11:12:05.775]Add LG [WorldNotice]
[04-06 11:12:13.690]Add LG [enter_map]
[04-06 11:12:13.813]Add LG [trade2026-4-6-11]
[04-06 11:12:13.813]Add LG [PlayerRegistry]
[04-06 11:12:13.815]Add LG [pickup_debug]
[04-06 11:12:32.721]Add LG [map_time]
[04-06 11:12:32.721]Add LG [GameRunTime]
[04-06 11:14:05.115]Add LG [script_time]
[04-06 11:16:50.475]Add LG [util_db_error]
[04-06 11:16:50.494]Add LG [save data waste time]
[04-06 11:20:02.476]Add LG [map entrance flow]
