[04-06 10:32:25.535]receive request to create entry??position leiting2 --> garner[60000, 210600]??script line 53
[04-06 10:32:25.536]create entry success??position leiting2 --> garner[60000, 210600] 
[04-06 10:32:25.566]receive entry create success ??position garner --> leiting2
[04-06 10:32:27.209]receive request to create entry??position mjing1 --> darkblue[129900, 53800]??script line 22
[04-06 10:32:27.209]create entry success??position mjing1 --> darkblue[129900, 53800] 
[04-06 10:32:27.209]receive request to create entry??position mjing2 --> mjing1[37400, 38700]??script line 16
[04-06 10:32:27.209]create entry success??position mjing2 --> mjing1[37400, 38700] 
[04-06 10:32:27.209]receive request to create entry??position mjing3 --> darkblue[129900, 54300]??script line 23
[04-06 10:32:27.209]create entry success??position mjing3 --> darkblue[129900, 54300] 
[04-06 10:32:27.242]receive entry create success ??position darkblue --> mjing1
[04-06 10:32:27.242]receive entry create success ??position mjing1 --> mjing2
[04-06 10:32:27.242]receive entry create success ??position darkblue --> mjing3
[04-06 10:32:27.271]receive request to create entry??position mjing4 --> mjing3[34600, 12700]??script line 17
[04-06 10:32:27.271]create entry success??position mjing4 --> mjing3[34600, 12700] 
[04-06 10:32:27.271]receive request to create entry??position abandonedcity --> garner[223200, 280200]??script line 37
[04-06 10:32:27.271]create entry success??position abandonedcity --> garner[223200, 280200] 
[04-06 10:32:27.303]receive entry create success ??position mjing3 --> mjing4
[04-06 10:32:27.303]receive entry create success ??position garner --> abandonedcity
[04-06 10:32:27.334]receive request to create entry??position abandonedcity2 --> abandonedcity[8400, 24600]??script line 19
[04-06 10:32:27.334]create entry success??position abandonedcity2 --> abandonedcity[8400, 24600] 
[04-06 10:32:27.366]receive entry create success ??position abandonedcity --> abandonedcity2
[04-06 10:32:27.396]receive request to create entry??position abandonedcity3 --> abandonedcity2[24900, 22500]??script line 20
[04-06 10:32:27.396]create entry success??position abandonedcity3 --> abandonedcity2[24900, 22500] 
[04-06 10:32:27.396]receive request to create entry??position darkswamp --> magicsea[82000, 370700]??script line 38
[04-06 10:32:27.396]create entry success??position darkswamp --> magicsea[82000, 370700] 
[04-06 10:32:27.427]receive entry create success ??position abandonedcity2 --> abandonedcity3
[04-06 10:32:27.427]receive entry create success ??position magicsea --> darkswamp
[04-06 10:32:27.519]receive request to create entry??position puzzleworld --> garner[91000, 106900]??script line 36
[04-06 10:32:27.519]create entry success??position puzzleworld --> garner[91000, 106900] 
[04-06 10:32:27.519]receive request to create entry??position puzzleworld2 --> puzzleworld[36500, 17100]??script line 37
[04-06 10:32:27.519]create entry success??position puzzleworld2 --> puzzleworld[36500, 17100] 
[04-06 10:32:27.550]receive entry create success ??position garner --> puzzleworld
[04-06 10:32:27.550]receive entry create success ??position puzzleworld --> puzzleworld2
[04-06 10:32:27.643]receive request to create entry??position teampk --> garner[10000, 10000]??script line 89
[04-06 10:32:27.643]create entry success??position teampk --> garner[10000, 10000] 
[04-06 10:32:27.674]receive entry create success ??position garner --> teampk
[04-06 10:32:27.705]receive request to create entry??position Hellchapter --> garner[220300, 278000]??script line 44
[04-06 10:32:27.705]create entry success??position Hellchapter --> garner[220300, 278000] 
[04-06 10:32:27.737]receive entry create success ??position garner --> Hellchapter
[04-06 10:40:02.273]receive request to destroy entry??position abandonedcity --> garner
[04-06 10:40:02.273]destroy entry success??position abandonedcity --> garner
[04-06 10:40:02.304]receive entry destroy success??position garner --> abandonedcity
[04-06 10:40:02.335]receive request to destroy entry??position abandonedcity2 --> abandonedcity
[04-06 10:40:02.335]destroy entry success??position abandonedcity2 --> abandonedcity
[04-06 10:40:02.366]receive entry destroy success??position abandonedcity --> abandonedcity2
[04-06 10:40:02.397]receive request to destroy entry??position abandonedcity3 --> abandonedcity2
[04-06 10:40:02.397]destroy entry success??position abandonedcity3 --> abandonedcity2
[04-06 10:40:02.428]receive entry destroy success??position abandonedcity2 --> abandonedcity3
[04-06 10:40:02.519]receive request to destroy entry??position puzzleworld --> garner
[04-06 10:40:02.519]destroy entry success??position puzzleworld --> garner
[04-06 10:40:02.550]receive entry destroy success??position garner --> puzzleworld
[04-06 10:40:22.154]receive request to create entry??position leiting2 --> garner[60000, 210600]??script line 53
[04-06 10:40:22.154]create entry success??position leiting2 --> garner[60000, 210600] 
[04-06 10:40:22.184]receive entry create success ??position garner --> leiting2
[04-06 10:40:23.396]receive request to create entry??position mjing1 --> darkblue[129900, 53800]??script line 22
[04-06 10:40:23.396]create entry success??position mjing1 --> darkblue[129900, 53800] 
[04-06 10:40:23.427]receive entry create success ??position darkblue --> mjing1
[04-06 10:40:23.457]receive request to create entry??position mjing2 --> mjing1[37400, 38700]??script line 16
[04-06 10:40:23.457]create entry success??position mjing2 --> mjing1[37400, 38700] 
[04-06 10:40:23.457]receive request to create entry??position mjing3 --> darkblue[129900, 54300]??script line 23
[04-06 10:40:23.457]create entry success??position mjing3 --> darkblue[129900, 54300] 
[04-06 10:40:23.457]receive request to create entry??position mjing4 --> mjing3[34600, 12700]??script line 17
[04-06 10:40:23.457]create entry success??position mjing4 --> mjing3[34600, 12700] 
[04-06 10:40:23.488]receive entry create success ??position mjing1 --> mjing2
[04-06 10:40:23.488]receive entry create success ??position darkblue --> mjing3
[04-06 10:40:23.488]receive entry create success ??position mjing3 --> mjing4
[04-06 10:40:23.519]receive request to create entry??position darkswamp --> magicsea[82000, 370700]??script line 38
[04-06 10:40:23.519]create entry success??position darkswamp --> magicsea[82000, 370700] 
[04-06 10:40:23.550]receive entry create success ??position magicsea --> darkswamp
[04-06 10:40:23.644]receive request to create entry??position puzzleworld2 --> puzzleworld[36500, 17100]??script line 37
[04-06 10:40:23.644]create entry success??position puzzleworld2 --> puzzleworld[36500, 17100] 
[04-06 10:40:23.644]receive request to create entry??position teampk --> garner[10000, 10000]??script line 89
[04-06 10:40:23.644]create entry success??position teampk --> garner[10000, 10000] 
[04-06 10:40:23.675]receive entry create success ??position puzzleworld --> puzzleworld2
[04-06 10:40:23.675]receive entry create success ??position garner --> teampk
[04-06 10:40:23.705]receive request to create entry??position Hellchapter --> garner[220300, 278000]??script line 44
[04-06 10:40:23.705]create entry success??position Hellchapter --> garner[220300, 278000] 
[04-06 10:40:23.736]receive entry create success ??position garner --> Hellchapter
[04-06 10:46:13.508]receive request to create entry??position leiting2 --> garner[60000, 210600]??script line 53
[04-06 10:46:13.508]create entry success??position leiting2 --> garner[60000, 210600] 
[04-06 10:46:13.538]receive entry create success ??position garner --> leiting2
[04-06 10:46:14.624]receive request to create entry??position mjing1 --> darkblue[129900, 53800]??script line 22
[04-06 10:46:14.624]create entry success??position mjing1 --> darkblue[129900, 53800] 
[04-06 10:46:14.624]receive request to create entry??position mjing2 --> mjing1[37400, 38700]??script line 16
[04-06 10:46:14.624]create entry success??position mjing2 --> mjing1[37400, 38700] 
[04-06 10:46:14.624]receive request to create entry??position mjing3 --> darkblue[129900, 54300]??script line 23
[04-06 10:46:14.624]create entry success??position mjing3 --> darkblue[129900, 54300] 
[04-06 10:46:14.655]receive entry create success ??position darkblue --> mjing1
[04-06 10:46:14.655]receive entry create success ??position mjing1 --> mjing2
[04-06 10:46:14.655]receive entry create success ??position darkblue --> mjing3
[04-06 10:46:14.686]receive request to create entry??position mjing4 --> mjing3[34600, 12700]??script line 17
[04-06 10:46:14.686]create entry success??position mjing4 --> mjing3[34600, 12700] 
[04-06 10:46:14.716]receive entry create success ??position mjing3 --> mjing4
[04-06 10:46:14.748]receive request to create entry??position darkswamp --> magicsea[82000, 370700]??script line 38
[04-06 10:46:14.748]create entry success??position darkswamp --> magicsea[82000, 370700] 
[04-06 10:46:14.779]receive entry create success ??position magicsea --> darkswamp
[04-06 10:46:14.810]receive request to create entry??position puzzleworld2 --> puzzleworld[36500, 17100]??script line 37
[04-06 10:46:14.810]create entry success??position puzzleworld2 --> puzzleworld[36500, 17100] 
[04-06 10:46:14.840]receive entry create success ??position puzzleworld --> puzzleworld2
[04-06 10:46:14.871]receive request to create entry??position teampk --> garner[10000, 10000]??script line 89
[04-06 10:46:14.871]create entry success??position teampk --> garner[10000, 10000] 
[04-06 10:46:14.871]receive request to create entry??position Hellchapter --> garner[220300, 278000]??script line 44
[04-06 10:46:14.871]create entry success??position Hellchapter --> garner[220300, 278000] 
[04-06 10:46:14.902]receive entry create success ??position garner --> teampk
[04-06 10:46:14.902]receive entry create success ??position garner --> Hellchapter
[04-06 10:50:21.710]receive request to create entry??position leiting2 --> garner[60000, 210600]??script line 53
[04-06 10:50:21.710]create entry success??position leiting2 --> garner[60000, 210600] 
[04-06 10:50:21.740]receive entry create success ??position garner --> leiting2
[04-06 10:50:23.195]receive request to create entry??position mjing1 --> darkblue[129900, 53800]??script line 22
[04-06 10:50:23.195]create entry success??position mjing1 --> darkblue[129900, 53800] 
[04-06 10:50:23.195]receive request to create entry??position mjing2 --> mjing1[37400, 38700]??script line 16
[04-06 10:50:23.195]create entry success??position mjing2 --> mjing1[37400, 38700] 
[04-06 10:50:23.195]receive request to create entry??position mjing3 --> darkblue[129900, 54300]??script line 23
[04-06 10:50:23.195]create entry success??position mjing3 --> darkblue[129900, 54300] 
[04-06 10:50:23.226]receive entry create success ??position darkblue --> mjing1
[04-06 10:50:23.226]receive entry create success ??position mjing1 --> mjing2
[04-06 10:50:23.226]receive entry create success ??position darkblue --> mjing3
[04-06 10:50:23.257]receive request to create entry??position mjing4 --> mjing3[34600, 12700]??script line 17
[04-06 10:50:23.257]create entry success??position mjing4 --> mjing3[34600, 12700] 
[04-06 10:50:23.288]receive entry create success ??position mjing3 --> mjing4
[04-06 10:50:23.318]receive request to create entry??position darkswamp --> magicsea[82000, 370700]??script line 38
[04-06 10:50:23.318]create entry success??position darkswamp --> magicsea[82000, 370700] 
[04-06 10:50:23.349]receive entry create success ??position magicsea --> darkswamp
[04-06 10:50:23.379]receive request to create entry??position puzzleworld2 --> puzzleworld[36500, 17100]??script line 37
[04-06 10:50:23.379]create entry success??position puzzleworld2 --> puzzleworld[36500, 17100] 
[04-06 10:50:23.410]receive entry create success ??position puzzleworld --> puzzleworld2
[04-06 10:50:23.442]receive request to create entry??position teampk --> garner[10000, 10000]??script line 89
[04-06 10:50:23.442]create entry success??position teampk --> garner[10000, 10000] 
[04-06 10:50:23.473]receive entry create success ??position garner --> teampk
[04-06 10:50:23.503]receive request to create entry??position Hellchapter --> garner[220300, 278000]??script line 44
[04-06 10:50:23.503]create entry success??position Hellchapter --> garner[220300, 278000] 
[04-06 10:50:23.534]receive entry create success ??position garner --> Hellchapter
[04-06 10:56:13.042]receive request to create entry??position leiting2 --> garner[60000, 210600]??script line 53
[04-06 10:56:13.042]create entry success??position leiting2 --> garner[60000, 210600] 
[04-06 10:56:13.072]receive entry create success ??position garner --> leiting2
[04-06 10:56:14.340]receive request to create entry??position mjing1 --> darkblue[129900, 53800]??script line 22
[04-06 10:56:14.340]create entry success??position mjing1 --> darkblue[129900, 53800] 
[04-06 10:56:14.371]receive entry create success ??position darkblue --> mjing1
[04-06 10:56:14.403]receive request to create entry??position mjing2 --> mjing1[37400, 38700]??script line 16
[04-06 10:56:14.403]create entry success??position mjing2 --> mjing1[37400, 38700] 
[04-06 10:56:14.403]receive request to create entry??position mjing3 --> darkblue[129900, 54300]??script line 23
[04-06 10:56:14.403]create entry success??position mjing3 --> darkblue[129900, 54300] 
[04-06 10:56:14.403]receive request to create entry??position mjing4 --> mjing3[34600, 12700]??script line 17
[04-06 10:56:14.403]create entry success??position mjing4 --> mjing3[34600, 12700] 
[04-06 10:56:14.433]receive entry create success ??position mjing1 --> mjing2
[04-06 10:56:14.433]receive entry create success ??position darkblue --> mjing3
[04-06 10:56:14.433]receive entry create success ??position mjing3 --> mjing4
[04-06 10:56:14.465]receive request to create entry??position darkswamp --> magicsea[82000, 370700]??script line 38
[04-06 10:56:14.465]create entry success??position darkswamp --> magicsea[82000, 370700] 
[04-06 10:56:14.497]receive entry create success ??position magicsea --> darkswamp
[04-06 10:56:14.528]receive request to create entry??position puzzleworld2 --> puzzleworld[36500, 17100]??script line 37
[04-06 10:56:14.528]create entry success??position puzzleworld2 --> puzzleworld[36500, 17100] 
[04-06 10:56:14.559]receive entry create success ??position puzzleworld --> puzzleworld2
[04-06 10:56:14.590]receive request to create entry??position teampk --> garner[10000, 10000]??script line 89
[04-06 10:56:14.590]create entry success??position teampk --> garner[10000, 10000] 
[04-06 10:56:14.621]receive entry create success ??position garner --> teampk
[04-06 10:56:14.652]receive request to create entry??position Hellchapter --> garner[220300, 278000]??script line 44
[04-06 10:56:14.652]create entry success??position Hellchapter --> garner[220300, 278000] 
[04-06 10:56:14.683]receive entry create success ??position garner --> Hellchapter
[04-06 11:00:04.499]receive request to destroy entry??position darkswamp --> magicsea
[04-06 11:00:04.499]destroy entry success??position darkswamp --> magicsea
[04-06 11:00:04.530]receive entry destroy success??position magicsea --> darkswamp
[04-06 11:00:04.685]receive request to create entry??position chaosicicle --> DreamIsland[33700, 58800]??script line 73
[04-06 11:00:04.685]create entry success??position chaosicicle --> DreamIsland[33700, 58800] 
[04-06 11:00:04.716]receive entry create success ??position DreamIsland --> chaosicicle
[04-06 11:01:01.216]receive request to create entry??position leiting2 --> garner[60000, 210600]??script line 53
[04-06 11:01:01.216]create entry success??position leiting2 --> garner[60000, 210600] 
[04-06 11:01:01.247]receive entry create success ??position garner --> leiting2
[04-06 11:01:02.393]receive request to create entry??position mjing1 --> darkblue[129900, 53800]??script line 22
[04-06 11:01:02.393]create entry success??position mjing1 --> darkblue[129900, 53800] 
[04-06 11:01:02.393]receive request to create entry??position mjing2 --> mjing1[37400, 38700]??script line 16
[04-06 11:01:02.393]create entry success??position mjing2 --> mjing1[37400, 38700] 
[04-06 11:01:02.393]receive request to create entry??position mjing3 --> darkblue[129900, 54300]??script line 23
[04-06 11:01:02.393]create entry success??position mjing3 --> darkblue[129900, 54300] 
[04-06 11:01:02.393]receive request to create entry??position mjing4 --> mjing3[34600, 12700]??script line 17
[04-06 11:01:02.393]create entry success??position mjing4 --> mjing3[34600, 12700] 
[04-06 11:01:02.423]receive entry create success ??position darkblue --> mjing1
[04-06 11:01:02.423]receive entry create success ??position mjing1 --> mjing2
[04-06 11:01:02.423]receive entry create success ??position darkblue --> mjing3
[04-06 11:01:02.423]receive entry create success ??position mjing3 --> mjing4
[04-06 11:01:02.577]receive request to create entry??position puzzleworld2 --> puzzleworld[36500, 17100]??script line 37
[04-06 11:01:02.577]create entry success??position puzzleworld2 --> puzzleworld[36500, 17100] 
[04-06 11:01:02.577]receive request to create entry??position teampk --> garner[10000, 10000]??script line 89
[04-06 11:01:02.577]create entry success??position teampk --> garner[10000, 10000] 
[04-06 11:01:02.608]receive entry create success ??position puzzleworld --> puzzleworld2
[04-06 11:01:02.608]receive entry create success ??position garner --> teampk
[04-06 11:01:02.639]receive request to create entry??position Hellchapter --> garner[220300, 278000]??script line 44
[04-06 11:01:02.639]create entry success??position Hellchapter --> garner[220300, 278000] 
[04-06 11:01:02.670]receive entry create success ??position garner --> Hellchapter
[04-06 11:01:02.700]receive request to create entry??position chaosicicle --> DreamIsland[33700, 58800]??script line 73
[04-06 11:01:02.700]create entry success??position chaosicicle --> DreamIsland[33700, 58800] 
[04-06 11:01:02.731]receive entry create success ??position DreamIsland --> chaosicicle
[04-06 11:02:18.399]receive request to create entry??position leiting2 --> garner[60000, 210600]??script line 53
[04-06 11:02:18.399]create entry success??position leiting2 --> garner[60000, 210600] 
[04-06 11:02:18.429]receive entry create success ??position garner --> leiting2
[04-06 11:02:19.633]receive request to create entry??position mjing1 --> darkblue[129900, 53800]??script line 22
[04-06 11:02:19.633]create entry success??position mjing1 --> darkblue[129900, 53800] 
[04-06 11:02:19.633]receive request to create entry??position mjing2 --> mjing1[37400, 38700]??script line 16
[04-06 11:02:19.633]create entry success??position mjing2 --> mjing1[37400, 38700] 
[04-06 11:02:19.633]receive request to create entry??position mjing3 --> darkblue[129900, 54300]??script line 23
[04-06 11:02:19.633]create entry success??position mjing3 --> darkblue[129900, 54300] 
[04-06 11:02:19.664]receive entry create success ??position darkblue --> mjing1
[04-06 11:02:19.664]receive entry create success ??position mjing1 --> mjing2
[04-06 11:02:19.664]receive entry create success ??position darkblue --> mjing3
[04-06 11:02:19.695]receive request to create entry??position mjing4 --> mjing3[34600, 12700]??script line 17
[04-06 11:02:19.695]create entry success??position mjing4 --> mjing3[34600, 12700] 
[04-06 11:02:19.725]receive entry create success ??position mjing3 --> mjing4
[04-06 11:02:19.880]receive request to create entry??position puzzleworld2 --> puzzleworld[36500, 17100]??script line 37
[04-06 11:02:19.880]create entry success??position puzzleworld2 --> puzzleworld[36500, 17100] 
[04-06 11:02:19.912]receive entry create success ??position puzzleworld --> puzzleworld2
[04-06 11:02:19.943]receive request to create entry??position teampk --> garner[10000, 10000]??script line 89
[04-06 11:02:19.943]create entry success??position teampk --> garner[10000, 10000] 
[04-06 11:02:19.943]receive request to create entry??position Hellchapter --> garner[220300, 278000]??script line 44
[04-06 11:02:19.943]create entry success??position Hellchapter --> garner[220300, 278000] 
[04-06 11:02:19.974]receive entry create success ??position garner --> teampk
[04-06 11:02:19.974]receive entry create success ??position garner --> Hellchapter
[04-06 11:02:20.004]receive request to create entry??position chaosicicle --> DreamIsland[33700, 58800]??script line 73
[04-06 11:02:20.004]create entry success??position chaosicicle --> DreamIsland[33700, 58800] 
[04-06 11:02:20.035]receive entry create success ??position DreamIsland --> chaosicicle
[04-06 11:12:05.775]receive request to create entry??position leiting2 --> garner[60000, 210600]??script line 53
[04-06 11:12:05.775]create entry success??position leiting2 --> garner[60000, 210600] 
[04-06 11:12:05.806]receive entry create success ??position garner --> leiting2
[04-06 11:12:07.260]receive request to create entry??position mjing1 --> darkblue[129900, 53800]??script line 22
[04-06 11:12:07.260]create entry success??position mjing1 --> darkblue[129900, 53800] 
[04-06 11:12:07.260]receive request to create entry??position mjing2 --> mjing1[37400, 38700]??script line 16
[04-06 11:12:07.260]create entry success??position mjing2 --> mjing1[37400, 38700] 
[04-06 11:12:07.291]receive entry create success ??position darkblue --> mjing1
[04-06 11:12:07.291]receive entry create success ??position mjing1 --> mjing2
[04-06 11:12:07.322]receive request to create entry??position mjing3 --> darkblue[129900, 54300]??script line 23
[04-06 11:12:07.322]create entry success??position mjing3 --> darkblue[129900, 54300] 
[04-06 11:12:07.322]receive request to create entry??position mjing4 --> mjing3[34600, 12700]??script line 17
[04-06 11:12:07.322]create entry success??position mjing4 --> mjing3[34600, 12700] 
[04-06 11:12:07.353]receive entry create success ??position darkblue --> mjing3
[04-06 11:12:07.353]receive entry create success ??position mjing3 --> mjing4
[04-06 11:12:07.510]receive request to create entry??position puzzleworld2 --> puzzleworld[36500, 17100]??script line 37
[04-06 11:12:07.510]create entry success??position puzzleworld2 --> puzzleworld[36500, 17100] 
[04-06 11:12:07.540]receive entry create success ??position puzzleworld --> puzzleworld2
[04-06 11:12:07.571]receive request to create entry??position teampk --> garner[10000, 10000]??script line 89
[04-06 11:12:07.571]create entry success??position teampk --> garner[10000, 10000] 
[04-06 11:12:07.603]receive entry create success ??position garner --> teampk
[04-06 11:12:07.634]receive request to create entry??position Hellchapter --> garner[220300, 278000]??script line 44
[04-06 11:12:07.634]create entry success??position Hellchapter --> garner[220300, 278000] 
[04-06 11:12:07.634]receive request to create entry??position chaosicicle --> DreamIsland[33700, 58800]??script line 73
[04-06 11:12:07.634]create entry success??position chaosicicle --> DreamIsland[33700, 58800] 
[04-06 11:12:07.664]receive entry create success ??position garner --> Hellchapter
[04-06 11:12:07.664]receive entry create success ??position DreamIsland --> chaosicicle
[04-06 11:20:02.507]receive request to destroy entry??position puzzleworld2 --> puzzleworld
[04-06 11:20:02.507]destroy entry success??position puzzleworld2 --> puzzleworld
[04-06 11:20:02.538]receive entry destroy success??position puzzleworld --> puzzleworld2
[04-06 11:30:02.655]receive request to destroy entry??position chaosicicle --> DreamIsland
[04-06 11:30:02.655]destroy entry success??position chaosicicle --> DreamIsland
[04-06 11:30:02.685]receive entry destroy success??position DreamIsland --> chaosicicle
[04-06 13:00:02.360]receive request to create entry??position abandonedcity --> garner[223200, 280200]??script line 37
[04-06 13:00:02.367]create entry success??position abandonedcity --> garner[223200, 280200] 
[04-06 13:00:02.367]receive request to create entry??position abandonedcity2 --> abandonedcity[8400, 24600]??script line 19
[04-06 13:00:02.368]create entry success??position abandonedcity2 --> abandonedcity[8400, 24600] 
[04-06 13:00:02.391]receive entry create success ??position garner --> abandonedcity
[04-06 13:00:02.391]receive entry create success ??position abandonedcity --> abandonedcity2
[04-06 13:00:02.406]receive request to create entry??position abandonedcity3 --> abandonedcity2[24900, 22500]??script line 20
[04-06 13:00:02.407]create entry success??position abandonedcity3 --> abandonedcity2[24900, 22500] 
[04-06 13:00:02.407]receive request to create entry??position darkswamp --> magicsea[82000, 370700]??script line 38
[04-06 13:00:02.409]create entry success??position darkswamp --> magicsea[82000, 370700] 
[04-06 13:00:02.437]receive entry create success ??position abandonedcity2 --> abandonedcity3
[04-06 13:00:02.437]receive entry create success ??position magicsea --> darkswamp
[04-06 13:00:02.468]receive request to create entry??position puzzleworld --> garner[91000, 106900]??script line 36
[04-06 13:00:02.469]create entry success??position puzzleworld --> garner[91000, 106900] 
[04-06 13:00:02.469]receive request to create entry??position puzzleworld2 --> puzzleworld[36500, 38100]??script line 37
[04-06 13:00:02.471]create entry success??position puzzleworld2 --> puzzleworld[36500, 38100] 
[04-06 13:00:02.499]receive entry create success ??position garner --> puzzleworld
[04-06 13:00:02.499]receive entry create success ??position puzzleworld --> puzzleworld2
[04-06 13:40:02.367]receive request to destroy entry??position abandonedcity --> garner
[04-06 13:40:02.367]destroy entry success??position abandonedcity --> garner
[04-06 13:40:02.367]receive request to destroy entry??position abandonedcity2 --> abandonedcity
[04-06 13:40:02.367]destroy entry success??position abandonedcity2 --> abandonedcity
[04-06 13:40:02.367]receive request to destroy entry??position abandonedcity3 --> abandonedcity2
[04-06 13:40:02.367]destroy entry success??position abandonedcity3 --> abandonedcity2
[04-06 13:40:02.398]receive entry destroy success??position garner --> abandonedcity
[04-06 13:40:02.398]receive entry destroy success??position abandonedcity --> abandonedcity2
[04-06 13:40:02.398]receive entry destroy success??position abandonedcity2 --> abandonedcity3
[04-06 13:40:02.428]receive request to destroy entry??position puzzleworld --> garner
[04-06 13:40:02.428]destroy entry success??position puzzleworld --> garner
[04-06 13:40:02.459]receive entry destroy success??position garner --> puzzleworld
[04-06 14:00:02.428]receive request to destroy entry??position darkswamp --> magicsea
[04-06 14:00:02.428]destroy entry success??position darkswamp --> magicsea
[04-06 14:00:02.460]receive entry destroy success??position magicsea --> darkswamp
[04-06 14:00:02.614]receive request to create entry??position chaosicicle --> DreamIsland[33700, 58800]??script line 73
[04-06 14:00:02.621]create entry success??position chaosicicle --> DreamIsland[33700, 58800] 
[04-06 14:00:02.645]receive entry create success ??position DreamIsland --> chaosicicle
[04-06 14:20:02.509]receive request to destroy entry??position puzzleworld2 --> puzzleworld
[04-06 14:20:02.509]destroy entry success??position puzzleworld2 --> puzzleworld
[04-06 14:20:02.540]receive entry destroy success??position puzzleworld --> puzzleworld2
[04-06 14:30:02.615]receive request to destroy entry??position chaosicicle --> DreamIsland
[04-06 14:30:02.615]destroy entry success??position chaosicicle --> DreamIsland
[04-06 14:30:02.646]receive entry destroy success??position DreamIsland --> chaosicicle
[04-06 15:00:00.744]receive request to create entry??position garner2 --> darkblue[137200, 53100]??script line 75
[04-06 15:00:00.752]create entry success??position garner2 --> darkblue[137200, 53100] 
[04-06 15:00:00.776]receive entry create success ??position darkblue --> garner2
[04-06 15:30:00.766]receive request to destroy entry??position garner2 --> darkblue
[04-06 15:30:00.766]destroy entry success??position garner2 --> darkblue
[04-06 15:30:00.798]receive entry destroy success??position darkblue --> garner2
[04-06 16:00:02.345]receive request to create entry??position abandonedcity --> garner[223200, 280200]??script line 37
[04-06 16:00:02.347]create entry success??position abandonedcity --> garner[223200, 280200] 
[04-06 16:00:02.347]receive request to create entry??position abandonedcity2 --> abandonedcity[8400, 24600]??script line 19
[04-06 16:00:02.348]create entry success??position abandonedcity2 --> abandonedcity[8400, 24600] 
[04-06 16:00:02.375]receive entry create success ??position garner --> abandonedcity
[04-06 16:00:02.375]receive entry create success ??position abandonedcity --> abandonedcity2
[04-06 16:00:02.391]receive request to create entry??position abandonedcity3 --> abandonedcity2[24900, 22500]??script line 20
[04-06 16:00:02.392]create entry success??position abandonedcity3 --> abandonedcity2[24900, 22500] 
[04-06 16:00:02.392]receive request to create entry??position darkswamp --> magicsea[82000, 370700]??script line 38
[04-06 16:00:02.398]create entry success??position darkswamp --> magicsea[82000, 370700] 
[04-06 16:00:02.422]receive entry create success ??position abandonedcity2 --> abandonedcity3
[04-06 16:00:02.422]receive entry create success ??position magicsea --> darkswamp
[04-06 16:00:02.438]receive request to create entry??position puzzleworld --> garner[91000, 106900]??script line 36
[04-06 16:00:02.439]create entry success??position puzzleworld --> garner[91000, 106900] 
[04-06 16:00:02.468]receive entry create success ??position garner --> puzzleworld
[04-06 16:00:02.499]receive request to create entry??position puzzleworld2 --> puzzleworld[36500, 38100]??script line 37
[04-06 16:00:02.500]create entry success??position puzzleworld2 --> puzzleworld[36500, 38100] 
[04-06 16:00:02.530]receive entry create success ??position puzzleworld --> puzzleworld2
[04-06 16:40:02.354]receive request to destroy entry??position abandonedcity --> garner
