[04-06 10:32:22.817]Initializing Offline Stall Manager...
[04-06 10:32:22.817]Loading all offline stalls from database...
[04-06 10:32:22.817]LoadOfflineStalls called for map: ALL
[04-06 10:32:22.817]Executing SQL: EXEC dbo.OfflineStall_LoadAll
[04-06 10:32:22.834]SQL returned 0 rows
[04-06 10:32:22.834]Loaded 0 offline stalls from database
[04-06 10:32:22.834]Loaded 0 offline stalls
[04-06 10:35:49.132]HasOfflineStall: cha_id=5187, has_stall=0
[04-06 10:40:18.764]Initializing Offline Stall Manager...
[04-06 10:40:18.764]Loading all offline stalls from database...
[04-06 10:40:18.764]LoadOfflineStalls called for map: ALL
[04-06 10:40:18.764]Executing SQL: EXEC dbo.OfflineStall_LoadAll
[04-06 10:40:18.774]SQL returned 0 rows
[04-06 10:40:18.774]Loaded 0 offline stalls from database
[04-06 10:40:18.774]Loaded 0 offline stalls
[04-06 10:40:24.011]HasOfflineStall: cha_id=5187, has_stall=0
[04-06 10:45:56.069]Shutting down Offline Stall Manager...
[04-06 10:46:09.945]Initializing Offline Stall Manager...
[04-06 10:46:09.945]Loading all offline stalls from database...
[04-06 10:46:09.945]LoadOfflineStalls called for map: ALL
[04-06 10:46:09.945]Executing SQL: EXEC dbo.OfflineStall_LoadAll
[04-06 10:46:09.952]SQL returned 0 rows
[04-06 10:46:09.952]Loaded 0 offline stalls from database
[04-06 10:46:09.952]Loaded 0 offline stalls
[04-06 10:46:11.296]HasOfflineStall: cha_id=5187, has_stall=0
[04-06 10:50:18.589]Initializing Offline Stall Manager...
[04-06 10:50:18.589]Loading all offline stalls from database...
[04-06 10:50:18.589]LoadOfflineStalls called for map: ALL
[04-06 10:50:18.589]Executing SQL: EXEC dbo.OfflineStall_LoadAll
[04-06 10:50:18.596]SQL returned 0 rows
[04-06 10:50:18.596]Loaded 0 offline stalls from database
[04-06 10:50:18.596]Loaded 0 offline stalls
[04-06 10:50:21.682]HasOfflineStall: cha_id=5187, has_stall=0
[04-06 10:53:03.901]HasOfflineStall: cha_id=5187, has_stall=0
[04-06 10:56:09.717]Initializing Offline Stall Manager...
[04-06 10:56:09.717]Loading all offline stalls from database...
[04-06 10:56:09.717]LoadOfflineStalls called for map: ALL
[04-06 10:56:09.717]Executing SQL: EXEC dbo.OfflineStall_LoadAll
[04-06 10:56:09.724]SQL returned 0 rows
[04-06 10:56:09.724]Loaded 0 offline stalls from database
[04-06 10:56:09.724]Loaded 0 offline stalls
[04-06 10:56:48.688]HasOfflineStall: cha_id=5187, has_stall=0
[04-06 11:00:57.707]Initializing Offline Stall Manager...
[04-06 11:00:57.708]Loading all offline stalls from database...
[04-06 11:00:57.708]LoadOfflineStalls called for map: ALL
[04-06 11:00:57.708]Executing SQL: EXEC dbo.OfflineStall_LoadAll
[04-06 11:00:57.719]SQL returned 0 rows
[04-06 11:00:57.719]Loaded 0 offline stalls from database
[04-06 11:00:57.719]Loaded 0 offline stalls
[04-06 11:02:15.059]Initializing Offline Stall Manager...
[04-06 11:02:15.059]Loading all offline stalls from database...
[04-06 11:02:15.059]LoadOfflineStalls called for map: ALL
[04-06 11:02:15.059]Executing SQL: EXEC dbo.OfflineStall_LoadAll
[04-06 11:02:15.067]SQL returned 0 rows
[04-06 11:02:15.067]Loaded 0 offline stalls from database
[04-06 11:02:15.067]Loaded 0 offline stalls
[04-06 11:02:26.042]HasOfflineStall: cha_id=5187, has_stall=0
[04-06 11:12:02.689]Initializing Offline Stall Manager...
[04-06 11:12:02.689]Loading all offline stalls from database...
[04-06 11:12:02.689]LoadOfflineStalls called for map: ALL
[04-06 11:12:02.689]Executing SQL: EXEC dbo.OfflineStall_LoadAll
[04-06 11:12:02.698]SQL returned 0 rows
[04-06 11:12:02.698]Loaded 0 offline stalls from database
[04-06 11:12:02.698]Loaded 0 offline stalls
[04-06 11:12:13.815]HasOfflineStall: cha_id=5187, has_stall=0
