[04-06 10:32:25.503]
[04-06 10:32:25.503]ask for found entrance : position leiting2 --> garner[60000, 210600]
[04-06 10:32:27.177]
[04-06 10:32:27.177]ask for found entrance : position mjing1 --> darkblue[129900, 53800]
[04-06 10:32:27.177]
[04-06 10:32:27.177]ask for found entrance : position mjing2 --> mjing1[37400, 38700]
[04-06 10:32:27.177]
[04-06 10:32:27.177]ask for found entrance : position mjing3 --> darkblue[129900, 54300]
[04-06 10:32:27.239]
[04-06 10:32:27.239]ask for found entrance : position mjing4 --> mjing3[34600, 12700]
[04-06 10:32:27.239]
[04-06 10:32:27.239]ask for found entrance : position abandonedcity --> garner[223200, 280200]
[04-06 10:32:27.303]
[04-06 10:32:27.303]ask for found entrance : position abandonedcity2 --> abandonedcity[8400, 24600]
[04-06 10:32:27.366]
[04-06 10:32:27.366]ask for found entrance : position abandonedcity3 --> abandonedcity2[24900, 22500]
[04-06 10:32:27.366]
[04-06 10:32:27.366]ask for found entrance : position darkswamp --> magicsea[82000, 370700]
[04-06 10:32:27.488]
[04-06 10:32:27.488]ask for found entrance : position puzzleworld --> garner[91000, 106900]
[04-06 10:32:27.488]
[04-06 10:32:27.488]ask for found entrance : position puzzleworld2 --> puzzleworld[36500, 17100]
[04-06 10:32:27.612]
[04-06 10:32:27.612]ask for found entrance : position teampk --> garner[10000, 10000]
[04-06 10:32:27.674]
[04-06 10:32:27.674]ask for found entrance : position Hellchapter --> garner[220300, 278000]
[04-06 10:40:22.122]
[04-06 10:40:22.122]ask for found entrance : position leiting2 --> garner[60000, 210600]
[04-06 10:40:23.365]
[04-06 10:40:23.365]ask for found entrance : position mjing1 --> darkblue[129900, 53800]
[04-06 10:40:23.427]
[04-06 10:40:23.427]ask for found entrance : position mjing2 --> mjing1[37400, 38700]
[04-06 10:40:23.427]
[04-06 10:40:23.427]ask for found entrance : position mjing3 --> darkblue[129900, 54300]
[04-06 10:40:23.427]
[04-06 10:40:23.427]ask for found entrance : position mjing4 --> mjing3[34600, 12700]
[04-06 10:40:23.488]
[04-06 10:40:23.488]ask for found entrance : position darkswamp --> magicsea[82000, 370700]
[04-06 10:40:23.613]
[04-06 10:40:23.613]ask for found entrance : position puzzleworld2 --> puzzleworld[36500, 17100]
[04-06 10:40:23.613]
[04-06 10:40:23.613]ask for found entrance : position teampk --> garner[10000, 10000]
[04-06 10:40:23.675]
[04-06 10:40:23.675]ask for found entrance : position Hellchapter --> garner[220300, 278000]
[04-06 10:46:13.477]
[04-06 10:46:13.477]ask for found entrance : position leiting2 --> garner[60000, 210600]
[04-06 10:46:14.594]
[04-06 10:46:14.594]ask for found entrance : position mjing1 --> darkblue[129900, 53800]
[04-06 10:46:14.594]
[04-06 10:46:14.594]ask for found entrance : position mjing2 --> mjing1[37400, 38700]
[04-06 10:46:14.594]
[04-06 10:46:14.594]ask for found entrance : position mjing3 --> darkblue[129900, 54300]
[04-06 10:46:14.655]
[04-06 10:46:14.655]ask for found entrance : position mjing4 --> mjing3[34600, 12700]
[04-06 10:46:14.716]
[04-06 10:46:14.716]ask for found entrance : position darkswamp --> magicsea[82000, 370700]
[04-06 10:46:14.779]
[04-06 10:46:14.779]ask for found entrance : position puzzleworld2 --> puzzleworld[36500, 17100]
[04-06 10:46:14.840]
[04-06 10:46:14.840]ask for found entrance : position teampk --> garner[10000, 10000]
[04-06 10:46:14.840]
[04-06 10:46:14.840]ask for found entrance : position Hellchapter --> garner[220300, 278000]
[04-06 10:50:21.686]
[04-06 10:50:21.686]ask for found entrance : position leiting2 --> garner[60000, 210600]
[04-06 10:50:23.164]
[04-06 10:50:23.164]ask for found entrance : position mjing1 --> darkblue[129900, 53800]
[04-06 10:50:23.164]
[04-06 10:50:23.164]ask for found entrance : position mjing2 --> mjing1[37400, 38700]
[04-06 10:50:23.164]
[04-06 10:50:23.164]ask for found entrance : position mjing3 --> darkblue[129900, 54300]
[04-06 10:50:23.226]
[04-06 10:50:23.226]ask for found entrance : position mjing4 --> mjing3[34600, 12700]
[04-06 10:50:23.288]
[04-06 10:50:23.288]ask for found entrance : position darkswamp --> magicsea[82000, 370700]
[04-06 10:50:23.349]
[04-06 10:50:23.349]ask for found entrance : position puzzleworld2 --> puzzleworld[36500, 17100]
[04-06 10:50:23.410]
[04-06 10:50:23.410]ask for found entrance : position teampk --> garner[10000, 10000]
[04-06 10:50:23.473]
[04-06 10:50:23.473]ask for found entrance : position Hellchapter --> garner[220300, 278000]
[04-06 10:56:13.010]
[04-06 10:56:13.010]ask for found entrance : position leiting2 --> garner[60000, 210600]
[04-06 10:56:14.308]
[04-06 10:56:14.308]ask for found entrance : position mjing1 --> darkblue[129900, 53800]
[04-06 10:56:14.371]
[04-06 10:56:14.371]ask for found entrance : position mjing2 --> mjing1[37400, 38700]
[04-06 10:56:14.371]
[04-06 10:56:14.371]ask for found entrance : position mjing3 --> darkblue[129900, 54300]
[04-06 10:56:14.371]
[04-06 10:56:14.371]ask for found entrance : position mjing4 --> mjing3[34600, 12700]
[04-06 10:56:14.433]
[04-06 10:56:14.433]ask for found entrance : position darkswamp --> magicsea[82000, 370700]
[04-06 10:56:14.497]
[04-06 10:56:14.497]ask for found entrance : position puzzleworld2 --> puzzleworld[36500, 17100]
[04-06 10:56:14.559]
[04-06 10:56:14.559]ask for found entrance : position teampk --> garner[10000, 10000]
[04-06 10:56:14.621]
[04-06 10:56:14.621]ask for found entrance : position Hellchapter --> garner[220300, 278000]
[04-06 11:00:04.655]
[04-06 11:00:04.655]ask for found entrance : position chaosicicle --> DreamIsland[33700, 58800]
[04-06 11:01:01.185]
[04-06 11:01:01.185]ask for found entrance : position leiting2 --> garner[60000, 210600]
[04-06 11:01:02.363]
[04-06 11:01:02.363]ask for found entrance : position mjing1 --> darkblue[129900, 53800]
[04-06 11:01:02.363]
[04-06 11:01:02.363]ask for found entrance : position mjing2 --> mjing1[37400, 38700]
[04-06 11:01:02.363]
[04-06 11:01:02.363]ask for found entrance : position mjing3 --> darkblue[129900, 54300]
[04-06 11:01:02.363]
[04-06 11:01:02.363]ask for found entrance : position mjing4 --> mjing3[34600, 12700]
[04-06 11:01:02.547]
[04-06 11:01:02.547]ask for found entrance : position puzzleworld2 --> puzzleworld[36500, 17100]
[04-06 11:01:02.547]
[04-06 11:01:02.547]ask for found entrance : position teampk --> garner[10000, 10000]
[04-06 11:01:02.608]
[04-06 11:01:02.608]ask for found entrance : position Hellchapter --> garner[220300, 278000]
[04-06 11:01:02.670]
[04-06 11:01:02.670]ask for found entrance : position chaosicicle --> DreamIsland[33700, 58800]
[04-06 11:02:18.367]
[04-06 11:02:18.367]ask for found entrance : position leiting2 --> garner[60000, 210600]
[04-06 11:02:19.603]
[04-06 11:02:19.603]ask for found entrance : position mjing1 --> darkblue[129900, 53800]
[04-06 11:02:19.603]
[04-06 11:02:19.603]ask for found entrance : position mjing2 --> mjing1[37400, 38700]
[04-06 11:02:19.603]
[04-06 11:02:19.603]ask for found entrance : position mjing3 --> darkblue[129900, 54300]
[04-06 11:02:19.664]
[04-06 11:02:19.664]ask for found entrance : position mjing4 --> mjing3[34600, 12700]
[04-06 11:02:19.850]
[04-06 11:02:19.850]ask for found entrance : position puzzleworld2 --> puzzleworld[36500, 17100]
[04-06 11:02:19.912]
[04-06 11:02:19.912]ask for found entrance : position teampk --> garner[10000, 10000]
[04-06 11:02:19.912]
[04-06 11:02:19.912]ask for found entrance : position Hellchapter --> garner[220300, 278000]
[04-06 11:02:19.973]
[04-06 11:02:19.973]ask for found entrance : position chaosicicle --> DreamIsland[33700, 58800]
[04-06 11:12:05.744]
[04-06 11:12:05.744]ask for found entrance : position leiting2 --> garner[60000, 210600]
[04-06 11:12:07.229]
[04-06 11:12:07.229]ask for found entrance : position mjing1 --> darkblue[129900, 53800]
[04-06 11:12:07.229]
[04-06 11:12:07.229]ask for found entrance : position mjing2 --> mjing1[37400, 38700]
[04-06 11:12:07.291]
[04-06 11:12:07.291]ask for found entrance : position mjing3 --> darkblue[129900, 54300]
[04-06 11:12:07.291]
[04-06 11:12:07.291]ask for found entrance : position mjing4 --> mjing3[34600, 12700]
[04-06 11:12:07.479]
[04-06 11:12:07.479]ask for found entrance : position puzzleworld2 --> puzzleworld[36500, 17100]
[04-06 11:12:07.540]
[04-06 11:12:07.540]ask for found entrance : position teampk --> garner[10000, 10000]
[04-06 11:12:07.603]
[04-06 11:12:07.603]ask for found entrance : position Hellchapter --> garner[220300, 278000]
[04-06 11:12:07.603]
[04-06 11:12:07.603]ask for found entrance : position chaosicicle --> DreamIsland[33700, 58800]
[04-06 13:00:02.329]
[04-06 13:00:02.329]ask for found entrance : position abandonedcity --> garner[223200, 280200]
[04-06 13:00:02.329]
[04-06 13:00:02.329]ask for found entrance : position abandonedcity2 --> abandonedcity[8400, 24600]
[04-06 13:00:02.375]
[04-06 13:00:02.375]ask for found entrance : position abandonedcity3 --> abandonedcity2[24900, 22500]
[04-06 13:00:02.375]
[04-06 13:00:02.375]ask for found entrance : position darkswamp --> magicsea[82000, 370700]
[04-06 13:00:02.437]
[04-06 13:00:02.437]ask for found entrance : position puzzleworld --> garner[91000, 106900]
[04-06 13:00:02.437]
[04-06 13:00:02.437]ask for found entrance : position puzzleworld2 --> puzzleworld[36500, 38100]
[04-06 14:00:02.584]
[04-06 14:00:02.585]ask for found entrance : position chaosicicle --> DreamIsland[33700, 58800]
[04-06 15:00:00.712]
[04-06 15:00:00.712]ask for found entrance : position garner2 --> darkblue[137200, 53100]
[04-06 16:00:02.314]
