[04-06 11:02:26.039]Enter game [           tempra] [                 ] [Gold: 1000 Item: 5@Lv45 Card[7868],1;Lv55 Card[7856],1;Lv100 Card[9545],1;Ticket to Mordor[7702],98;Ticket to Rivendal[7699],99;]
[04-06 11:02:26.039]Enter game [           tempra] [                 ] [Temporary Bag: 0@]
[04-06 11:02:26.039]Enter game [           tempra] [                 ] [Bank ID(1):[1]0@;]
[04-06 11:02:26.039]  Equip [           tempra] [                 ] [Equipment: 34@Face 1[2554],0;]
[04-06 11:02:26.039]Enter game [           tempra] [                 ] [Character online]
[04-06 11:02:26.046]Enter game [           tempra] [                 ] [Enter map [garner] Coordinatex = 224600, y = 270400.]
[04-06 11:06:26.827]Quest give [           tempra] [                 ] [System You have obtained 100000 Gold!]
[04-06 11:06:26.827]Consume [           tempra] [                 ] [Item consumption, name Hundred Thousand of gold [8453], number 1]
[04-06 11:06:29.710]Shop Buy [           tempra] [                 ] [2??Ticket to Dream island]
[04-06 11:06:31.260]Exit game [           tempra] [                 ] [Exit map [garner] Coordinatex = 222925, y = 278025.]
[04-06 11:06:31.291]Enter game [           tempra] [                 ] [Enter map [DreamIsland] Coordinatex = 34600, y = 60000.]
[04-06 11:12:13.813]Enter game [           tempra] [                 ] [Gold: 99000 Item: 4@Lv45 Card[7868],1;Lv55 Card[7856],1;Lv100 Card[9545],1;Ticket to Dream island[7700],2;]
[04-06 11:12:13.813]Enter game [           tempra] [                 ] [Temporary Bag: 0@]
[04-06 11:12:13.813]Enter game [           tempra] [                 ] [Bank ID(1):[1]0@;]
[04-06 11:12:13.813]  Equip [           tempra] [                 ] [Equipment: 34@Face 1[2554],0;]
[04-06 11:12:13.813]Enter game [           tempra] [                 ] [Character online]
[04-06 11:12:13.819]Enter game [           tempra] [                 ] [Enter map [garner] Coordinatex = 224600, y = 270400.]
[04-06 11:14:05.114]Quest give [           tempra] [                 ] [BoatSelected:Wrong type selected[1]]
[04-06 11:14:05.114]Quest collect [           tempra] [                 ] [1个Lv45 Card]
[04-06 11:14:05.114]Quest collect [           tempra] [                 ] [1个Lv55 Card]
[04-06 11:14:05.115]Consume [           tempra] [                 ] [Item consumption, name Lv100 Card [9545], number 1]
[04-06 11:16:50.358]Exit game [           tempra] [                 ] [Character offline]
