[04-06 10:32:25.536]WorldNotice: len = 143
[04-06 10:32:25.536]WorldNotice: contend = Announcement: In Magical Ocean region, players has discovered [600,2106] emerges a portal that leads to [Thundoria Mirage]. All players beware.
[04-06 10:32:27.271]WorldNotice: len = 75
[04-06 10:32:27.271]WorldNotice: contend = Announcement: Shaitan City [2232,2802] emerges a portal to [Forsaken City].
[04-06 10:32:27.396]WorldNotice: len = 224
[04-06 10:32:27.396]WorldNotice: contend = Announcement: According to weather forecast, near Magical Ocean at [820,3707] emerged a gigantic Whirlpool. All ships beware! There are reports that ships entered the Whirlpool and reached a gloomy place called [Dark Swamp].
[04-06 10:32:27.519]WorldNotice: len = 118
[04-06 10:32:27.519]WorldNotice: contend = Announcement: According to reports, near Ascaron at [910,1069] appears a portal to Demonic World. Please check it out.
[04-06 10:32:27.643]WorldNotice: len = 52
[04-06 10:32:27.643]WorldNotice: contend = Announcement: Map for party challenge is now opened.
[04-06 10:37:22.763]WorldNotice: len = 44
[04-06 10:37:22.766]WorldNotice: contend = There are current 0 survivor in Hell Chapter
[04-06 10:40:02.273]WorldNotice: len = 100
[04-06 10:40:02.273]WorldNotice: contend = Announcement: Shaitan City [2232,2802] nearby has ceased. Remember to take note of the announcement!
[04-06 10:40:02.519]WorldNotice: len = 119
[04-06 10:40:02.519]WorldNotice: contend = Announcement: According to reports, portal to [Demonic World] has vanished. Check announcement for more details. Enjoy!
[04-06 10:40:22.155]WorldNotice: len = 143
[04-06 10:40:22.155]WorldNotice: contend = Announcement: In Magical Ocean region, players has discovered [600,2106] emerges a portal that leads to [Thundoria Mirage]. All players beware.
[04-06 10:40:23.519]WorldNotice: len = 224
[04-06 10:40:23.519]WorldNotice: contend = Announcement: According to weather forecast, near Magical Ocean at [820,3707] emerged a gigantic Whirlpool. All ships beware! There are reports that ships entered the Whirlpool and reached a gloomy place called [Dark Swamp].
[04-06 10:40:23.644]WorldNotice: len = 52
[04-06 10:40:23.644]WorldNotice: contend = Announcement: Map for party challenge is now opened.
[04-06 10:45:18.718]WorldNotice: len = 44
[04-06 10:45:18.718]WorldNotice: contend = There are current 0 survivor in Hell Chapter
[04-06 10:46:13.508]WorldNotice: len = 143
[04-06 10:46:13.508]WorldNotice: contend = Announcement: In Magical Ocean region, players has discovered [600,2106] emerges a portal that leads to [Thundoria Mirage]. All players beware.
[04-06 10:46:14.748]WorldNotice: len = 224
[04-06 10:46:14.748]WorldNotice: contend = Announcement: According to weather forecast, near Magical Ocean at [820,3707] emerged a gigantic Whirlpool. All ships beware! There are reports that ships entered the Whirlpool and reached a gloomy place called [Dark Swamp].
[04-06 10:46:14.871]WorldNotice: len = 52
[04-06 10:46:14.871]WorldNotice: contend = Announcement: Map for party challenge is now opened.
[04-06 10:50:21.711]WorldNotice: len = 143
[04-06 10:50:21.711]WorldNotice: contend = Announcement: In Magical Ocean region, players has discovered [600,2106] emerges a portal that leads to [Thundoria Mirage]. All players beware.
[04-06 10:50:23.318]WorldNotice: len = 224
[04-06 10:50:23.318]WorldNotice: contend = Announcement: According to weather forecast, near Magical Ocean at [820,3707] emerged a gigantic Whirlpool. All ships beware! There are reports that ships entered the Whirlpool and reached a gloomy place called [Dark Swamp].
[04-06 10:50:23.442]WorldNotice: len = 52
[04-06 10:50:23.442]WorldNotice: contend = Announcement: Map for party challenge is now opened.
[04-06 10:55:18.484]WorldNotice: len = 44
[04-06 10:55:18.484]WorldNotice: contend = There are current 0 survivor in Hell Chapter
[04-06 10:56:13.043]WorldNotice: len = 143
[04-06 10:56:13.043]WorldNotice: contend = Announcement: In Magical Ocean region, players has discovered [600,2106] emerges a portal that leads to [Thundoria Mirage]. All players beware.
[04-06 10:56:14.465]WorldNotice: len = 224
[04-06 10:56:14.465]WorldNotice: contend = Announcement: According to weather forecast, near Magical Ocean at [820,3707] emerged a gigantic Whirlpool. All ships beware! There are reports that ships entered the Whirlpool and reached a gloomy place called [Dark Swamp].
[04-06 10:56:14.590]WorldNotice: len = 52
[04-06 10:56:14.590]WorldNotice: contend = Announcement: Map for party challenge is now opened.
[04-06 11:00:04.499]WorldNotice: len = 170
[04-06 11:00:04.499]WorldNotice: contend = Announcement: According to weather forecast, near Magical Ocean at [820,3707] nearby has ceased. Everybody can sail safely now. Remember to take note of the announcement!
[04-06 11:00:04.685]WorldNotice: len = 119
[04-06 11:00:04.685]WorldNotice: contend = Announcement: According to reports, in Dream Island at [337,588] appears a portal to Chaos Icicle. Please check it out.
[04-06 11:01:01.216]WorldNotice: len = 143
[04-06 11:01:01.217]WorldNotice: contend = Announcement: In Magical Ocean region, players has discovered [600,2106] emerges a portal that leads to [Thundoria Mirage]. All players beware.
[04-06 11:01:02.577]WorldNotice: len = 52
[04-06 11:01:02.577]WorldNotice: contend = Announcement: Map for party challenge is now opened.
[04-06 11:01:02.700]WorldNotice: len = 119
[04-06 11:01:02.700]WorldNotice: contend = Announcement: According to reports, in Dream Island at [337,588] appears a portal to Chaos Icicle. Please check it out.
[04-06 11:02:18.399]WorldNotice: len = 143
[04-06 11:02:18.400]WorldNotice: contend = Announcement: In Magical Ocean region, players has discovered [600,2106] emerges a portal that leads to [Thundoria Mirage]. All players beware.
[04-06 11:02:19.943]WorldNotice: len = 52
[04-06 11:02:19.943]WorldNotice: contend = Announcement: Map for party challenge is now opened.
[04-06 11:02:20.004]WorldNotice: len = 119
[04-06 11:02:20.004]WorldNotice: contend = Announcement: According to reports, in Dream Island at [337,588] appears a portal to Chaos Icicle. Please check it out.
[04-06 11:07:14.972]WorldNotice: len = 44
[04-06 11:07:14.972]WorldNotice: contend = There are current 0 survivor in Hell Chapter
[04-06 11:12:05.775]WorldNotice: len = 143
[04-06 11:12:05.775]WorldNotice: contend = Announcement: In Magical Ocean region, players has discovered [600,2106] emerges a portal that leads to [Thundoria Mirage]. All players beware.
[04-06 11:12:07.571]WorldNotice: len = 52
[04-06 11:12:07.571]WorldNotice: contend = Announcement: Map for party challenge is now opened.
[04-06 11:12:07.634]WorldNotice: len = 119
[04-06 11:12:07.634]WorldNotice: contend = Announcement: According to reports, in Dream Island at [337,588] appears a portal to Chaos Icicle. Please check it out.
[04-06 11:17:02.572]WorldNotice: len = 44
[04-06 11:17:02.572]WorldNotice: contend = There are current 0 survivor in Hell Chapter
[04-06 11:22:02.560]WorldNotice: len = 44
[04-06 11:22:02.560]WorldNotice: contend = There are current 0 survivor in Hell Chapter
[04-06 11:27:02.593]WorldNotice: len = 44
[04-06 11:27:02.593]WorldNotice: contend = There are current 0 survivor in Hell Chapter
[04-06 11:30:02.655]WorldNotice: len = 118
[04-06 11:30:02.655]WorldNotice: contend = Announcement: According to reports, portal to [Chaos Icicle] has vanished. Check announcement for more details. Enjoy!
[04-06 11:32:02.568]WorldNotice: len = 44
[04-06 11:32:02.568]WorldNotice: contend = There are current 0 survivor in Hell Chapter
[04-06 11:37:02.560]WorldNotice: len = 44
[04-06 11:37:02.560]WorldNotice: contend = There are current 0 survivor in Hell Chapter
[04-06 11:42:02.577]WorldNotice: len = 44
[04-06 11:42:02.577]WorldNotice: contend = There are current 0 survivor in Hell Chapter
[04-06 11:47:02.583]WorldNotice: len = 44
[04-06 11:47:02.583]WorldNotice: contend = There are current 0 survivor in Hell Chapter
[04-06 11:52:02.568]WorldNotice: len = 44
[04-06 11:52:02.568]WorldNotice: contend = There are current 0 survivor in Hell Chapter
[04-06 11:57:02.601]WorldNotice: len = 44
[04-06 11:57:02.601]WorldNotice: contend = There are current 0 survivor in Hell Chapter
[04-06 12:00:00.693]WorldNotice: len = 120
[04-06 12:00:00.693]WorldNotice: contend = <Capture The Flag>: Registration is now OPEN! Talk to the CTF Guardian NPC to register. You have 5 minute(s) to sign up!
[04-06 12:00:00.693]WorldNotice: len = 101
[04-06 12:00:00.693]WorldNotice: contend = <Capture The Flag>: Registration is Open! 5 minute(s) left. Talk to the CTF Guardian NPC to register!
[04-06 12:01:00.731]WorldNotice: len = 101
[04-06 12:01:00.731]WorldNotice: contend = <Capture The Flag>: Registration is Open! 4 minute(s) left. Talk to the CTF Guardian NPC to register!
[04-06 12:02:00.704]WorldNotice: len = 101
[04-06 12:02:00.704]WorldNotice: contend = <Capture The Flag>: Registration is Open! 3 minute(s) left. Talk to the CTF Guardian NPC to register!
[04-06 12:02:02.559]WorldNotice: len = 44
[04-06 12:02:02.559]WorldNotice: contend = There are current 0 survivor in Hell Chapter
[04-06 12:03:00.688]WorldNotice: len = 101
[04-06 12:03:00.688]WorldNotice: contend = <Capture The Flag>: Registration is Open! 2 minute(s) left. Talk to the CTF Guardian NPC to register!
[04-06 12:04:00.683]WorldNotice: len = 101
[04-06 12:04:00.683]WorldNotice: contend = <Capture The Flag>: Registration is Open! 1 minute(s) left. Talk to the CTF Guardian NPC to register!
[04-06 12:05:00.729]WorldNotice: len = 73
[04-06 12:05:00.729]WorldNotice: contend = <Capture The Flag>: Not enough players registered (0/2). Event cancelled.
[04-06 12:07:02.568]WorldNotice: len = 44
[04-06 12:07:02.568]WorldNotice: contend = There are current 0 survivor in Hell Chapter
[04-06 12:12:02.565]WorldNotice: len = 44
[04-06 12:12:02.565]WorldNotice: contend = There are current 0 survivor in Hell Chapter
[04-06 12:17:02.583]WorldNotice: len = 44
[04-06 12:17:02.583]WorldNotice: contend = There are current 0 survivor in Hell Chapter
[04-06 12:22:02.568]WorldNotice: len = 44
[04-06 12:22:02.568]WorldNotice: contend = There are current 0 survivor in Hell Chapter
[04-06 12:27:02.592]WorldNotice: len = 44
[04-06 12:27:02.592]WorldNotice: contend = There are current 0 survivor in Hell Chapter
[04-06 12:32:02.558]WorldNotice: len = 44
[04-06 12:32:02.558]WorldNotice: contend = There are current 0 survivor in Hell Chapter
[04-06 12:37:02.587]WorldNotice: len = 44
[04-06 12:37:02.587]WorldNotice: contend = There are current 0 survivor in Hell Chapter
[04-06 12:42:02.563]WorldNotice: len = 44
[04-06 12:42:02.563]WorldNotice: contend = There are current 0 survivor in Hell Chapter
[04-06 12:47:02.594]WorldNotice: len = 44
[04-06 12:47:02.594]WorldNotice: contend = There are current 0 survivor in Hell Chapter
[04-06 12:52:02.554]WorldNotice: len = 44
[04-06 12:52:02.554]WorldNotice: contend = There are current 0 survivor in Hell Chapter
[04-06 12:57:02.566]WorldNotice: len = 44
[04-06 12:57:02.566]WorldNotice: contend = There are current 0 survivor in Hell Chapter
[04-06 13:00:02.367]WorldNotice: len = 75
[04-06 13:00:02.367]WorldNotice: contend = Announcement: Shaitan City [2232,2802] emerges a portal to [Forsaken City].
[04-06 13:00:02.409]WorldNotice: len = 224
[04-06 13:00:02.409]WorldNotice: contend = Announcement: According to weather forecast, near Magical Ocean at [820,3707] emerged a gigantic Whirlpool. All ships beware! There are reports that ships entered the Whirlpool and reached a gloomy place called [Dark Swamp].
[04-06 13:00:02.469]WorldNotice: len = 118
[04-06 13:00:02.469]WorldNotice: contend = Announcement: According to reports, near Ascaron at [910,1069] appears a portal to Demonic World. Please check it out.
[04-06 13:02:02.585]WorldNotice: len = 44
[04-06 13:02:02.585]WorldNotice: contend = There are current 0 survivor in Hell Chapter
[04-06 13:07:02.580]WorldNotice: len = 44
[04-06 13:07:02.580]WorldNotice: contend = There are current 0 survivor in Hell Chapter
[04-06 13:12:02.600]WorldNotice: len = 44
[04-06 13:12:02.600]WorldNotice: contend = There are current 0 survivor in Hell Chapter
[04-06 13:17:02.580]WorldNotice: len = 44
[04-06 13:17:02.580]WorldNotice: contend = There are current 0 survivor in Hell Chapter
[04-06 13:22:02.553]WorldNotice: len = 44
[04-06 13:22:02.553]WorldNotice: contend = There are current 0 survivor in Hell Chapter
[04-06 13:27:02.606]WorldNotice: len = 44
[04-06 13:27:02.606]WorldNotice: contend = There are current 0 survivor in Hell Chapter
[04-06 13:32:02.582]WorldNotice: len = 44
[04-06 13:32:02.582]WorldNotice: contend = There are current 0 survivor in Hell Chapter
[04-06 13:37:02.578]WorldNotice: len = 44
[04-06 13:37:02.578]WorldNotice: contend = There are current 0 survivor in Hell Chapter
[04-06 13:40:02.367]WorldNotice: len = 100
[04-06 13:40:02.367]WorldNotice: contend = Announcement: Shaitan City [2232,2802] nearby has ceased. Remember to take note of the announcement!
[04-06 13:40:02.428]WorldNotice: len = 119
[04-06 13:40:02.428]WorldNotice: contend = Announcement: According to reports, portal to [Demonic World] has vanished. Check announcement for more details. Enjoy!
[04-06 13:42:02.586]WorldNotice: len = 44
[04-06 13:42:02.586]WorldNotice: contend = There are current 0 survivor in Hell Chapter
[04-06 13:47:02.599]WorldNotice: len = 44
[04-06 13:47:02.599]WorldNotice: contend = There are current 0 survivor in Hell Chapter
[04-06 13:52:02.595]WorldNotice: len = 44
[04-06 13:52:02.595]WorldNotice: contend = There are current 0 survivor in Hell Chapter
[04-06 13:57:02.556]WorldNotice: len = 44
[04-06 13:57:02.556]WorldNotice: contend = There are current 0 survivor in Hell Chapter
[04-06 14:00:02.428]WorldNotice: len = 170
[04-06 14:00:02.428]WorldNotice: contend = Announcement: According to weather forecast, near Magical Ocean at [820,3707] nearby has ceased. Everybody can sail safely now. Remember to take note of the announcement!
[04-06 14:00:02.621]WorldNotice: len = 119
[04-06 14:00:02.621]WorldNotice: contend = Announcement: According to reports, in Dream Island at [337,588] appears a portal to Chaos Icicle. Please check it out.
[04-06 14:02:02.577]WorldNotice: len = 44
[04-06 14:02:02.577]WorldNotice: contend = There are current 0 survivor in Hell Chapter
[04-06 14:07:02.571]WorldNotice: len = 44
[04-06 14:07:02.571]WorldNotice: contend = There are current 0 survivor in Hell Chapter
[04-06 14:12:02.593]WorldNotice: len = 44
[04-06 14:12:02.593]WorldNotice: contend = There are current 0 survivor in Hell Chapter
[04-06 14:17:02.579]WorldNotice: len = 44
[04-06 14:17:02.579]WorldNotice: contend = There are current 0 survivor in Hell Chapter
[04-06 14:22:02.595]WorldNotice: len = 44
[04-06 14:22:02.595]WorldNotice: contend = There are current 0 survivor in Hell Chapter
[04-06 14:27:02.565]WorldNotice: len = 44
[04-06 14:27:02.565]WorldNotice: contend = There are current 0 survivor in Hell Chapter
[04-06 14:30:02.615]WorldNotice: len = 118
[04-06 14:30:02.615]WorldNotice: contend = Announcement: According to reports, portal to [Chaos Icicle] has vanished. Check announcement for more details. Enjoy!
[04-06 14:32:02.591]WorldNotice: len = 44
[04-06 14:32:02.591]WorldNotice: contend = There are current 0 survivor in Hell Chapter
[04-06 14:37:02.563]WorldNotice: len = 44
[04-06 14:37:02.563]WorldNotice: contend = There are current 0 survivor in Hell Chapter
[04-06 14:42:02.565]WorldNotice: len = 44
[04-06 14:42:02.565]WorldNotice: contend = There are current 0 survivor in Hell Chapter
[04-06 14:47:02.597]WorldNotice: len = 44
[04-06 14:47:02.597]WorldNotice: contend = There are current 0 survivor in Hell Chapter
[04-06 14:52:02.557]WorldNotice: len = 44
[04-06 14:52:02.557]WorldNotice: contend = There are current 0 survivor in Hell Chapter
[04-06 14:57:02.586]WorldNotice: len = 44
[04-06 14:57:02.586]WorldNotice: contend = There are current 0 survivor in Hell Chapter
[04-06 15:00:00.752]WorldNotice: len = 57
[04-06 15:00:00.752]WorldNotice: contend = Portal to Chaos Argent has opened at [1372,531] Deep Blue
[04-06 15:02:02.605]WorldNotice: len = 44
[04-06 15:02:02.605]WorldNotice: contend = There are current 0 survivor in Hell Chapter
[04-06 15:07:02.605]WorldNotice: len = 44
[04-06 15:07:02.605]WorldNotice: contend = There are current 0 survivor in Hell Chapter
[04-06 15:12:02.566]WorldNotice: len = 44
[04-06 15:12:02.566]WorldNotice: contend = There are current 0 survivor in Hell Chapter
[04-06 15:17:02.585]WorldNotice: len = 44
[04-06 15:17:02.585]WorldNotice: contend = There are current 0 survivor in Hell Chapter
[04-06 15:22:02.597]WorldNotice: len = 44
[04-06 15:22:02.597]WorldNotice: contend = There are current 0 survivor in Hell Chapter
[04-06 15:27:02.551]WorldNotice: len = 44
[04-06 15:27:02.551]WorldNotice: contend = There are current 0 survivor in Hell Chapter
[04-06 15:30:00.766]WorldNotice: len = 40
[04-06 15:30:00.766]WorldNotice: contend = The portal to Chaos Argent is now closed
[04-06 15:32:02.561]WorldNotice: len = 44
[04-06 15:32:02.561]WorldNotice: contend = There are current 0 survivor in Hell Chapter
[04-06 15:37:02.574]WorldNotice: len = 44
[04-06 15:37:02.574]WorldNotice: contend = There are current 0 survivor in Hell Chapter
[04-06 15:42:02.601]WorldNotice: len = 44
[04-06 15:42:02.601]WorldNotice: contend = There are current 0 survivor in Hell Chapter
[04-06 15:47:02.597]WorldNotice: len = 44
[04-06 15:47:02.597]WorldNotice: contend = There are current 0 survivor in Hell Chapter
[04-06 15:52:02.597]WorldNotice: len = 44
[04-06 15:52:02.597]WorldNotice: contend = There are current 0 survivor in Hell Chapter
[04-06 15:57:02.595]WorldNotice: len = 44
[04-06 15:57:02.595]WorldNotice: contend = There are current 0 survivor in Hell Chapter
[04-06 16:00:02.347]WorldNotice: len = 75
[04-06 16:00:02.347]WorldNotice: contend = Announcement: Shaitan City [2232,2802] emerges a portal to [Forsaken City].
[04-06 16:00:02.398]WorldNotice: len = 224
[04-06 16:00:02.398]WorldNotice: contend = Announcement: According to weather forecast, near Magical Ocean at [820,3707] emerged a gigantic Whirlpool. All ships beware! There are reports that ships entered the Whirlpool and reached a gloomy place called [Dark Swamp].
[04-06 16:00:02.439]WorldNotice: len = 118
[04-06 16:00:02.439]WorldNotice: contend = Announcement: According to reports, near Ascaron at [910,1069] appears a portal to Demonic World. Please check it out.
[04-06 16:02:02.558]WorldNotice: len = 44
[04-06 16:02:02.558]WorldNotice: contend = There are current 0 survivor in Hell Chapter
[04-06 16:07:02.553]WorldNotice: len = 44
[04-06 16:07:02.553]WorldNotice: contend = There are current 0 survivor in Hell Chapter
[04-06 16:12:02.574]WorldNotice: len = 44
[04-06 16:12:02.574]WorldNotice: contend = There are current 0 survivor in Hell Chapter
[04-06 16:17:02.551]WorldNotice: len = 44
[04-06 16:17:02.551]WorldNotice: contend = There are current 0 survivor in Hell Chapter
[04-06 16:22:02.608]WorldNotice: len = 44
[04-06 16:22:02.608]WorldNotice: contend = There are current 0 survivor in Hell Chapter
[04-06 16:27:02.600]WorldNotice: len = 44
[04-06 16:27:02.600]WorldNotice: contend = There are current 0 survivor in Hell Chapter
[04-06 16:32:02.583]WorldNotice: len = 44
[04-06 16:32:02.583]WorldNotice: contend = There are current 0 survivor in Hell Chapter
[04-06 16:37:02.593]WorldNotice: len = 44
[04-06 16:37:02.593]WorldNotice: contend = There are current 0 survivor in Hell Chapter
[04-06 16:40:02.354]WorldNotice: len = 100
[04-06 16:40:02.354]WorldNotice: contend = Announcement: Shaitan City [2232,2802] nearby has ceased. Remember to take note of the announcement!
[04-06 16:40:02.478]WorldNotice: len = 119
[04-06 16:40:02.478]WorldNotice: contend = Announcement: According to reports, portal to [Demonic World] has vanished. Check announcement for more details. Enjoy!
[04-06 16:42:02.585]WorldNotice: len = 44
[04-06 16:42:02.585]WorldNotice: contend = There are current 0 survivor in Hell Chapter
[04-06 16:47:02.590]WorldNotice: len = 44
