[04-07 16:03:59.715]=== BossTimer Initializing ===
[04-07 16:03:59.715]Tracking boss 1423 (Devil) - respawn: 86400 seconds
[04-07 16:03:59.715]Tracking boss 1414 (Half-beast Man) - respawn: 86400 seconds
[04-07 16:03:59.715]Tracking boss 1413 (Aqua Tiger) - respawn: 86400 seconds
[04-07 16:03:59.715]Tracking boss 1009 (Aries Guardian) - respawn: 1800 seconds
[04-07 16:03:59.715]Tracking boss 789 (Black Dragon) - respawn: 86400 seconds
[04-07 16:03:59.715]Tracking boss 1105 (Firm Guard) - respawn: 86400 seconds
[04-07 16:03:59.715]Tracking boss 1109 (Fury Kara) - respawn: 86400 seconds
[04-07 16:03:59.716]Tracking boss 1117 (Morpheus Abyss Demon) - respawn: 86400 seconds
[04-07 16:03:59.716]Tracking boss 1113 (Vicious Relic Protector) - respawn: 86400 seconds
[04-07 16:03:59.716]Tracking boss 1418 (Hell Demon) - respawn: 86400 seconds
[04-07 16:03:59.716]Tracking boss 1417 (Hell Prisoner) - respawn: 86400 seconds
[04-07 16:03:59.716]Tracking boss 1416 (Hell Mud Monster) - respawn: 86400 seconds
[04-07 16:03:59.716]Tracking boss 1415 (Hell Knight) - respawn: 86400 seconds
[04-07 16:03:59.716]Loaded 13 boss configurations from BossTracked.txt
[04-07 16:03:59.716]Loaded 0 active timers, 0 expired
[04-07 16:03:59.716]=== BossTimer Ready ===
[04-07 16:09:33.087]Shutting down - saving state
[04-07 16:09:33.087]Saved 0 boss states to BossTimers.txt
[04-07 16:09:53.104]=== BossTimer Initializing ===
[04-07 16:09:53.104]Tracking boss 1423 (Devil) - respawn: 86400 seconds
[04-07 16:09:53.104]Tracking boss 1414 (Half-beast Man) - respawn: 86400 seconds
[04-07 16:09:53.104]Tracking boss 1413 (Aqua Tiger) - respawn: 86400 seconds
[04-07 16:09:53.104]Tracking boss 1009 (Aries Guardian) - respawn: 1800 seconds
[04-07 16:09:53.104]Tracking boss 789 (Black Dragon) - respawn: 86400 seconds
[04-07 16:09:53.104]Tracking boss 1105 (Firm Guard) - respawn: 86400 seconds
[04-07 16:09:53.104]Tracking boss 1109 (Fury Kara) - respawn: 86400 seconds
[04-07 16:09:53.104]Tracking boss 1117 (Morpheus Abyss Demon) - respawn: 86400 seconds
[04-07 16:09:53.104]Tracking boss 1113 (Vicious Relic Protector) - respawn: 86400 seconds
[04-07 16:09:53.104]Tracking boss 1418 (Hell Demon) - respawn: 86400 seconds
[04-07 16:09:53.104]Tracking boss 1417 (Hell Prisoner) - respawn: 86400 seconds
[04-07 16:09:53.104]Tracking boss 1416 (Hell Mud Monster) - respawn: 86400 seconds
[04-07 16:09:53.104]Tracking boss 1415 (Hell Knight) - respawn: 86400 seconds
[04-07 16:09:53.104]Loaded 13 boss configurations from BossTracked.txt
[04-07 16:09:53.104]Loaded 0 active timers, 0 expired
[04-07 16:09:53.104]=== BossTimer Ready ===
[04-07 16:19:13.882]Shutting down - saving state
[04-07 16:19:13.882]Saved 0 boss states to BossTimers.txt
[04-07 16:21:23.977]=== BossTimer Initializing ===
[04-07 16:21:23.977]Tracking boss 1423 (Devil) - respawn: 86400 seconds
[04-07 16:21:23.977]Tracking boss 1414 (Half-beast Man) - respawn: 86400 seconds
[04-07 16:21:23.977]Tracking boss 1413 (Aqua Tiger) - respawn: 86400 seconds
[04-07 16:21:23.977]Tracking boss 1009 (Aries Guardian) - respawn: 1800 seconds
[04-07 16:21:23.977]Tracking boss 789 (Black Dragon) - respawn: 86400 seconds
[04-07 16:21:23.977]Tracking boss 1105 (Firm Guard) - respawn: 86400 seconds
[04-07 16:21:23.977]Tracking boss 1109 (Fury Kara) - respawn: 86400 seconds
[04-07 16:21:23.977]Tracking boss 1117 (Morpheus Abyss Demon) - respawn: 86400 seconds
[04-07 16:21:23.977]Tracking boss 1113 (Vicious Relic Protector) - respawn: 86400 seconds
[04-07 16:21:23.977]Tracking boss 1418 (Hell Demon) - respawn: 86400 seconds
[04-07 16:21:23.977]Tracking boss 1417 (Hell Prisoner) - respawn: 86400 seconds
[04-07 16:21:23.977]Tracking boss 1416 (Hell Mud Monster) - respawn: 86400 seconds
[04-07 16:21:23.977]Tracking boss 1415 (Hell Knight) - respawn: 86400 seconds
[04-07 16:21:23.977]Loaded 13 boss configurations from BossTracked.txt
[04-07 16:21:23.977]Loaded 0 active timers, 0 expired
[04-07 16:21:23.977]=== BossTimer Ready ===
[04-07 16:26:22.636]Shutting down - saving state
[04-07 16:26:22.636]Saved 0 boss states to BossTimers.txt
[04-07 16:27:37.764]=== BossTimer Initializing ===
