[04-07 16:03:59.996]Attrib file: [id=0] -> [./resource/garner\garner.atr]
[04-07 16:04:00.263]Attrib file: [id=1] -> [./resource/ctf\ctf.atr]
[04-07 16:04:00.272]Attrib file: [id=2] -> [./resource/garner2\garner2.atr]
[04-07 16:04:00.276]Attrib file: [id=3] -> [./resource/PKmap\PKmap.atr]
[04-07 16:04:00.287]Attrib file: [id=4] -> [./resource/shalan2\shalan2.atr]
[04-07 16:04:00.295]Attrib file: [id=5] -> [./resource/leiting2\leiting2.atr]
[04-07 16:04:00.321]Attrib file: [id=6] -> [./resource/lonetower\lonetower.atr]
[04-07 16:04:00.343]Attrib file: [id=7] -> [./resource/L4MAP\L4MAP.atr]
[04-07 16:04:00.352]Attrib file: [id=8] -> [./resource/LostCity\LostCity.atr]
[04-07 16:04:00.606]Attrib file: [id=9] -> [./resource/magicsea\magicsea.atr]
[04-07 16:04:00.869]Attrib file: [id=10] -> [./resource/jialebi\jialebi.atr]
[04-07 16:04:00.925]Attrib file: [id=11] -> [./resource/hell\hell.atr]
[04-07 16:04:00.933]Attrib file: [id=12] -> [./resource/hell2\hell2.atr]
[04-07 16:04:00.940]Attrib file: [id=13] -> [./resource/hell3\hell3.atr]
[04-07 16:04:00.949]Attrib file: [id=14] -> [./resource/hell4\hell4.atr]
[04-07 16:04:00.955]Attrib file: [id=15] -> [./resource/hell5\hell5.atr]
[04-07 16:04:01.207]Attrib file: [id=16] -> [./resource/darkblue\darkblue.atr]
[04-07 16:04:01.479]Attrib file: [id=17] -> [./resource/eastgoaf\eastgoaf.atr]
[04-07 16:04:01.549]Attrib file: [id=18] -> [./resource/winterland\winterland.atr]
[04-07 16:04:01.631]Attrib file: [id=19] -> [./resource/mjing1\mjing1.atr]
[04-07 16:04:01.647]Attrib file: [id=20] -> [./resource/mjing2\mjing2.atr]
[04-07 16:04:01.662]Attrib file: [id=21] -> [./resource/mjing3\mjing3.atr]
[04-07 16:04:01.679]Attrib file: [id=22] -> [./resource/mjing4\mjing4.atr]
[04-07 16:04:01.691]Attrib file: [id=23] -> [./resource/starena13\starena13.atr]
[04-07 16:04:01.695]Attrib file: [id=24] -> [./resource/starena23\starena23.atr]
[04-07 16:04:01.699]Attrib file: [id=25] -> [./resource/starena33\starena33.atr]
[04-07 16:04:01.706]Attrib file: [id=26] -> [./resource/abandonedcity\abandonedcity.atr]
[04-07 16:04:01.723]Attrib file: [id=27] -> [./resource/abandonedcity2\abandonedcity2.atr]
[04-07 16:04:01.741]Attrib file: [id=28] -> [./resource/abandonedcity3\abandonedcity3.atr]
[04-07 16:04:01.766]Attrib file: [id=29] -> [./resource/darkswamp\darkswamp.atr]
[04-07 16:04:01.802]Attrib file: [id=30] -> [./resource/puzzleworld\puzzleworld.atr]
[04-07 16:04:01.832]Attrib file: [id=31] -> [./resource/puzzleworld2\puzzleworld2.atr]
[04-07 16:04:01.872]Attrib file: [id=32] -> [./resource/DreamIsland\DreamIsland.atr]
[04-07 16:04:01.891]Attrib file: [id=33] -> [./resource/teampk\teampk.atr]
[04-07 16:04:01.952]Attrib file: [id=34] -> [./resource/Hellchapter\Hellchapter.atr]
[04-07 16:04:01.967]Attrib file: [id=35] -> [./resource/chaosicicle\chaosicicle.atr]
[04-07 16:04:01.977]Attrib file: [id=36] -> [./resource/yschurch\yschurch.atr]
[04-07 16:09:53.283]Attrib file: [id=0] -> [./resource/garner\garner.atr]
[04-07 16:09:53.531]Attrib file: [id=1] -> [./resource/ctf\ctf.atr]
[04-07 16:09:53.539]Attrib file: [id=2] -> [./resource/garner2\garner2.atr]
[04-07 16:09:53.543]Attrib file: [id=3] -> [./resource/PKmap\PKmap.atr]
[04-07 16:09:53.549]Attrib file: [id=4] -> [./resource/shalan2\shalan2.atr]
[04-07 16:09:53.560]Attrib file: [id=5] -> [./resource/leiting2\leiting2.atr]
[04-07 16:09:53.576]Attrib file: [id=6] -> [./resource/lonetower\lonetower.atr]
[04-07 16:09:53.592]Attrib file: [id=7] -> [./resource/L4MAP\L4MAP.atr]
[04-07 16:09:53.592]Attrib file: [id=8] -> [./resource/LostCity\LostCity.atr]
[04-07 16:09:53.789]Attrib file: [id=9] -> [./resource/magicsea\magicsea.atr]
[04-07 16:09:54.034]Attrib file: [id=10] -> [./resource/jialebi\jialebi.atr]
[04-07 16:09:54.070]Attrib file: [id=11] -> [./resource/hell\hell.atr]
[04-07 16:09:54.092]Attrib file: [id=12] -> [./resource/hell2\hell2.atr]
[04-07 16:09:54.100]Attrib file: [id=13] -> [./resource/hell3\hell3.atr]
[04-07 16:09:54.109]Attrib file: [id=14] -> [./resource/hell4\hell4.atr]
[04-07 16:09:54.112]Attrib file: [id=15] -> [./resource/hell5\hell5.atr]
[04-07 16:09:54.283]Attrib file: [id=16] -> [./resource/darkblue\darkblue.atr]
[04-07 16:09:54.549]Attrib file: [id=17] -> [./resource/eastgoaf\eastgoaf.atr]
[04-07 16:09:54.606]Attrib file: [id=18] -> [./resource/winterland\winterland.atr]
[04-07 16:09:54.675]Attrib file: [id=19] -> [./resource/mjing1\mjing1.atr]
[04-07 16:09:54.691]Attrib file: [id=20] -> [./resource/mjing2\mjing2.atr]
[04-07 16:09:54.707]Attrib file: [id=21] -> [./resource/mjing3\mjing3.atr]
[04-07 16:09:54.725]Attrib file: [id=22] -> [./resource/mjing4\mjing4.atr]
[04-07 16:09:54.741]Attrib file: [id=23] -> [./resource/starena13\starena13.atr]
[04-07 16:09:54.745]Attrib file: [id=24] -> [./resource/starena23\starena23.atr]
[04-07 16:09:54.748]Attrib file: [id=25] -> [./resource/starena33\starena33.atr]
[04-07 16:09:54.753]Attrib file: [id=26] -> [./resource/abandonedcity\abandonedcity.atr]
[04-07 16:09:54.768]Attrib file: [id=27] -> [./resource/abandonedcity2\abandonedcity2.atr]
[04-07 16:09:54.784]Attrib file: [id=28] -> [./resource/abandonedcity3\abandonedcity3.atr]
[04-07 16:09:54.805]Attrib file: [id=29] -> [./resource/darkswamp\darkswamp.atr]
[04-07 16:09:54.834]Attrib file: [id=30] -> [./resource/puzzleworld\puzzleworld.atr]
[04-07 16:09:54.860]Attrib file: [id=31] -> [./resource/puzzleworld2\puzzleworld2.atr]
[04-07 16:09:54.878]Attrib file: [id=32] -> [./resource/DreamIsland\DreamIsland.atr]
[04-07 16:09:54.902]Attrib file: [id=33] -> [./resource/teampk\teampk.atr]
[04-07 16:09:54.953]Attrib file: [id=34] -> [./resource/Hellchapter\Hellchapter.atr]
[04-07 16:09:54.964]Attrib file: [id=35] -> [./resource/chaosicicle\chaosicicle.atr]
[04-07 16:09:54.971]Attrib file: [id=36] -> [./resource/yschurch\yschurch.atr]
[04-07 16:21:24.213]Attrib file: [id=0] -> [./resource/garner\garner.atr]
[04-07 16:21:24.485]Attrib file: [id=1] -> [./resource/ctf\ctf.atr]
[04-07 16:21:24.494]Attrib file: [id=2] -> [./resource/garner2\garner2.atr]
[04-07 16:21:24.499]Attrib file: [id=3] -> [./resource/PKmap\PKmap.atr]
[04-07 16:21:24.503]Attrib file: [id=4] -> [./resource/shalan2\shalan2.atr]
[04-07 16:21:24.513]Attrib file: [id=5] -> [./resource/leiting2\leiting2.atr]
[04-07 16:21:24.545]Attrib file: [id=6] -> [./resource/lonetower\lonetower.atr]
[04-07 16:21:24.564]Attrib file: [id=7] -> [./resource/L4MAP\L4MAP.atr]
[04-07 16:21:24.572]Attrib file: [id=8] -> [./resource/LostCity\LostCity.atr]
[04-07 16:21:24.762]Attrib file: [id=9] -> [./resource/magicsea\magicsea.atr]
[04-07 16:21:25.011]Attrib file: [id=10] -> [./resource/jialebi\jialebi.atr]
[04-07 16:21:25.065]Attrib file: [id=11] -> [./resource/hell\hell.atr]
[04-07 16:21:25.072]Attrib file: [id=12] -> [./resource/hell2\hell2.atr]
[04-07 16:21:25.078]Attrib file: [id=13] -> [./resource/hell3\hell3.atr]
[04-07 16:21:25.085]Attrib file: [id=14] -> [./resource/hell4\hell4.atr]
[04-07 16:21:25.089]Attrib file: [id=15] -> [./resource/hell5\hell5.atr]
[04-07 16:21:25.280]Attrib file: [id=16] -> [./resource/darkblue\darkblue.atr]
[04-07 16:21:25.600]Attrib file: [id=17] -> [./resource/eastgoaf\eastgoaf.atr]
[04-07 16:21:25.659]Attrib file: [id=18] -> [./resource/winterland\winterland.atr]
[04-07 16:21:25.744]Attrib file: [id=19] -> [./resource/mjing1\mjing1.atr]
[04-07 16:21:25.759]Attrib file: [id=20] -> [./resource/mjing2\mjing2.atr]
[04-07 16:21:25.774]Attrib file: [id=21] -> [./resource/mjing3\mjing3.atr]
[04-07 16:21:25.792]Attrib file: [id=22] -> [./resource/mjing4\mjing4.atr]
[04-07 16:21:25.806]Attrib file: [id=23] -> [./resource/starena13\starena13.atr]
[04-07 16:21:25.810]Attrib file: [id=24] -> [./resource/starena23\starena23.atr]
[04-07 16:21:25.815]Attrib file: [id=25] -> [./resource/starena33\starena33.atr]
[04-07 16:21:25.825]Attrib file: [id=26] -> [./resource/abandonedcity\abandonedcity.atr]
[04-07 16:21:25.846]Attrib file: [id=27] -> [./resource/abandonedcity2\abandonedcity2.atr]
[04-07 16:21:25.860]Attrib file: [id=28] -> [./resource/abandonedcity3\abandonedcity3.atr]
[04-07 16:21:25.889]Attrib file: [id=29] -> [./resource/darkswamp\darkswamp.atr]
[04-07 16:21:25.927]Attrib file: [id=30] -> [./resource/puzzleworld\puzzleworld.atr]
[04-07 16:21:25.959]Attrib file: [id=31] -> [./resource/puzzleworld2\puzzleworld2.atr]
[04-07 16:21:26.001]Attrib file: [id=32] -> [./resource/DreamIsland\DreamIsland.atr]
[04-07 16:21:26.017]Attrib file: [id=33] -> [./resource/teampk\teampk.atr]
[04-07 16:21:26.065]Attrib file: [id=34] -> [./resource/Hellchapter\Hellchapter.atr]
[04-07 16:21:26.086]Attrib file: [id=35] -> [./resource/chaosicicle\chaosicicle.atr]
[04-07 16:21:26.093]Attrib file: [id=36] -> [./resource/yschurch\yschurch.atr]
[04-07 16:27:37.940]Attrib file: [id=0] -> [./resource/garner\garner.atr]
