[04-07 16:05:31.939]start entry map cha_id = 5187 enter--------------------------
[04-07 16:05:31.939]cha_id = 5187, begin read data from database: 
[04-07 16:05:32.063]Loading database succeed??_get_row_stored_procedure.
[04-07 16:05:32.064]Set the whole data succeed.
[04-07 16:05:32.067]Load kitbag data succeed.
[04-07 16:05:32.068]Load temp kitbag data succeed.
[04-07 16:05:32.068]Load bank data succeed.
[04-07 16:05:32.070]Load big map data succeed.
[04-07 16:05:32.072]Load the character whole data succeed.
[04-07 16:05:32.082]finish enter game scene Cha-tempra+5187(Cha-tempra+5187)
[04-07 16:05:32.082]end up entry map  [Cha-tempra+5187]================

[04-07 16:05:49.765]Start save character assets.
[04-07 16:05:49.774]finish kitbag save.
[04-07 16:05:49.774]Save character Cha-tempra+5187(Cha-tempra+5187)assets succeed.
[04-07 16:05:51.414]Start save character assets.
[04-07 16:05:51.418]finish kitbag save.
[04-07 16:05:51.418]Save character Cha-tempra+5187(Cha-tempra+5187)assets succeed.
[04-07 16:05:57.418]Start save character assets.
[04-07 16:05:57.419]finish kitbag save.
[04-07 16:05:57.419]Save character Cha-tempra+5187(Cha-tempra+5187)assets succeed.
[04-07 16:06:11.618]Start save character assets.
[04-07 16:06:11.622]finish kitbag save.
[04-07 16:06:11.623]Save character Cha-tempra+5187(Cha-tempra+5187)assets succeed.
[04-07 16:09:12.119]start leave map--------
[04-07 16:09:12.119]Delete Player [Cha-tempra+5187]
[04-07 16:09:12.119]cha_id = 5187, begin goout
[04-07 16:09:12.120]Cha-tempra+5187 start configure save data.
[04-07 16:09:12.237]character Cha-tempra+5187	carry out SQL sentence error!
[04-07 16:09:12.244]finish kitbag save.
[04-07 16:09:12.245]finish save the temp kitbag.
[04-07 16:09:12.245]finish the whole bank[0->0]save
[04-07 16:09:12.245]save the whole boat data succeed
[04-07 16:09:12.258]SavePlayer[tempra] failed[04-07 16:09:12.258]cha_id = 5187, goout
[04-07 16:09:12.258]end and leave the map========

[04-07 16:09:33.087]Begin SaveAllPlayer==============================================================
[04-07 16:09:33.087]one-off carry out every big map save SQL,totalize[0] piece!
[04-07 16:09:33.087]End SaveAllPlayer################################################################
[04-07 16:10:48.240]start entry map cha_id = 5187 enter--------------------------
[04-07 16:10:48.240]cha_id = 5187, begin read data from database: 
[04-07 16:10:48.246]Loading database succeed??_get_row_stored_procedure.
[04-07 16:10:48.248]Set the whole data succeed.
[04-07 16:10:48.251]Load kitbag data succeed.
[04-07 16:10:48.251]Load temp kitbag data succeed.
[04-07 16:10:48.251]Load bank data succeed.
[04-07 16:10:48.253]Load big map data succeed.
[04-07 16:10:48.254]Load the character whole data succeed.
[04-07 16:10:48.259]finish enter game scene Cha-tempra+5187(Cha-tempra+5187)
[04-07 16:10:48.260]end up entry map  [Cha-tempra+5187]================

[04-07 16:18:50.973]start leave map--------
[04-07 16:18:50.973]Delete Player [Cha-tempra+5187]
[04-07 16:18:50.973]cha_id = 5187, begin goout
[04-07 16:18:50.973]Cha-tempra+5187 start configure save data.
[04-07 16:18:51.104]character Cha-tempra+5187	carry out SQL sentence error!
[04-07 16:18:51.109]finish kitbag save.
[04-07 16:18:51.112]finish save the temp kitbag.
[04-07 16:18:51.112]finish the whole bank[0->0]save
[04-07 16:18:51.112]save the whole boat data succeed
[04-07 16:18:51.113]SavePlayer[tempra] failed[04-07 16:18:51.113]cha_id = 5187, goout
[04-07 16:18:51.113]end and leave the map========

[04-07 16:19:13.882]Begin SaveAllPlayer==============================================================
[04-07 16:19:13.882]one-off carry out every big map save SQL,totalize[0] piece!
[04-07 16:19:13.882]End SaveAllPlayer################################################################
[04-07 16:22:03.979]start entry map cha_id = 5187 enter--------------------------
[04-07 16:22:03.979]cha_id = 5187, begin read data from database: 
[04-07 16:22:04.092]Loading database succeed??_get_row_stored_procedure.
[04-07 16:22:04.093]Set the whole data succeed.
[04-07 16:22:04.095]Load kitbag data succeed.
[04-07 16:22:04.096]Load temp kitbag data succeed.
[04-07 16:22:04.096]Load bank data succeed.
[04-07 16:22:04.099]Load big map data succeed.
[04-07 16:22:04.100]Load the character whole data succeed.
[04-07 16:22:04.106]finish enter game scene Cha-tempra+5187(Cha-tempra+5187)
[04-07 16:22:04.106]end up entry map  [Cha-tempra+5187]================

[04-07 16:22:58.663]start leave map--------
[04-07 16:22:58.663]Delete Player [Cha-tempra+5187]
[04-07 16:22:58.663]cha_id = 5187, begin goout
[04-07 16:22:58.664]Cha-tempra+5187 start configure save data.
[04-07 16:22:58.834]character Cha-tempra+5187	carry out SQL sentence error!
[04-07 16:22:58.838]finish kitbag save.
[04-07 16:22:58.838]finish save the temp kitbag.
[04-07 16:22:58.838]finish the whole bank[0->0]save
[04-07 16:22:58.838]save the whole boat data succeed
[04-07 16:22:58.838]SavePlayer[tempra] failed[04-07 16:22:58.839]cha_id = 5187, goout
[04-07 16:22:58.839]end and leave the map========

[04-07 16:26:22.636]Begin SaveAllPlayer==============================================================
[04-07 16:26:22.636]one-off carry out every big map save SQL,totalize[0] piece!
[04-07 16:26:22.636]End SaveAllPlayer################################################################
[04-07 16:27:48.991]start entry map cha_id = 5187 enter--------------------------
[04-07 16:27:48.991]cha_id = 5187, begin read data from database: 
[04-07 16:27:48.998]Loading database succeed??_get_row_stored_procedure.
[04-07 16:27:48.999]Set the whole data succeed.
[04-07 16:27:49.002]Load kitbag data succeed.
[04-07 16:27:49.002]Load temp kitbag data succeed.
[04-07 16:27:49.002]Load bank data succeed.
[04-07 16:27:49.004]Load big map data succeed.
[04-07 16:27:49.005]Load the character whole data succeed.
[04-07 16:27:49.011]finish enter game scene Cha-tempra+5187(Cha-tempra+5187)
[04-07 16:27:49.011]end up entry map  [Cha-tempra+5187]================

[04-07 16:32:21.019]cha_id = 5187, begin goout
