[04-07 16:04:02.084]Ply[    0     0  5000],	Cha[40495 40495 70000],	Item[    1     1 50000],	TNpc[  493   493   700]
[04-07 16:05:02.129]Ply[    0     0  5000],	Cha[40495 40495 70000],	Item[   13    13 50000],	TNpc[  493   493   700]
[04-07 16:06:02.176]Ply[    1     1  5000],	Cha[40496 40496 70000],	Item[   13    13 50000],	TNpc[  493   493   700]
[04-07 16:07:02.182]Ply[    1     1  5000],	Cha[40496 40496 70000],	Item[   13    13 50000],	TNpc[  493   493   700]
[04-07 16:08:02.198]Ply[    1     1  5000],	Cha[40496 40496 70000],	Item[   13    13 50000],	TNpc[  493   493   700]
[04-07 16:09:02.201]Ply[    1     1  5000],	Cha[40496 40496 70000],	Item[   13    13 50000],	TNpc[  493   493   700]
[04-07 16:09:55.060]Ply[    0     0  5000],	Cha[40495 40495 70000],	Item[    1     1 50000],	TNpc[  493   493   700]
[04-07 16:10:55.055]Ply[    1     1  5000],	Cha[40496 40496 70000],	Item[   13    13 50000],	TNpc[  493   493   700]
[04-07 16:11:55.071]Ply[    1     1  5000],	Cha[40496 40496 70000],	Item[   13    13 50000],	TNpc[  493   493   700]
[04-07 16:12:55.068]Ply[    1     1  5000],	Cha[40496 40496 70000],	Item[   13    13 50000],	TNpc[  493   493   700]
[04-07 16:13:55.087]Ply[    1     1  5000],	Cha[40496 40496 70000],	Item[   13    13 50000],	TNpc[  493   493   700]
[04-07 16:14:55.101]Ply[    1     1  5000],	Cha[40496 40496 70000],	Item[   13    13 50000],	TNpc[  493   493   700]
[04-07 16:15:55.129]Ply[    1     1  5000],	Cha[40496 40496 70000],	Item[   13    13 50000],	TNpc[  493   493   700]
[04-07 16:16:55.168]Ply[    1     1  5000],	Cha[40496 40496 70000],	Item[   13    13 50000],	TNpc[  493   493   700]
[04-07 16:17:55.212]Ply[    1     1  5000],	Cha[40496 40496 70000],	Item[   13    13 50000],	TNpc[  493   493   700]
[04-07 16:18:55.225]Ply[    0     1  5000],	Cha[40495 40496 70000],	Item[   13    13 50000],	TNpc[  493   493   700]
[04-07 16:21:26.183]Ply[    0     0  5000],	Cha[40495 40495 70000],	Item[    1     1 50000],	TNpc[  493   493   700]
[04-07 16:22:26.190]Ply[    1     1  5000],	Cha[40496 40496 70000],	Item[   13    13 50000],	TNpc[  493   493   700]
[04-07 16:23:26.187]Ply[    0     1  5000],	Cha[40495 40496 70000],	Item[   13    13 50000],	TNpc[  493   493   700]
[04-07 16:24:26.224]Ply[    0     1  5000],	Cha[40495 40496 70000],	Item[   13    13 50000],	TNpc[  493   493   700]
[04-07 16:25:26.243]Ply[    0     1  5000],	Cha[40495 40496 70000],	Item[   13    13 50000],	TNpc[  493   493   700]
[04-07 16:27:39.724]Ply[    0     0  5000],	Cha[40495 40495 70000],	Item[    1     1 50000],	TNpc[  493   493   700]
[04-07 16:28:39.753]Ply[    1     1  5000],	Cha[40496 40496 70000],	Item[   13    13 50000],	TNpc[  493   493   700]
[04-07 16:29:39.758]Ply[    1     1  5000],	Cha[40496 40496 70000],	Item[   13    13 50000],	TNpc[  493   493   700]
[04-07 16:30:39.799]Ply[    1     1  5000],	Cha[40496 40496 70000],	Item[   13    13 50000],	TNpc[  493   493   700]
[04-07 16:31:39.814]Ply[    1     1  5000],	Cha[40496 40496 70000],	Item[   13    13 50000],	TNpc[  493   493   700]
