[04-07 16:03:59.718]set makp (garner)?ID = 1!
[04-07 16:04:00.261]set makp (ctf)?ID = 54!
[04-07 16:04:00.271]set makp (garner2)?ID = 15!
[04-07 16:04:00.276]set makp (PKmap)?ID = 50!
[04-07 16:04:00.285]set makp (shalan2)?ID = 23!
[04-07 16:04:00.293]set makp (leiting2)?ID = 22!
[04-07 16:04:00.304]set makp (lonetower)?ID = 5!
[04-07 16:04:00.339]set makp (L4MAP)?ID = 28!
[04-07 16:04:00.348]set makp (LostCity)?ID = 47!
[04-07 16:04:00.361]set makp (magicsea)?ID = 2!
[04-07 16:04:00.829]set makp (jialebi)?ID = 14!
[04-07 16:04:00.924]set makp (hell)?ID = 16!
[04-07 16:04:00.931]set makp (hell2)?ID = 17!
[04-07 16:04:00.938]set makp (hell3)?ID = 18!
[04-07 16:04:00.949]set makp (hell4)?ID = 19!
[04-07 16:04:00.955]set makp (hell5)?ID = 20!
[04-07 16:04:00.963]set makp (darkblue)?ID = 3!
[04-07 16:04:01.463]set makp (eastgoaf)?ID = 4!
[04-07 16:04:01.492]set makp (winterland)?ID = 33!
[04-07 16:04:01.627]set makp (mjing1)?ID = 34!
[04-07 16:04:01.642]set makp (mjing2)?ID = 35!
[04-07 16:04:01.658]set makp (mjing3)?ID = 36!
[04-07 16:04:01.674]set makp (mjing4)?ID = 37!
[04-07 16:04:01.691]set makp (starena13)?ID = 39!
[04-07 16:04:01.695]set makp (starena23)?ID = 42!
[04-07 16:04:01.698]set makp (starena33)?ID = 45!
[04-07 16:04:01.702]set makp (abandonedcity)?ID = 8!
[04-07 16:04:01.718]set makp (abandonedcity2)?ID = 9!
[04-07 16:04:01.737]set makp (abandonedcity3)?ID = 10!
[04-07 16:04:01.753]set makp (darkswamp)?ID = 7!
[04-07 16:04:01.796]set makp (puzzleworld)?ID = 11!
[04-07 16:04:01.827]set makp (puzzleworld2)?ID = 12!
[04-07 16:04:01.858]set makp (DreamIsland)?ID = 38!
[04-07 16:04:01.890]set makp (teampk)?ID = 13!
[04-07 16:04:01.951]set makp (Hellchapter)?ID = 48!
[04-07 16:04:01.965]set makp (chaosicicle)?ID = 40!
[04-07 16:04:01.973]set makp (yschurch)?ID = 26!
[04-07 16:09:53.107]set makp (garner)?ID = 1!
[04-07 16:09:53.530]set makp (ctf)?ID = 54!
[04-07 16:09:53.538]set makp (garner2)?ID = 15!
[04-07 16:09:53.543]set makp (PKmap)?ID = 50!
[04-07 16:09:53.549]set makp (shalan2)?ID = 23!
[04-07 16:09:53.558]set makp (leiting2)?ID = 22!
[04-07 16:09:53.560]set makp (lonetower)?ID = 5!
[04-07 16:09:53.592]set makp (L4MAP)?ID = 28!
[04-07 16:09:53.592]set makp (LostCity)?ID = 47!
[04-07 16:09:53.614]set makp (magicsea)?ID = 2!
[04-07 16:09:54.003]set makp (jialebi)?ID = 14!
[04-07 16:09:54.070]set makp (hell)?ID = 16!
[04-07 16:09:54.091]set makp (hell2)?ID = 17!
[04-07 16:09:54.098]set makp (hell3)?ID = 18!
[04-07 16:09:54.108]set makp (hell4)?ID = 19!
[04-07 16:09:54.112]set makp (hell5)?ID = 20!
[04-07 16:09:54.112]set makp (darkblue)?ID = 3!
[04-07 16:09:54.533]set makp (eastgoaf)?ID = 4!
[04-07 16:09:54.565]set makp (winterland)?ID = 33!
[04-07 16:09:54.675]set makp (mjing1)?ID = 34!
[04-07 16:09:54.691]set makp (mjing2)?ID = 35!
[04-07 16:09:54.707]set makp (mjing3)?ID = 36!
[04-07 16:09:54.725]set makp (mjing4)?ID = 37!
[04-07 16:09:54.741]set makp (starena13)?ID = 39!
[04-07 16:09:54.744]set makp (starena23)?ID = 42!
[04-07 16:09:54.748]set makp (starena33)?ID = 45!
[04-07 16:09:54.753]set makp (abandonedcity)?ID = 8!
[04-07 16:09:54.756]set makp (abandonedcity2)?ID = 9!
[04-07 16:09:54.768]set makp (abandonedcity3)?ID = 10!
[04-07 16:09:54.788]set makp (darkswamp)?ID = 7!
[04-07 16:09:54.819]set makp (puzzleworld)?ID = 11!
[04-07 16:09:54.856]set makp (puzzleworld2)?ID = 12!
[04-07 16:09:54.878]set makp (DreamIsland)?ID = 38!
[04-07 16:09:54.902]set makp (teampk)?ID = 13!
[04-07 16:09:54.952]set makp (Hellchapter)?ID = 48!
[04-07 16:09:54.963]set makp (chaosicicle)?ID = 40!
[04-07 16:09:54.971]set makp (yschurch)?ID = 26!
[04-07 16:21:23.984]set makp (garner)?ID = 1!
[04-07 16:21:24.484]set makp (ctf)?ID = 54!
[04-07 16:21:24.492]set makp (garner2)?ID = 15!
[04-07 16:21:24.498]set makp (PKmap)?ID = 50!
[04-07 16:21:24.503]set makp (shalan2)?ID = 23!
[04-07 16:21:24.513]set makp (leiting2)?ID = 22!
[04-07 16:21:24.527]set makp (lonetower)?ID = 5!
[04-07 16:21:24.562]set makp (L4MAP)?ID = 28!
[04-07 16:21:24.570]set makp (LostCity)?ID = 47!
[04-07 16:21:24.580]set makp (magicsea)?ID = 2!
[04-07 16:21:24.982]set makp (jialebi)?ID = 14!
[04-07 16:21:25.057]set makp (hell)?ID = 16!
[04-07 16:21:25.065]set makp (hell2)?ID = 17!
[04-07 16:21:25.074]set makp (hell3)?ID = 18!
[04-07 16:21:25.085]set makp (hell4)?ID = 19!
[04-07 16:21:25.089]set makp (hell5)?ID = 20!
[04-07 16:21:25.095]set makp (darkblue)?ID = 3!
[04-07 16:21:25.586]set makp (eastgoaf)?ID = 4!
[04-07 16:21:25.614]set makp (winterland)?ID = 33!
[04-07 16:21:25.741]set makp (mjing1)?ID = 34!
[04-07 16:21:25.756]set makp (mjing2)?ID = 35!
[04-07 16:21:25.770]set makp (mjing3)?ID = 36!
[04-07 16:21:25.789]set makp (mjing4)?ID = 37!
[04-07 16:21:25.806]set makp (starena13)?ID = 39!
[04-07 16:21:25.810]set makp (starena23)?ID = 42!
[04-07 16:21:25.813]set makp (starena33)?ID = 45!
[04-07 16:21:25.821]set makp (abandonedcity)?ID = 8!
[04-07 16:21:25.843]set makp (abandonedcity2)?ID = 9!
[04-07 16:21:25.860]set makp (abandonedcity3)?ID = 10!
[04-07 16:21:25.880]set makp (darkswamp)?ID = 7!
[04-07 16:21:25.915]set makp (puzzleworld)?ID = 11!
[04-07 16:21:25.943]set makp (puzzleworld2)?ID = 12!
[04-07 16:21:25.991]set makp (DreamIsland)?ID = 38!
[04-07 16:21:26.017]set makp (teampk)?ID = 13!
[04-07 16:21:26.065]set makp (Hellchapter)?ID = 48!
[04-07 16:21:26.079]set makp (chaosicicle)?ID = 40!
[04-07 16:21:26.090]set makp (yschurch)?ID = 26!
[04-07 16:27:37.765]set makp (garner)?ID = 1!
