[04-07 16:03:53.435]Load Game Config File(Text Mode) [GameServer.cfg]
[04-07 16:03:53.445]Load Game Config File(Text Mode) [cmd.cfg]
[04-07 16:03:53.446]Define __CATCH
[04-07 16:03:53.446]game map server [GameServer] startup...
[04-07 16:03:53.446]start initialization GameApp
[04-07 16:03:53.446]initialization DB...
[04-07 16:03:53.480]database init...ok
[04-07 16:03:53.480]database init...ok
[04-07 16:03:54.355]start to assign every Entity memory
[04-07 16:03:54.368]initialization every form...
[04-07 16:03:59.384]initialization Lua Script...
[04-07 16:03:59.716]initialization map list...
[04-07 16:04:00.261]map garner init resource succeed
[04-07 16:04:00.261]map [garner] ok!
[04-07 16:04:00.270]map ctf init resource succeed
[04-07 16:04:00.270]map [ctf] ok!
[04-07 16:04:00.276]map garner2 init resource succeed
[04-07 16:04:00.276]map [garner2] ok!
[04-07 16:04:00.285]map PKmap init resource succeed
[04-07 16:04:00.285]map [PKmap] ok!
[04-07 16:04:00.293]map shalan2 init resource succeed
[04-07 16:04:00.293]map [shalan2] ok!
[04-07 16:04:00.304]map leiting2 init resource succeed
[04-07 16:04:00.304]map [leiting2] ok!
[04-07 16:04:00.339]map lonetower init resource succeed
[04-07 16:04:00.339]map [lonetower] ok!
[04-07 16:04:00.348]map L4MAP init resource succeed
[04-07 16:04:00.348]map [L4MAP] ok!
[04-07 16:04:00.361]map LostCity init resource succeed
[04-07 16:04:00.361]map [LostCity] ok!
[04-07 16:04:00.829]map magicsea init resource succeed
[04-07 16:04:00.829]map [magicsea] ok!
[04-07 16:04:00.924]map jialebi init resource succeed
[04-07 16:04:00.924]map [jialebi] ok!
[04-07 16:04:00.931]map hell init resource succeed
[04-07 16:04:00.931]map [hell] ok!
[04-07 16:04:00.938]map hell2 init resource succeed
[04-07 16:04:00.938]map [hell2] ok!
[04-07 16:04:00.949]map hell3 init resource succeed
[04-07 16:04:00.949]map [hell3] ok!
[04-07 16:04:00.955]map hell4 init resource succeed
[04-07 16:04:00.955]map [hell4] ok!
[04-07 16:04:00.963]map hell5 init resource succeed
[04-07 16:04:00.963]map [hell5] ok!
[04-07 16:04:01.463]map darkblue init resource succeed
[04-07 16:04:01.463]map [darkblue] ok!
[04-07 16:04:01.492]map eastgoaf init resource succeed
[04-07 16:04:01.492]map [eastgoaf] ok!
[04-07 16:04:01.627]map winterland init resource succeed
[04-07 16:04:01.627]map [winterland] ok!
[04-07 16:04:01.642]map mjing1 init resource succeed
[04-07 16:04:01.642]map [mjing1] ok!
[04-07 16:04:01.658]map mjing2 init resource succeed
[04-07 16:04:01.658]map [mjing2] ok!
[04-07 16:04:01.674]map mjing3 init resource succeed
[04-07 16:04:01.674]map [mjing3] ok!
[04-07 16:04:01.691]map mjing4 init resource succeed
[04-07 16:04:01.691]map [mjing4] ok!
[04-07 16:04:01.695]map starena13 init resource succeed
[04-07 16:04:01.695]map [starena13] ok!
[04-07 16:04:01.698]map starena23 init resource succeed
[04-07 16:04:01.698]map [starena23] ok!
[04-07 16:04:01.702]map starena33 init resource succeed
[04-07 16:04:01.702]map [starena33] ok!
[04-07 16:04:01.718]map abandonedcity init resource succeed
[04-07 16:04:01.718]map [abandonedcity] ok!
[04-07 16:04:01.737]map abandonedcity2 init resource succeed
[04-07 16:04:01.737]map [abandonedcity2] ok!
[04-07 16:04:01.753]map abandonedcity3 init resource succeed
[04-07 16:04:01.753]map [abandonedcity3] ok!
[04-07 16:04:01.796]map darkswamp init resource succeed
[04-07 16:04:01.796]map [darkswamp] ok!
[04-07 16:04:01.827]map puzzleworld init resource succeed
[04-07 16:04:01.827]map [puzzleworld] ok!
[04-07 16:04:01.858]map puzzleworld2 init resource succeed
[04-07 16:04:01.858]map [puzzleworld2] ok!
[04-07 16:04:01.890]map DreamIsland init resource succeed
[04-07 16:04:01.890]map [DreamIsland] ok!
[04-07 16:04:01.951]map teampk init resource succeed
[04-07 16:04:01.951]map [teampk] ok!
[04-07 16:04:01.965]map Hellchapter init resource succeed
[04-07 16:04:01.965]map [Hellchapter] ok!
[04-07 16:04:01.973]map chaosicicle init resource succeed
[04-07 16:04:01.973]map [chaosicicle] ok!
[04-07 16:04:01.985]map yschurch init resource succeed
[04-07 16:04:01.985]map [yschurch] ok!
[04-07 16:04:01.986]execute monster placement script/monster/baiyinlinqu.lua  
[04-07 16:04:01.987]execute monster placement script/monster/lietinglinqu.lua  
[04-07 16:04:01.988]execute monster placement script/monster/baiyinyuchang.lua  
[04-07 16:04:01.989]execute monster placement script/monster/jianazuixiayuchang.lua  
[04-07 16:04:01.989]execute monster placement script/monster/haifengyuchang.lua  
[04-07 16:04:01.990]execute monster placement script/monster/jianayunshi.lua  
[04-07 16:04:01.991]execute monster placement script/monster/bycduizhang.lua  
[04-07 16:04:01.991]execute monster placement script/monster/bycdaoguai.lua  
[04-07 16:04:01.991]garnerscript release monster ended! 
[04-07 16:04:01.991]execute monster placement script/monster/mingshapaota.lua  
[04-07 16:04:01.992]execute monster placement script/monster/monv480.lua  
[04-07 16:04:02.018]execute monster placement script/monster/shalanyuchang.lua  
[04-07 16:04:02.019]execute monster placement script/monster/mingshayuchang.lua  
[04-07 16:04:02.019]execute monster placement script/monster/shalanlinqu.lua  
[04-07 16:04:02.020]execute monster placement script/monster/shalanmingshaxian.lua  
[04-07 16:04:02.020]execute monster placement script/monster/shaxie.lua  
[04-07 16:04:02.022]execute monster placement script/monster/shalanyunshi.lua  
[04-07 16:04:02.022]execute monster placement script/monster/slcdaoguai.lua  
[04-07 16:04:02.022]execute monster placement script/monster/slcduizhang.lua  
[04-07 16:04:02.022]execute monster placement script/monster/WriteSheepKiper.lua  
[04-07 16:04:02.022]magicseascript release monster ended! 
[04-07 16:04:02.022]execute monster placement script/monster/binglanglinqu.lua  
[04-07 16:04:02.023]execute monster placement script/monster/binglangyuchang.lua  
[04-07 16:04:02.023]execute monster placement script/monster/binglangyunshi.lua  
[04-07 16:04:02.024]execute monster placement script/monster/chundaoguai.lua  
[04-07 16:04:02.025]execute monster placement script/monster/qiudaoguai.lua  
[04-07 16:04:02.050]execute monster placement script/monster/xiadaoguai.lua  
[04-07 16:04:02.060]execute monster placement script/monster/blbdaoguai.lua  
[04-07 16:04:02.061]execute monster placement script/monster/blbduizhang.lua  
[04-07 16:04:02.061]darkbluescript release monster ended! 
[04-07 16:04:02.061]lonetower instance mode - no static monster spawns 
[04-07 16:04:02.061]execute monster placement script/monster/haidisuidao.lua  
[04-07 16:04:02.065]execute monster placement script/monster/xiashuidao.lua  
[04-07 16:04:02.069]execute monster placement script/monster/heilong1.lua  
[04-07 16:04:02.071]execute monster placement script/monster/heilong2.lua  
[04-07 16:04:02.071]Eastgoafscript release monster ended! 
[04-07 16:04:02.071]Initializing Offline Stall System...
[04-07 16:04:02.081]Offline Stall System initialized with 0 stalls
[04-07 16:04:02.081]GameApp initialization finish!
[04-07 16:04:02.082]start init ServerApp
[04-07 16:04:02.082]ServerApp init over
[04-07 16:04:02.082]startup Gate server connect thread...
[04-07 16:04:02.082]startup game thread...
[04-07 16:04:02.082]Game Thread ID = 16132
[04-07 16:04:02.082]start create Win32 control dialog box
[04-07 16:04:02.112]Entering main message loop
[04-07 16:09:33.087]Console close event received - saving boss timers and players...
[04-07 16:09:33.087]Save complete - exiting...
[04-07 16:09:45.542]Load Game Config File(Text Mode) [GameServer.cfg]
[04-07 16:09:45.551]Load Game Config File(Text Mode) [cmd.cfg]
[04-07 16:09:45.551]Define __CATCH
[04-07 16:09:45.551]game map server [GameServer] startup...
[04-07 16:09:45.551]start initialization GameApp
[04-07 16:09:45.551]initialization DB...
[04-07 16:09:45.587]database init...ok
[04-07 16:09:45.587]database init...ok
[04-07 16:09:46.185]start to assign every Entity memory
[04-07 16:09:46.185]initialization every form...
[04-07 16:09:52.794]initialization Lua Script...
[04-07 16:09:53.105]initialization map list...
[04-07 16:09:53.530]map garner init resource succeed
[04-07 16:09:53.530]map [garner] ok!
[04-07 16:09:53.538]map ctf init resource succeed
[04-07 16:09:53.538]map [ctf] ok!
[04-07 16:09:53.543]map garner2 init resource succeed
[04-07 16:09:53.543]map [garner2] ok!
[04-07 16:09:53.549]map PKmap init resource succeed
[04-07 16:09:53.549]map [PKmap] ok!
[04-07 16:09:53.558]map shalan2 init resource succeed
[04-07 16:09:53.558]map [shalan2] ok!
[04-07 16:09:53.560]map leiting2 init resource succeed
[04-07 16:09:53.560]map [leiting2] ok!
[04-07 16:09:53.592]map lonetower init resource succeed
[04-07 16:09:53.592]map [lonetower] ok!
[04-07 16:09:53.592]map L4MAP init resource succeed
[04-07 16:09:53.592]map [L4MAP] ok!
[04-07 16:09:53.614]map LostCity init resource succeed
[04-07 16:09:53.614]map [LostCity] ok!
[04-07 16:09:54.003]map magicsea init resource succeed
[04-07 16:09:54.003]map [magicsea] ok!
[04-07 16:09:54.070]map jialebi init resource succeed
[04-07 16:09:54.070]map [jialebi] ok!
[04-07 16:09:54.091]map hell init resource succeed
[04-07 16:09:54.091]map [hell] ok!
[04-07 16:09:54.098]map hell2 init resource succeed
[04-07 16:09:54.098]map [hell2] ok!
[04-07 16:09:54.108]map hell3 init resource succeed
[04-07 16:09:54.108]map [hell3] ok!
[04-07 16:09:54.112]map hell4 init resource succeed
[04-07 16:09:54.112]map [hell4] ok!
[04-07 16:09:54.112]map hell5 init resource succeed
[04-07 16:09:54.112]map [hell5] ok!
[04-07 16:09:54.533]map darkblue init resource succeed
[04-07 16:09:54.533]map [darkblue] ok!
[04-07 16:09:54.565]map eastgoaf init resource succeed
[04-07 16:09:54.565]map [eastgoaf] ok!
[04-07 16:09:54.675]map winterland init resource succeed
[04-07 16:09:54.675]map [winterland] ok!
[04-07 16:09:54.691]map mjing1 init resource succeed
[04-07 16:09:54.691]map [mjing1] ok!
[04-07 16:09:54.707]map mjing2 init resource succeed
[04-07 16:09:54.707]map [mjing2] ok!
[04-07 16:09:54.725]map mjing3 init resource succeed
[04-07 16:09:54.725]map [mjing3] ok!
[04-07 16:09:54.741]map mjing4 init resource succeed
[04-07 16:09:54.741]map [mjing4] ok!
[04-07 16:09:54.744]map starena13 init resource succeed
[04-07 16:09:54.744]map [starena13] ok!
[04-07 16:09:54.748]map starena23 init resource succeed
[04-07 16:09:54.748]map [starena23] ok!
[04-07 16:09:54.753]map starena33 init resource succeed
[04-07 16:09:54.753]map [starena33] ok!
[04-07 16:09:54.756]map abandonedcity init resource succeed
[04-07 16:09:54.756]map [abandonedcity] ok!
[04-07 16:09:54.768]map abandonedcity2 init resource succeed
[04-07 16:09:54.768]map [abandonedcity2] ok!
[04-07 16:09:54.788]map abandonedcity3 init resource succeed
[04-07 16:09:54.788]map [abandonedcity3] ok!
[04-07 16:09:54.819]map darkswamp init resource succeed
[04-07 16:09:54.819]map [darkswamp] ok!
[04-07 16:09:54.856]map puzzleworld init resource succeed
[04-07 16:09:54.856]map [puzzleworld] ok!
[04-07 16:09:54.878]map puzzleworld2 init resource succeed
[04-07 16:09:54.878]map [puzzleworld2] ok!
[04-07 16:09:54.902]map DreamIsland init resource succeed
[04-07 16:09:54.902]map [DreamIsland] ok!
[04-07 16:09:54.952]map teampk init resource succeed
[04-07 16:09:54.952]map [teampk] ok!
[04-07 16:09:54.963]map Hellchapter init resource succeed
[04-07 16:09:54.963]map [Hellchapter] ok!
[04-07 16:09:54.971]map chaosicicle init resource succeed
[04-07 16:09:54.971]map [chaosicicle] ok!
[04-07 16:09:54.983]map yschurch init resource succeed
[04-07 16:09:54.983]map [yschurch] ok!
[04-07 16:09:54.984]execute monster placement script/monster/baiyinlinqu.lua  
[04-07 16:09:54.985]execute monster placement script/monster/lietinglinqu.lua  
[04-07 16:09:54.986]execute monster placement script/monster/baiyinyuchang.lua  
[04-07 16:09:54.986]execute monster placement script/monster/jianazuixiayuchang.lua  
[04-07 16:09:54.986]execute monster placement script/monster/haifengyuchang.lua  
[04-07 16:09:54.987]execute monster placement script/monster/jianayunshi.lua  
[04-07 16:09:54.987]execute monster placement script/monster/bycduizhang.lua  
[04-07 16:09:54.987]execute monster placement script/monster/bycdaoguai.lua  
[04-07 16:09:54.987]garnerscript release monster ended! 
[04-07 16:09:54.987]execute monster placement script/monster/mingshapaota.lua  
[04-07 16:09:54.988]execute monster placement script/monster/monv480.lua  
[04-07 16:09:55.013]execute monster placement script/monster/shalanyuchang.lua  
[04-07 16:09:55.013]execute monster placement script/monster/mingshayuchang.lua  
[04-07 16:09:55.013]execute monster placement script/monster/shalanlinqu.lua  
[04-07 16:09:55.013]execute monster placement script/monster/shalanmingshaxian.lua  
[04-07 16:09:55.013]execute monster placement script/monster/shaxie.lua  
[04-07 16:09:55.013]execute monster placement script/monster/shalanyunshi.lua  
[04-07 16:09:55.013]execute monster placement script/monster/slcdaoguai.lua  
[04-07 16:09:55.013]execute monster placement script/monster/slcduizhang.lua  
[04-07 16:09:55.013]execute monster placement script/monster/WriteSheepKiper.lua  
[04-07 16:09:55.013]magicseascript release monster ended! 
[04-07 16:09:55.013]execute monster placement script/monster/binglanglinqu.lua  
[04-07 16:09:55.013]execute monster placement script/monster/binglangyuchang.lua  
[04-07 16:09:55.013]execute monster placement script/monster/binglangyunshi.lua  
[04-07 16:09:55.013]execute monster placement script/monster/chundaoguai.lua  
[04-07 16:09:55.013]execute monster placement script/monster/qiudaoguai.lua  
[04-07 16:09:55.028]execute monster placement script/monster/xiadaoguai.lua  
[04-07 16:09:55.044]execute monster placement script/monster/blbdaoguai.lua  
[04-07 16:09:55.044]execute monster placement script/monster/blbduizhang.lua  
[04-07 16:09:55.044]darkbluescript release monster ended! 
[04-07 16:09:55.044]lonetower instance mode - no static monster spawns 
[04-07 16:09:55.044]execute monster placement script/monster/haidisuidao.lua  
[04-07 16:09:55.044]execute monster placement script/monster/xiashuidao.lua  
[04-07 16:09:55.044]execute monster placement script/monster/heilong1.lua  
[04-07 16:09:55.056]execute monster placement script/monster/heilong2.lua  
[04-07 16:09:55.056]Eastgoafscript release monster ended! 
[04-07 16:09:55.056]Initializing Offline Stall System...
[04-07 16:09:55.060]Offline Stall System initialized with 0 stalls
[04-07 16:09:55.060]GameApp initialization finish!
[04-07 16:09:55.060]start init ServerApp
[04-07 16:09:55.060]ServerApp init over
[04-07 16:09:55.060]startup Gate server connect thread...
[04-07 16:09:55.060]startup game thread...
[04-07 16:09:55.060]Game Thread ID = 20212
[04-07 16:09:55.060]start create Win32 control dialog box
[04-07 16:09:55.093]Entering main message loop
[04-07 16:19:13.882]Console close event received - saving boss timers and players...
[04-07 16:19:13.882]Save complete - exiting...
[04-07 16:21:16.747]Load Game Config File(Text Mode) [GameServer.cfg]
[04-07 16:21:16.753]Load Game Config File(Text Mode) [cmd.cfg]
[04-07 16:21:16.753]Define __CATCH
[04-07 16:21:16.753]game map server [GameServer] startup...
[04-07 16:21:16.753]start initialization GameApp
[04-07 16:21:16.753]initialization DB...
[04-07 16:21:16.785]database init...ok
[04-07 16:21:16.785]database init...ok
[04-07 16:21:17.402]start to assign every Entity memory
[04-07 16:21:17.411]initialization every form...
[04-07 16:21:23.569]initialization Lua Script...
[04-07 16:21:23.977]initialization map list...
[04-07 16:21:24.484]map garner init resource succeed
[04-07 16:21:24.484]map [garner] ok!
[04-07 16:21:24.492]map ctf init resource succeed
[04-07 16:21:24.492]map [ctf] ok!
[04-07 16:21:24.498]map garner2 init resource succeed
[04-07 16:21:24.498]map [garner2] ok!
[04-07 16:21:24.503]map PKmap init resource succeed
[04-07 16:21:24.503]map [PKmap] ok!
[04-07 16:21:24.513]map shalan2 init resource succeed
[04-07 16:21:24.513]map [shalan2] ok!
[04-07 16:21:24.527]map leiting2 init resource succeed
[04-07 16:21:24.527]map [leiting2] ok!
[04-07 16:21:24.562]map lonetower init resource succeed
[04-07 16:21:24.562]map [lonetower] ok!
[04-07 16:21:24.570]map L4MAP init resource succeed
[04-07 16:21:24.570]map [L4MAP] ok!
[04-07 16:21:24.580]map LostCity init resource succeed
[04-07 16:21:24.580]map [LostCity] ok!
[04-07 16:21:24.982]map magicsea init resource succeed
[04-07 16:21:24.982]map [magicsea] ok!
[04-07 16:21:25.057]map jialebi init resource succeed
[04-07 16:21:25.057]map [jialebi] ok!
[04-07 16:21:25.065]map hell init resource succeed
[04-07 16:21:25.065]map [hell] ok!
[04-07 16:21:25.074]map hell2 init resource succeed
[04-07 16:21:25.074]map [hell2] ok!
[04-07 16:21:25.085]map hell3 init resource succeed
[04-07 16:21:25.085]map [hell3] ok!
[04-07 16:21:25.089]map hell4 init resource succeed
[04-07 16:21:25.089]map [hell4] ok!
[04-07 16:21:25.095]map hell5 init resource succeed
[04-07 16:21:25.095]map [hell5] ok!
[04-07 16:21:25.586]map darkblue init resource succeed
[04-07 16:21:25.586]map [darkblue] ok!
[04-07 16:21:25.614]map eastgoaf init resource succeed
[04-07 16:21:25.614]map [eastgoaf] ok!
[04-07 16:21:25.741]map winterland init resource succeed
[04-07 16:21:25.741]map [winterland] ok!
[04-07 16:21:25.756]map mjing1 init resource succeed
[04-07 16:21:25.756]map [mjing1] ok!
[04-07 16:21:25.770]map mjing2 init resource succeed
[04-07 16:21:25.770]map [mjing2] ok!
[04-07 16:21:25.789]map mjing3 init resource succeed
[04-07 16:21:25.789]map [mjing3] ok!
[04-07 16:21:25.806]map mjing4 init resource succeed
[04-07 16:21:25.806]map [mjing4] ok!
[04-07 16:21:25.810]map starena13 init resource succeed
[04-07 16:21:25.810]map [starena13] ok!
[04-07 16:21:25.813]map starena23 init resource succeed
[04-07 16:21:25.813]map [starena23] ok!
[04-07 16:21:25.821]map starena33 init resource succeed
[04-07 16:21:25.821]map [starena33] ok!
[04-07 16:21:25.843]map abandonedcity init resource succeed
[04-07 16:21:25.843]map [abandonedcity] ok!
[04-07 16:21:25.860]map abandonedcity2 init resource succeed
[04-07 16:21:25.860]map [abandonedcity2] ok!
[04-07 16:21:25.880]map abandonedcity3 init resource succeed
[04-07 16:21:25.880]map [abandonedcity3] ok!
[04-07 16:21:25.915]map darkswamp init resource succeed
[04-07 16:21:25.915]map [darkswamp] ok!
[04-07 16:21:25.943]map puzzleworld init resource succeed
[04-07 16:21:25.943]map [puzzleworld] ok!
[04-07 16:21:25.991]map puzzleworld2 init resource succeed
[04-07 16:21:25.991]map [puzzleworld2] ok!
[04-07 16:21:26.017]map DreamIsland init resource succeed
[04-07 16:21:26.017]map [DreamIsland] ok!
[04-07 16:21:26.065]map teampk init resource succeed
[04-07 16:21:26.065]map [teampk] ok!
[04-07 16:21:26.079]map Hellchapter init resource succeed
[04-07 16:21:26.079]map [Hellchapter] ok!
[04-07 16:21:26.090]map chaosicicle init resource succeed
[04-07 16:21:26.090]map [chaosicicle] ok!
[04-07 16:21:26.101]map yschurch init resource succeed
[04-07 16:21:26.101]map [yschurch] ok!
[04-07 16:21:26.102]execute monster placement script/monster/baiyinlinqu.lua  
[04-07 16:21:26.103]execute monster placement script/monster/lietinglinqu.lua  
[04-07 16:21:26.104]execute monster placement script/monster/baiyinyuchang.lua  
[04-07 16:21:26.104]execute monster placement script/monster/jianazuixiayuchang.lua  
[04-07 16:21:26.105]execute monster placement script/monster/haifengyuchang.lua  
[04-07 16:21:26.105]execute monster placement script/monster/jianayunshi.lua  
[04-07 16:21:26.105]execute monster placement script/monster/bycduizhang.lua  
[04-07 16:21:26.105]execute monster placement script/monster/bycdaoguai.lua  
[04-07 16:21:26.105]garnerscript release monster ended! 
[04-07 16:21:26.105]execute monster placement script/monster/mingshapaota.lua  
[04-07 16:21:26.107]execute monster placement script/monster/monv480.lua  
[04-07 16:21:26.127]execute monster placement script/monster/shalanyuchang.lua  
[04-07 16:21:26.127]execute monster placement script/monster/mingshayuchang.lua  
[04-07 16:21:26.127]execute monster placement script/monster/shalanlinqu.lua  
[04-07 16:21:26.127]execute monster placement script/monster/shalanmingshaxian.lua  
[04-07 16:21:26.127]execute monster placement script/monster/shaxie.lua  
[04-07 16:21:26.127]execute monster placement script/monster/shalanyunshi.lua  
[04-07 16:21:26.127]execute monster placement script/monster/slcdaoguai.lua  
[04-07 16:21:26.127]execute monster placement script/monster/slcduizhang.lua  
[04-07 16:21:26.127]execute monster placement script/monster/WriteSheepKiper.lua  
[04-07 16:21:26.134]magicseascript release monster ended! 
[04-07 16:21:26.134]execute monster placement script/monster/binglanglinqu.lua  
[04-07 16:21:26.134]execute monster placement script/monster/binglangyuchang.lua  
[04-07 16:21:26.134]execute monster placement script/monster/binglangyunshi.lua  
[04-07 16:21:26.134]execute monster placement script/monster/chundaoguai.lua  
[04-07 16:21:26.134]execute monster placement script/monster/qiudaoguai.lua  
[04-07 16:21:26.156]execute monster placement script/monster/xiadaoguai.lua  
[04-07 16:21:26.162]execute monster placement script/monster/blbdaoguai.lua  
[04-07 16:21:26.162]execute monster placement script/monster/blbduizhang.lua  
[04-07 16:21:26.162]darkbluescript release monster ended! 
[04-07 16:21:26.162]lonetower instance mode - no static monster spawns 
[04-07 16:21:26.162]execute monster placement script/monster/haidisuidao.lua  
[04-07 16:21:26.169]execute monster placement script/monster/xiashuidao.lua  
[04-07 16:21:26.169]execute monster placement script/monster/heilong1.lua  
[04-07 16:21:26.176]execute monster placement script/monster/heilong2.lua  
[04-07 16:21:26.176]Eastgoafscript release monster ended! 
[04-07 16:21:26.176]Initializing Offline Stall System...
[04-07 16:21:26.183]Offline Stall System initialized with 0 stalls
[04-07 16:21:26.183]GameApp initialization finish!
[04-07 16:21:26.183]start init ServerApp
[04-07 16:21:26.183]ServerApp init over
[04-07 16:21:26.183]startup Gate server connect thread...
[04-07 16:21:26.183]startup game thread...
[04-07 16:21:26.183]Game Thread ID = 5328
[04-07 16:21:26.183]start create Win32 control dialog box
[04-07 16:21:26.213]Entering main message loop
[04-07 16:26:22.636]Console close event received - saving boss timers and players...
[04-07 16:26:22.636]Save complete - exiting...
[04-07 16:27:31.848]Load Game Config File(Text Mode) [GameServer.cfg]
[04-07 16:27:31.859]Load Game Config File(Text Mode) [cmd.cfg]
[04-07 16:27:31.860]Define __CATCH
[04-07 16:27:31.860]game map server [GameServer] startup...
[04-07 16:27:31.860]start initialization GameApp
[04-07 16:27:31.860]initialization DB...
[04-07 16:27:31.908]database init...ok
[04-07 16:27:31.908]database init...ok
[04-07 16:27:32.456]start to assign every Entity memory
[04-07 16:27:32.463]initialization every form...
[04-07 16:27:37.457]initialization Lua Script...
[04-07 16:27:37.765]initialization map list...
[04-07 16:27:38.184]map garner init resource succeed
[04-07 16:27:38.184]map [garner] ok!
[04-07 16:27:38.192]map ctf init resource succeed
[04-07 16:27:38.192]map [ctf] ok!
[04-07 16:27:38.197]map garner2 init resource succeed
[04-07 16:27:38.197]map [garner2] ok!
[04-07 16:27:38.205]map PKmap init resource succeed
[04-07 16:27:38.205]map [PKmap] ok!
[04-07 16:27:38.213]map shalan2 init resource succeed
[04-07 16:27:38.213]map [shalan2] ok!
[04-07 16:27:38.223]map leiting2 init resource succeed
[04-07 16:27:38.223]map [leiting2] ok!
[04-07 16:27:38.252]map lonetower init resource succeed
[04-07 16:27:38.252]map [lonetower] ok!
[04-07 16:27:38.259]map L4MAP init resource succeed
[04-07 16:27:38.259]map [L4MAP] ok!
[04-07 16:27:38.268]map LostCity init resource succeed
[04-07 16:27:38.268]map [LostCity] ok!
[04-07 16:27:38.656]map magicsea init resource succeed
[04-07 16:27:38.656]map [magicsea] ok!
[04-07 16:27:38.734]map jialebi init resource succeed
[04-07 16:27:38.734]map [jialebi] ok!
[04-07 16:27:38.741]map hell init resource succeed
[04-07 16:27:38.741]map [hell] ok!
[04-07 16:27:38.746]map hell2 init resource succeed
[04-07 16:27:38.746]map [hell2] ok!
[04-07 16:27:38.757]map hell3 init resource succeed
[04-07 16:27:38.757]map [hell3] ok!
[04-07 16:27:38.761]map hell4 init resource succeed
[04-07 16:27:38.761]map [hell4] ok!
[04-07 16:27:38.768]map hell5 init resource succeed
[04-07 16:27:38.768]map [hell5] ok!
[04-07 16:27:39.191]map darkblue init resource succeed
[04-07 16:27:39.191]map [darkblue] ok!
[04-07 16:27:39.214]map eastgoaf init resource succeed
[04-07 16:27:39.214]map [eastgoaf] ok!
[04-07 16:27:39.328]map winterland init resource succeed
[04-07 16:27:39.328]map [winterland] ok!
[04-07 16:27:39.342]map mjing1 init resource succeed
[04-07 16:27:39.342]map [mjing1] ok!
[04-07 16:27:39.355]map mjing2 init resource succeed
[04-07 16:27:39.355]map [mjing2] ok!
[04-07 16:27:39.369]map mjing3 init resource succeed
[04-07 16:27:39.369]map [mjing3] ok!
[04-07 16:27:39.384]map mjing4 init resource succeed
[04-07 16:27:39.384]map [mjing4] ok!
[04-07 16:27:39.387]map starena13 init resource succeed
[04-07 16:27:39.387]map [starena13] ok!
[04-07 16:27:39.390]map starena23 init resource succeed
[04-07 16:27:39.390]map [starena23] ok!
[04-07 16:27:39.395]map starena33 init resource succeed
[04-07 16:27:39.395]map [starena33] ok!
[04-07 16:27:39.407]map abandonedcity init resource succeed
[04-07 16:27:39.407]map [abandonedcity] ok!
[04-07 16:27:39.423]map abandonedcity2 init resource succeed
[04-07 16:27:39.423]map [abandonedcity2] ok!
[04-07 16:27:39.437]map abandonedcity3 init resource succeed
[04-07 16:27:39.437]map [abandonedcity3] ok!
[04-07 16:27:39.474]map darkswamp init resource succeed
[04-07 16:27:39.474]map [darkswamp] ok!
[04-07 16:27:39.500]map puzzleworld init resource succeed
[04-07 16:27:39.500]map [puzzleworld] ok!
[04-07 16:27:39.524]map puzzleworld2 init resource succeed
[04-07 16:27:39.524]map [puzzleworld2] ok!
[04-07 16:27:39.549]map DreamIsland init resource succeed
[04-07 16:27:39.549]map [DreamIsland] ok!
[04-07 16:27:39.602]map teampk init resource succeed
[04-07 16:27:39.602]map [teampk] ok!
[04-07 16:27:39.620]map Hellchapter init resource succeed
[04-07 16:27:39.620]map [Hellchapter] ok!
[04-07 16:27:39.625]map chaosicicle init resource succeed
[04-07 16:27:39.625]map [chaosicicle] ok!
[04-07 16:27:39.636]map yschurch init resource succeed
[04-07 16:27:39.636]map [yschurch] ok!
[04-07 16:27:39.636]execute monster placement script/monster/baiyinlinqu.lua  
[04-07 16:27:39.637]execute monster placement script/monster/lietinglinqu.lua  
[04-07 16:27:39.638]execute monster placement script/monster/baiyinyuchang.lua  
[04-07 16:27:39.638]execute monster placement script/monster/jianazuixiayuchang.lua  
[04-07 16:27:39.639]execute monster placement script/monster/haifengyuchang.lua  
[04-07 16:27:39.639]execute monster placement script/monster/jianayunshi.lua  
[04-07 16:27:39.639]execute monster placement script/monster/bycduizhang.lua  
[04-07 16