[04-07 16:03:53.435]Add LG [init]
[04-07 16:03:54.906]Add LG [iteminfoerror]
[04-07 16:03:59.480]Add LG [PfTable]
[04-07 16:03:59.484]Add LG [npcinfo]
[04-07 16:03:59.486]Add LG [boat_init]
[04-07 16:03:59.486]Add LG [packbag_init]
[04-07 16:03:59.487]Add LG [boatlevel_init]
[04-07 16:03:59.576]Add LG [randmission_prize_error]
[04-07 16:03:59.688]Add LG [FairyGuard]
[04-07 16:03:59.715]Add LG [script_reload]
[04-07 16:03:59.715]Add LG [BossTimer]
[04-07 16:03:59.716]Add LG [BossLastHit]
[04-07 16:03:59.717]Add LG [npcinit]
[04-07 16:03:59.718]Add LG [initmap]
[04-07 16:03:59.996]Add LG [Common]
[04-07 16:04:00.106]Add LG [spawn mum garner]
[04-07 16:04:00.190]Add LG [missioninit]
[04-07 16:04:00.194]Add LG [npcinit_trade]
[04-07 16:04:00.241]Add LG [entity_init]
[04-07 16:04:00.243]Add LG [weather]
[04-07 16:04:00.243]Add LG [create_cha]
[04-07 16:04:00.244]Add LG [help]
[04-07 16:04:00.684]Add LG [spawn mum magicsea]
[04-07 16:04:00.698]Add LG [Cha born error]
[04-07 16:04:00.914]Add LG [lua_ai]
[04-07 16:04:01.293]Add LG [spawn mum darkblue]
[04-07 16:04:01.485]Add LG [spawn mum eastgoaf]
[04-07 16:04:01.584]Add LG [spawn mum winterland]
[04-07 16:04:01.636]Add LG [spawn mum mjing1]
[04-07 16:04:01.652]Add LG [spawn mum mjing2]
[04-07 16:04:01.668]Add LG [spawn mum mjing3]
[04-07 16:04:01.685]Add LG [spawn mum mjing4]
[04-07 16:04:02.072]Add LG [offline_stall]
[04-07 16:04:02.082]Add LG [size]
[04-07 16:04:02.084]Add LG [EntityNum]
[04-07 16:04:02.084]Add LG [Connect]
[04-07 16:04:02.084]Add LG [portaltimes2]
[04-07 16:04:02.103]Add LG [GameLogin]
[04-07 16:04:05.339]Add LG [the map entrance flow ]
[04-07 16:04:05.371]Add LG [map entry flow]
[04-07 16:04:05.372]Add LG [WorldNotice]
[04-07 16:04:32.112]Add LG [map_time]
[04-07 16:04:32.112]Add LG [GameRunTime]
[04-07 16:05:31.939]Add LG [enter_map]
[04-07 16:05:32.072]Add LG [trade2026-4-7-16]
[04-07 16:05:32.072]Add LG [PlayerRegistry]
[04-07 16:05:32.076]Add LG [pickup_debug]
[04-07 16:05:38.603]Add LG [script_time]
[04-07 16:05:49.774]Add LG [Save data waste time]
[04-07 16:06:08.300]Add LG [ServerRunLog]
[04-07 16:06:08.300]Add LG [DoCommand]
[04-07 16:07:24.624]Add LG [GMmakeLog]
[04-07 16:09:12.237]Add LG [util_db_error]
[04-07 16:09:12.253]Add LG [save data waste time]
[04-07 16:09:45.542]Add LG [init]
[04-07 16:09:46.737]Add LG [iteminfoerror]
[04-07 16:09:52.877]Add LG [PfTable]
[04-07 16:09:52.877]Add LG [npcinfo]
[04-07 16:09:52.877]Add LG [boat_init]
[04-07 16:09:52.885]Add LG [packbag_init]
[04-07 16:09:52.885]Add LG [boatlevel_init]
[04-07 16:09:52.974]Add LG [randmission_prize_error]
[04-07 16:09:53.068]Add LG [FairyGuard]
[04-07 16:09:53.104]Add LG [script_reload]
[04-07 16:09:53.104]Add LG [BossTimer]
[04-07 16:09:53.105]Add LG [BossLastHit]
[04-07 16:09:53.105]Add LG [npcinit]
[04-07 16:09:53.107]Add LG [initmap]
[04-07 16:09:53.283]Add LG [Common]
[04-07 16:09:53.381]Add LG [spawn mum garner]
[04-07 16:09:53.463]Add LG [missioninit]
[04-07 16:09:53.466]Add LG [npcinit_trade]
[04-07 16:09:53.511]Add LG [entity_init]
[04-07 16:09:53.513]Add LG [weather]
[04-07 16:09:53.513]Add LG [create_cha]
[04-07 16:09:53.513]Add LG [help]
[04-07 16:09:53.867]Add LG [spawn mum magicsea]
[04-07 16:09:53.878]Add LG [Cha born error]
[04-07 16:09:54.070]Add LG [lua_ai]
[04-07 16:09:54.363]Add LG [spawn mum darkblue]
[04-07 16:09:54.559]Add LG [spawn mum eastgoaf]
[04-07 16:09:54.639]Add LG [spawn mum winterland]
[04-07 16:09:54.691]Add LG [spawn mum mjing1]
[04-07 16:09:54.706]Add LG [spawn mum mjing2]
[04-07 16:09:54.720]Add LG [spawn mum mjing3]
[04-07 16:09:54.735]Add LG [spawn mum mjing4]
[04-07 16:09:55.056]Add LG [offline_stall]
[04-07 16:09:55.060]Add LG [size]
[04-07 16:09:55.060]Add LG [EntityNum]
[04-07 16:09:55.060]Add LG [Connect]
[04-07 16:09:55.060]Add LG [portaltimes2]
[04-07 16:09:55.092]Add LG [GameLogin]
[04-07 16:09:58.553]Add LG [the map entrance flow ]
[04-07 16:09:58.562]Add LG [map entry flow]
[04-07 16:09:58.562]Add LG [WorldNotice]
[04-07 16:10:25.067]Add LG [map_time]
[04-07 16:10:25.067]Add LG [GameRunTime]
[04-07 16:10:48.240]Add LG [enter_map]
[04-07 16:10:48.254]Add LG [trade2026-4-7-16]
[04-07 16:10:48.254]Add LG [PlayerRegistry]
[04-07 16:10:48.256]Add LG [pickup_debug]
[04-07 16:10:54.624]Add LG [ServerRunLog]
[04-07 16:10:54.624]Add LG [GMmakeLog]
[04-07 16:10:54.624]Add LG [DoCommand]
[04-07 16:18:51.104]Add LG [util_db_error]
[04-07 16:18:51.112]Add LG [save data waste time]
[04-07 16:21:16.747]Add LG [init]
[04-07 16:21:17.936]Add LG [iteminfoerror]
[04-07 16:21:23.672]Add LG [PfTable]
[04-07 16:21:23.674]Add LG [npcinfo]
[04-07 16:21:23.676]Add LG [boat_init]
[04-07 16:21:23.676]Add LG [packbag_init]
[04-07 16:21:23.676]Add LG [boatlevel_init]
[04-07 16:21:23.790]Add LG [randmission_prize_error]
[04-07 16:21:23.932]Add LG [FairyGuard]
[04-07 16:21:23.977]Add LG [script_reload]
[04-07 16:21:23.977]Add LG [BossTimer]
[04-07 16:21:23.977]Add LG [BossLastHit]
[04-07 16:21:23.977]Add LG [npcinit]
[04-07 16:21:23.984]Add LG [initmap]
[04-07 16:21:24.213]Add LG [Common]
[04-07 16:21:24.315]Add LG [spawn mum garner]
[04-07 16:21:24.411]Add LG [missioninit]
[04-07 16:21:24.415]Add LG [npcinit_trade]
[04-07 16:21:24.464]Add LG [entity_init]
[04-07 16:21:24.466]Add LG [weather]
[04-07 16:21:24.466]Add LG [create_cha]
[04-07 16:21:24.466]Add LG [help]
[04-07 16:21:24.824]Add LG [spawn mum magicsea]
[04-07 16:21:24.840]Add LG [Cha born error]
[04-07 16:21:25.053]Add LG [lua_ai]
[04-07 16:21:25.366]Add LG [spawn mum darkblue]
[04-07 16:21:25.607]Add LG [spawn mum eastgoaf]
[04-07 16:21:25.690]Add LG [spawn mum winterland]
[04-07 16:21:25.750]Add LG [spawn mum mjing1]
[04-07 16:21:25.765]Add LG [spawn mum mjing2]
[04-07 16:21:25.780]Add LG [spawn mum mjing3]
[04-07 16:21:25.799]Add LG [spawn mum mjing4]
[04-07 16:21:26.176]Add LG [offline_stall]
[04-07 16:21:26.183]Add LG [size]
[04-07 16:21:26.183]Add LG [EntityNum]
[04-07 16:21:26.183]Add LG [Connect]
[04-07 16:21:26.183]Add LG [portaltimes2]
[04-07 16:21:26.197]Add LG [GameLogin]
[04-07 16:21:29.549]Add LG [the map entrance flow ]
[04-07 16:21:29.581]Add LG [map entry flow]
[04-07 16:21:29.581]Add LG [WorldNotice]
[04-07 16:21:56.184]Add LG [map_time]
[04-07 16:21:56.184]Add LG [GameRunTime]
[04-07 16:22:03.979]Add LG [enter_map]
[04-07 16:22:04.100]Add LG [trade2026-4-7-16]
[04-07 16:22:04.101]Add LG [PlayerRegistry]
[04-07 16:22:04.103]Add LG [pickup_debug]
[04-07 16:22:14.857]Add LG [ServerRunLog]
[04-07 16:22:14.857]Add LG [GMmakeLog]
[04-07 16:22:14.857]Add LG [DoCommand]
[04-07 16:22:58.834]Add LG [util_db_error]
[04-07 16:22:58.838]Add LG [save data waste time]
[04-07 16:27:31.847]Add LG [init]
[04-07 16:27:32.911]Add LG [iteminfoerror]
[04-07 16:27:37.540]Add LG [PfTable]
[04-07 16:27:37.541]Add LG [npcinfo]
[04-07 16:27:37.543]Add LG [boat_init]
[04-07 16:27:37.543]Add LG [packbag_init]
[04-07 16:27:37.543]Add LG [boatlevel_init]
[04-07 16:27:37.634]Add LG [randmission_prize_error]
[04-07 16:27:37.737]Add LG [FairyGuard]
[04-07 16:27:37.764]Add LG [script_reload]
[04-07 16:27:37.764]Add LG [BossTimer]
[04-07 16:27:37.765]Add LG [BossLastHit]
[04-07 16:27:37.765]Add LG [npcinit]
[04-07 16:27:37.765]Add LG [initmap]
[04-07 16:27:37.940]Add LG [Common]
[04-07 16:27:38.036]Add LG [spawn mum garner]
[04-07 16:27:38.118]Add LG [missioninit]
[04-07 16:27:38.121]Add LG [npcinit_trade]
[04-07 16:27:38.166]Add LG [entity_init]
[04-07 16:27:38.168]Add LG [weather]
[04-07 16:27:38.168]Add LG [create_cha]
[04-07 16:27:38.168]Add LG [help]
[04-07 16:27:38.513]Add LG [spawn mum magicsea]
[04-07 16:27:38.527]Add LG [Cha born error]
[04-07 16:27:38.725]Add LG [lua_ai]
[04-07 16:27:39.022]Add LG [spawn mum darkblue]
[04-07 16:27:39.208]Add LG [spawn mum eastgoaf]
[04-07 16:27:39.288]Add LG [spawn mum winterland]
[04-07 16:27:39.337]Add LG [spawn mum mjing1]
[04-07 16:27:39.350]Add LG [spawn mum mjing2]
[04-07 16:27:39.364]Add LG [spawn mum mjing3]
[04-07 16:27:39.378]Add LG [spawn mum mjing4]
[04-07 16:27:39.711]Add LG [offline_stall]
[04-07 16:27:39.723]Add LG [size]
[04-07 16:27:39.724]Add LG [EntityNum]
[04-07 16:27:39.724]Add LG [Connect]
[04-07 16:27:39.724]Add LG [portaltimes2]
[04-07 16:27:39.749]Add LG [GameLogin]
[04-07 16:27:43.227]Add LG [the map entrance flow ]
[04-07 16:27:43.258]Add LG [map entry flow]
[04-07 16:27:43.259]Add LG [WorldNotice]
[04-07 16:27:48.991]Add LG [enter_map]
[04-07 16:27:49.005]Add LG [trade2026-4-7-16]
[04-07 16:27:49.005]Add LG [PlayerRegistry]
[04-07 16:27:49.007]Add LG [pickup_debug]
[04-07 16:28:01.038]Add LG [ServerRunLog]
[04-07 16:28:01.038]Add LG [GMmakeLog]
[04-07 16:28:01.039]Add LG [DoCommand]
[04-07 16:28:09.774]Add LG [map_time]
