[04-07 16:04:05.371]receive request to create entry??position leiting2 --> garner[60000, 210600]??script line 53
[04-07 16:04:05.371]create entry success??position leiting2 --> garner[60000, 210600] 
[04-07 16:04:05.402]receive entry create success ??position garner --> leiting2
[04-07 16:04:06.678]receive request to create entry??position mjing1 --> darkblue[129900, 53800]??script line 22
[04-07 16:04:06.678]create entry success??position mjing1 --> darkblue[129900, 53800] 
[04-07 16:04:06.678]receive request to create entry??position mjing2 --> mjing1[37400, 38700]??script line 16
[04-07 16:04:06.678]create entry success??position mjing2 --> mjing1[37400, 38700] 
[04-07 16:04:06.678]receive request to create entry??position mjing3 --> darkblue[129900, 54300]??script line 23
[04-07 16:04:06.678]create entry success??position mjing3 --> darkblue[129900, 54300] 
[04-07 16:04:06.710]receive entry create success ??position darkblue --> mjing1
[04-07 16:04:06.710]receive entry create success ??position mjing1 --> mjing2
[04-07 16:04:06.710]receive entry create success ??position darkblue --> mjing3
[04-07 16:04:06.741]receive request to create entry??position mjing4 --> mjing3[34600, 12700]??script line 17
[04-07 16:04:06.741]create entry success??position mjing4 --> mjing3[34600, 12700] 
[04-07 16:04:06.741]receive request to create entry??position abandonedcity --> garner[223200, 280200]??script line 37
[04-07 16:04:06.741]create entry success??position abandonedcity --> garner[223200, 280200] 
[04-07 16:04:06.741]receive request to create entry??position abandonedcity2 --> abandonedcity[8400, 24600]??script line 19
[04-07 16:04:06.741]create entry success??position abandonedcity2 --> abandonedcity[8400, 24600] 
[04-07 16:04:06.772]receive entry create success ??position mjing3 --> mjing4
[04-07 16:04:06.772]receive entry create success ??position garner --> abandonedcity
[04-07 16:04:06.772]receive entry create success ??position abandonedcity --> abandonedcity2
[04-07 16:04:06.804]receive request to create entry??position abandonedcity3 --> abandonedcity2[24900, 22500]??script line 20
[04-07 16:04:06.804]create entry success??position abandonedcity3 --> abandonedcity2[24900, 22500] 
[04-07 16:04:06.804]receive request to create entry??position darkswamp --> magicsea[82000, 370700]??script line 38
[04-07 16:04:06.804]create entry success??position darkswamp --> magicsea[82000, 370700] 
[04-07 16:04:06.835]receive entry create success ??position abandonedcity2 --> abandonedcity3
[04-07 16:04:06.835]receive entry create success ??position magicsea --> darkswamp
[04-07 16:04:06.866]receive request to create entry??position puzzleworld --> garner[91000, 106900]??script line 36
[04-07 16:04:06.866]create entry success??position puzzleworld --> garner[91000, 106900] 
[04-07 16:04:06.866]receive request to create entry??position puzzleworld2 --> puzzleworld[36500, 17100]??script line 37
[04-07 16:04:06.866]create entry success??position puzzleworld2 --> puzzleworld[36500, 17100] 
[04-07 16:04:06.897]receive entry create success ??position garner --> puzzleworld
[04-07 16:04:06.897]receive entry create success ??position puzzleworld --> puzzleworld2
[04-07 16:04:06.929]receive request to create entry??position teampk --> garner[10000, 10000]??script line 89
[04-07 16:04:06.929]create entry success??position teampk --> garner[10000, 10000] 
[04-07 16:04:06.959]receive entry create success ??position garner --> teampk
[04-07 16:04:06.991]receive request to create entry??position Hellchapter --> garner[220300, 278000]??script line 44
[04-07 16:04:06.991]create entry success??position Hellchapter --> garner[220300, 278000] 
[04-07 16:04:07.022]receive entry create success ??position garner --> Hellchapter
[04-07 16:09:58.562]receive request to create entry??position leiting2 --> garner[60000, 210600]??script line 53
[04-07 16:09:58.562]create entry success??position leiting2 --> garner[60000, 210600] 
[04-07 16:09:58.584]receive entry create success ??position garner --> leiting2
[04-07 16:09:59.754]receive request to create entry??position mjing1 --> darkblue[129900, 53800]??script line 22
[04-07 16:09:59.754]create entry success??position mjing1 --> darkblue[129900, 53800] 
[04-07 16:09:59.754]receive request to create entry??position mjing2 --> mjing1[37400, 38700]??script line 16
[04-07 16:09:59.754]create entry success??position mjing2 --> mjing1[37400, 38700] 
[04-07 16:09:59.754]receive request to create entry??position mjing3 --> darkblue[129900, 54300]??script line 23
[04-07 16:09:59.754]create entry success??position mjing3 --> darkblue[129900, 54300] 
[04-07 16:09:59.786]receive entry create success ??position darkblue --> mjing1
[04-07 16:09:59.786]receive entry create success ??position mjing1 --> mjing2
[04-07 16:09:59.786]receive entry create success ??position darkblue --> mjing3
[04-07 16:09:59.802]receive request to create entry??position mjing4 --> mjing3[34600, 12700]??script line 17
[04-07 16:09:59.802]create entry success??position mjing4 --> mjing3[34600, 12700] 
[04-07 16:09:59.802]receive request to create entry??position abandonedcity --> garner[223200, 280200]??script line 37
[04-07 16:09:59.802]create entry success??position abandonedcity --> garner[223200, 280200] 
[04-07 16:09:59.802]receive request to create entry??position abandonedcity2 --> abandonedcity[8400, 24600]??script line 19
[04-07 16:09:59.802]create entry success??position abandonedcity2 --> abandonedcity[8400, 24600] 
[04-07 16:09:59.802]receive request to create entry??position abandonedcity3 --> abandonedcity2[24900, 22500]??script line 20
[04-07 16:09:59.802]create entry success??position abandonedcity3 --> abandonedcity2[24900, 22500] 
[04-07 16:09:59.813]receive entry create success ??position mjing3 --> mjing4
[04-07 16:09:59.813]receive entry create success ??position garner --> abandonedcity
[04-07 16:09:59.813]receive entry create success ??position abandonedcity --> abandonedcity2
[04-07 16:09:59.813]receive entry create success ??position abandonedcity2 --> abandonedcity3
[04-07 16:09:59.867]receive request to create entry??position darkswamp --> magicsea[82000, 370700]??script line 38
[04-07 16:09:59.867]create entry success??position darkswamp --> magicsea[82000, 370700] 
[04-07 16:09:59.867]receive request to create entry??position puzzleworld --> garner[91000, 106900]??script line 36
[04-07 16:09:59.867]create entry success??position puzzleworld --> garner[91000, 106900] 
[04-07 16:09:59.867]receive request to create entry??position puzzleworld2 --> puzzleworld[36500, 17100]??script line 37
[04-07 16:09:59.867]create entry success??position puzzleworld2 --> puzzleworld[36500, 17100] 
[04-07 16:09:59.904]receive entry create success ??position magicsea --> darkswamp
[04-07 16:09:59.904]receive entry create success ??position garner --> puzzleworld
[04-07 16:09:59.904]receive entry create success ??position puzzleworld --> puzzleworld2
[04-07 16:09:59.920]receive request to create entry??position teampk --> garner[10000, 10000]??script line 89
[04-07 16:09:59.920]create entry success??position teampk --> garner[10000, 10000] 
[04-07 16:09:59.940]receive entry create success ??position garner --> teampk
[04-07 16:09:59.978]receive request to create entry??position Hellchapter --> garner[220300, 278000]??script line 44
[04-07 16:09:59.978]create entry success??position Hellchapter --> garner[220300, 278000] 
[04-07 16:09:59.996]receive entry create success ??position garner --> Hellchapter
[04-07 16:21:29.581]receive request to create entry??position leiting2 --> garner[60000, 210600]??script line 53
[04-07 16:21:29.581]create entry success??position leiting2 --> garner[60000, 210600] 
[04-07 16:21:29.613]receive entry create success ??position garner --> leiting2
[04-07 16:21:30.834]receive request to create entry??position mjing1 --> darkblue[129900, 53800]??script line 22
[04-07 16:21:30.834]create entry success??position mjing1 --> darkblue[129900, 53800] 
[04-07 16:21:30.834]receive request to create entry??position mjing2 --> mjing1[37400, 38700]??script line 16
[04-07 16:21:30.834]create entry success??position mjing2 --> mjing1[37400, 38700] 
[04-07 16:21:30.834]receive request to create entry??position mjing3 --> darkblue[129900, 54300]??script line 23
[04-07 16:21:30.834]create entry success??position mjing3 --> darkblue[129900, 54300] 
[04-07 16:21:30.834]receive request to create entry??position mjing4 --> mjing3[34600, 12700]??script line 17
[04-07 16:21:30.834]create entry success??position mjing4 --> mjing3[34600, 12700] 
[04-07 16:21:30.878]receive entry create success ??position darkblue --> mjing1
[04-07 16:21:30.878]receive entry create success ??position mjing1 --> mjing2
[04-07 16:21:30.878]receive entry create success ??position darkblue --> mjing3
[04-07 16:21:30.878]receive entry create success ??position mjing3 --> mjing4
[04-07 16:21:30.910]receive request to create entry??position abandonedcity --> garner[223200, 280200]??script line 37
[04-07 16:21:30.910]create entry success??position abandonedcity --> garner[223200, 280200] 
[04-07 16:21:30.910]receive request to create entry??position abandonedcity2 --> abandonedcity[8400, 24600]??script line 19
[04-07 16:21:30.910]create entry success??position abandonedcity2 --> abandonedcity[8400, 24600] 
[04-07 16:21:30.910]receive request to create entry??position abandonedcity3 --> abandonedcity2[24900, 22500]??script line 20
[04-07 16:21:30.910]create entry success??position abandonedcity3 --> abandonedcity2[24900, 22500] 
[04-07 16:21:30.956]receive entry create success ??position garner --> abandonedcity
[04-07 16:21:30.956]receive entry create success ??position abandonedcity --> abandonedcity2
[04-07 16:21:30.956]receive entry create success ??position abandonedcity2 --> abandonedcity3
[04-07 16:21:30.956]receive request to create entry??position darkswamp --> magicsea[82000, 370700]??script line 38
[04-07 16:21:30.956]create entry success??position darkswamp --> magicsea[82000, 370700] 
[04-07 16:21:30.972]receive request to create entry??position puzzleworld --> garner[91000, 106900]??script line 36
[04-07 16:21:30.972]create entry success??position puzzleworld --> garner[91000, 106900] 
[04-07 16:21:30.988]receive entry create success ??position magicsea --> darkswamp
[04-07 16:21:30.988]receive entry create success ??position garner --> puzzleworld
[04-07 16:21:31.034]receive request to create entry??position puzzleworld2 --> puzzleworld[36500, 17100]??script line 37
[04-07 16:21:31.034]create entry success??position puzzleworld2 --> puzzleworld[36500, 17100] 
[04-07 16:21:31.034]receive request to create entry??position teampk --> garner[10000, 10000]??script line 89
[04-07 16:21:31.034]create entry success??position teampk --> garner[10000, 10000] 
[04-07 16:21:31.053]receive entry create success ??position puzzleworld --> puzzleworld2
[04-07 16:21:31.053]receive entry create success ??position garner --> teampk
[04-07 16:21:31.061]receive request to create entry??position Hellchapter --> garner[220300, 278000]??script line 44
[04-07 16:21:31.061]create entry success??position Hellchapter --> garner[220300, 278000] 
[04-07 16:21:31.065]receive entry create success ??position garner --> Hellchapter
[04-07 16:27:43.258]receive request to create entry??position leiting2 --> garner[60000, 210600]??script line 53
