[04-07 16:04:02.072]Initializing Offline Stall Manager...
[04-07 16:04:02.072]Loading all offline stalls from database...
[04-07 16:04:02.072]LoadOfflineStalls called for map: ALL
[04-07 16:04:02.072]Executing SQL: EXEC dbo.OfflineStall_LoadAll
[04-07 16:04:02.081]SQL returned 0 rows
[04-07 16:04:02.081]Loaded 0 offline stalls from database
[04-07 16:04:02.081]Loaded 0 offline stalls
[04-07 16:05:32.075]HasOfflineStall: cha_id=5187, has_stall=0
[04-07 16:09:55.056]Initializing Offline Stall Manager...
[04-07 16:09:55.056]Loading all offline stalls from database...
[04-07 16:09:55.056]LoadOfflineStalls called for map: ALL
[04-07 16:09:55.056]Executing SQL: EXEC dbo.OfflineStall_LoadAll
[04-07 16:09:55.060]SQL returned 0 rows
[04-07 16:09:55.060]Loaded 0 offline stalls from database
[04-07 16:09:55.060]Loaded 0 offline stalls
[04-07 16:10:48.256]HasOfflineStall: cha_id=5187, has_stall=0
[04-07 16:21:26.176]Initializing Offline Stall Manager...
[04-07 16:21:26.176]Loading all offline stalls from database...
[04-07 16:21:26.176]LoadOfflineStalls called for map: ALL
[04-07 16:21:26.176]Executing SQL: EXEC dbo.OfflineStall_LoadAll
[04-07 16:21:26.183]SQL returned 0 rows
[04-07 16:21:26.183]Loaded 0 offline stalls from database
[04-07 16:21:26.183]Loaded 0 offline stalls
[04-07 16:22:04.103]HasOfflineStall: cha_id=5187, has_stall=0
[04-07 16:27:39.711]Initializing Offline Stall Manager...
[04-07 16:27:39.711]Loading all offline stalls from database...
[04-07 16:27:39.711]LoadOfflineStalls called for map: ALL
[04-07 16:27:39.711]Executing SQL: EXEC dbo.OfflineStall_LoadAll
[04-07 16:27:39.723]SQL returned 0 rows
[04-07 16:27:39.723]Loaded 0 offline stalls from database
[04-07 16:27:39.723]Loaded 0 offline stalls
[04-07 16:27:49.007]HasOfflineStall: cha_id=5187, has_stall=0
