[04-07 16:04:05.339]
[04-07 16:04:05.339]ask for found entrance : position leiting2 --> garner[60000, 210600]
[04-07 16:04:06.648]
[04-07 16:04:06.648]ask for found entrance : position mjing1 --> darkblue[129900, 53800]
[04-07 16:04:06.648]
[04-07 16:04:06.648]ask for found entrance : position mjing2 --> mjing1[37400, 38700]
[04-07 16:04:06.648]
[04-07 16:04:06.648]ask for found entrance : position mjing3 --> darkblue[129900, 54300]
[04-07 16:04:06.710]
[04-07 16:04:06.710]ask for found entrance : position mjing4 --> mjing3[34600, 12700]
[04-07 16:04:06.710]
[04-07 16:04:06.710]ask for found entrance : position abandonedcity --> garner[223200, 280200]
[04-07 16:04:06.710]
[04-07 16:04:06.710]ask for found entrance : position abandonedcity2 --> abandonedcity[8400, 24600]
[04-07 16:04:06.772]
[04-07 16:04:06.772]ask for found entrance : position abandonedcity3 --> abandonedcity2[24900, 22500]
[04-07 16:04:06.772]
[04-07 16:04:06.772]ask for found entrance : position darkswamp --> magicsea[82000, 370700]
[04-07 16:04:06.835]
[04-07 16:04:06.835]ask for found entrance : position puzzleworld --> garner[91000, 106900]
[04-07 16:04:06.835]
[04-07 16:04:06.835]ask for found entrance : position puzzleworld2 --> puzzleworld[36500, 17100]
[04-07 16:04:06.897]
[04-07 16:04:06.897]ask for found entrance : position teampk --> garner[10000, 10000]
[04-07 16:04:06.959]
[04-07 16:04:06.959]ask for found entrance : position Hellchapter --> garner[220300, 278000]
[04-07 16:09:58.553]
[04-07 16:09:58.553]ask for found entrance : position leiting2 --> garner[60000, 210600]
[04-07 16:09:59.721]
[04-07 16:09:59.721]ask for found entrance : position mjing1 --> darkblue[129900, 53800]
[04-07 16:09:59.721]
[04-07 16:09:59.721]ask for found entrance : position mjing2 --> mjing1[37400, 38700]
[04-07 16:09:59.721]
[04-07 16:09:59.721]ask for found entrance : position mjing3 --> darkblue[129900, 54300]
[04-07 16:09:59.770]
[04-07 16:09:59.770]ask for found entrance : position mjing4 --> mjing3[34600, 12700]
[04-07 16:09:59.770]
[04-07 16:09:59.770]ask for found entrance : position abandonedcity --> garner[223200, 280200]
[04-07 16:09:59.770]
[04-07 16:09:59.770]ask for found entrance : position abandonedcity2 --> abandonedcity[8400, 24600]
[04-07 16:09:59.770]
[04-07 16:09:59.770]ask for found entrance : position abandonedcity3 --> abandonedcity2[24900, 22500]
[04-07 16:09:59.848]
[04-07 16:09:59.848]ask for found entrance : position darkswamp --> magicsea[82000, 370700]
[04-07 16:09:59.848]
[04-07 16:09:59.848]ask for found entrance : position puzzleworld --> garner[91000, 106900]
[04-07 16:09:59.848]
[04-07 16:09:59.848]ask for found entrance : position puzzleworld2 --> puzzleworld[36500, 17100]
[04-07 16:09:59.904]
[04-07 16:09:59.904]ask for found entrance : position teampk --> garner[10000, 10000]
[04-07 16:09:59.971]
[04-07 16:09:59.971]ask for found entrance : position Hellchapter --> garner[220300, 278000]
[04-07 16:21:29.549]
[04-07 16:21:29.549]ask for found entrance : position leiting2 --> garner[60000, 210600]
[04-07 16:21:30.802]
[04-07 16:21:30.802]ask for found entrance : position mjing1 --> darkblue[129900, 53800]
[04-07 16:21:30.802]
[04-07 16:21:30.802]ask for found entrance : position mjing2 --> mjing1[37400, 38700]
[04-07 16:21:30.802]
[04-07 16:21:30.802]ask for found entrance : position mjing3 --> darkblue[129900, 54300]
[04-07 16:21:30.802]
[04-07 16:21:30.802]ask for found entrance : position mjing4 --> mjing3[34600, 12700]
[04-07 16:21:30.878]
[04-07 16:21:30.878]ask for found entrance : position abandonedcity --> garner[223200, 280200]
[04-07 16:21:30.878]
[04-07 16:21:30.878]ask for found entrance : position abandonedcity2 --> abandonedcity[8400, 24600]
[04-07 16:21:30.878]
[04-07 16:21:30.878]ask for found entrance : position abandonedcity3 --> abandonedcity2[24900, 22500]
[04-07 16:21:30.926]
[04-07 16:21:30.926]ask for found entrance : position darkswamp --> magicsea[82000, 370700]
[04-07 16:21:30.926]
[04-07 16:21:30.926]ask for found entrance : position puzzleworld --> garner[91000, 106900]
[04-07 16:21:31.004]
[04-07 16:21:31.004]ask for found entrance : position puzzleworld2 --> puzzleworld[36500, 17100]
[04-07 16:21:31.004]
[04-07 16:21:31.004]ask for found entrance : position teampk --> garner[10000, 10000]
[04-07 16:21:31.057]
[04-07 16:21:31.057]ask for found entrance : position Hellchapter --> garner[220300, 278000]
[04-07 16:27:43.227]
