[04-07 16:04:05.372]WorldNotice: len = 143
[04-07 16:04:05.372]WorldNotice: contend = Announcement: In Magical Ocean region, players has discovered [600,2106] emerges a portal that leads to [Thundoria Mirage]. All players beware.
[04-07 16:04:06.741]WorldNotice: len = 75
[04-07 16:04:06.741]WorldNotice: contend = Announcement: Shaitan City [2232,2802] emerges a portal to [Forsaken City].
[04-07 16:04:06.804]WorldNotice: len = 224
[04-07 16:04:06.804]WorldNotice: contend = Announcement: According to weather forecast, near Magical Ocean at [820,3707] emerged a gigantic Whirlpool. All ships beware! There are reports that ships entered the Whirlpool and reached a gloomy place called [Dark Swamp].
[04-07 16:04:06.866]WorldNotice: len = 118
[04-07 16:04:06.866]WorldNotice: contend = Announcement: According to reports, near Ascaron at [910,1069] appears a portal to Demonic World. Please check it out.
[04-07 16:04:06.929]WorldNotice: len = 52
[04-07 16:04:06.929]WorldNotice: contend = Announcement: Map for party challenge is now opened.
[04-07 16:09:01.954]WorldNotice: len = 44
[04-07 16:09:01.958]WorldNotice: contend = There are current 0 survivor in Hell Chapter
[04-07 16:09:58.562]WorldNotice: len = 143
[04-07 16:09:58.562]WorldNotice: contend = Announcement: In Magical Ocean region, players has discovered [600,2106] emerges a portal that leads to [Thundoria Mirage]. All players beware.
[04-07 16:09:59.802]WorldNotice: len = 75
[04-07 16:09:59.802]WorldNotice: contend = Announcement: Shaitan City [2232,2802] emerges a portal to [Forsaken City].
[04-07 16:09:59.867]WorldNotice: len = 224
[04-07 16:09:59.867]WorldNotice: contend = Announcement: According to weather forecast, near Magical Ocean at [820,3707] emerged a gigantic Whirlpool. All ships beware! There are reports that ships entered the Whirlpool and reached a gloomy place called [Dark Swamp].
[04-07 16:09:59.867]WorldNotice: len = 118
[04-07 16:09:59.867]WorldNotice: contend = Announcement: According to reports, near Ascaron at [910,1069] appears a portal to Demonic World. Please check it out.
[04-07 16:09:59.920]WorldNotice: len = 52
[04-07 16:09:59.920]WorldNotice: contend = Announcement: Map for party challenge is now opened.
[04-07 16:14:54.976]WorldNotice: len = 44
[04-07 16:14:54.976]WorldNotice: contend = There are current 0 survivor in Hell Chapter
[04-07 16:21:29.581]WorldNotice: len = 143
[04-07 16:21:29.581]WorldNotice: contend = Announcement: In Magical Ocean region, players has discovered [600,2106] emerges a portal that leads to [Thundoria Mirage]. All players beware.
[04-07 16:21:30.910]WorldNotice: len = 75
[04-07 16:21:30.910]WorldNotice: contend = Announcement: Shaitan City [2232,2802] emerges a portal to [Forsaken City].
[04-07 16:21:30.956]WorldNotice: len = 224
[04-07 16:21:30.956]WorldNotice: contend = Announcement: According to weather forecast, near Magical Ocean at [820,3707] emerged a gigantic Whirlpool. All ships beware! There are reports that ships entered the Whirlpool and reached a gloomy place called [Dark Swamp].
[04-07 16:21:30.972]WorldNotice: len = 118
[04-07 16:21:30.972]WorldNotice: contend = Announcement: According to reports, near Ascaron at [910,1069] appears a portal to Demonic World. Please check it out.
[04-07 16:21:31.034]WorldNotice: len = 52
[04-07 16:21:31.034]WorldNotice: contend = Announcement: Map for party challenge is now opened.
[04-07 16:27:43.259]WorldNotice: len = 143
