[04-07 10:48:16.707][04-07 10:48:16.707]begin connect database pool, ip = [(local)\SQLExpress], db = [GameDB], poolSize = 1
[04-07 10:48:16.763]connect database pool ok, begin init datatable
[04-07 10:48:16.763]begin check table [account] 
[04-07 10:48:16.763]Table [account], begin execute SQL [drop trigger [TR_D_Character_Friends]]
[04-07 10:48:16.775]execute SQL success![04-07 10:48:16.775]Table [account], begin execute SQL [drop trigger [TR_I_Character]]
[04-07 10:48:16.776]execute SQL success![04-07 10:48:16.776]Table [account], begin execute SQL [CREATE TRIGGER TR_D_Character_Friends ON character 
				FOR DELETE 
				AS
				BEGIN
					declare @@stat tinyint
					declare @@gid  int
					select @@stat =guild_stat,@@gid =guild_id from deleted
					DELETE friends where friends.cha_id1 IN(select cha_id from deleted)
					if(@@gid >0)
					BEGIN
						update guild set try_total =try_total -(case when @@stat>0 then 1 else 0 end),
								member_total =member_total -(case when @@stat >0 then 0 else 1 end)
							where guild_id >0 and guild_id =@@gid
					END
				END
		]
[04-07 10:48:16.782]execute SQL success![04-07 10:48:16.782]Table [account], begin execute SQL [CREATE TRIGGER TR_I_Character ON character
				FOR INSERT
				AS
				BEGIN
					declare @l_icon smallint
					select @l_icon =convert(smallint,SUBSTRING(inserted.look,5,1)) from inserted
					update character set icon =@l_icon where cha_id in (select cha_id from inserted)
				END
		]
[04-07 10:48:16.783]execute SQL success![04-07 10:48:16.783]begin check table [guild]
[04-07 10:48:16.792]begin check table [param]
[04-07 10:48:16.796]init database success
[04-07 16:03:50.948][04-07 16:03:50.948]begin connect database pool, ip = [(local)\SQLExpress], db = [GameDB], poolSize = 1
[04-07 16:03:51.016]connect database pool ok, begin init datatable
[04-07 16:03:51.016]begin check table [account] 
[04-07 16:03:51.016]Table [account], begin execute SQL [drop trigger [TR_D_Character_Friends]]
[04-07 16:03:51.028]execute SQL success![04-07 16:03:51.028]Table [account], begin execute SQL [drop trigger [TR_I_Character]]
[04-07 16:03:51.030]execute SQL success![04-07 16:03:51.030]Table [account], begin execute SQL [CREATE TRIGGER TR_D_Character_Friends ON character 
				FOR DELETE 
				AS
				BEGIN
					declare @@stat tinyint
					declare @@gid  int
					select @@stat =guild_stat,@@gid =guild_id from deleted
					DELETE friends where friends.cha_id1 IN(select cha_id from deleted)
					if(@@gid >0)
					BEGIN
						update guild set try_total =try_total -(case when @@stat>0 then 1 else 0 end),
								member_total =member_total -(case when @@stat >0 then 0 else 1 end)
							where guild_id >0 and guild_id =@@gid
					END
				END
		]
[04-07 16:03:51.036]execute SQL success![04-07 16:03:51.036]Table [account], begin execute SQL [CREATE TRIGGER TR_I_Character ON character
				FOR INSERT
				AS
				BEGIN
					declare @l_icon smallint
					select @l_icon =convert(smallint,SUBSTRING(inserted.look,5,1)) from inserted
					update character set icon =@l_icon where cha_id in (select cha_id from inserted)
				END
		]
[04-07 16:03:51.037]execute SQL success![04-07 16:03:51.037]begin check table [guild]
[04-07 16:03:51.045]begin check table [param]
[04-07 16:03:51.049]init database success
[04-07 16:09:42.428][04-07 16:09:42.428]begin connect database pool, ip = [(local)\SQLExpress], db = [GameDB], poolSize = 1
[04-07 16:09:42.487]connect database pool ok, begin init datatable
[04-07 16:09:42.487]begin check table [account] 
[04-07 16:09:42.487]Table [account], begin execute SQL [drop trigger [TR_D_Character_Friends]]
[04-07 16:09:42.503]execute SQL success![04-07 16:09:42.503]Table [account], begin execute SQL [drop trigger [TR_I_Character]]
[04-07 16:09:42.503]execute SQL success![04-07 16:09:42.503]Table [account], begin execute SQL [CREATE TRIGGER TR_D_Character_Friends ON character 
				FOR DELETE 
				AS
				BEGIN
					declare @@stat tinyint
					declare @@gid  int
					select @@stat =guild_stat,@@gid =guild_id from deleted
					DELETE friends where friends.cha_id1 IN(select cha_id from deleted)
					if(@@gid >0)
					BEGIN
						update guild set try_total =try_total -(case when @@stat>0 then 1 else 0 end),
								member_total =member_total -(case when @@stat >0 then 0 else 1 end)
							where guild_id >0 and guild_id =@@gid
					END
				END
		]
[04-07 16:09:42.503]execute SQL success![04-07 16:09:42.503]Table [account], begin execute SQL [CREATE TRIGGER TR_I_Character ON character
				FOR INSERT
				AS
				BEGIN
					declare @l_icon smallint
					select @l_icon =convert(smallint,SUBSTRING(inserted.look,5,1)) from inserted
					update character set icon =@l_icon where cha_id in (select cha_id from inserted)
				END
		]
[04-07 16:09:42.503]execute SQL success![04-07 16:09:42.503]begin check table [guild]
[04-07 16:09:42.521]begin check table [param]
[04-07 16:09:42.521]init database success
[04-07 16:21:14.262][04-07 16:21:14.262]begin connect database pool, ip = [(local)\SQLExpress], db = [GameDB], poolSize = 1
[04-07 16:21:14.299]connect database pool ok, begin init datatable
[04-07 16:21:14.299]begin check table [account] 
[04-07 16:21:14.299]Table [account], begin execute SQL [drop trigger [TR_D_Character_Friends]]
[04-07 16:21:14.315]execute SQL success![04-07 16:21:14.315]Table [account], begin execute SQL [drop trigger [TR_I_Character]]
[04-07 16:21:14.315]execute SQL success![04-07 16:21:14.315]Table [account], begin execute SQL [CREATE TRIGGER TR_D_Character_Friends ON character 
				FOR DELETE 
				AS
				BEGIN
					declare @@stat tinyint
					declare @@gid  int
					select @@stat =guild_stat,@@gid =guild_id from deleted
					DELETE friends where friends.cha_id1 IN(select cha_id from deleted)
					if(@@gid >0)
					BEGIN
						update guild set try_total =try_total -(case when @@stat>0 then 1 else 0 end),
								member_total =member_total -(case when @@stat >0 then 0 else 1 end)
							where guild_id >0 and guild_id =@@gid
					END
				END
		]
[04-07 16:21:14.330]execute SQL success![04-07 16:21:14.330]Table [account], begin execute SQL [CREATE TRIGGER TR_I_Character ON character
				FOR INSERT
				AS
				BEGIN
					declare @l_icon smallint
					select @l_icon =convert(smallint,SUBSTRING(inserted.look,5,1)) from inserted
					update character set icon =@l_icon where cha_id in (select cha_id from inserted)
				END
		]
[04-07 16:21:14.330]execute SQL success![04-07 16:21:14.330]begin check table [guild]
[04-07 16:21:14.330]begin check table [param]
[04-07 16:21:14.330]init database success
[04-07 16:27:28.390]