[04-07 10:48:16.707]Add LG [Connect]
[04-07 10:48:16.707]Add LG [group_sql]
[04-07 10:48:16.707]Add LG [DBPool]
[04-07 10:48:16.792]Add LG [util_db_error]
[04-07 16:03:50.948]Add LG [Connect]
[04-07 16:03:50.948]Add LG [group_sql]
[04-07 16:03:50.948]Add LG [DBPool]
[04-07 16:03:51.045]Add LG [util_db_error]
[04-07 16:03:51.082]Add LG [init]
[04-07 16:03:51.083]Add LG [Security]
[04-07 16:03:51.084]Add LG [Maintenance]
[04-07 16:04:00.932]Add LG [group_cheat]
[04-07 16:05:21.769]Add LG [GroupServer]
[04-07 16:05:32.112]Add LG [Friend]
[04-07 16:05:32.119]Add LG [Master]
[04-07 16:09:42.428]Add LG [Connect]
[04-07 16:09:42.428]Add LG [group_sql]
[04-07 16:09:42.428]Add LG [DBPool]
[04-07 16:09:42.521]Add LG [util_db_error]
[04-07 16:09:42.551]Add LG [init]
[04-07 16:09:42.551]Add LG [Security]
[04-07 16:09:42.553]Add LG [Maintenance]
[04-07 16:09:52.415]Add LG [group_cheat]
[04-07 16:10:40.782]Add LG [GroupServer]
[04-07 16:10:48.305]Add LG [Friend]
[04-07 16:10:48.311]Add LG [Master]
[04-07 16:21:14.262]Add LG [Connect]
[04-07 16:21:14.262]Add LG [group_sql]
[04-07 16:21:14.263]Add LG [DBPool]
[04-07 16:21:14.330]Add LG [util_db_error]
[04-07 16:21:14.378]Add LG [init]
[04-07 16:21:14.378]Add LG [Security]
[04-07 16:21:14.378]Add LG [Maintenance]
[04-07 16:21:24.241]Add LG [group_cheat]
[04-07 16:22:00.134]Add LG [GroupServer]
[04-07 16:22:04.154]Add LG [Friend]
[04-07 16:22:04.164]Add LG [Master]
[04-07 16:27:28.390]Add LG [Connect]
[04-07 16:27:28.390]Add LG [group_sql]
[04-07 16:27:28.390]Add LG [DBPool]
[04-07 16:27:28.461]Add LG [util_db_error]
[04-07 16:27:28.490]Add LG [init]
[04-07 16:27:28.491]Add LG [Security]
[04-07 16:27:28.492]Add LG [Maintenance]
[04-07 16:27:38.389]Add LG [group_cheat]
[04-07 16:27:42.538]Add LG [GroupServer]
[04-07 16:27:49.055]Add LG [Friend]
