[04-08 15:02:25.351]character born error?born information?map magicsea[409600, 409600]?character hatch list number 48?character list number 97?born position[12416, 93936]
[04-08 15:02:25.351]character born error?born information?map magicsea[409600, 409600]?character hatch list number 48?character list number 97?born position[5654, 83222]
[04-08 15:02:25.351]character born error?born information?map magicsea[409600, 409600]?character hatch list number 48?character list number 97?born position[8881, 58702]
[04-08 15:02:25.352]character born error?born information?map magicsea[409600, 409600]?character hatch list number 48?character list number 97?born position[5836, 97012]
[04-08 15:02:25.352]character born error?born information?map magicsea[409600, 409600]?character hatch list number 48?character list number 97?born position[8293, 95638]
[04-08 15:02:25.352]character born error?born information?map magicsea[409600, 409600]?character hatch list number 48?character list number 97?born position[7523, 62026]
[04-08 15:02:25.352]character born error?born information?map magicsea[409600, 409600]?character hatch list number 48?character list number 97?born position[9665, 88222]
[04-08 15:02:25.353]character born error?born information?map magicsea[409600, 409600]?character hatch list number 48?character list number 90?born position[9602, 73340]
[04-08 15:02:25.353]character born error?born information?map magicsea[409600, 409600]?character hatch list number 48?character list number 90?born position[11016, 89179]
[04-08 15:02:25.353]character born error?born information?map magicsea[409600, 409600]?character hatch list number 48?character list number 90?born position[12927, 93493]
[04-08 15:02:25.354]character born error?born information?map magicsea[409600, 409600]?character hatch list number 48?character list number 90?born position[10043, 58818]
[04-08 15:02:25.361]character born error?born information?map magicsea[409600, 409600]?character hatch list number 50?character list number 193?born position[6512, 269244]
[04-08 15:02:25.362]character born error?born information?map magicsea[409600, 409600]?character hatch list number 50?character list number 193?born position[8076, 156478]
[04-08 15:02:25.362]character born error?born information?map magicsea[409600, 409600]?character hatch list number 50?character list number 193?born position[11772, 194010]
[04-08 15:02:25.362]character born error?born information?map magicsea[409600, 409600]?character hatch list number 50?character list number 193?born position[11300, 263188]
[04-08 15:02:25.362]character born error?born information?map magicsea[409600, 409600]?character hatch list number 50?character list number 193?born position[10432, 197502]
[04-08 15:02:25.362]character born error?born information?map magicsea[409600, 409600]?character hatch list number 50?character list number 193?born position[12840, 151786]
[04-08 15:02:25.363]character born error?born information?map magicsea[409600, 409600]?character hatch list number 50?character list number 193?born position[13232, 184878]
[04-08 15:02:25.363]character born error?born information?map magicsea[409600, 409600]?character hatch list number 50?character list number 193?born position[11344, 202800]
[04-08 15:02:25.363]character born error?born information?map magicsea[409600, 409600]?character hatch list number 50?character list number 193?born position[9352, 135302]
[04-08 15:02:25.363]character born error?born information?map magicsea[409600, 409600]?character hatch list number 50?character list number 193?born position[8548, 111128]
[04-08 15:02:25.363]character born error?born information?map magicsea[409600, 409600]?character hatch list number 50?character list number 60?born position[10056, 218486]
[04-08 15:02:25.363]character born error?born information?map magicsea[409600, 409600]?character hatch list number 50?character list number 60?born position[7432, 274515]
[04-08 15:02:25.364]character born error?born information?map magicsea[409600, 409600]?character hatch list number 50?character list number 60?born position[7480, 142498]
[04-08 15:02:25.364]character born error?born information?map magicsea[409600, 409600]?character hatch list number 50?character list number 60?born position[5368, 157342]
[04-08 15:02:25.364]character born error?born information?map magicsea[409600, 409600]?character hatch list number 50?character list number 60?born position[13264, 273372]
[04-08 15:02:25.365]character born error?born information?map magicsea[409600, 409600]?character hatch list number 50?character list number 60?born position[7400, 138790]
[04-08 15:02:25.365]character born error?born information?map magicsea[409600, 409600]?character hatch list number 50?character list number 60?born position[9920, 268054]
[04-08 15:02:25.365]character born error?born information?map magicsea[409600, 409600]?character hatch list number 50?character list number 60?born position[6676, 157012]
[04-08 15:02:25.366]character born error?born information?map magicsea[409600, 409600]?character hatch list number 50?character list number 60?born position[4676, 156784]
[04-08 15:02:25.366]character born error?born information?map magicsea[409600, 409600]?character hatch list number 50?character list number 60?born position[6820, 217958]
[04-08 15:02:25.366]character born error?born information?map magicsea[409600, 409600]?character hatch list number 50?character list number 92?born position[10000, 274950]
[04-08 15:02:25.366]character born error?born information?map magicsea[409600, 409600]?character hatch list number 50?character list number 92?born position[13752, 276330]
[04-08 15:02:25.367]character born error?born information?map magicsea[409600, 409600]?character hatch list number 50?character list number 92?born position[4524, 167926]
[04-08 15:02:25.367]character born error?born information?map magicsea[409600, 409600]?character hatch list number 50?character list number 92?born position[12772, 233654]
[04-08 15:02:25.368]character born error?born information?map magicsea[409600, 409600]?character hatch list number 50?character list number 92?born position[12924, 143842]
[04-08 15:02:25.368]character born error?born information?map magicsea[409600, 409600]?character hatch list number 50?character list number 92?born position[13104, 272697]
[04-08 15:02:25.368]character born error?born information?map magicsea[409600, 409600]?character hatch list number 50?character list number 92?born position[9384, 111092]
[04-08 15:02:25.368]character born error?born information?map magicsea[409600, 409600]?character hatch list number 50?character list number 92?born position[12612, 127238]
[04-08 15:02:25.368]character born error?born information?map magicsea[409600, 409600]?character hatch list number 50?character list number 242?born position[7376, 170272]
[04-08 15:02:25.369]character born error?born information?map magicsea[409600, 409600]?character hatch list number 50?character list number 242?born position[5696, 265708]
[04-08 15:02:25.369]character born error?born information?map magicsea[409600, 409600]?character hatch list number 50?character list number 242?born position[4668, 173988]
[04-08 15:02:25.369]character born error?born information?map magicsea[409600, 409600]?character hatch list number 50?character list number 242?born position[8084, 269691]
[04-08 15:02:25.369]character born error?born information?map magicsea[409600, 409600]?character hatch list number 50?character list number 242?born position[5336, 242728]
[04-08 15:02:25.369]character born error?born information?map magicsea[409600, 409600]?character hatch list number 50?character list number 242?born position[6148, 164290]
[04-08 15:02:25.370]character born error?born information?map magicsea[409600, 409600]?character hatch list number 50?character list number 242?born position[12504, 248068]
[04-08 15:02:25.370]character born error?born information?map magicsea[409600, 409600]?character hatch list number 50?character list number 242?born position[7704, 151630]
[04-08 15:02:25.370]character born error?born information?map magicsea[409600, 409600]?character hatch list number 50?character list number 242?born position[9408, 271158]
[04-08 15:02:25.370]character born error?born information?map magicsea[409600, 409600]?character hatch list number 50?character list number 242?born position[9064, 254902]
[04-08 15:02:25.371]character born error?born information?map magicsea[409600, 409600]?character hatch list number 50?character list number 242?born position[9208, 180510]
[04-08 15:02:25.371]character born error?born information?map magicsea[409600, 409600]?character hatch list number 50?character list number 242?born position[12488, 148372]
[04-08 15:02:25.404]character born error?born information?map magicsea[409600, 409600]?character hatch list number 71?character list number 97?born position[9040, 309856]
[04-08 15:02:25.404]character born error?born information?map magicsea[409600, 409600]?character hatch list number 71?character list number 97?born position[9244, 287026]
[04-08 15:02:25.405]character born error?born information?map magicsea[409600, 409600]?character hatch list number 71?character list number 97?born position[4900, 299706]
[04-08 15:02:25.405]character born error?born information?map magicsea[409600, 409600]?character hatch list number 71?character list number 97?born position[13718, 315558]
[04-08 15:02:25.406]character born error?born information?map magicsea[409600, 409600]?character hatch list number 71?character list number 97?born position[8532, 292690]
[04-08 15:02:25.406]character born error?born information?map magicsea[409600, 409600]?character hatch list number 71?character list number 97?born position[13262, 326314]
[04-08 15:02:25.406]character born error?born information?map magicsea[409600, 409600]?character hatch list number 71?character list number 97?born position[8236, 322148]
[04-08 15:02:25.407]character born error?born information?map magicsea[409600, 409600]?character hatch list number 71?character list number 90?born position[9454, 314233]
[04-08 15:02:25.407]character born error?born information?map magicsea[409600, 409600]?character hatch list number 71?character list number 90?born position[7310, 319808]
[04-08 15:02:25.407]character born error?born information?map magicsea[409600, 409600]?character hatch list number 71?character list number 90?born position[9132, 332504]
[04-08 15:02:25.408]character born error?born information?map magicsea[409600, 409600]?character hatch list number 71?character list number 90?born position[6784, 320780]
[04-08 15:02:25.431]character born error?born information?map magicsea[409600, 409600]?character hatch list number 81?character list number 97?born position[8531, 396650]
[04-08 15:02:25.432]character born error?born information?map magicsea[409600, 409600]?character hatch list number 81?character list number 97?born position[12641, 352616]
[04-08 15:02:25.432]character born error?born information?map magicsea[409600, 409600]?character hatch list number 81?character list number 97?born position[10736, 347616]
[04-08 15:02:25.432]character born error?born information?map magicsea[409600, 409600]?character hatch list number 81?character list number 97?born position[12656, 338588]
[04-08 15:02:25.432]character born error?born information?map magicsea[409600, 409600]?character hatch list number 81?character list number 97?born position[7412, 352824]
[04-08 15:02:25.433]character born error?born information?map magicsea[409600, 409600]?character hatch list number 81?character list number 60?born position[10664, 356020]
[04-08 15:02:25.433]character born error?born information?map magicsea[409600, 409600]?character hatch list number 81?character list number 60?born position[11402, 346318]
[04-08 15:02:25.434]character born error?born information?map magicsea[409600, 409600]?character hatch list number 82?character list number 193?born position[12014, 370310]
[04-08 15:02:25.434]character born error?born information?map magicsea[409600, 409600]?character hatch list number 82?character list number 193?born position[5684, 373051]
[04-08 15:02:25.972]character born error?born information?map darkblue[409600, 409600]?character hatch list number 86?character list number 97?born position[4832, 102381]
[04-08 15:02:25.990]character born error?born information?map darkblue[409600, 409600]?character hatch list number 97?character list number 198?born position[4580, 246678]
[04-08 15:02:26.022]character born error?born information?map darkblue[409600, 409600]?character hatch list number 110?character list number 193?born position[5150, 300993]
[04-08 15:02:26.025]character born error?born information?map darkblue[409600, 409600]?character hatch list number 110?character list number 60?born position[4850, 287010]
[04-08 15:02:26.026]character born error?born information?map darkblue[409600, 409600]?character hatch list number 110?character list number 60?born position[4470, 272005]
[04-08 15:02:26.040]character born error?born information?map darkblue[409600, 409600]?character hatch list number 119?character list number 242?born position[387547, 378430]
[04-08 15:02:26.040]character born error?born information?map darkblue[409600, 409600]?character hatch list number 119?character list number 242?born position[391168, 397175]
[04-08 15:02:26.040]character born error?born information?map darkblue[409600, 409600]?character hatch list number 119?character list number 242?born position[395279, 397197]
[04-08 15:02:26.041]character born error?born information?map darkblue[409600, 409600]?character hatch list number 119?character list number 242?born position[392260, 369760]
[04-08 15:02:26.041]character born error?born information?map darkblue[409600, 409600]?character hatch list number 119?character list number 242?born position[391192, 376098]
[04-08 15:02:26.041]character born error?born information?map darkblue[409600, 409600]?character hatch list number 119?character list number 242?born position[388450, 393756]
[04-08 15:02:26.041]character born error?born information?map darkblue[409600, 409600]?character hatch list number 119?character list number 242?born position[390698, 366350]
[04-08 15:02:26.041]character born error?born information?map darkblue[409600, 409600]?character hatch list number 119?character list number 242?born position[394804, 397195]
[04-08 15:02:26.041]character born error?born information?map darkblue[409600, 409600]?character hatch list number 119?character list number 242?born position[390881, 389396]
[04-08 15:02:26.041]character born error?born information?map darkblue[409600, 409600]?character hatch list number 119?character list number 242?born position[389528, 397181]
[04-08 15:02:26.042]character born error?born information?map darkblue[409600, 409600]?character hatch list number 119?character list number 242?born position[390568, 397175]
[04-08 15:02:26.042]character born error?born information?map darkblue[409600, 409600]?character hatch list number 119?character list number 242?born position[386509, 395334]
[04-08 15:02:26.042]character born error?born information?map darkblue[409600, 409600]?character hatch list number 119?character list number 242?born position[389032, 369840]
[04-08 15:02:26.042]character born error?born information?map darkblue[409600, 409600]?character hatch list number 119?character list number 242?born position[396659, 397182]
[04-08 15:02:26.042]character born error?born information?map darkblue[409600, 409600]?character hatch list number 119?character list number 242?born position[393893, 397172]
[04-08 15:02:26.043]character born error?born information?map darkblue[409600, 409600]?character hatch list number 119?character list number 242?born position[396362, 368170]
[04-08 15:02:26.043]character born error?born information?map darkblue[409600, 409600]?character hatch list number 119?character list number 198?born position[386933, 384322]
[04-08 15:02:26.043]character born error?born information?map darkblue[409600, 409600]?character hatch list number 119?character list number 198?born position[393500, 397189]
[04-08 15:02:26.043]character born error?born information?map darkblue[409600, 409600]?character hatch list number 119?character list number 198?born position[387095, 380724]
[04-08 15:02:26.043]character born error?born information?map darkblue[409600, 409600]?character hatch list number 119?character list number 198?born position[386651, 383786]
[04-08 15:02:26.043]character born error?born information?map darkblue[409600, 409600]?character hatch list number 119?character list number 198?born position[395488, 397180]
[04-08 15:02:26.043]character born error?born information?map darkblue[409600, 409600]?character hatch list number 119?character list number 198?born position[395833, 397177]
[04-08 15:02:26.043]character born error?born information?map darkblue[409600, 409600]?character hatch list number 119?character list number 198?born position[388999, 397189]
[04-08 15:02:26.043]character born error?born information?map darkblue[409600, 409600]?character hatch list number 119?character list number 198?born position[388666, 397176]
[04-08 15:02:26.044]character born error?born information?map darkblue[409600, 409600]?character hatch list number 119?character list number 198?born position[391286, 397180]
[04-08 15:02:26.044]character born error?born information?map darkblue[409600, 409600]?character hatch list number 119?character list number 198?born position[387362, 386074]
[04-08 15:02:26.044]character born error?born information?map darkblue[409600, 409600]?character hatch list number 119?character list number 198?born position[388624, 397172]
[04-08 15:02:26.044]character born error?born information?map darkblue[409600, 409600]?character hatch list number 119?character list number 198?born position[396230, 397174]
[04-08 15:02:26.044]character born error?born information?map darkblue[409600, 409600]?character hatch list number 119?character list number 198?born position[394294, 397196]
[04-08 15:02:26.044]character born error?born information?map darkblue[409600, 409600]?character hatch list number 119?character list number 198?born position[393766, 386246]
[04-08 15:02:26.044]character born error?born information?map darkblue[409600, 409600]?character hatch list number 119?character list number 198?born position[394960, 397198]
[04-08 15:02:26.044]character born error?born information?map darkblue[409600, 409600]?character hatch list number 119?character list number 198?born position[393911, 397193]
[04-08 15:02:26.044]character born error?born information?map darkblue[409600, 409600]?character hatch list number 119?character list number 198?born position[391328, 375072]
[04-08 15:02:26.045]character born error?born information?map darkblue[409600, 409600]?character hatch list number 119?character list number 198?born position[395396, 397196]
[04-08 15:02:26.045]character born error?born information?map darkblue[409600, 409600]?character hatch list number 119?character list number 198?born position[396404, 397185]
[04-08 15:02:26.045]character born error?born information?map darkblue[409600, 409600]?character hatch list number 119?character list number 198?born position[395936, 397184]
[04-08 15:02:26.045]character born error?born information?map darkblue[409600, 409600]?character hatch list number 119?character list number 198?born position[396601, 375402]
[04-08 15:02:26.045]character born error?born information?map darkblue[409600, 409600]?character hatch list number 119?character list number 198?born position[390865, 394620]
[04-08 15:02:26.045]character born error?born information?map darkblue[409600, 409600]?character hatch list number 119?character list number 198?born position[390241, 371902]
[04-08 15:02:26.045]character born error?born information?map darkblue[409600, 409600]?character hatch list number 119?character list number 198?born position[392330, 384842]
[04-08 15:02:26.045]character born error?born information?map darkblue[409600, 409600]?character hatch list number 119?character list number 198?born position[394546, 397197]
[04-08 15:02:26.045]character born error?born information?map darkblue[409600, 409600]?character hatch list number 119?character list number 198?born position[386548, 378368]
[04-08 15:02:26.045]character born error?born information?map darkblue[409600, 409600]?character hatch list number 119?character list number 198?born position[393710, 385302]
[04-08 15:02:26.046]character born error?born information?map darkblue[409600, 409600]?character hatch list number 119?character list number 198?born position[395011, 392776]
[04-08 15:02:26.046]character born error?born information?map darkblue[409600, 409600]?character hatch list number 120?character list number 589?born position[388244, 397169]
[04-08 15:02:26.046]character born error?born information?map darkblue[409600, 409600]?character hatch list number 120?character list number 589?born position[388760, 397193]
[04-08 15:02:26.047]character born error?born information?map darkblue[409600, 409600]?character hatch list number 120?character list number 589?born position[390534, 397187]
[04-08 15:02:26.047]character born error?born information?map darkblue[409600, 409600]?character hatch list number 120?character list number 589?born position[390624, 397191]
[04-08 15:02:26.256]character born error?born information?map winterland[220000, 180000]?character hatch list number 114?character list number 1094?born position[165815, 23398]
[04-08 15:02:26.256]character born error?born information?map winterland[220000, 180000]?character hatch list number 114?character list number 1094?born position[173138, 13574]
[04-08 15:02:26.279]character born error?born information?map mjing1[45600, 57600]?character hatch list number 7?character list number 1104?born position[60372, 36350]
[04-08 15:02:26.279]character born error?born information?map mjing1[45600, 57600]?character hatch list number 7?character list number 1104?born position[77172, 35855]
[04-08 15:02:26.279]character born error?born information?map mjing1[45600, 57600]?character hatch list number 7?character list number 1104?born position[71124, 34945]
[04-08 15:02:26.279]character born error?born information?map mjing1[45600, 57600]?character hatch list number 7?character list number 1104?born position[82782, 37176]
[04-08 15:02:26.279]character born error?born information?map mjing1[45600, 57600]?character hatch list number 7?character list number 1104?born position[76071, 36950]
[04-08 15:02:26.279]character born error?born information?map mjing1[45600, 57600]?character hatch list number 7?character list number 1104?born position[62550, 37189]
[04-08 15:02:26.279]character born error?born information?map mjing1[45600, 57600]?character hatch list number 7?character list number 1104?born position[75528, 36903]
[04-08 15:02:26.279]character born error?born information?map mjing1[45600, 57600]?character hatch list number 7?character list number 1104?born position[79598, 34779]
[04-08 15:02:26.279]character born error?born information?map mjing1[45600, 57600]?character hatch list number 7?character list number 1118?born position[83612, 34549]
[04-08 15:02:26.296]character born error?born information?map mjing2[45600, 57600]?character hatch list number 7?character list number 1108?born position[57666, 35296]
[04-08 15:02:26.296]character born error?born information?map mjing2[45600, 57600]?character hatch list number 7?character list number 1108?born position[85916, 35354]
[04-08 15:02:26.296]character born error?born information?map mjing2[45600, 57600]?character hatch list number 7?character list number 1108?born position[70704, 35829]
[04-08 15:02:26.296]character born error?born information?map mjing2[45600, 57600]?character hatch list number 7?character list number 1108?born position[81002, 36474]
[04-08 15:02:26.296]character born error?born information?map mjing2[45600, 57600]?character hatch list number 7?character list number 1108?born position[65280, 34904]
[04-08 15:02:26.296]character born error?born information?map mjing2[45600, 57600]?character hatch list number 7?character list number 1108?born position[70836, 35657]
[04-08 15:02:26.296]character born error?born information?map mjing2[45600, 57600]?character hatch list number 7?character list number 1108?born position[80877, 34933]
[04-08 15:02:26.318]character born error?born information?map mjing3[45600, 57600]?character hatch list number 24?character list number 1112?born position[27619, 76000]
[04-08 15:02:26.318]character born error?born information?map mjing3[45600, 57600]?character hatch list number 24?character list number 1112?born position[30155, 72378]
[04-08 15:02:26.318]character born error?born information?map mjing3[45600, 57600]?character hatch list number 24?character list number 1112?born position[28406, 58100]
[04-08 15:02:26.318]character born error?born information?map mjing3[45600, 57600]?character hatch list number 24?character list number 1112?born position[28086, 60691]
[04-08 15:02:26.318]character born error?born information?map mjing3[45600, 57600]?character hatch list number 24?character list number 1112?born position[30406, 68435]
[04-08 15:02:26.318]character born error?born information?map mjing3[45600, 57600]?character hatch list number 24?character list number 1112?born position[29984, 61048]
[04-08 15:02:26.318]character born error?born information?map mjing3[45600, 57600]?character hatch list number 24?character list number 1112?born position[30662, 75992]
[04-08 15:02:26.318]character born error?born information?map mjing3[45600, 57600]?character hatch list number 24?character list number 1112?born position[30113, 69308]
[04-08 15:02:26.318]character born error?born information?map mjing3[45600, 57600]?character hatch list number 24?character list number 1112?born position[30526, 74628]
[04-08 15:02:26.318]character born error?born information?map mjing3[45600, 57600]?character hatch list number 24?character list number 1112?born position[29869, 70512]
[04-08 15:02:26.318]character born error?born information?map mjing3[45600, 57600]?character hatch list number 24?character list number 1112?born position[29102, 58653]
[04-08 15:02:26.318]character born error?born information?map mjing3[45600, 57600]?character hatch list number 24?character list number 1112?born position[28697, 61936]
[04-08 15:02:26.318]character born error?born information?map mjing3[45600, 57600]?character hatch list number 24?character list number 1112?born position[28518, 74183]
[04-08 15:02:26.318]character born error?born information?map mjing3[45600, 57600]?character hatch list number 24?character list number 1112?born position[30870, 58410]
[04-08 15:02:26.318]character born error?born information?map mjing3[45600, 57600]?character hatch list number 24?character list number 1119?born position[27929, 70621]
[04-08 15:02:26.338]character born error?born information?map mjing4[45600, 57600]?character hatch list number 24?character list number 1116?born position[30321, 69094]
[04-08 15:02:26.338]character born error?born information?map mjing4[45600, 57600]?character hatch list number 24?character list number 1116?born position[27526, 71919]
[04-08 15:02:26.338]character born error?born information?map mjing4[45600, 57600]?character hatch list number 24?character list number 1116?born position[29134, 61212]
[04-08 15:02:26.338]character born error?born information?map mjing4[45600, 57600]?character hatch list number 24?character list number 1116?born position[28460, 70760]
[04-08 15:02:26.338]character born error?born information?map mjing4[45600, 57600]?character hatch list number 24?character list number 1116?born position[30998, 72081]
[04-08 15:02:26.338]character born error?born information?map mjing4[45600, 57600]?character hatch list number 24?character list number 1116?born position[30821, 60641]
[04-08 15:02:26.338]character born error?born information?map mjing4[45600, 57600]?character hatch list number 24?character list number 1116?born position[28905, 77003]
[04-08 15:02:26.338]character born error?born information?map mjing4[45600, 57600]?character hatch list number 24?character list number 1116?born position[30296, 62919]
[04-08 15:02:26.338]character born error?born information?map mjing4[45600, 57600]?character hatch list number 24?character list number 1116?born position[28190, 67275]
[04-08 15:02:26.338]character born error?born information?map mjing4[45600, 57600]?character hatch list number 24?character list number 1116?born position[28017, 59212]
[04-08 15:02:26.338]character born error?born information?map mjing4[45600, 57600]?character hatch list number 24?character list number 1116?born position[28670, 66578]
[04-08 15:02:26.338]character born error?born information?map mjing4[45600, 57600]?character hatch list number 24?character list number 1116?born position[28522, 73263]
[04-08 15:02:26.338]character born error?born information?map mjing4[45600, 57600]?character hatch list number 24?character list number 1116?born position[30576, 76323]
[04-08 15:02:26.338]character born error?born information?map mjing4[45600, 57600]?character hatch list number 24?character list number 1119?born position[30341, 75890]
[04-08 15:02:26.338]character born error?born information?map mjing4[45600, 57600]?character hatch list number 24?character list number 1119?born position[29857, 69219]
[04-08 15:50:51.988]character born error?born information?map magicsea[409600, 409600]?character hatch list number 48?character list number 97?born position[12416, 93936]
[04-08 15:50:51.988]character born error?born information?map magicsea[409600, 409600]?character hatch list number 48?character list number 97?born position[5654, 83222]
[04-08 15:50:51.988]character born error?born information?map magicsea[409600, 409600]?character hatch list number 48?character list number 97?born position[8881, 58702]
[04-08 15:50:51.988]character born error?born information?map magicsea[409600, 409600]?character hatch list number 48?character list number 97?born position[5836, 97012]
[04-08 15:50:51.988]character born error?born information?map magicsea[409600, 409600]?character hatch list number 48?character list number 97?born position[8293, 95638]
[04-08 15:50:51.988]character born error?born information?map magicsea[409600, 409600]?character hatch list number 48?character list number 97?born position[7523, 62026]
[04-08 15:50:52.004]character born error?born information?map magicsea[409600, 409600]?character hatch list number 48?character list number 97?born position[9665, 88222]
[04-08 15:50:52.004]character born error?born information?map magicsea[409600, 409600]?character hatch list number 48?character list number 90?born position[9602, 73340]
[04-08 15:50:52.004]character born error?born information?map magicsea[409600, 409600]?character hatch list number 48?character list number 90?born position[11016, 89179]
[04-08 15:50:52.004]character born error?born information?map magicsea[409600, 409600]?character hatch list number 48?character list number 90?born position[12927, 93493]
[04-08 15:50:52.004]character born error?born information?map magicsea[409600, 409600]?character hatch list number 48?character list number 90?born position[10043, 58818]
[04-08 15:50:52.004]character born error?born information?map magicsea[409600, 409600]?character hatch list number 50?character list number 193?born position[6512, 269244]
[04-08 15:50:52.004]character born error?born information?map magicsea[409600, 409600]?character hatch list number 50?character list number 193?born position[8076, 156478]
[04-08 15:50:52.004]character born error?born information?map magicsea[409600, 409600]?character hatch list number 50?character list number 193?born position[11772, 194010]
[04-08 15:50:52.004]character born error?born information?map magicsea[409600, 409600]?character hatch list number 50?character list number 193?born position[11300, 263188]
[04-08 15:50:52.004]character born error?born information?map magicsea[409600, 409600]?character hatch list number 50?character list number 193?born position[10432, 197502]
[04-08 15:50:52.004]character born error?born information?map magicsea[409600, 409600]?character hatch list number 50?character list number 193?born position[12840, 151786]
[04-08 15:50:52.004]character born error?born information?map magicsea[409600, 409600]?character hatch list number 50?character list number 193?born position[13232, 184878]
[04-08 15:50:52.004]character born error?born information?map magicsea[409600, 409600]?character hatch list number 50?character list number 193?born position[11344, 202800]
[04-08 15:50:52.004]character born error?born information?map magicsea[409600, 409600]?character hatch list number 50?character list number 193?born position[9352, 135302]
[04-08 15:50:52.004]character born error?born information?map magicsea[409600, 409600]?character hatch list number 50?character list number 193?born position[8548, 111128]
[04-08 15:50:52.004]character born error?born information?map magicsea[409600, 409600]?character hatch list number 50?character list number 60?born position[10056, 218486]
[04-08 15:50:52.004]character born error?born information?map magicsea[409600, 409600]?character hatch list number 50?character list number 60?born position[7432, 274515]
[04-08 15:50:52.004]character born error?born information?map magicsea[409600, 409600]?character hatch list number 50?character list number 60?born position[7480, 142498]
[04-08 15:50:52.004]character born error?born information?map magicsea[409600, 409600]?character hatch list number 50?character list number 60?born position[5368, 157342]
[04-08 15:50:52.004]character born error?born information?map magicsea[409600, 409600]?character hatch list number 50?character list number 60?born position[13264, 273372]
[04-08 15:50:52.004]character born error?born information?map magicsea[409600, 409600]?character hatch list number 50?character list number 60?born position[7400, 138790]
[04-08 15:50:52.004]character born error?born information?map magicsea[409600, 409600]?character hatch list number 50?character list number 60?born position[9920, 268054]
[04-08 15:50:52.004]character born error?born information?map magicsea[409600, 409600]?character hatch list number 50?character list number 60?born position[6676, 157012]
[04-08 15:50:52.004]character born error?born information?map magicsea[409600, 409600]?character hatch list number 50?character list number 60?born position[4676, 156784]
[04-08 15:50:52.004]character born error?born information?map magicsea[409600, 409600]?character hatch list number 50?character list number 60?born position[6820, 217958]
[04-08 15:50:52.004]character born error?born information?map magicsea[409600, 409600]?character hatch list number 50?character list number 92?born position[10000, 274950]
[04-08 15:50:52.004]character born error?born information?map magicsea[409600, 409600]?character hatch list number 50?character list number 92?born position[13752, 276330]
[04-08 15:50:52.004]character born error?born information?map magicsea[409600, 409600]?character hatch list number 50?character list number 92?born position[4524, 167926]
[04-08 15:50:52.004]character born error?born information?map magicsea[409600, 409600]?character hatch list number 50?character list number 92?born position[12772, 233654]
[04-08 15:50:52.004]character born error?born information?map magicsea[409600, 409600]?character hatch list number 50?character list number 92?born position[12924, 143842]
[04-08 15:50:52.004]character born error?born information?map magicsea[409600, 409600]?character hatch list number 50?character list number 92?born position[13104, 272697]
[04-08 15:50:52.004]character born error?born information?map magicsea[409600, 409600]?character hatch list number 50?character list number 92?born position[9384, 111092]
[04-08 15:50:52.019]character born error?born information?map magicsea[409600, 409600]?character hatch list number 50?character list number 92?born position[12612, 127238]
[04-08 15:50:52.019]character born error?born information?map magicsea[409600, 409600]?character hatch list number 50?character list number 242?born position[7376, 170272]
[04-08 15:50:52.019]character born error?born information?map magicsea[409600, 409600]?character hatch list number 50?character list number 242?born position[5696, 265708]
[04-08 15:50:52.019]character born error?born information?map magicsea[409600, 409600]?character hatch list number 50?character list number 242?born position[4668, 173988]
[04-08 15:50:52.019]character born error?born information?map magicsea[409600, 409600]?character hatch list number 50?character list number 242?born position[8084, 269691]
[04-08 15:50:52.019]character born error?born information?map magicsea[409600, 409600]?character hatch list number 50?character list number 242?born position[5336, 242728]
[04-08 15:50:52.019]character born error?born information?map magicsea[409600, 409600]?character hatch list number 50?character list number 242?born position[6148, 164290]
[04-08 15:50:52.019]character born error?born information?map magicsea[409600, 409600]?character hatch list number 50?character list number 242?born position[12504, 248068]
[04-08 15:50:52.019]character born error?born information?map magicsea[409600, 409600]?character hatch list number 50?character list number 242?born position[7704, 151630]
[04-08 15:50:52.019]character born error?born information?map magicsea[409600, 409600]?character hatch list number 50?character list number 242?born position[9408, 271158]
[04-08 15:50:52.019]character born error?born information?map magicsea[409600, 409600]?character hatch list number 50?character list number 242?born position[9064, 254902]
[04-08 15:50:52.019]character born error?born information?map magicsea[409600, 409600]?character hatch list number 50?character list number 242?born position[9208, 180510]
[04-08 15:50:52.019]character born error?born information?map magicsea[409600, 409600]?character hatch list number 50?character list number 242?born position[12488, 148372]
[04-08 15:50:52.057]character born error?born information?map magicsea[409600, 409600]?character hatch list number 71?character list number 97?born position[9040, 309856]
[04-08 15:50:52.057]character born error?born information?map magicsea[409600, 409600]?character hatch list number 71?character list number 97?born position[9244, 287026]
[04-08 15:50:52.059]character born error?born information?map magicsea[409600, 409600]?character hatch list number 71?character list number 97?born position[4900, 299706]
[04-08 15:50:52.059]character born error?born information?map magicsea[409600, 409600]?character hatch list number 71?character list number 97?born position[13718, 315558]
[04-08 15:50:52.059]character born error?born information?map magicsea[409600, 409600]?character hatch list number 71?character list number 97?born position[8532, 292690]
[04-08 15:50:52.059]character born error?born information?map magicsea[409600, 409600]?character hatch list number 71?character list number 97?born position[13262, 326314]
[04-08 15:50:52.059]character born error?born information?map magicsea[409600, 409600]?character hatch list number 71?character list number 97?born position[8236, 322148]
[04-08 15:50:52.059]character born error?born information?map magicsea[409600, 409600]?character hatch list number 71?character list number 90?born position[9454, 314233]
[04-08 15:50:52.061]character born error?born information?map magicsea[409600, 409600]?character hatch list number 71?character list number 90?born position[7310, 319808]
[04-08 15:50:52.061]character born error?born information?map magicsea[409600, 409600]?character hatch list number 71?character list number 90?born position[9132, 332504]
[04-08 15:50:52.061]character born error?born information?map magicsea[409600, 409600]?character hatch list number 71?character list number 90?born position[6784, 320780]
[04-08 15:50:52.083]character born error?born information?map magicsea[409600, 409600]?character hatch list number 81?character list number 97?born position[8531, 396650]
[04-08 15:50:52.083]character born error?born information?map magicsea[409600, 409600]?character hatch list number 81?character list number 97?born position[12641, 352616]
[04-08 15:50:52.083]character born error?born information?map magicsea[409600, 409600]?character hatch list number 81?character list number 97?born position[10736, 347616]
[04-08 15:50:52.083]character born error?born information?map magicsea[409600, 409600]?character hatch list number 81?character list number 97?born position[12656, 338588]
[04-08 15:50:52.083]character born error?born information?map magicsea[409600, 409600]?character hatch list number 81?character list number 97?born position[7412, 352824]
[04-08 15:50:52.083]character born error?born information?map magicsea[409600, 409600]?character hatch list number 81?character list number 60?born position[10664, 356020]
[04-08 15:50:52.083]character born error?born information?map magicsea[409600, 409600]?character hatch list number 81?character list number 60?born position[11402, 346318]
[04-08 15:50:52.083]character born error?born information?map magicsea[409600, 409600]?character hatch list number 82?character list number 193?born position[12014, 370310]
[04-08 15:50:52.083]character born error?born information?map magicsea[409600, 409600]?character hatch list number 82?character list number 193?born position[5684, 373051]
[04-08 15:50:53.082]character born error?born information?map darkblue[409600, 409600]?character hatch list number 86?character list number 97?born position[4832, 102381]
[04-08 15:50:53.114]character born error?born information?map darkblue[409600, 409600]?character hatch list number 97?character list number 198?born position[4580, 246678]
[04-08 15:50:53.152]character born error?born information?map darkblue[409600, 409600]?character hatch list number 110?character list number 193?born position[5150, 300993]
[04-08 15:50:53.152]character born error?born information?map darkblue[409600, 409600]?character hatch list number 110?character list number 60?born position[4850, 287010]
[04-08 15:50:53.161]character born error?born information?map darkblue[409600, 409600]?character hatch list number 110?character list number 60?born position[4470, 272005]
[04-08 15:50:53.177]character born error?born information?map darkblue[409600, 409600]?character hatch list number 119?character list number 242?born position[387547, 378430]
[04-08 15:50:53.177]character born error?born information?map darkblue[409600, 409600]?character hatch list number 119?character list number 242?born position[391168, 397175]
[04-08 15:50:53.177]character born error?born information?map darkblue[409600, 409600]?character hatch list number 119?character list number 242?born position[395279, 397197]
[04-08 15:50:53.177]character born error?born information?map darkblue[409600, 409600]?character hatch list number 119?character list number 242?born position[392260, 369760]
[04-08 15:50:53.177]character born error?born information?map darkblue[409600, 409600]?character hatch list number 119?character list number 242?born position[391192, 376098]
[04-08 15:50:53.177]character born error?born information?map darkblue[409600, 409600]?character hatch list number 119?character list number 242?born position[388450, 393756]
[04-08 15:50:53.177]character born error?born information?map darkblue[409600, 409600]?character hatch list number 119?character list number 242?born position[390698, 366350]
[04-08 15:50:53.177]character born error?born information?map darkblue[409600, 409600]?character hatch list number 119?character list number 242?born position[394804, 397195]
[04-08 15:50:53.177]character born error?born information?map darkblue[409600, 409600]?character hatch list number 119?character list number 242?born position[390881, 389396]
[04-08 15:50:53.177]character born error?born information?map darkblue[409600, 409600]?character hatch list number 119?character list number 242?born position[389528, 397181]
[04-08 15:50:53.177]character born error?born information?map darkblue[409600, 409600]?character hatch list number 119?character list number 242?born position[390568, 397175]
[04-08 15:50:53.177]character born error?born information?map darkblue[409600, 409600]?character hatch list number 119?character list number 242?born position[386509, 395334]
[04-08 15:50:53.177]character born error?born information?map darkblue[409600, 409600]?character hatch list number 119?character list number 242?born position[389032, 369840]
[04-08 15:50:53.177]character born error?born information?map darkblue[409600, 409600]?character hatch list number 119?character list number 242?born position[396659, 397182]
[04-08 15:50:53.177]character born error?born information?map darkblue[409600, 409600]?character hatch list number 119?character list number 242?born position[393893, 397172]
[04-08 15:50:53.177]character born error?born information?map darkblue[409600, 409600]?character hatch list number 119?character list number 242?born position[396362, 368170]
[04-08 15:50:53.177]character born error?born information?map darkblue[409600, 409600]?character hatch list number 119?character list number 198?born position[386933, 384322]
[04-08 15:50:53.177]character born error?born information?map darkblue[409600, 409600]?character hatch list number 119?character list number 198?born position[393500, 397189]
[04-08 15:50:53.177]character born error?born information?map darkblue[409600, 409600]?character hatch list number 119?character list number 198?born position[387095, 380724]
[04-08 15:50:53.177]character born error?born information?map darkblue[409600, 409600]?character hatch list number 119?character list number 198?born position[386651, 383786]
[04-08 15:50:53.177]character born error?born information?map darkblue[409600, 409600]?character hatch list number 119?character list number 198?born position[395488, 397180]
[04-08 15:50:53.177]character born error?born information?map darkblue[409600, 409600]?character hatch list number 119?character list number 198?born position[395833, 397177]
[04-08 15:50:53.177]character born error?born information?map darkblue[409600, 409600]?character hatch list number 119?character list number 198?born position[388999, 397189]
[04-08 15:50:53.177]character born error?born information?map darkblue[409600, 409600]?character hatch list number 119?character list number 198?born position[388666, 397176]
[04-08 15:50:53.177]character born error?born information?map darkblue[409600, 409600]?character hatch list number 119?character list number 198?born position[391286, 397180]
[04-08 15:50:53.177]character born error?born information?map darkblue[409600, 409600]?character hatch list number 119?character list number 198?born position[387362, 386074]
[04-08 15:50:53.177]character born error?born information?map darkblue[409600, 409600]?character hatch list number 119?character list number 198?born position[388624, 397172]
[04-08 15:50:53.177]character born error?born information?map darkblue[409600, 409600]?character hatch list number 119?character list number 198?born position[396230, 397174]
[04-08 15:50:53.177]character born error?born information?map darkblue[409600, 409600]?character hatch list number 119?character list number 198?born position[394294, 397196]
[04-08 15:50:53.177]character born error?born information?map darkblue[409600, 409600]?character hatch list number 119?character list number 198?born position[393766, 386246]
[04-08 15:50:53.177]character born error?born information?map darkblue[409600, 409600]?character hatch list number 119?character list number 198?born position[394960, 397198]
[04-08 15:50:53.177]character born error?born information?map darkblue[409600, 409600]?character hatch list number 119?character list number 198?born position[393911, 397193]
[04-08 15:50:53.177]character born error?born information?map darkblue[409600, 409600]?character hatch list number 119?character list number 198?born position[391328, 375072]
[04-08 15:50:53.177]character born error?born information?map darkblue[409600, 409600]?character hatch list number 119?character list number 198?born position[395396, 397196]
[04-08 15:50:53.177]character born error?born information?map darkblue[409600, 409600]?character hatch list number 119?character list number 198?born position[396404, 397185]
[04-08 15:50:53.177]character born error?born information?map darkblue[409600, 409600]?character hatch list number 119?character list number 198?born position[395936, 397184]
[04-08 15:50:53.177]character born error?born information?map darkblue[409600, 409600]?character hatch list number 119?character list number 198?born position[396601, 375402]
[04-08 15:50:53.177]character born error?born information?map darkblue[409600, 409600]?character hatch list number 119?character list number 198?born position[390865, 394620]
[04-08 15:50:53.177]character born error?born information?map darkblue[409600, 409600]?character hatch list number 119?character list number 198?born position[390241, 371902]
[04-08 15:50:53.177]character born error?born information?map darkblue[409600, 409600]?character hatch list number 119?character list number 198?born position[392330, 384842]
[04-08 15:50:53.177]character born error?born information?map darkblue[409600, 409600]?character hatch list number 119?character list number 198?born position[394546, 397197]
[04-08 15:50:53.177]character born error?born information?map darkblue[409600, 409600]?character hatch list number 119?character list number 198?born position[386548, 378368]
[04-08 15:50:53.177]character born error?born information?map darkblue[409600, 409600]?character hatch list number 119?character list number 198?born position[393710, 385302]
[04-08 15:50:53.177]character born error?born information?map darkblue[409600, 409600]?character hatch list number 119?character list number 198?born position[395011, 392776]
[04-08 15:50:53.177]character born error?born information?map darkblue[409600, 409600]?character hatch list number 120?character list number 589?born position[388244, 397169]
[04-08 15:50:53.177]character born error?born information?map darkblue[409600, 409600]?character hatch list number 120?character list number 589?born position[388760, 397193]
[04-08 15:50:53.177]character born error?born information?map darkblue[409600, 409600]?character hatch list number 120?character list number 589?born position[390534, 397187]
[04-08 15:50:53.177]character born error?born information?map darkblue[409600, 409600]?character hatch list number 120?character list number 589?born position[390624, 397191]
[04-08 15:50:53.525]character born error?born information?map winterland[220000, 180000]?character hatch list number 114?character list number 1094?born position[165815, 23398]
[04-08 15:50:53.525]character born error?born information?map winterland[220000, 180000]?character hatch list number 114?character list number 1094?born position[173138, 13574]
[04-08 15:50:53.625]character born error?born information?map mjing1[45600, 57600]?character hatch list number 7?character list number 1104?born position[60372, 36350]
[04-08 15:50:53.625]character born error?born information?map mjing1[45600, 57600]?character hatch list number 7?character list number 1104?born position[77172, 35855]
[04-08 15:50:53.625]character born error?born information?map mjing1[45600, 57600]?character hatch list number 7?character list number 1104?born position[71124, 34945]
[04-08 15:50:53.625]character born error?born information?map mjing1[45600, 57600]?character hatch list number 7?character list number 1104?born position[82782, 37176]
[04-08 15:50:53.625]character born error?born information?map mjing1[45600, 57600]?character hatch list number 7?character list number 1104?born position[76071, 36950]
[04-08 15:50:53.625]character born error?born information?map mjing1[45600, 57600]?character hatch list number 7?character list number 1104?born position[62550, 37189]
[04-08 15:50:53.625]character born error?born information?map mjing1[45600, 57600]?character hatch list number 7?character list number 1104?born position[75528, 36903]
[04-08 15:50:53.625]character born error?born information?map mjing1[45600, 57600]?character hatch list number 7?character list number 1104?born position[79598, 34779]
[04-08 15:50:53.625]character born error?born information?map mjing1[45600, 57600]?character hatch list number 7?character list number 1118?born position[83612, 34549]
[04-08 15:50:53.684]character born error?born information?map mjing2[45600, 57600]?character hatch list number 7?character list number 1108?born position[57666, 35296]
[04-08 15:50:53.684]character born error?born information?map mjing2[45600, 57600]?character hatch list number 7?character list number 1108?born position[85916, 35354]
[04-08 15:50:53.684]character born error?born information?map mjing2[45600, 57600]?character hatch list number 7?character list number 1108?born position[70704, 35829]
[04-08 15:50:53.684]character born error?born information?map mjing2[45600, 57600]?character hatch list number 7?character list number 1108?born position[81002, 36474]
[04-08 15:50:53.684]character born error?born information?map mjing2[45600, 57600]?character hatch list number 7?character list number 1108?born position[65280, 34904]
[04-08 15:50:53.684]character born error?born information?map mjing2[45600, 57600]?character hatch list number 7?character list number 1108?born position[70836, 35657]
[04-08 15:50:53.684]character born error?born information?map mjing2[45600, 57600]?character hatch list number 7?character list number 1108?born position[80877, 34933]
[04-08 15:50:53.764]character born error?born information?map mjing3[45600, 57600]?character hatch list number 24?character list number 1112?born position[27619, 76000]
[04-08 15:50:53.764]character born error?born information?map mjing3[45600, 57600]?character hatch list number 24?character list number 1112?born position[30155, 72378]
[04-08 15:50:53.764]character born error?born information?map mjing3[45600, 57600]?character hatch list number 24?character list number 1112?born position[28406, 58100]
[04-08 15:50:53.764]character born error?born information?map mjing3[45600, 57600]?character hatch list number 24?character list number 1112?born position[28086, 60691]
[04-08 15:50:53.764]character born error?born information?map mjing3[45600, 57600]?character hatch list number 24?character list number 1112?born position[30406, 68435]
[04-08 15:50:53.764]character born error?born information?map mjing3[45600, 57600]?character hatch list number 24?character list number 1112?born position[29984, 61048]
[04-08 15:50:53.764]character born error?born information?map mjing3[45600, 57600]?character hatch list number 24?character list number 1112?born position[30662, 75992]
[04-08 15:50:53.764]character born error?born information?map mjing3[45600, 57600]?character hatch list number 24?character list number 1112?born position[30113, 69308]
[04-08 15:50:53.764]character born error?born information?map mjing3[45600, 57600]?character hatch list number 24?character list number 1112?born position[30526, 74628]
[04-08 15:50:53.764]character born error?born information?map mjing3[45600, 57600]?character hatch list number 24?character list number 1112?born position[29869, 70512]
[04-08 15:50:53.764]character born error?born information?map mjing3[45600, 57600]?character hatch list number 24?character list number 1112?born position[29102, 58653]
[04-08 15:50:53.764]character born error?born information?map mjing3[45600, 57600]?character hatch list number 24?character list number 1112?born position[28697, 61936]
[04-08 15:50:53.764]character born error?born information?map mjing3[45600, 57600]?character hatch list number 24?character list number 1112?born position[28518, 74183]
[04-08 15:50:53.764]character born error?born information?map mjing3[45600, 57600]?character hatch list number 24?character list number 1112?born position[30870, 58410]
[04-08 15:50:53.764]character born error?born information?map mjing3[45600, 57600]?character hatch list number 24?character list number 1119?born position[27929, 70621]
[04-08 15:50:53.853]character born error?born information?map mjing4[45600, 57600]?character hatch list number 24?character list number 1116?born position[30321, 69094]
[04-08 15:50:53.853]character born error?born information?map mjing4[45600, 57600]?character hatch list number 24?character list number 1116?born position[27526, 71919]
[04-08 15:50:53.853]character born error?born information?map mjing4[45600, 57600]?character hatch list number 24?character list number 1116?born position[29134, 61212]
[04-08 15:50:53.853]character born error?born information?map mjing4[45600, 57600]?character hatch list number 24?character list number 1116?born position[28460, 70760]
[04-08 15:50:53.853]character born error?born information?map mjing4[45600, 57600]?character hatch list number 24?character list number 1116?born position[30998, 72081]
[04-08 15:50:53.853]character born error?born information?map mjing4[45600, 57600]?character hatch list number 24?character list number 1116?born position[30821, 60641]
[04-08 15:50:53.853]character born error?born information?map mjing4[45600, 57600]?character hatch list number 24?character list number 1116?born position[28905, 77003]
[04-08 15:50:53.853]character born error?born information?map mjing4[45600, 57600]?character hatch list number 24?character list number 1116?born position[30296, 62919]
[04-08 15:50:53.853]character born error?born information?map mjing4[45600, 57600]?character hatch list number 24?character list number 1116?born position[28190, 67275]
[04-08 15:50:53.853]character born error?born information?map mjing4[45600, 57600]?character hatch list number 24?character list number 1116?born position[28017, 59212]
[04-08 15:50:53.853]character born error?born information?map mjing4[45600, 57600]?character hatch list number 24?character list number 1116?born position[28670, 66578]
[04-08 15:50:53.853]character born error?born information?map mjing4[45600, 57600]?character hatch list number 24?character list number 1116?born position[28522, 73263]
[04-08 15:50:53.853]character born error?born information?map mjing4[45600, 57600]?character hatch list number 24?character list number 1116?born position[30576, 76323]
[04-08 15:50:53.853]character born error?born information?map mjing4[45600, 57600]?character hatch list number 24?character list number 1119?born position[30341, 75890]
[04-08 15:50:53.853]character born error?born information?map mjing4[45600, 57600]?character hatch list number 24?character list number 1119?born position[29857, 69219]
