[04-08 15:02:24.642]Attrib file: [id=0] -> [./resource/garner\garner.atr]
[04-08 15:02:24.911]Attrib file: [id=1] -> [./resource/ctf\ctf.atr]
[04-08 15:02:24.920]Attrib file: [id=2] -> [./resource/garner2\garner2.atr]
[04-08 15:02:24.925]Attrib file: [id=3] -> [./resource/PKmap\PKmap.atr]
[04-08 15:02:24.935]Attrib file: [id=4] -> [./resource/shalan2\shalan2.atr]
[04-08 15:02:24.945]Attrib file: [id=5] -> [./resource/leiting2\leiting2.atr]
[04-08 15:02:24.970]Attrib file: [id=6] -> [./resource/lonetower\lonetower.atr]
[04-08 15:02:24.993]Attrib file: [id=7] -> [./resource/L4MAP\L4MAP.atr]
[04-08 15:02:25.002]Attrib file: [id=8] -> [./resource/LostCity\LostCity.atr]
[04-08 15:02:25.245]Attrib file: [id=9] -> [./resource/magicsea\magicsea.atr]
[04-08 15:02:25.523]Attrib file: [id=10] -> [./resource/jialebi\jialebi.atr]
[04-08 15:02:25.577]Attrib file: [id=11] -> [./resource/hell\hell.atr]
[04-08 15:02:25.586]Attrib file: [id=12] -> [./resource/hell2\hell2.atr]
[04-08 15:02:25.596]Attrib file: [id=13] -> [./resource/hell3\hell3.atr]
[04-08 15:02:25.606]Attrib file: [id=14] -> [./resource/hell4\hell4.atr]
[04-08 15:02:25.613]Attrib file: [id=15] -> [./resource/hell5\hell5.atr]
[04-08 15:02:25.851]Attrib file: [id=16] -> [./resource/darkblue\darkblue.atr]
[04-08 15:02:26.120]Attrib file: [id=17] -> [./resource/eastgoaf\eastgoaf.atr]
[04-08 15:02:26.189]Attrib file: [id=18] -> [./resource/winterland\winterland.atr]
[04-08 15:02:26.272]Attrib file: [id=19] -> [./resource/mjing1\mjing1.atr]
[04-08 15:02:26.288]Attrib file: [id=20] -> [./resource/mjing2\mjing2.atr]
[04-08 15:02:26.306]Attrib file: [id=21] -> [./resource/mjing3\mjing3.atr]
[04-08 15:02:26.326]Attrib file: [id=22] -> [./resource/mjing4\mjing4.atr]
[04-08 15:02:26.342]Attrib file: [id=23] -> [./resource/starena13\starena13.atr]
[04-08 15:02:26.348]Attrib file: [id=24] -> [./resource/starena23\starena23.atr]
[04-08 15:02:26.356]Attrib file: [id=25] -> [./resource/starena33\starena33.atr]
[04-08 15:02:26.365]Attrib file: [id=26] -> [./resource/abandonedcity\abandonedcity.atr]
[04-08 15:02:26.384]Attrib file: [id=27] -> [./resource/abandonedcity2\abandonedcity2.atr]
[04-08 15:02:26.405]Attrib file: [id=28] -> [./resource/abandonedcity3\abandonedcity3.atr]
[04-08 15:02:26.435]Attrib file: [id=29] -> [./resource/darkswamp\darkswamp.atr]
[04-08 15:02:26.471]Attrib file: [id=30] -> [./resource/puzzleworld\puzzleworld.atr]
[04-08 15:02:26.498]Attrib file: [id=31] -> [./resource/puzzleworld2\puzzleworld2.atr]
[04-08 15:02:26.534]Attrib file: [id=32] -> [./resource/DreamIsland\DreamIsland.atr]
[04-08 15:02:26.557]Attrib file: [id=33] -> [./resource/teampk\teampk.atr]
[04-08 15:02:26.610]Attrib file: [id=34] -> [./resource/Hellchapter\Hellchapter.atr]
[04-08 15:02:26.627]Attrib file: [id=35] -> [./resource/chaosicicle\chaosicicle.atr]
[04-08 15:02:26.636]Attrib file: [id=36] -> [./resource/yschurch\yschurch.atr]
[04-08 15:50:50.674]Attrib file: [id=0] -> [./resource/garner\garner.atr]
[04-08 15:50:51.116]Attrib file: [id=1] -> [./resource/ctf\ctf.atr]
[04-08 15:50:51.163]Attrib file: [id=2] -> [./resource/garner2\garner2.atr]
[04-08 15:50:51.217]Attrib file: [id=3] -> [./resource/PKmap\PKmap.atr]
[04-08 15:50:51.300]Attrib file: [id=4] -> [./resource/shalan2\shalan2.atr]
[04-08 15:50:51.353]Attrib file: [id=5] -> [./resource/leiting2\leiting2.atr]
[04-08 15:50:51.426]Attrib file: [id=6] -> [./resource/lonetower\lonetower.atr]
[04-08 15:50:51.495]Attrib file: [id=7] -> [./resource/L4MAP\L4MAP.atr]
[04-08 15:50:51.574]Attrib file: [id=8] -> [./resource/LostCity\LostCity.atr]
[04-08 15:50:51.851]Attrib file: [id=9] -> [./resource/magicsea\magicsea.atr]
[04-08 15:50:52.194]Attrib file: [id=10] -> [./resource/jialebi\jialebi.atr]
[04-08 15:50:52.340]Attrib file: [id=11] -> [./resource/hell\hell.atr]
[04-08 15:50:52.415]Attrib file: [id=12] -> [./resource/hell2\hell2.atr]
[04-08 15:50:52.479]Attrib file: [id=13] -> [./resource/hell3\hell3.atr]
[04-08 15:50:52.544]Attrib file: [id=14] -> [./resource/hell4\hell4.atr]
[04-08 15:50:52.606]Attrib file: [id=15] -> [./resource/hell5\hell5.atr]
[04-08 15:50:52.908]Attrib file: [id=16] -> [./resource/darkblue\darkblue.atr]
[04-08 15:50:53.288]Attrib file: [id=17] -> [./resource/eastgoaf\eastgoaf.atr]
[04-08 15:50:53.413]Attrib file: [id=18] -> [./resource/winterland\winterland.atr]
[04-08 15:50:53.556]Attrib file: [id=19] -> [./resource/mjing1\mjing1.atr]
[04-08 15:50:53.659]Attrib file: [id=20] -> [./resource/mjing2\mjing2.atr]
[04-08 15:50:53.716]Attrib file: [id=21] -> [./resource/mjing3\mjing3.atr]
[04-08 15:50:53.796]Attrib file: [id=22] -> [./resource/mjing4\mjing4.atr]
[04-08 15:50:53.876]Attrib file: [id=23] -> [./resource/starena13\starena13.atr]
[04-08 15:50:53.939]Attrib file: [id=24] -> [./resource/starena23\starena23.atr]
[04-08 15:50:54.007]Attrib file: [id=25] -> [./resource/starena33\starena33.atr]
[04-08 15:50:54.066]Attrib file: [id=26] -> [./resource/abandonedcity\abandonedcity.atr]
[04-08 15:50:54.146]Attrib file: [id=27] -> [./resource/abandonedcity2\abandonedcity2.atr]
[04-08 15:50:54.225]Attrib file: [id=28] -> [./resource/abandonedcity3\abandonedcity3.atr]
[04-08 15:50:54.289]Attrib file: [id=29] -> [./resource/darkswamp\darkswamp.atr]
[04-08 15:50:54.399]Attrib file: [id=30] -> [./resource/puzzleworld\puzzleworld.atr]
[04-08 15:50:54.478]Attrib file: [id=31] -> [./resource/puzzleworld2\puzzleworld2.atr]
[04-08 15:50:54.557]Attrib file: [id=32] -> [./resource/DreamIsland\DreamIsland.atr]
[04-08 15:50:54.637]Attrib file: [id=33] -> [./resource/teampk\teampk.atr]
[04-08 15:50:54.731]Attrib file: [id=34] -> [./resource/Hellchapter\Hellchapter.atr]
[04-08 15:50:54.810]Attrib file: [id=35] -> [./resource/chaosicicle\chaosicicle.atr]
[04-08 15:50:54.842]Attrib file: [id=36] -> [./resource/yschurch\yschurch.atr]
