[04-08 15:05:06.596][EnterMap] Cha-tempra+5187 restoring states from str=''
[04-08 15:05:06.596][EnterMap] Cha-tempra+5187 states after restore: 0
[04-08 15:06:13.732][EnterMap] Cha-sads+5188 restoring states from str=''
[04-08 15:06:13.732][EnterMap] Cha-sads+5188 states after restore: 0
[04-08 15:06:27.557][SwitchMap-fast] Cha-tempra+5187 serialized states: 7 active, str='7;92,10,3540,0;40,10,3540,0;37,10,3540,0;29,10,3540,0;50,10,3540,0;33,10,3540,0;'
[04-08 15:06:27.558][EnterMap] Cha-tempra+5187 restoring states from str='7;92,10,3540,0;40,10,3540,0;37,10,3540,0;29,10,3540,0;50,10,3540,0;33,10,3540,0;'
[04-08 15:06:27.559][EnterMap] Cha-tempra+5187 states after restore: 7
[04-08 15:06:32.564][SwitchMap-fast] Cha-sads+5188 serialized states: 6 active, str='6;92,10,3590,0;40,10,3590,0;37,10,3590,0;29,10,3590,0;50,10,3590,0;33,10,3590,0'
[04-08 15:06:32.565][EnterMap] Cha-sads+5188 restoring states from str='6;92,10,3590,0;40,10,3590,0;37,10,3590,0;29,10,3590,0;50,10,3590,0;33,10,3590,0'
[04-08 15:06:32.566][EnterMap] Cha-sads+5188 states after restore: 6
[04-08 15:06:54.590][SetDie] Cha-sads+5188 died (PvP), preserved 0 states, total states 6
[04-08 15:06:54.590][SetDie] Cha-sads+5188 restore complete, states now 0
[04-08 15:06:54.591][Die] Cha-sads+5188 captured 0 preserved states, total states 0
[04-08 15:06:54.591][Die] Cha-sads+5188 restore complete, states now 0
[04-08 15:06:58.782][SwitchMap-fast] Cha-sads+5188 serialized states: 0 active, str='0'
[04-08 15:06:58.782][EnterMap] Cha-sads+5188 restoring states from str='0'
[04-08 15:06:58.782][EnterMap] Cha-sads+5188 states after restore: 0
[04-08 15:07:00.598][SwitchMap-fast] Cha-sads+5188 serialized states: 0 active, str='0'
[04-08 15:07:00.598][EnterMap] Cha-sads+5188 restoring states from str='0'
[04-08 15:07:00.598][EnterMap] Cha-sads+5188 states after restore: 0
[04-08 15:07:16.615][SetDie] Cha-tempra+5187 died (PvP), preserved 1 states, total states 7
[04-08 15:07:16.615]  state[0] id=120 lv=1 remain=818 srcItem=3339
[04-08 15:07:16.615][SetDie] Cha-tempra+5187 restore complete, states now 1
[04-08 15:07:16.620][Die] Cha-tempra+5187 captured 1 preserved states, total states 1
[04-08 15:07:16.620][Die] Cha-tempra+5187 restore complete, states now 1
[04-08 15:07:19.478][SwitchMap-fast] Cha-tempra+5187 serialized states: 1 active, str='1;120,1,818,3339'
[04-08 15:07:19.478][EnterMap] Cha-tempra+5187 restoring states from str='1;120,1,818,3339'
[04-08 15:07:19.478][EnterMap] Cha-tempra+5187 states after restore: 1
[04-08 15:09:28.654][SwitchMap-fast] Cha-tempra+5187 serialized states: 3 active, str='3;120,1,689,3339;109,1,547,3342;102,1,5389,3100'
[04-08 15:09:28.658][EnterMap] Cha-tempra+5187 restoring states from str='3;120,1,689,3339;109,1,547,3342;102,1,5389,3100'
[04-08 15:09:28.658][EnterMap] Cha-tempra+5187 states after restore: 3
[04-08 15:09:37.816][SwitchMap-fast] Cha-tempra+5187 serialized states: 3 active, str='3;120,1,681,3339;109,1,539,3342;102,1,5381,3100'
[04-08 15:09:37.816][EnterMap] Cha-tempra+5187 restoring states from str='3;120,1,681,3339;109,1,539,3342;102,1,5381,3100'
[04-08 15:09:37.816][EnterMap] Cha-tempra+5187 states after restore: 3
[04-08 15:09:41.347][SwitchMap-fast] Cha-sads+5188 serialized states: 6 active, str='6;92,10,3444,0;40,10,3444,0;37,10,3444,0;29,10,3444,0;50,10,3444,0;33,10,3444,0'
[04-08 15:09:41.347][EnterMap] Cha-sads+5188 restoring states from str='6;92,10,3444,0;40,10,3444,0;37,10,3444,0;29,10,3444,0;50,10,3444,0;33,10,3444,0'
[04-08 15:09:41.347][EnterMap] Cha-sads+5188 states after restore: 6
[04-08 15:09:59.688][SetDie] Cha-tempra+5187 died (PvP), preserved 3 states, total states 3
[04-08 15:09:59.688]  state[0] id=120 lv=1 remain=660 srcItem=3339
[04-08 15:09:59.688]  state[1] id=109 lv=1 remain=518 srcItem=3342
[04-08 15:09:59.688]  state[2] id=102 lv=1 remain=5360 srcItem=3100
[04-08 15:09:59.688][SetDie] Cha-tempra+5187 restore complete, states now 3
[04-08 15:09:59.745][Die] Cha-tempra+5187 captured 3 preserved states, total states 3
[04-08 15:09:59.746][Die] Cha-tempra+5187 restore complete, states now 3
[04-08 15:10:02.532][SwitchMap-fast] Cha-tempra+5187 serialized states: 3 active, str='3;120,1,660,3339;109,1,518,3342;102,1,5360,3100'
[04-08 15:10:02.532][EnterMap] Cha-tempra+5187 restoring states from str='3;120,1,660,3339;109,1,518,3342;102,1,5360,3100'
[04-08 15:10:02.533][EnterMap] Cha-tempra+5187 states after restore: 3
[04-08 15:11:22.351][SwitchMap-fast] Cha-tempra+5187 serialized states: 0 active, str='0'
[04-08 15:11:22.352][EnterMap] Cha-tempra+5187 restoring states from str='0'
[04-08 15:11:22.352][EnterMap] Cha-tempra+5187 states after restore: 0
[04-08 15:42:27.074][SetDie] Cha-sads+5188 died (PvE), preserved 0 states, total states 6
[04-08 15:42:27.080][SetDie] Cha-sads+5188 restore complete, states now 0
[04-08 15:42:27.179][Die] Cha-sads+5188 captured 0 preserved states, total states 0
[04-08 15:42:27.179][Die] Cha-sads+5188 restore complete, states now 0
[04-08 15:45:04.982][SwitchMap-fast] Cha-sads+5188 serialized states: 0 active, str='0'
[04-08 15:45:04.982][EnterMap] Cha-sads+5188 restoring states from str='0'
[04-08 15:45:04.982][EnterMap] Cha-sads+5188 states after restore: 0
[04-08 15:51:39.756][EnterMap] Cha-sads+5188 restoring states from str=''
[04-08 15:51:39.756][EnterMap] Cha-sads+5188 states before restore (from equipment): 0
[04-08 15:51:39.756][EnterMap] Cha-sads+5188 states after restore: 0
[04-08 15:51:41.649][EnterMap] Cha-tempra+5187 restoring states from str=''
[04-08 15:51:41.649][EnterMap] Cha-tempra+5187 states before restore (from equipment): 0
[04-08 15:51:41.649][EnterMap] Cha-tempra+5187 states after restore: 0
[04-08 17:00:26.284][SwitchMap-fast] Cha-tempra+5187 serialized states: 0 active, str='0'
[04-08 17:00:26.284][EnterMap] Cha-tempra+5187 restoring states from str='0'
[04-08 17:00:26.284][EnterMap] Cha-tempra+5187 states before restore (from equipment): 0
[04-08 17:00:26.284][Strin2SStateData] Cha-tempra+5187 declared=0 actual=0 restored=0 total_now=0
[04-08 17:00:26.284][EnterMap] Cha-tempra+5187 states after restore: 0
[04-08 17:00:36.952][SwitchMap-fast] Cha-tempra+5187 serialized states: 0 active, str='0'
[04-08 17:00:36.952][EnterMap] Cha-tempra+5187 restoring states from str='0'
[04-08 17:00:36.952][EnterMap] Cha-tempra+5187 states before restore (from equipment): 0
[04-08 17:00:36.952][Strin2SStateData] Cha-tempra+5187 declared=0 actual=0 restored=0 total_now=0
[04-08 17:00:36.952][EnterMap] Cha-tempra+5187 states after restore: 0
[04-08 17:00:40.508][SwitchMap-fast] Cha-sads+5188 serialized states: 0 active, str='0'
[04-08 17:00:40.509][EnterMap] Cha-sads+5188 restoring states from str='0'
[04-08 17:00:40.509][EnterMap] Cha-sads+5188 states before restore (from equipment): 0
[04-08 17:00:40.509][Strin2SStateData] Cha-sads+5188 declared=0 actual=0 restored=0 total_now=0
[04-08 17:00:40.509][EnterMap] Cha-sads+5188 states after restore: 0
[04-08 17:01:40.252][SetDie] Cha-tempra+5187 died (PvP), preserved 3 states, total states 3
[04-08 17:01:40.252]  state[0] id=120 lv=1 remain=845 srcItem=3339
[04-08 17:01:40.252]  state[1] id=102 lv=1 remain=5345 srcItem=3100
[04-08 17:01:40.252]  state[2] id=109 lv=1 remain=546 srcItem=3342
[04-08 17:01:40.252][SetDie] Cha-tempra+5187 restore complete, states now 3
[04-08 17:01:40.317][Die] Cha-tempra+5187 captured 3 preserved states, total states 3
[04-08 17:01:40.318][Die] Cha-tempra+5187 restore complete, states now 3
[04-08 17:01:43.287][SwitchMap-fast] Cha-tempra+5187 serialized states: 3 active, str='3;120,1,845,3339;102,1,5345,3100;109,1,546,3342'
[04-08 17:01:43.287]  state[0] id=120 lv=1 onTick=845 srcItem=3339
[04-08 17:01:43.287]  state[1] id=102 lv=1 onTick=5345 srcItem=3100
[04-08 17:01:43.287]  state[2] id=109 lv=1 onTick=546 srcItem=3342
[04-08 17:01:43.287][EnterMap] Cha-tempra+5187 restoring states from str='3;120,1,845,3339;102,1,5345,3100;109,1,546,3342'
[04-08 17:01:43.287][EnterMap] Cha-tempra+5187 states before restore (from equipment): 0
[04-08 17:01:43.287][Strin2SStateData] Cha-tempra+5187 declared=3 actual=3 restored=3 total_now=3
[04-08 17:01:43.287][EnterMap] Cha-tempra+5187 states after restore: 3
[04-08 17:01:43.287]  state[0] id=120 lv=1 onTick=845 srcItem=3339
[04-08 17:01:43.287]  state[1] id=102 lv=1 onTick=5345 srcItem=3100
[04-08 17:01:43.287]  state[2] id=109 lv=1 onTick=546 srcItem=3342
[04-08 15:00:04.230][SwitchMap-fast] Cha-sads+5188 serialized states: 0 active, str='0'
[04-08 15:00:04.230][EnterMap] Cha-sads+5188 restoring states from str='0'
[04-08 15:00:04.230][EnterMap] Cha-sads+5188 states before restore (from equipment): 0
[04-08 15:00:04.230][Strin2SStateData] Cha-sads+5188 declared=0 actual=0 restored=0 total_now=0
[04-08 15:00:04.230][EnterMap] Cha-sads+5188 states after restore: 0
[04-08 15:00:17.441][SwitchMap-fast] Cha-tempra+5187 serialized states: 9 active, str='9;120,1,800,3339;102,1,5300,3100;109,1,501,3342;92,10,3590,0;40,10,3590,0;37,10,3590,0;29,10,3590,0;50,10,3590,0;33,10,3590,0'
[04-08 15:00:17.441]  state[0] id=120 lv=1 onTick=845 srcItem=3339
[04-08 15:00:17.441]  state[1] id=102 lv=1 onTick=5345 srcItem=3100
[04-08 15:00:17.441]  state[2] id=109 lv=1 onTick=546 srcItem=3342
[04-08 15:00:17.441]  state[3] id=92 lv=10 onTick=3600 srcItem=0
[04-08 15:00:17.441]  state[4] id=40 lv=10 onTick=3600 srcItem=0
[04-08 15:00:17.441]  state[5] id=37 lv=10 onTick=3600 srcItem=0
[04-08 15:00:17.441]  state[6] id=29 lv=10 onTick=3600 srcItem=0
[04-08 15:00:17.441]  state[7] id=50 lv=10 onTick=3600 srcItem=0
[04-08 15:00:17.441]  state[8] id=33 lv=10 onTick=3600 srcItem=0
[04-08 15:00:17.441][EnterMap] Cha-tempra+5187 restoring states from str='9;120,1,800,3339;102,1,5300,3100;109,1,501,3342;92,10,3590,0;40,10,3590,0;37,10,3590,0;29,10,3590,0;50,10,3590,0;33,10,3590,0'
[04-08 15:00:17.441][EnterMap] Cha-tempra+5187 states before restore (from equipment): 0
[04-08 15:00:17.442][Strin2SStateData] Cha-tempra+5187 declared=9 actual=9 restored=9 total_now=9
[04-08 15:00:17.442][EnterMap] Cha-tempra+5187 states after restore: 9
[04-08 15:00:17.442]  state[0] id=120 lv=1 onTick=800 srcItem=3339
[04-08 15:00:17.442]  state[1] id=102 lv=1 onTick=5300 srcItem=3100
[04-08 15:00:17.442]  state[2] id=109 lv=1 onTick=501 srcItem=3342
[04-08 15:00:17.442]  state[3] id=92 lv=10 onTick=3590 srcItem=0
[04-08 15:00:17.442]  state[4] id=40 lv=10 onTick=3590 srcItem=0
[04-08 15:00:17.442]  state[5] id=37 lv=10 onTick=3590 srcItem=0
[04-08 15:00:17.442]  state[6] id=29 lv=10 onTick=3590 srcItem=0
[04-08 15:00:17.442]  state[7] id=50 lv=10 onTick=3590 srcItem=0
[04-08 15:00:17.442]  state[8] id=33 lv=10 onTick=3590 srcItem=0
[04-08 15:00:31.102][SwitchMap-fast] Cha-tempra+5187 serialized states: 9 active, str='9;120,1,787,3339;102,1,5287,3100;109,1,488,3342;92,10,3577,0;40,10,3577,0;37,10,3577,0;29,10,3577,0;50,10,3577,0;33,10,3577,0'
[04-08 15:00:31.102]  state[0] id=120 lv=1 onTick=800 srcItem=3339
[04-08 15:00:31.102]  state[1] id=102 lv=1 onTick=5300 srcItem=3100
[04-08 15:00:31.102]  state[2] id=109 lv=1 onTick=501 srcItem=3342
[04-08 15:00:31.102]  state[3] id=92 lv=10 onTick=3590 srcItem=0
[04-08 15:00:31.102]  state[4] id=40 lv=10 onTick=3590 srcItem=0
[04-08 15:00:31.102]  state[5] id=37 lv=10 onTick=3590 srcItem=0
[04-08 15:00:31.102]  state[6] id=29 lv=10 onTick=3590 srcItem=0
[04-08 15:00:31.102]  state[7] id=50 lv=10 onTick=3590 srcItem=0
[04-08 15:00:31.102]  state[8] id=33 lv=10 onTick=3590 srcItem=0
[04-08 15:00:31.102][EnterMap] Cha-tempra+5187 restoring states from str='9;120,1,787,3339;102,1,5287,3100;109,1,488,3342;92,10,3577,0;40,10,3577,0;37,10,3577,0;29,10,3577,0;50,10,3577,0;33,10,3577,0'
[04-08 15:00:31.102][EnterMap] Cha-tempra+5187 states before restore (from equipment): 0
[04-08 15:00:31.103][Strin2SStateData] Cha-tempra+5187 declared=9 actual=9 restored=9 total_now=9
[04-08 15:00:31.103][EnterMap] Cha-tempra+5187 states after restore: 9
[04-08 15:00:31.103]  state[0] id=120 lv=1 onTick=787 srcItem=3339
[04-08 15:00:31.103]  state[1] id=102 lv=1 onTick=5287 srcItem=3100
[04-08 15:00:31.103]  state[2] id=109 lv=1 onTick=488 srcItem=3342
[04-08 15:00:31.103]  state[3] id=92 lv=10 onTick=3577 srcItem=0
[04-08 15:00:31.103]  state[4] id=40 lv=10 onTick=3577 srcItem=0
[04-08 15:00:31.103]  state[5] id=37 lv=10 onTick=3577 srcItem=0
[04-08 15:00:31.103]  state[6] id=29 lv=10 onTick=3577 srcItem=0
[04-08 15:00:31.103]  state[7] id=50 lv=10 onTick=3577 srcItem=0
[04-08 15:00:31.103]  state[8] id=33 lv=10 onTick=3577 srcItem=0
[04-08 15:00:34.137][SwitchMap-fast] Cha-sads+5188 serialized states: 0 active, str='0'
[04-08 15:00:34.137][EnterMap] Cha-sads+5188 restoring states from str='0'
[04-08 15:00:34.137][EnterMap] Cha-sads+5188 states before restore (from equipment): 0
[04-08 15:00:34.138][Strin2SStateData] Cha-sads+5188 declared=0 actual=0 restored=0 total_now=0
[04-08 15:00:34.138][EnterMap] Cha-sads+5188 states after restore: 0
[04-08 15:01:02.610][SetDie] Cha-tempra+5187 died (PvP), preserved 3 states, total states 9
[04-08 15:01:02.610]  state[0] id=120 lv=1 remain=757 srcItem=3339
[04-08 15:01:02.610]  state[1] id=102 lv=1 remain=5257 srcItem=3100
[04-08 15:01:02.610]  state[2] id=109 lv=1 remain=458 srcItem=3342
[04-08 15:01:02.610][SetDie] Cha-tempra+5187 restore complete, states now 3
[04-08 15:01:02.667][Die] Cha-tempra+5187 captured 3 preserved states, total states 3
[04-08 15:01:02.668][Die] Cha-tempra+5187 restore complete, states now 3
[04-08 15:01:05.958][SwitchMap-fast] Cha-tempra+5187 serialized states: 3 active, str='3;120,1,757,3339;102,1,5257,3100;109,1,458,3342'
[04-08 15:01:05.958]  state[0] id=120 lv=1 onTick=757 srcItem=3339
[04-08 15:01:05.958]  state[1] id=102 lv=1 onTick=5257 srcItem=3100
[04-08 15:01:05.958]  state[2] id=109 lv=1 onTick=458 srcItem=3342
[04-08 15:01:05.958][EnterMap] Cha-tempra+5187 restoring states from str='3;120,1,757,3339;102,1,5257,3100;109,1,458,3342'
[04-08 15:01:05.958][EnterMap] Cha-tempra+5187 states before restore (from equipment): 0
[04-08 15:01:05.958][Strin2SStateData] Cha-tempra+5187 declared=3 actual=3 restored=3 total_now=3
[04-08 15:01:05.958][EnterMap] Cha-tempra+5187 states after restore: 3
[04-08 15:01:05.958]  state[0] id=120 lv=1 onTick=757 srcItem=3339
[04-08 15:01:05.958]  state[1] id=102 lv=1 onTick=5257 srcItem=3100
[04-08 15:01:05.958]  state[2] id=109 lv=1 onTick=458 srcItem=3342
[04-08 15:21:20.699][SwitchMap-fast] Cha-tempra+5187 serialized states: 0 active, str='0'
[04-08 15:21:20.699][EnterMap] Cha-tempra+5187 restoring states from str='0'
[04-08 15:21:20.699][EnterMap] Cha-tempra+5187 states before restore (from equipment): 0
[04-08 15:21:20.699][Strin2SStateData] Cha-tempra+5187 declared=0 actual=0 restored=0 total_now=0
[04-08 15:21:20.699][EnterMap] Cha-tempra+5187 states after restore: 0
[04-08 15:21:39.180][SetDie] Cha-tempra+5187 died (PvP), preserved 3 states, total states 3
[04-08 15:21:39.180]  state[0] id=120 lv=1 remain=886 srcItem=3339
[04-08 15:21:39.180]  state[1] id=102 lv=1 remain=5387 srcItem=3100
[04-08 15:21:39.180]  state[2] id=109 lv=1 remain=588 srcItem=3342
[04-08 15:21:39.180][SetDie] Cha-tempra+5187 restore complete, states now 3
[04-08 15:21:39.231][Die] Cha-tempra+5187 captured 3 preserved states, total states 3
[04-08 15:21:39.232][Die] Cha-tempra+5187 restore complete, states now 3
[04-08 15:21:41.965][SwitchMap-fast] Cha-tempra+5187 serialized states: 3 active, str='3;120,1,886,3339;102,1,5387,3100;109,1,588,3342'
[04-08 15:21:41.965]  state[0] id=120 lv=1 onTick=886 srcItem=3339
[04-08 15:21:41.965]  state[1] id=102 lv=1 onTick=5387 srcItem=3100
[04-08 15:21:41.965]  state[2] id=109 lv=1 onTick=588 srcItem=3342
[04-08 15:21:41.965][EnterMap] Cha-tempra+5187 restoring states from str='3;120,1,886,3339;102,1,5387,3100;109,1,588,3342'
[04-08 15:21:41.965][EnterMap] Cha-tempra+5187 states before restore (from equipment): 0
[04-08 15:21:41.965][Strin2SStateData] Cha-tempra+5187 declared=3 actual=3 restored=3 total_now=3
[04-08 15:21:41.965][EnterMap] Cha-tempra+5187 states after restore: 3
[04-08 15:21:41.965]  state[0] id=120 lv=1 onTick=886 srcItem=3339
[04-08 15:21:41.965]  state[1] id=102 lv=1 onTick=5387 srcItem=3100
[04-08 15:21:41.965]  state[2] id=109 lv=1 onTick=588 srcItem=3342
[04-08 15:21:50.669][EnterMap] Cha-tempra+5187 restoring states from str=''
[04-08 15:21:50.669][EnterMap] Cha-tempra+5187 states before restore (from equipment): 0
[04-08 15:21:50.669][EnterMap] Cha-tempra+5187 states after restore: 0
[04-08 15:22:05.311][SwitchMap-fast] Cha-tempra+5187 serialized states: 0 active, str='0'
[04-08 15:22:05.311][EnterMap] Cha-tempra+5187 restoring states from str='0'
[04-08 15:22:05.311][EnterMap] Cha-tempra+5187 states before restore (from equipment): 0
[04-08 15:22:05.311][Strin2SStateData] Cha-tempra+5187 declared=0 actual=0 restored=0 total_now=0
[04-08 15:22:05.311][EnterMap] Cha-tempra+5187 states after restore: 0
[04-08 15:22:21.874][EnterMap] Cha-tempra+5187 restoring states from str=''
[04-08 15:22:21.874][EnterMap] Cha-tempra+5187 states before restore (from equipment): 0
[04-08 15:22:21.874][EnterMap] Cha-tempra+5187 states after restore: 0
[04-08 15:22:40.865][SwitchMap-fast] Cha-tempra+5187 serialized states: 0 active, str='0'
[04-08 15:22:40.865][EnterMap] Cha-tempra+5187 restoring states from str='0'
[04-08 15:22:40.865][EnterMap] Cha-tempra+5187 states before restore (from equipment): 0
[04-08 15:22:40.865][Strin2SStateData] Cha-tempra+5187 declared=0 actual=0 restored=0 total_now=0
[04-08 15:22:40.865][EnterMap] Cha-tempra+5187 states after restore: 0
[04-08 15:22:48.075][SetDie] Cha-tempra+5187 died (PvP), preserved 2 states, total states 2
[04-08 15:22:48.075]  state[0] id=109 lv=1 remain=597 srcItem=3342
[04-08 15:22:48.075]  state[1] id=120 lv=1 remain=898 srcItem=3339
[04-08 15:22:48.075][SetDie] Cha-tempra+5187 restore complete, states now 2
[04-08 15:22:48.127][Die] Cha-tempra+5187 captured 2 preserved states, total states 2
[04-08 15:22:48.127][Die] Cha-tempra+5187 restore complete, states now 2
[04-08 15:22:50.914][SwitchMap-fast] Cha-tempra+5187 serialized states: 2 active, str='2;109,1,597,3342;120,1,898,3339'
[04-08 15:22:50.914]  state[0] id=109 lv=1 onTick=597 srcItem=3342
[04-08 15:22:50.914]  state[1] id=120 lv=1 onTick=898 srcItem=3339
[04-08 15:22:50.914][EnterMap] Cha-tempra+5187 restoring states from str='2;109,1,597,3342;120,1,898,3339'
[04-08 15:22:50.914][EnterMap] Cha-tempra+5187 states before restore (from equipment): 0
[04-08 15:22:50.914][Strin2SStateData] Cha-tempra+5187 declared=2 actual=2 restored=2 total_now=2
[04-08 15:22:50.914][EnterMap] Cha-tempra+5187 states after restore: 2
[04-08 15:22:50.914]  state[0] id=109 lv=1 onTick=597 srcItem=3342
[04-08 15:22:50.914]  state[1] id=120 lv=1 onTick=898 srcItem=3339
