[04-08 15:05:33.652][operator succeed]Cha-tempra+5187?attr 69,2500
[04-08 15:06:32.524][operator succeed]Cha-tempra+5187?call sads
[04-08 15:06:52.631][operator succeed]Cha-tempra+5187?attr 104,9999
[04-08 15:07:00.564][operator succeed]Cha-tempra+5187?call sads
[04-08 15:07:08.431][operator succeed]Cha-sads+5188?attr 69,2500
[04-08 15:07:13.287][operator succeed]Cha-sads+5188?attr 104,99999
[04-08 15:07:57.928][operator succeed]Cha-tempra+5187?attr 69,2500
[04-08 15:08:42.681][operator succeed]Cha-tempra+5187?addmoney 999999999
[04-08 15:09:34.712][operator succeed]Cha-tempra+5187?attr 69,2500
[04-08 15:09:41.312][operator succeed]Cha-tempra+5187?call sads
[04-08 15:09:48.701][operator succeed]Cha-sads+5188?attr 104,99999
[04-08 15:09:57.384][operator succeed]Cha-sads+5188?attr 105,99999
[04-08 15:52:01.259][operator succeed]Cha-tempra+5187?addmoney 9999999999
[04-08 15:52:08.733][operator succeed]Cha-tempra+5187?attr 69,2500
[04-08 17:00:29.691][operator succeed]Cha-tempra+5187?attr 69,2500
[04-08 17:00:40.471][operator succeed]Cha-tempra+5187?call sads
[04-08 17:00:55.852][operator succeed]Cha-sads+5188?attr 105,999999999
[04-08 17:00:58.197][operator succeed]Cha-sads+5188?attr 104,999999999
[04-08 17:01:08.699][operator succeed]Cha-sads+5188?attr 103,999999999
[04-08 17:01:13.018][operator succeed]Cha-sads+5188?attr 102,999999999
[04-08 17:01:16.659][operator succeed]Cha-sads+5188?attr 101,999999999
[04-08 17:01:20.023][operator succeed]Cha-sads+5188?attr 106,999999999
[04-08 17:01:23.275][operator succeed]Cha-sads+5188?attr 107,999999999
[04-08 17:01:26.603][operator succeed]Cha-sads+5188?attr 101,999999999
[04-08 17:01:30.099][operator succeed]Cha-sads+5188?attr 99,999999999
[04-08 17:01:33.867][operator succeed]Cha-sads+5188?attr 98,999999999
[04-08 15:00:34.110][operator succeed]Cha-tempra+5187?call sads
[04-08 15:00:37.230][operator succeed]Cha-sads+5188?attr 98,999999999
[04-08 15:00:42.750][operator succeed]Cha-sads+5188?attr 98,999999999
[04-08 15:00:46.397][operator succeed]Cha-sads+5188?attr 99,999999999
[04-08 15:00:49.614][operator succeed]Cha-sads+5188?attr 97,999999999
[04-08 15:00:54.168][operator succeed]Cha-sads+5188?attr 96,999999999
[04-08 15:00:57.267][operator succeed]Cha-sads+5188?attr 94,999999999
[04-08 15:22:05.277][operator succeed]Cha-sads+5188?call tempra
[04-08 15:22:40.821][operator succeed]Cha-sads+5188?call tempra
