[04-08 15:02:26.747]Ply[    0     0  5000],	Cha[40495 40495 70000],	Item[    1     1 50000],	TNpc[  493   493   700]
[04-08 15:03:26.789]Ply[    0     0  5000],	Cha[40495 40495 70000],	Item[    8     8 50000],	TNpc[  493   493   700]
[04-08 15:04:26.836]Ply[    0     0  5000],	Cha[40495 40495 70000],	Item[    8     8 50000],	TNpc[  493   493   700]
[04-08 15:05:26.888]Ply[    1     1  5000],	Cha[40496 40496 70000],	Item[    8     8 50000],	TNpc[  493   493   700]
[04-08 15:06:26.918]Ply[    2     2  5000],	Cha[40497 40497 70000],	Item[    8     8 50000],	TNpc[  493   493   700]
[04-08 15:07:26.951]Ply[    2     2  5000],	Cha[40497 40497 70000],	Item[    8     8 50000],	TNpc[  493   493   700]
[04-08 15:08:26.966]Ply[    2     2  5000],	Cha[40497 40497 70000],	Item[    8     8 50000],	TNpc[  493   493   700]
[04-08 15:09:26.959]Ply[    2     2  5000],	Cha[40497 40497 70000],	Item[    8     8 50000],	TNpc[  493   493   700]
[04-08 15:10:26.986]Ply[    2     2  5000],	Cha[40497 40497 70000],	Item[    8     8 50000],	TNpc[  493   493   700]
[04-08 15:11:27.032]Ply[    2     2  5000],	Cha[40497 40497 70000],	Item[    8     8 50000],	TNpc[  493   493   700]
[04-08 15:12:27.062]Ply[    2     2  5000],	Cha[40497 40497 70000],	Item[    8     8 50000],	TNpc[  493   493   700]
[04-08 15:13:27.065]Ply[    2     2  5000],	Cha[40497 40497 70000],	Item[    8     8 50000],	TNpc[  493   493   700]
[04-08 15:14:27.104]Ply[    2     2  5000],	Cha[40497 40497 70000],	Item[    8     8 50000],	TNpc[  493   493   700]
[04-08 15:15:27.133]Ply[    2     2  5000],	Cha[40497 40497 70000],	Item[    8     8 50000],	TNpc[  493   493   700]
[04-08 15:16:27.172]Ply[    2     2  5000],	Cha[40497 40497 70000],	Item[    8     8 50000],	TNpc[  493   493   700]
[04-08 15:17:27.164]Ply[    2     2  5000],	Cha[40511 40511 70000],	Item[    8     8 50000],	TNpc[  493   493   700]
[04-08 15:18:27.170]Ply[    2     2  5000],	Cha[40511 40511 70000],	Item[    8     8 50000],	TNpc[  493   493   700]
[04-08 15:19:27.210]Ply[    2     2  5000],	Cha[40511 40511 70000],	Item[    8     8 50000],	TNpc[  493   493   700]
[04-08 15:20:27.266]Ply[    2     2  5000],	Cha[40511 40511 70000],	Item[    8     8 50000],	TNpc[  493   493   700]
[04-08 15:21:27.275]Ply[    2     2  5000],	Cha[40511 40511 70000],	Item[    8     8 50000],	TNpc[  493   493   700]
[04-08 15:22:27.327]Ply[    2     2  5000],	Cha[40518 40518 70000],	Item[    8     8 50000],	TNpc[  493   493   700]
[04-08 15:23:27.334]Ply[    2     2  5000],	Cha[40518 40518 70000],	Item[    8     8 50000],	TNpc[  493   493   700]
[04-08 15:24:27.352]Ply[    2     2  5000],	Cha[40518 40518 70000],	Item[    8     8 50000],	TNpc[  493   493   700]
[04-08 15:25:27.357]Ply[    2     2  5000],	Cha[40518 40518 70000],	Item[    8     8 50000],	TNpc[  493   493   700]
[04-08 15:26:27.357]Ply[    2     2  5000],	Cha[40518 40518 70000],	Item[    8     8 50000],	TNpc[  493   493   700]
[04-08 15:27:27.357]Ply[    2     2  5000],	Cha[40525 40525 70000],	Item[    8     8 50000],	TNpc[  493   493   700]
[04-08 15:28:27.401]Ply[    2     2  5000],	Cha[40525 40525 70000],	Item[    8     8 50000],	TNpc[  493   493   700]
[04-08 15:29:27.410]Ply[    2     2  5000],	Cha[40525 40525 70000],	Item[    8     8 50000],	TNpc[  493   493   700]
[04-08 15:30:27.463]Ply[    2     2  5000],	Cha[40525 40525 70000],	Item[    7     8 50000],	TNpc[  493   493   700]
[04-08 15:31:27.479]Ply[    2     2  5000],	Cha[40525 40525 70000],	Item[    7     8 50000],	TNpc[  493   493   700]
[04-08 15:32:27.494]Ply[    2     2  5000],	Cha[40547 40547 70000],	Item[    7     8 50000],	TNpc[  493   493   700]
[04-08 15:33:27.490]Ply[    2     2  5000],	Cha[40547 40547 70000],	Item[    7     8 50000],	TNpc[  493   493   700]
[04-08 15:34:27.549]Ply[    2     2  5000],	Cha[40547 40547 70000],	Item[    7     8 50000],	TNpc[  493   493   700]
[04-08 15:35:27.581]Ply[    2     2  5000],	Cha[40547 40547 70000],	Item[    7     8 50000],	TNpc[  493   493   700]
[04-08 15:36:27.627]Ply[    2     2  5000],	Cha[40547 40547 70000],	Item[    7     8 50000],	TNpc[  493   493   700]
[04-08 15:37:27.656]Ply[    2     2  5000],	Cha[40589 40589 70000],	Item[    7     8 50000],	TNpc[  493   493   700]
[04-08 15:38:27.681]Ply[    2     2  5000],	Cha[40589 40589 70000],	Item[    7     8 50000],	TNpc[  493   493   700]
[04-08 15:39:27.730]Ply[    2     2  5000],	Cha[40589 40589 70000],	Item[    7     8 50000],	TNpc[  493   493   700]
[04-08 15:40:27.732]Ply[    2     2  5000],	Cha[40589 40589 70000],	Item[    7     8 50000],	TNpc[  493   493   700]
[04-08 15:41:27.725]Ply[    2     2  5000],	Cha[40589 40589 70000],	Item[    7     8 50000],	TNpc[  493   493   700]
[04-08 15:42:27.742]Ply[    2     2  5000],	Cha[40663 40663 70000],	Item[    7     8 50000],	TNpc[  493   493   700]
[04-08 15:43:27.745]Ply[    2     2  5000],	Cha[40663 40663 70000],	Item[    7     8 50000],	TNpc[  493   493   700]
[04-08 15:44:27.754]Ply[    2     2  5000],	Cha[40663 40663 70000],	Item[    7     8 50000],	TNpc[  493   493   700]
[04-08 15:45:27.786]Ply[    2     2  5000],	Cha[40663 40663 70000],	Item[    7     8 50000],	TNpc[  493   493   700]
[04-08 15:50:55.207]Ply[    0     0  5000],	Cha[40495 40495 70000],	Item[    1     1 50000],	TNpc[  493   493   700]
[04-08 15:51:55.260]Ply[    2     2  5000],	Cha[40497 40497 70000],	Item[    7     7 50000],	TNpc[  493   493   700]
[04-08 15:52:55.312]Ply[    2     2  5000],	Cha[40497 40497 70000],	Item[    7     7 50000],	TNpc[  493   493   700]
[04-08 17:00:46.795]Ply[    2     2  5000],	Cha[40497 40497 70000],	Item[    9     9 50000],	TNpc[  493   493   700]
[04-08 17:01:46.822]Ply[    2     2  5000],	Cha[40497 40497 70000],	Item[    9     9 50000],	TNpc[  493   493   700]
[04-08 15:00:34.635]Ply[    2     2  5000],	Cha[40497 40497 70000],	Item[    8     9 50000],	TNpc[  493   493   700]
[04-08 15:01:34.679]Ply[    2     2  5000],	Cha[40497 40497 70000],	Item[    8     9 50000],	TNpc[  493   493   700]
[04-08 15:02:34.682]Ply[    2     2  5000],	Cha[40497 40497 70000],	Item[    8     9 50000],	TNpc[  493   493   700]
[04-08 15:03:34.693]Ply[    2     2  5000],	Cha[40497 40497 70000],	Item[    8     9 50000],	TNpc[  493   493   700]
[04-08 15:04:34.730]Ply[    2     2  5000],	Cha[40497 40497 70000],	Item[    8     9 50000],	TNpc[  493   493   700]
[04-08 15:05:34.770]Ply[    2     2  5000],	Cha[40497 40497 70000],	Item[    8     9 50000],	TNpc[  493   493   700]
[04-08 15:06:34.771]Ply[    2     2  5000],	Cha[40497 40497 70000],	Item[    8     9 50000],	TNpc[  493   493   700]
[04-08 15:07:34.794]Ply[    2     2  5000],	Cha[40497 40497 70000],	Item[    8     9 50000],	TNpc[  493   493   700]
[04-08 15:08:34.797]Ply[    2     2  5000],	Cha[40497 40497 70000],	Item[    8     9 50000],	TNpc[  493   493   700]
[04-08 15:09:34.843]Ply[    2     2  5000],	Cha[40497 40497 70000],	Item[    8     9 50000],	TNpc[  493   493   700]
[04-08 15:10:34.873]Ply[    2     2  5000],	Cha[40511 40511 70000],	Item[    8     9 50000],	TNpc[  493   493   700]
[04-08 15:11:34.893]Ply[    2     2  5000],	Cha[40511 40511 70000],	Item[    8     9 50000],	TNpc[  493   493   700]
[04-08 15:12:34.884]Ply[    2     2  5000],	Cha[40511 40511 70000],	Item[    8     9 50000],	TNpc[  493   493   700]
[04-08 15:13:34.921]Ply[    2     2  5000],	Cha[40511 40511 70000],	Item[    8     9 50000],	TNpc[  493   493   700]
[04-08 15:14:34.965]Ply[    2     2  5000],	Cha[40511 40511 70000],	Item[    8     9 50000],	TNpc[  493   493   700]
[04-08 15:15:34.993]Ply[    2     2  5000],	Cha[40518 40518 70000],	Item[    8     9 50000],	TNpc[  493   493   700]
[04-08 15:16:35.012]Ply[    2     2  5000],	Cha[40518 40518 70000],	Item[    8     9 50000],	TNpc[  493   493   700]
[04-08 15:17:35.007]Ply[    2     2  5000],	Cha[40518 40518 70000],	Item[    8     9 50000],	TNpc[  493   493   700]
[04-08 15:18:35.041]Ply[    2     2  5000],	Cha[40518 40518 70000],	Item[    8     9 50000],	TNpc[  493   493   700]
[04-08 15:19:35.098]Ply[    2     2  5000],	Cha[40518 40518 70000],	Item[    8     9 50000],	TNpc[  493   493   700]
[04-08 15:20:35.099]Ply[    2     2  5000],	Cha[40525 40525 70000],	Item[    8     9 50000],	TNpc[  493   493   700]
[04-08 15:21:35.139]Ply[    2     2  5000],	Cha[40525 40525 70000],	Item[    8     9 50000],	TNpc[  493   493   700]
[04-08 15:22:35.135]Ply[    2     2  5000],	Cha[40525 40525 70000],	Item[    8     9 50000],	TNpc[  493   493   700]
[04-08 15:23:35.161]Ply[    2     2  5000],	Cha[40525 40525 70000],	Item[    8     9 50000],	TNpc[  493   493   700]
[04-08 15:24:35.174]Ply[    2     2  5000],	Cha[40525 40525 70000],	Item[    8     9 50000],	TNpc[  493   493   700]
[04-08 15:25:35.193]Ply[    2     2  5000],	Cha[40547 40547 70000],	Item[    8     9 50000],	TNpc[  493   493   700]
[04-08 15:26:35.226]Ply[    2     2  5000],	Cha[40547 40547 70000],	Item[    8     9 50000],	TNpc[  493   493   700]
[04-08 15:27:35.259]Ply[    2     2  5000],	Cha[40547 40547 70000],	Item[    8     9 50000],	TNpc[  493   493   700]
[04-08 15:28:35.304]Ply[    2     2  5000],	Cha[40547 40547 70000],	Item[    8     9 50000],	TNpc[  493   493   700]
[04-08 15:29:35.327]Ply[    2     2  5000],	Cha[40547 40547 70000],	Item[    8     9 50000],	TNpc[  493   493   700]
[04-08 15:30:35.364]Ply[    2     2  5000],	Cha[40589 40589 70000],	Item[    7     9 50000],	TNpc[  493   493   700]
[04-08 15:31:35.358]Ply[    2     2  5000],	Cha[40589 40589 70000],	Item[    7     9 50000],	TNpc[  493   493   700]
[04-08 15:32:35.397]Ply[    2     2  5000],	Cha[40589 40589 70000],	Item[    7     9 50000],	TNpc[  493   493   700]
[04-08 15:33:35.405]Ply[    2     2  5000],	Cha[40589 40589 70000],	Item[    7     9 50000],	TNpc[  493   493   700]
[04-08 15:34:35.405]Ply[    2     2  5000],	Cha[40589 40589 70000],	Item[    7     9 50000],	TNpc[  493   493   700]
[04-08 15:35:35.407]Ply[    2     2  5000],	Cha[40662 40662 70000],	Item[    7     9 50000],	TNpc[  493   493   700]
[04-08 15:36:35.403]Ply[    2     2  5000],	Cha[40662 40662 70000],	Item[    7     9 50000],	TNpc[  493   493   700]
[04-08 15:37:35.442]Ply[    2     2  5000],	Cha[40662 40662 70000],	Item[    7     9 50000],	TNpc[  493   493   700]
[04-08 15:38:35.448]Ply[    2     2  5000],	Cha[40662 40662 70000],	Item[    7     9 50000],	TNpc[  493   493   700]
[04-08 15:39:35.483]Ply[    2     2  5000],	Cha[40662 40662 70000],	Item[    7     9 50000],	TNpc[  493   493   700]
[04-08 15:40:35.483]Ply[    2     2  5000],	Cha[40829 40829 70000],	Item[    7     9 50000],	TNpc[  493   493   700]
[04-08 15:41:35.493]Ply[    2     2  5000],	Cha[40829 40829 70000],	Item[    7     9 50000],	TNpc[  493   493   700]
[04-08 15:42:35.553]Ply[    2     2  5000],	Cha[40829 40829 70000],	Item[    7     9 50000],	TNpc[  493   493   700]
[04-08 15:43:35.566]Ply[    2     2  5000],	Cha[40829 40829 70000],	Item[    7     9 50000],	TNpc[  493   493   700]
[04-08 15:44:35.584]Ply[    2     2  5000],	Cha[40829 40829 70000],	Item[    7     9 50000],	TNpc[  493   493   700]
