[04-08 15:02:24.409]set makp (garner)?ID = 1!
[04-08 15:02:24.907]set makp (ctf)?ID = 54!
[04-08 15:02:24.917]set makp (garner2)?ID = 15!
[04-08 15:02:24.924]set makp (PKmap)?ID = 50!
[04-08 15:02:24.932]set makp (shalan2)?ID = 23!
[04-08 15:02:24.942]set makp (leiting2)?ID = 22!
[04-08 15:02:24.954]set makp (lonetower)?ID = 5!
[04-08 15:02:24.990]set makp (L4MAP)?ID = 28!
[04-08 15:02:24.999]set makp (LostCity)?ID = 47!
[04-08 15:02:25.010]set makp (magicsea)?ID = 2!
[04-08 15:02:25.482]set makp (jialebi)?ID = 14!
[04-08 15:02:25.575]set makp (hell)?ID = 16!
[04-08 15:02:25.584]set makp (hell2)?ID = 17!
[04-08 15:02:25.593]set makp (hell3)?ID = 18!
[04-08 15:02:25.605]set makp (hell4)?ID = 19!
[04-08 15:02:25.611]set makp (hell5)?ID = 20!
[04-08 15:02:25.619]set makp (darkblue)?ID = 3!
[04-08 15:02:26.104]set makp (eastgoaf)?ID = 4!
[04-08 15:02:26.134]set makp (winterland)?ID = 33!
[04-08 15:02:26.268]set makp (mjing1)?ID = 34!
[04-08 15:02:26.284]set makp (mjing2)?ID = 35!
[04-08 15:02:26.300]set makp (mjing3)?ID = 36!
[04-08 15:02:26.321]set makp (mjing4)?ID = 37!
[04-08 15:02:26.341]set makp (starena13)?ID = 39!
[04-08 15:02:26.347]set makp (starena23)?ID = 42!
[04-08 15:02:26.354]set makp (starena33)?ID = 45!
[04-08 15:02:26.361]set makp (abandonedcity)?ID = 8!
[04-08 15:02:26.380]set makp (abandonedcity2)?ID = 9!
[04-08 15:02:26.400]set makp (abandonedcity3)?ID = 10!
[04-08 15:02:26.423]set makp (darkswamp)?ID = 7!
[04-08 15:02:26.466]set makp (puzzleworld)?ID = 11!
[04-08 15:02:26.492]set makp (puzzleworld2)?ID = 12!
[04-08 15:02:26.521]set makp (DreamIsland)?ID = 38!
[04-08 15:02:26.556]set makp (teampk)?ID = 13!
[04-08 15:02:26.608]set makp (Hellchapter)?ID = 48!
[04-08 15:02:26.625]set makp (chaosicicle)?ID = 40!
[04-08 15:02:26.631]set makp (yschurch)?ID = 26!
[04-08 15:50:50.404]set makp (garner)?ID = 1!
[04-08 15:50:51.091]set makp (ctf)?ID = 54!
[04-08 15:50:51.151]set makp (garner2)?ID = 15!
[04-08 15:50:51.195]set makp (PKmap)?ID = 50!
[04-08 15:50:51.273]set makp (shalan2)?ID = 23!
[04-08 15:50:51.321]set makp (leiting2)?ID = 22!
[04-08 15:50:51.400]set makp (lonetower)?ID = 5!
[04-08 15:50:51.463]set makp (L4MAP)?ID = 28!
[04-08 15:50:51.559]set makp (LostCity)?ID = 47!
[04-08 15:50:51.606]set makp (magicsea)?ID = 2!
[04-08 15:50:52.152]set makp (jialebi)?ID = 14!
[04-08 15:50:52.321]set makp (hell)?ID = 16!
[04-08 15:50:52.384]set makp (hell2)?ID = 17!
[04-08 15:50:52.462]set makp (hell3)?ID = 18!
[04-08 15:50:52.527]set makp (hell4)?ID = 19!
[04-08 15:50:52.590]set makp (hell5)?ID = 20!
[04-08 15:50:52.654]set makp (darkblue)?ID = 3!
[04-08 15:50:53.256]set makp (eastgoaf)?ID = 4!
[04-08 15:50:53.352]set makp (winterland)?ID = 33!
[04-08 15:50:53.552]set makp (mjing1)?ID = 34!
[04-08 15:50:53.644]set makp (mjing2)?ID = 35!
[04-08 15:50:53.700]set makp (mjing3)?ID = 36!
[04-08 15:50:53.782]set makp (mjing4)?ID = 37!
[04-08 15:50:53.860]set makp (starena13)?ID = 39!
[04-08 15:50:53.923]set makp (starena23)?ID = 42!
[04-08 15:50:53.987]set makp (starena33)?ID = 45!
[04-08 15:50:54.053]set makp (abandonedcity)?ID = 8!
[04-08 15:50:54.130]set makp (abandonedcity2)?ID = 9!
[04-08 15:50:54.209]set makp (abandonedcity3)?ID = 10!
[04-08 15:50:54.257]set makp (darkswamp)?ID = 7!
[04-08 15:50:54.384]set makp (puzzleworld)?ID = 11!
[04-08 15:50:54.463]set makp (puzzleworld2)?ID = 12!
[04-08 15:50:54.542]set makp (DreamIsland)?ID = 38!
[04-08 15:50:54.637]set makp (teampk)?ID = 13!
[04-08 15:50:54.700]set makp (Hellchapter)?ID = 48!
[04-08 15:50:54.785]set makp (chaosicicle)?ID = 40!
[04-08 15:50:54.829]set makp (yschurch)?ID = 26!
