[04-08 15:02:19.715]135,Arrow 01,cha ID:1
[04-08 15:02:19.750]200,Left Plaster Glove,cha ID:1
[04-08 15:02:19.750]201,Left Brawler Glove,cha ID:1
[04-08 15:02:19.751]202,Left Master Glove,cha ID:1
[04-08 15:02:19.751]203,Left Jagged Blade,cha ID:1
[04-08 15:02:19.752]204,Left Cosmo Blade,cha ID:1
[04-08 15:02:19.753]205,Left Tiger Glove,cha ID:1
[04-08 15:02:19.753]206,Left Hand of Death,cha ID:1
[04-08 15:02:19.766]228,Raging Bull Tattoo,cha ID:3
[04-08 15:02:19.766]229,Savage Bull Tattoo,cha ID:3
[04-08 15:02:19.767]230,Primal Tattoo,cha ID:3
[04-08 15:02:19.802]290,Husk Armor,cha ID:4
[04-08 15:02:19.802]291,Thick Armor,cha ID:4
[04-08 15:02:19.803]292,Leather Armor,cha ID:4
[04-08 15:02:19.804]293,Rhino Hide Armor,cha ID:4
[04-08 15:02:19.805]294,Tiger Hide Armor,cha ID:4
[04-08 15:02:19.805]295,Breast Plate,cha ID:4
[04-08 15:02:19.806]296,Soft Leather Armor,cha ID:4
[04-08 15:02:19.806]297,Heavy Leather Armor,cha ID:4
[04-08 15:02:19.807]298,Strong Leather Armor,cha ID:4
[04-08 15:02:19.807]299,Mithril Platemail,cha ID:4
[04-08 15:02:19.808]300,Chain Mail,cha ID:3
[04-08 15:02:19.808]301,Strong Platemail,cha ID:3
[04-08 15:02:19.809]302,Light Platemail,cha ID:4
[04-08 15:02:19.810]303,Silver Platemail,cha ID:4
[04-08 15:02:19.810]304,Ceremonial Platemail,cha ID:4
[04-08 15:02:19.811]305,Coarse Vest,cha ID:2
[04-08 15:02:19.811]306,Canvas Vest,cha ID:2
[04-08 15:02:19.812]307,Exquisite Vest,cha ID:2
[04-08 15:02:19.812]308,Leather Vest,cha ID:2
[04-08 15:02:19.813]309,Warrior Frock,cha ID:2
[04-08 15:02:19.814]310,Feather Vest,cha ID:2
[04-08 15:02:19.814]311,Safari Vest,cha ID:2
[04-08 15:02:19.815]312,Emerald Vest,cha ID:2
[04-08 15:02:19.815]313,Hunter Vest,cha ID:2
[04-08 15:02:19.816]314,Slick Vest,cha ID:2
[04-08 15:02:19.816]315,Peacock Vest,cha ID:2
[04-08 15:02:19.817]316,Ringdove Vest,cha ID:2
[04-08 15:02:19.818]317,Raptor Vest,cha ID:2
[04-08 15:02:19.828]335,Cloth Shirt,cha ID:2
[04-08 15:02:19.828]336,Tough Vest,cha ID:2
[04-08 15:02:19.829]337,Explorer Vest,cha ID:2
[04-08 15:02:19.829]338,Adventure Vest,cha ID:2
[04-08 15:02:19.830]339,Helmsman Vest,cha ID:2
[04-08 15:02:19.831]340,Oarsman Vest,cha ID:2
[04-08 15:02:19.831]341,Deckman Vest,cha ID:2
[04-08 15:02:19.832]342,Mastman Vest,cha ID:2
[04-08 15:02:19.832]343,Hurricane Vest,cha ID:2
[04-08 15:02:19.833]344,Whirlpool Vest,cha ID:2
[04-08 15:02:19.833]345,Wind Vest,cha ID:2
[04-08 15:02:19.836]350,Crabby Costume,cha ID:1
[04-08 15:02:19.837]351,Rooroo Costume,cha ID:1
[04-08 15:02:19.838]352,Playful Racoon Costume,cha ID:1
[04-08 15:02:19.838]353,Duckling Costume,cha ID:1
[04-08 15:02:19.839]354,Big Crab Costume,cha ID:1
[04-08 15:02:19.839]355,Lobster Costume,cha ID:1
[04-08 15:02:19.840]356,Ducky Costume,cha ID:1
[04-08 15:02:19.840]357,Prawn Costume,cha ID:1
[04-08 15:02:19.841]358,Pincer Costume,cha ID:1
[04-08 15:02:19.842]359,Sheepy Costume,cha ID:1
[04-08 15:02:19.842]360,Meowy Costume,cha ID:1
[04-08 15:02:19.843]361,Owl Costume,cha ID:1
[04-08 15:02:19.843]362,Hopperoo Costume,cha ID:1
[04-08 15:02:19.844]363,Clever Otter Costume,cha ID:1
[04-08 15:02:19.844]364,Lucky Otter Costume,cha ID:1
[04-08 15:02:19.845]365,Medic Robe,cha ID:1
[04-08 15:02:19.846]366,Foster Robe,cha ID:1
[04-08 15:02:19.846]367,Travel Robe,cha ID:1
[04-08 15:02:19.847]368,Nurse Robe,cha ID:1
[04-08 15:02:19.847]369,Garcon Robe,cha ID:1
[04-08 15:02:19.848]370,Holy Robe,cha ID:1
[04-08 15:02:19.848]371,Follower Robe,cha ID:1
[04-08 15:02:19.849]372,Attendant Robe,cha ID:1
[04-08 15:02:19.850]373,Scholar Robe,cha ID:1
[04-08 15:02:19.850]374,Emergency Robe,cha ID:1
[04-08 15:02:19.851]375,Passage Robe,cha ID:1
[04-08 15:02:19.851]376,Healer Robe,cha ID:1
[04-08 15:02:19.852]377,Protector Robe,cha ID:1
[04-08 15:02:19.852]378,Piety Robe,cha ID:1
[04-08 15:02:19.853]379,Blessed Robe,cha ID:1
[04-08 15:02:19.853]380,Mousey Costume,cha ID:1
[04-08 15:02:19.854]381,Kitty Costume,cha ID:1
[04-08 15:02:19.855]382,Loopy Bunny Costume,cha ID:1
[04-08 15:02:19.855]383,Goaty Costume,cha ID:1
[04-08 15:02:19.856]384,Deer Costume,cha ID:1
[04-08 15:02:19.856]385,Otter Costume,cha ID:1
[04-08 15:02:19.857]386,Racoon Costume,cha ID:1
[04-08 15:02:19.858]388,Happy Bunny Costume,cha ID:1
[04-08 15:02:19.859]389,Night Owl Costume,cha ID:1
[04-08 15:02:19.859]390,Kangaroo Costume,cha ID:1
[04-08 15:02:19.860]391,Joyful Bunny Costume,cha ID:1
[04-08 15:02:19.861]392,Bunny Baby Costume,cha ID:1
[04-08 15:02:19.861]393,Lucky Bunny Costume,cha ID:1
[04-08 15:02:19.862]394,Heavenly Vest,cha ID:1
[04-08 15:02:19.862]395,Armor of Night,cha ID:2
[04-08 15:02:19.863]396,Armor of Secrets,cha ID:2
[04-08 15:02:19.863]397,Armor of Hercules,cha ID:1
[04-08 15:02:19.864]398,Armor of Olympus,cha ID:1
[04-08 15:02:19.864]399,Vest of Marksmanship,cha ID:2
[04-08 15:02:19.865]400,Vest of Apollo,cha ID:2
[04-08 15:02:19.866]401,Robe of the Wise,cha ID:1
[04-08 15:02:19.866]402,Robe of the Sage,cha ID:1
[04-08 15:02:19.867]403,Happy Panda Costume,cha ID:1
[04-08 15:02:19.867]404,Mystic Panda Costume,cha ID:1
[04-08 15:02:19.868]405,Fairy Robe,cha ID:1
[04-08 15:02:19.868]406,Faerie Robe,cha ID:1
[04-08 15:02:19.869]407,Gold Fish Costume,cha ID:1
[04-08 15:02:19.869]408,Fish Fairy Costume,cha ID:1
[04-08 15:02:19.870]409,Tidal Robe,cha ID:2
[04-08 15:02:19.871]410,Bear Costume,cha ID:1
[04-08 15:02:19.871]411,Tsunami Robe,cha ID:2
[04-08 15:02:19.872]412,Dragon Costume,cha ID:1
[04-08 15:02:19.872]413,Dragon Lord Costume,cha ID:1
[04-08 15:02:19.903]466,Husk Gloves,cha ID:4
[04-08 15:02:19.904]467,Thick Gloves,cha ID:4
[04-08 15:02:19.905]468,Leather Gloves,cha ID:4
[04-08 15:02:19.905]469,Rhino Hide Gloves,cha ID:4
[04-08 15:02:19.906]470,Tiger Hide Gloves,cha ID:4
[04-08 15:02:19.906]471,Gauntlets,cha ID:4
[04-08 15:02:19.907]472,Soft Leather Gloves,cha ID:4
[04-08 15:02:19.907]473,Heavy Leather Gloves,cha ID:4
[04-08 15:02:19.908]474,Strong Leather Gloves,cha ID:4
[04-08 15:02:19.909]475,Mithril Gauntlets,cha ID:4
[04-08 15:02:19.909]476,Chain Gauntlets,cha ID:3
[04-08 15:02:19.910]477,Strong Gauntlets,cha ID:3
[04-08 15:02:19.910]478,Light Gauntlets,cha ID:4
[04-08 15:02:19.911]479,Silver Gauntlets,cha ID:4
[04-08 15:02:19.911]480,Ceremonial Gauntlets,cha ID:4
[04-08 15:02:19.912]481,Coarse Gloves,cha ID:2
[04-08 15:02:19.913]482,Canvas Gloves,cha ID:2
[04-08 15:02:19.913]483,Exquisite Gloves,cha ID:2
[04-08 15:02:19.914]484,Leather Gloves,cha ID:2
[04-08 15:02:19.914]485,Warrior Gloves,cha ID:2
[04-08 15:02:19.915]486,Feather Gloves,cha ID:2
[04-08 15:02:19.916]487,Safari Gloves,cha ID:2
[04-08 15:02:19.916]488,Emerald Gloves,cha ID:2
[04-08 15:02:19.917]489,Hunter Gloves,cha ID:2
[04-08 15:02:19.917]490,Slick Gloves,cha ID:2
[04-08 15:02:19.918]491,Peacock Gloves,cha ID:2
[04-08 15:02:19.918]492,Ringdove Gloves,cha ID:2
[04-08 15:02:19.919]493,Raptor Gloves,cha ID:2
[04-08 15:02:19.929]511,Cloth Gloves,cha ID:2
[04-08 15:02:19.930]512,Tough Gloves,cha ID:2
[04-08 15:02:19.931]513,Explorer Gloves,cha ID:2
[04-08 15:02:19.931]514,Adventure Gloves,cha ID:2
[04-08 15:02:19.932]515,Helmsman Gloves,cha ID:2
[04-08 15:02:19.933]516,Oarsman Gloves,cha ID:2
[04-08 15:02:19.933]517,Deckman Gloves,cha ID:2
[04-08 15:02:19.933]518,Mastman Gloves,cha ID:2
[04-08 15:02:19.934]519,Hurricane Gloves,cha ID:2
[04-08 15:02:19.934]520,Whirlpool Gloves,cha ID:2
[04-08 15:02:19.935]521,Wind Gloves,cha ID:2
[04-08 15:02:19.937]526,Crabby Gloves,cha ID:1
[04-08 15:02:19.939]527,Rooroo Muffs,cha ID:1
[04-08 15:02:19.940]528,Playful Racoon Muffs,cha ID:1
[04-08 15:02:19.940]529,Duckling Muffs,cha ID:1
[04-08 15:02:19.941]530,Big Crab Muffs,cha ID:1
[04-08 15:02:19.941]531,Lobster Muffs,cha ID:1
[04-08 15:02:19.942]532,Ducky Muffs,cha ID:1
[04-08 15:02:19.943]533,Prawn Muffs,cha ID:1
[04-08 15:02:19.943]534,Pincer Muffs,cha ID:1
[04-08 15:02:19.944]535,Sheepy Muffs,cha ID:1
[04-08 15:02:19.944]536,Meowy Muffs,cha ID:1
[04-08 15:02:19.945]537,Owl Muffs,cha ID:1
[04-08 15:02:19.945]538,Hopperoo Muffs,cha ID:1
[04-08 15:02:19.946]539,Clever Otter Muffs,cha ID:1
[04-08 15:02:19.947]540,Lucky Otter Muffs,cha ID:1
[04-08 15:02:19.947]541,Medic Gloves,cha ID:1
[04-08 15:02:19.948]542,Foster Gloves,cha ID:1
[04-08 15:02:19.948]543,Travel Gloves,cha ID:1
[04-08 15:02:19.949]544,Nurse Gloves,cha ID:1
[04-08 15:02:19.949]545,Garcon Gloves,cha ID:1
[04-08 15:02:19.950]546,Holy Gloves,cha ID:1
[04-08 15:02:19.951]547,Follower Gloves,cha ID:1
[04-08 15:02:19.951]548,Attendant Gloves,cha ID:1
[04-08 15:02:19.952]549,Scholar Gloves,cha ID:1
[04-08 15:02:19.952]550,Emergency Gloves,cha ID:1
[04-08 15:02:19.953]551,Passage Gloves,cha ID:1
[04-08 15:02:19.953]552,Healer Gloves,cha ID:1
[04-08 15:02:19.954]553,Protector Gloves,cha ID:1
[04-08 15:02:19.954]554,Piety Gloves,cha ID:1
[04-08 15:02:19.955]555,Blessed Gloves,cha ID:1
[04-08 15:02:19.955]556,Mousey Muffs,cha ID:1
[04-08 15:02:19.956]557,Kitty Muffs,cha ID:1
[04-08 15:02:19.957]558,Loopy Bunny Muffs,cha ID:1
[04-08 15:02:19.957]559,Goaty Muffs,cha ID:1
[04-08 15:02:19.958]560,Deer Muffs,cha ID:1
[04-08 15:02:19.958]561,Otter Muffs,cha ID:1
[04-08 15:02:19.959]562,Racoon Muffs,cha ID:1
[04-08 15:02:19.960]564,Happy Bunny Muffs,cha ID:1
[04-08 15:02:19.960]565,Night Owl Muffs,cha ID:1
[04-08 15:02:19.961]566,Kangaroo Muffs,cha ID:1
[04-08 15:02:19.961]567,Joyful Bunny Muffs,cha ID:1
[04-08 15:02:19.962]568,Bunny Baby Muffs,cha ID:1
[04-08 15:02:19.962]569,Lucky Bunny Muffs,cha ID:1
[04-08 15:02:19.963]570,Heavenly Gloves,cha ID:1
[04-08 15:02:19.972]586,Bear Gloves,cha ID:1
[04-08 15:02:19.972]587,Gloves of Night,cha ID:2
[04-08 15:02:19.973]588,Gloves of Secrets,cha ID:2
[04-08 15:02:19.973]589,Gloves of Marksmanship,cha ID:2
[04-08 15:02:19.974]590,Gloves of Apollo,cha ID:2
[04-08 15:02:19.974]591,Gloves of the Wise,cha ID:1
[04-08 15:02:19.975]592,Gloves of the Sage,cha ID:1
[04-08 15:02:19.975]593,Happy Panda Gloves,cha ID:1
[04-08 15:02:19.976]594,Mystic Panda Gloves,cha ID:1
[04-08 15:02:19.976]595,Fairy Gloves,cha ID:1
[04-08 15:02:19.977]596,Faerie Gloves,cha ID:1
[04-08 15:02:19.978]597,Gold Fish Muffs,cha ID:1
[04-08 15:02:19.978]598,Fish Fairy Muffs,cha ID:1
[04-08 15:02:19.978]599,Tidal Gloves,cha ID:2
[04-08 15:02:19.979]600,Tsunami Gloves,cha ID:2
[04-08 15:02:19.980]601,Dragon Muffs,cha ID:1
[04-08 15:02:19.980]602,Dragon Lord Muffs,cha ID:1
[04-08 15:02:19.981]603,Gauntlets of Hercules,cha ID:1
[04-08 15:02:19.981]604,Gauntlets of Olympus,cha ID:1
[04-08 15:02:19.998]635,Lv 1 Strike Coral,cha ID:2
[04-08 15:02:19.999]636,Lv 2 Strike Coral,cha ID:2
[04-08 15:02:19.999]637,Lv 3 Strike Coral,cha ID:2
[04-08 15:02:20.000]638,Lv 4 Strike Coral,cha ID:2
[04-08 15:02:20.000]639,Lv 5 Strike Coral,cha ID:2
[04-08 15:02:20.002]642,Husk Boots,cha ID:4
[04-08 15:02:20.003]643,Thick Boots,cha ID:4
[04-08 15:02:20.003]644,Leather Boots,cha ID:4
[04-08 15:02:20.004]645,Rhino Hide Boots,cha ID:4
[04-08 15:02:20.004]646,Tiger Hide Boots,cha ID:4
[04-08 15:02:20.005]647,Greaves,cha ID:4
[04-08 15:02:20.005]648,Soft Leather Boots,cha ID:4
[04-08 15:02:20.006]649,Heavy Leather Boots,cha ID:4
[04-08 15:02:20.006]650,Strong Leather Boots,cha ID:4
[04-08 15:02:20.007]651,Mithril Greaves,cha ID:4
[04-08 15:02:20.007]652,Chain Greaves,cha ID:3
[04-08 15:02:20.008]653,Strong Greaves,cha ID:3
[04-08 15:02:20.008]654,Light Greaves,cha ID:4
[04-08 15:02:20.009]655,Silver Greaves,cha ID:4
[04-08 15:02:20.010]656,Ceremonial Greaves,cha ID:4
[04-08 15:02:20.010]657,Coarse Boots,cha ID:2
[04-08 15:02:20.011]658,Canvas Boots,cha ID:2
[04-08 15:02:20.011]659,Exquisite Boots,cha ID:2
[04-08 15:02:20.012]660,Leather Boots,cha ID:2
[04-08 15:02:20.012]661,Warrior Boots,cha ID:2
[04-08 15:02:20.013]662,Feather Boots,cha ID:2
[04-08 15:02:20.013]663,Safari Boots,cha ID:2
[04-08 15:02:20.014]664,Emerald Boots,cha ID:2
[04-08 15:02:20.014]665,Hunter Boots,cha ID:2
[04-08 15:02:20.015]666,Slick Boots,cha ID:2
[04-08 15:02:20.015]667,Peacock Boots,cha ID:2
[04-08 15:02:20.016]668,Ringdove Boots,cha ID:2
[04-08 15:02:20.016]669,Raptor Boots,cha ID:2
[04-08 15:02:20.026]687,Cloth Boots,cha ID:2
[04-08 15:02:20.027]688,Tough Boots,cha ID:2
[04-08 15:02:20.027]689,Explorer Boots,cha ID:2
[04-08 15:02:20.028]690,Adventure Boots,cha ID:2
[04-08 15:02:20.028]691,Helmsman Boots,cha ID:2
[04-08 15:02:20.029]692,Oarsman Boots,cha ID:2
[04-08 15:02:20.030]693,Deckman Boots,cha ID:2
[04-08 15:02:20.031]694,Mastman Boots,cha ID:2
[04-08 15:02:20.031]695,Hurricane Boots,cha ID:2
[04-08 15:02:20.032]696,Whirlpool Boots,cha ID:2
[04-08 15:02:20.032]697,Wind Boots,cha ID:2
[04-08 15:02:20.035]702,Crabby Shoes,cha ID:1
[04-08 15:02:20.036]703,Rooroo Shoes,cha ID:1
[04-08 15:02:20.036]704,Playful Racoon Shoes,cha ID:1
[04-08 15:02:20.036]705,Duckling Shoes,cha ID:1
[04-08 15:02:20.037]706,Big Crab Shoes,cha ID:1
[04-08 15:02:20.037]707,Lobster Shoes,cha ID:1
[04-08 15:02:20.038]708,Ducky Shoes,cha ID:1
[04-08 15:02:20.038]709,Prawn Shoes,cha ID:1
[04-08 15:02:20.039]710,Pincer Shoes,cha ID:1
[04-08 15:02:20.040]711,Sheepy Shoes,cha ID:1
[04-08 15:02:20.040]712,Meowy Shoes,cha ID:1
[04-08 15:02:20.041]713,Owl Shoes,cha ID:1
[04-08 15:02:20.042]714,Hopperoo Shoes,cha ID:1
[04-08 15:02:20.042]715,Clever Otter Shoes,cha ID:1
[04-08 15:02:20.043]716,Lucky Otter Shoes,cha ID:1
[04-08 15:02:20.043]717,Medic Boots,cha ID:1
[04-08 15:02:20.044]718,Foster Boots,cha ID:1
[04-08 15:02:20.044]719,Travel Boots,cha ID:1
[04-08 15:02:20.045]720,Nurse Boots,cha ID:1
[04-08 15:02:20.045]721,Garcon Boots,cha ID:1
[04-08 15:02:20.046]722,Holy Boots,cha ID:1
[04-08 15:02:20.046]723,Follower Boots,cha ID:1
[04-08 15:02:20.047]724,Attendant Boots,cha ID:1
[04-08 15:02:20.047]725,Scholar Boots,cha ID:1
[04-08 15:02:20.048]726,Emergency Boots,cha ID:1
[04-08 15:02:20.049]727,Passage Boots,cha ID:1
[04-08 15:02:20.049]728,Healer Boots,cha ID:1
[04-08 15:02:20.050]729,Protector Boots,cha ID:1
[04-08 15:02:20.050]730,Piety Boots,cha ID:1
[04-08 15:02:20.051]731,Blessed Boots,cha ID:1
[04-08 15:02:20.051]732,Mousey Shoes,cha ID:1
[04-08 15:02:20.052]733,Kitty Shoes,cha ID:1
[04-08 15:02:20.052]734,Loopy Bunny Shoes,cha ID:1
[04-08 15:02:20.053]735,Goaty Shoes,cha ID:1
[04-08 15:02:20.053]736,Deer Shoes,cha ID:1
[04-08 15:02:20.054]737,Otter Shoes,cha ID:1
[04-08 15:02:20.054]738,Racoon Shoes,cha ID:1
[04-08 15:02:20.056]740,Happy Bunny Shoes,cha ID:1
[04-08 15:02:20.056]741,Night Owl Shoes,cha ID:1
[04-08 15:02:20.057]742,Kangaroo Shoes,cha ID:1
[04-08 15:02:20.057]743,Joyful Bunny Shoes,cha ID:1
[04-08 15:02:20.058]744,Bunny Baby Shoes,cha ID:1
[04-08 15:02:20.058]745,Lucky Bunny Shoes,cha ID:1
[04-08 15:02:20.059]746,Heavenly Shoes,cha ID:1
[04-08 15:02:20.059]747,Boots of Night,cha ID:2
[04-08 15:02:20.060]748,Boots of Secrets,cha ID:2
[04-08 15:02:20.060]749,Boots of Marksmanship,cha ID:2
[04-08 15:02:20.061]750,Boots of Apollo,cha ID:2
[04-08 15:02:20.061]751,Boots of the Wise,cha ID:1
[04-08 15:02:20.062]752,Boots of the Sage,cha ID:1
[04-08 15:02:20.063]753,Happy Panda Shoes,cha ID:1
[04-08 15:02:20.063]754,Mystic Panda Shoes,cha ID:1
[04-08 15:02:20.064]755,Fairy Shoes,cha ID:1
[04-08 15:02:20.064]756,Faerie Shoes,cha ID:1
[04-08 15:02:20.065]757,Gold Fish Shoes,cha ID:1
[04-08 15:02:20.065]758,Fish Fairy Shoes,cha ID:1
[04-08 15:02:20.066]759,Tidal Shoes,cha ID:2
[04-08 15:02:20.066]760,Tsunami Shoes,cha ID:2
[04-08 15:02:20.067]761,Dragon Shoes,cha ID:1
[04-08 15:02:20.067]762,Bear Shoes,cha ID:1
[04-08 15:02:20.068]763,Armor of Revenant,cha ID:4
[04-08 15:02:20.068]764,Tattoo of the Cursed Warrior,cha ID:3
[04-08 15:02:20.069]765,Tattoo of Evanescence,cha ID:3
[04-08 15:02:20.070]766,Tattoo of Enigma,cha ID:3
[04-08 15:02:20.070]767,Platemail of the Cursed Soul,cha ID:4
[04-08 15:02:20.072]768,Armor of Evanescence,cha ID:4
[04-08 15:02:20.072]769,Armor of Enigma,cha ID:4
[04-08 15:02:20.077]777,Robe of Death,cha ID:2
[04-08 15:02:20.077]778,Corset of Incantation,cha ID:2
[04-08 15:02:20.078]779,Coat of Evanescence,cha ID:2
[04-08 15:02:20.078]780,Mantle of Enigma,cha ID:2
[04-08 15:02:20.083]789,Robe of the Venom Witch,cha ID:1
[04-08 15:02:20.084]790,Coat of Invocation,cha ID:1
[04-08 15:02:20.084]791,Robe of the Arcane,cha ID:1
[04-08 15:02:20.085]792,Robe of Enigma,cha ID:1
[04-08 15:02:20.087]796,Robe of Abraxas,cha ID:1
[04-08 15:02:20.087]797,Robe of Malediction,cha ID:1
[04-08 15:02:20.088]798,Robe of the Sphinx,cha ID:1
[04-08 15:02:20.090]803,Mantle of the Naga,cha ID:2
[04-08 15:02:20.091]804,Mantle of the Cursed Flame,cha ID:2
[04-08 15:02:20.092]805,Cloak of Evanescence,cha ID:2
[04-08 15:02:20.092]806,Mantle of the Sphinx,cha ID:2
[04-08 15:02:20.093]807,Gauntlets of Evanescence,cha ID:4
[04-08 15:02:20.093]808,Greaves of Evanescence,cha ID:4
[04-08 15:02:20.094]809,Gloves of Evanescence,cha ID:2
[04-08 15:02:20.094]810,Shoes of Evanescence,cha ID:2
[04-08 15:02:20.095]811,Gloves of Malediction,cha ID:1
[04-08 15:02:20.095]812,Gloves of the Arcane,cha ID:1
[04-08 15:02:20.096]813,Boots of Malediction,cha ID:1
[04-08 15:02:20.096]814,Boots of the of the Arcane,cha ID:1
[04-08 15:02:20.097]815,Heavy Gloves of Evanescence,cha ID:2
[04-08 15:02:20.102]824,Dragon Lord Shoes,cha ID:1
[04-08 15:02:20.105]829,Greaves of Hercules,cha ID:1
[04-08 15:02:20.105]830,Greaves of Olympus,cha ID:1
[04-08 15:02:20.131]877,Boots of Evanescence,cha ID:2
[04-08 15:02:20.258]1115,Grandiose Helm,cha ID:2
[04-08 15:02:20.259]1116,Grandiose Armor,cha ID:2
[04-08 15:02:20.259]1117,Grandiose Gauntlets,cha ID:2
[04-08 15:02:20.260]1118,Grandiose Boots,cha ID:2
[04-08 15:02:20.263]1124,Chaos Framestone,cha ID:1
[04-08 15:02:20.263]1125,Chaos Clawstone,cha ID:1
[04-08 15:02:20.264]1126,Chaos Pawstone,cha ID:1
[04-08 15:02:20.726]1884,Undead Sealed Armor of Revenant,cha ID:4
[04-08 15:02:20.727]1885,Earth Sealed Tattoo of the Cursed Warrior,cha ID:3
[04-08 15:02:20.727]1886,Fire Sealed Tattoo of Evanescence,cha ID:3
[04-08 15:02:20.728]1887,Ice Sealed Tattoo of Enigma,cha ID:3
[04-08 15:02:20.729]1888,Earth Sealed Platemail of the Cursed Soul,cha ID:4
[04-08 15:02:20.729]1889,Fire Sealed Armor of Evanescence,cha ID:4
[04-08 15:02:20.729]1890,Ice Sealed Armor of Enigma,cha ID:4
[04-08 15:02:20.735]1898,Undead Sealed Robe of Death,cha ID:2
[04-08 15:02:20.736]1899,Earth Sealed Corset of Incantation,cha ID:2
[04-08 15:02:20.737]1900,Fire Sealed Coat of Evanescence,cha ID:2
[04-08 15:02:20.737]1901,Ice Sealed Mantle of Enigma,cha ID:2
[04-08 15:02:20.743]1910,Undead Sealed Robe of the Venom Witch,cha ID:1
[04-08 15:02:20.743]1911,Earth Sealed Coat of Invocation,cha ID:1
[04-08 15:02:20.744]1912,Fire Sealed Robe of the Arcane,cha ID:1
[04-08 15:02:20.744]1913,Ice Sealed Robe of Enigma,cha ID:1
[04-08 15:02:20.747]1917,Earth Sealed Robe of Abraxas,cha ID:1
[04-08 15:02:20.748]1918,Fire Sealed Robe of Malediction,cha ID:1
[04-08 15:02:20.748]1919,Ice Sealed Robe of the Sphinx,cha ID:1
[04-08 15:02:20.751]1924,Undead Sealed Mantle of the Naga,cha ID:2
[04-08 15:02:20.752]1925,Earth Sealed Mantle of the Cursed Flame,cha ID:2
[04-08 15:02:20.753]1926,Fire Sealed Cloak of Evanescence,cha ID:2
[04-08 15:02:20.753]1927,Ice Sealed Mantle of the Sphinx,cha ID:2
[04-08 15:02:20.754]1928,Battle Armor of Crimson Flame,cha ID:4
[04-08 15:02:20.755]1929,Battle Armor of the Tempest,cha ID:4
[04-08 15:02:20.755]1930,Battle Armor of Sistine,cha ID:4
[04-08 15:02:20.756]1931,Battle Armor of the Kylin,cha ID:4
[04-08 15:02:20.756]1932,Battle Armor of Nature,cha ID:3
[04-08 15:02:20.757]1933,Tattoo of Gallon,cha ID:3
[04-08 15:02:20.758]1934,Tattoo of the Tortoise,cha ID:3
[04-08 15:02:20.758]1935,Gauntlets of Crimson Flame,cha ID:4
[04-08 15:02:20.759]1936,Gauntlets of the Tempest,cha ID:4
[04-08 15:02:20.759]1937,Gauntlets of Sistine,cha ID:4
[04-08 15:02:20.760]1938,Gauntlets of the Kylin,cha ID:4
[04-08 15:02:20.761]1939,Greaves of Crimson Flame,cha ID:4
[04-08 15:02:20.761]1940,Greaves of the Tempest,cha ID:4
[04-08 15:02:20.762]1941,Greaves of Sistine,cha ID:4
[04-08 15:02:20.763]1942,Greaves of the Kylin,cha ID:4
[04-08 15:02:20.763]1943,Vest of Clarion Mist,cha ID:2
[04-08 15:02:20.764]1944,Flaming Coat,cha ID:2
[04-08 15:02:20.764]1945,Mantle of Darwin,cha ID:2
[04-08 15:02:20.765]1946,Coat of the White Tiger,cha ID:2
[04-08 15:02:20.766]1947,Gloves of Clarion Mist,cha ID:2
[04-08 15:02:20.766]1948,Flaming Gloves,cha ID:2
[04-08 15:02:20.767]1949,Gloves of Darwin,cha ID:2
[04-08 15:02:20.768]1950,Gloves of the White Tiger,cha ID:2
[04-08 15:02:20.768]1951,Boots of Clarion Mist,cha ID:2
[04-08 15:02:20.769]1952,Flaming Boots,cha ID:2
[04-08 15:02:20.770]1953,Boots of Darwin,cha ID:2
[04-08 15:02:20.770]1954,Boots of the White Tiger,cha ID:2
[04-08 15:02:20.771]1955,Emerald Vine Robe,cha ID:1
[04-08 15:02:20.771]1956,Coat of Frozen Crescent,cha ID:1
[04-08 15:02:20.772]1957,Coat of Udine,cha ID:1
[04-08 15:02:20.773]1958,Coat of the Peacock,cha ID:1
[04-08 15:02:20.773]1959,Glory Coat,cha ID:1
[04-08 15:02:20.774]1960,Coat of Hope,cha ID:1
[04-08 15:02:20.775]1961,Coat of the Phoenix,cha ID:1
[04-08 15:02:20.775]1962,Emerald Vine Gloves,cha ID:1
[04-08 15:02:20.776]1963,Gloves of Frozen Crescent,cha ID:1
[04-08 15:02:20.777]1964,Gloves of Udine,cha ID:1
[04-08 15:02:20.777]1965,Gloves of the Peacock,cha ID:1
[04-08 15:02:20.778]1966,Glory Gloves,cha ID:1
[04-08 15:02:20.778]1967,Gloves of Hope,cha ID:1
[04-08 15:02:20.779]1968,Gloves of the Phoenix,cha ID:1
[04-08 15:02:20.780]1969,Emerald Vine Boots,cha ID:1
[04-08 15:02:20.780]1970,Boots of Frozen Crescent,cha ID:1
[04-08 15:02:20.781]1971,Boots of Udine,cha ID:1
[04-08 15:02:20.781]1972,Boots of the Peacock,cha ID:1
[04-08 15:02:20.782]1973,Glory Boots,cha ID:1
[04-08 15:02:20.782]1974,Boots of Hope,cha ID:1
[04-08 15:02:20.783]1975,Boots of the Phoenix,cha ID:1
[04-08 15:02:20.783]1976,Robe of the Mist,cha ID:2
[04-08 15:02:20.784]1977,Coat of the Tempest,cha ID:2
[04-08 15:02:20.785]1978,Robe of Forlorn,cha ID:2
[04-08 15:02:20.785]1979,Coat of the Green Dragon,cha ID:2
[04-08 15:02:20.786]1980,Gloves of the Mist,cha ID:2
[04-08 15:02:20.787]1981,Gloves of the Tempest,cha ID:2
[04-08 15:02:20.789]1982,Gloves of Forlorn,cha ID:2
[04-08 15:02:20.789]1983,Gloves of the Green Dragon,cha ID:2
[04-08 15:02:20.790]1984,Boots of the Mist,cha ID:2
[04-08 15:02:20.791]1985,Boots of the Tempest,cha ID:2
[04-08 15:02:20.791]1986,Boots of Forlorn,cha ID:2
[04-08 15:02:20.792]1987,Boots of the Green Dragon,cha ID:2
[04-08 15:02:20.792]1988,Fire Sealed Gauntlets of Evanescence,cha ID:4
[04-08 15:02:20.793]1989,Fire Sealed Greaves of Evanescence,cha ID:4
[04-08 15:02:20.794]1990,Fire Sealed Gloves of Evanescence,cha ID:2
[04-08 15:02:20.794]1991,Fire Sealed Shoes of Evanescence,cha ID:2
[04-08 15:02:20.795]1992,Fire Sealed Gloves of Malediction,cha ID:1
[04-08 15:02:20.796]1993,Fire Sealed Gloves of the Arcane,cha ID:1
[04-08 15:02:20.796]1994,Fire Sealed Boots of Malediction,cha ID:1
[04-08 15:02:20.797]1995,Fire Sealed Boots of the of the Arcane,cha ID:1
[04-08 15:02:20.798]1996,Fire Sealed Heavy Gloves of Evanescence,cha ID:2
[04-08 15:02:20.798]1997,Fire Sealed Boots of Evanescence,cha ID:2
[04-08 15:02:20.800]1999,Lance Failed Hairdo 1,cha ID:2
[04-08 15:02:20.800]2000,Hairdo 1,cha ID:2
[04-08 15:02:20.801]2001,Hairdo 2,cha ID:2
[04-08 15:02:20.802]2002,Hairdo 3,cha ID:2
[04-08 15:02:20.802]2003,Hairdo 4,cha ID:2
[04-08 15:02:20.803]2004,Hairdo 5,cha ID:2
[04-08 15:02:20.804]2005,Hairdo 6,cha ID:2
[04-08 15:02:20.804]2006,Hairdo 7,cha ID:2
[04-08 15:02:20.805]2007,Hairdo 8,cha ID:2
[04-08 15:02:20.805]2008,Event Commissioner,cha ID:2
[04-08 15:02:20.806]2009,Hairdo 1,cha ID:2
[04-08 15:02:20.807]2010,Hairdo 1,cha ID:2
[04-08 15:02:20.807]2011,Hairdo 1,cha ID:2
[04-08 15:02:20.808]2012,Hairdo 1,cha ID:2
[04-08 15:02:20.809]2013,Hairdo 1,cha ID:2
[04-08 15:02:20.809]2014,Hairdo 1,cha ID:2
[04-08 15:02:20.810]2015,Hairdo 2,cha ID:2
[04-08 15:02:20.811]2016,Hairdo 2,cha ID:2
[04-08 15:02:20.811]2017,Hairdo 2,cha ID:2
[04-08 15:02:20.812]2018,Hairdo 2,cha ID:2
[04-08 15:02:20.813]2019,Hairdo 2,cha ID:2
[04-08 15:02:20.813]2020,Hairdo 2,cha ID:2
[04-08 15:02:20.814]2021,Hairdo 3,cha ID:2
[04-08 15:02:20.814]2022,Hairdo 3,cha ID:2
[04-08 15:02:20.815]2023,Hairdo 3,cha ID:2
[04-08 15:02:20.816]2024,Hairdo 3,cha ID:2
[04-08 15:02:20.816]2025,Hairdo 3,cha ID:2
[04-08 15:02:20.817]2026,Hairdo 3,cha ID:2
[04-08 15:02:20.818]2027,Hairdo 4,cha ID:2
[04-08 15:02:20.818]2028,Hairdo 4,cha ID:2
[04-08 15:02:20.819]2029,Hairdo 4,cha ID:2
[04-08 15:02:20.820]2030,Hairdo 4,cha ID:2
[04-08 15:02:20.820]2031,Hairdo 4,cha ID:2
[04-08 15:02:20.821]2032,Hairdo 4,cha ID:2
[04-08 15:02:20.822]2033,Hairdo 5,cha ID:2
[04-08 15:02:20.823]2034,Hairdo 5,cha ID:2
[04-08 15:02:20.823]2035,Hairdo 5,cha ID:2
[04-08 15:02:20.824]2036,Hairdo 5,cha ID:2
[04-08 15:02:20.825]2037,Hairdo 5,cha ID:2
[04-08 15:02:20.825]2038,Hairdo 5,cha ID:2
[04-08 15:02:20.826]2039,Hairdo 5,cha ID:2
[04-08 15:02:20.826]2040,Hairdo 6,cha ID:2
[04-08 15:02:20.827]2041,Hairdo 6,cha ID:2
[04-08 15:02:20.828]2042,Hairdo 6,cha ID:2
[04-08 15:02:20.828]2043,Hairdo 6,cha ID:2
[04-08 15:02:20.829]2044,Hairdo 6,cha ID:2
[04-08 15:02:20.830]2045,Hairdo 6,cha ID:2
[04-08 15:02:20.830]2046,Hairdo 6,cha ID:2
[04-08 15:02:20.831]2047,Hairdo 7,cha ID:2
[04-08 15:02:20.831]2048,Hairdo 7,cha ID:2
[04-08 15:02:20.832]2049,Hairdo 7,cha ID:2
[04-08 15:02:20.833]2050,Hairdo 7,cha ID:2
[04-08 15:02:20.833]2051,Hairdo 7,cha ID:2
[04-08 15:02:20.834]2052,Hairdo 7,cha ID:2
[04-08 15:02:20.835]2053,Hairdo 7,cha ID:2
[04-08 15:02:20.835]2054,Hairdo 8,cha ID:2
[04-08 15:02:20.836]2055,Hairdo 8,cha ID:2
[04-08 15:02:20.837]2056,Hairdo 8,cha ID:2
[04-08 15:02:20.837]2057,Hairdo 8,cha ID:2
[04-08 15:02:20.838]2058,Hairdo 8,cha ID:2
[04-08 15:02:20.838]2059,Hairdo 8,cha ID:2
[04-08 15:02:20.839]2060,Guy 1 Bald Hairdo,cha ID:2
[04-08 15:02:20.840]2061,Lance Failed Hairdo 2,cha ID:2
[04-08 15:02:20.840]2062,Hairdo 1,cha ID:1
[04-08 15:02:20.841]2063,Hairdo 2,cha ID:1
[04-08 15:02:20.842]2064,Hairdo 3,cha ID:1
[04-08 15:02:20.842]2065,Hairdo 4,cha ID:1
[04-08 15:02:20.843]2066,Hairdo 5,cha ID:1
[04-08 15:02:20.843]2067,Hairdo 6,cha ID:1
[04-08 15:02:20.844]2068,Hairdo 7,cha ID:1
[04-08 15:02:20.845]2069,Hairdo 8,cha ID:1
[04-08 15:02:20.845]2070,Event Commissioner,cha ID:1
[04-08 15:02:20.846]2071,Hairdo 1,cha ID:1
[04-08 15:02:20.847]2072,Hairdo 1,cha ID:1
[04-08 15:02:20.847]2073,Hairdo 1,cha ID:1
[04-08 15:02:20.848]2074,Hairdo 1,cha ID:1
[04-08 15:02:20.849]2075,Hairdo 1,cha ID:1
[04-08 15:02:20.849]2076,Hairdo 1,cha ID:1
[04-08 15:02:20.850]2077,Hairdo 1,cha ID:1
[04-08 15:02:20.851]2078,Hairdo 2,cha ID:1
[04-08 15:02:20.851]2079,Hairdo 2,cha ID:1
[04-08 15:02:20.852]2080,Hairdo 2,cha ID:1
[04-08 15:02:20.853]2081,Hairdo 2,cha ID:1
[04-08 15:02:20.853]2082,Hairdo 2,cha ID:1
[04-08 15:02:20.854]2083,Hairdo 2,cha ID:1
[04-08 15:02:20.854]2084,Hairdo 3,cha ID:1
[04-08 15:02:20.855]2085,Hairdo 3,cha ID:1
[04-08 15:02:20.855]2086,Hairdo 3,cha ID:1
[04-08 15:02:20.856]2087,Hairdo 3,cha ID:1
[04-08 15:02:20.857]2088,Hairdo 3,cha ID:1
[04-08 15:02:20.857]2089,Hairdo 3,cha ID:1
[04-08 15:02:20.858]2090,Hairdo 4,cha ID:1
[04-08 15:02:20.858]2091,Hairdo 4,cha ID:1
[04-08 15:02:20.859]2092,Hairdo 4,cha ID:1
[04-08 15:02:20.859]2093,Hairdo 4,cha ID:1
[04-08 15:02:20.860]2094,Hairdo 4,cha ID:1
[04-08 15:02:20.860]2095,Hairdo 4,cha ID:1
[04-08 15:02:20.861]2096,Hairdo 4,cha ID:1
[04-08 15:02:20.862]2097,Hairdo 5,cha ID:1
[04-08 15:02:20.862]2098,Hairdo 5,cha ID:1
[04-08 15:02:20.863]2099,Hairdo 5,cha ID:1
[04-08 15:02:20.863]2100,Hairdo 5,cha ID:1
[04-08 15:02:20.864]2101,Hairdo 6,cha ID:1
[04-08 15:02:20.864]2102,Hairdo 6,cha ID:1
[04-08 15:02:20.865]2103,Hairdo 6,cha ID:1
[04-08 15:02:20.866]2104,Hairdo 6,cha ID:1
[04-08 15:02:20.866]2105,Hairdo 6,cha ID:1
[04-08 15:02:20.867]2106,Hairdo 6,cha ID:1
[04-08 15:02:20.867]2107,Hairdo 6,cha ID:1
[04-08 15:02:20.868]2108,Hairdo 7,cha ID:1
[04-08 15:02:20.868]2109,Hairdo 7,cha ID:1
[04-08 15:02:20.869]2110,Hairdo 7,cha ID:1
[04-08 15:02:20.870]2111,Hairdo 7,cha ID:1
[04-08 15:02:20.870]2112,Hairdo 7,cha ID:1
[04-08 15:02:20.871]2113,Hairdo 7,cha ID:1
[04-08 15:02:20.871]2114,Hairdo 8,cha ID:1
[04-08 15:02:20.872]2115,Hairdo 8,cha ID:1
[04-08 15:02:20.872]2116,Hairdo 8,cha ID:1
[04-08 15:02:20.873]2117,Hairdo 8,cha ID:1
[04-08 15:02:20.873]2118,Hairdo 8,cha ID:1
[04-08 15:02:20.874]2119,Hairdo 8,cha ID:1
[04-08 15:02:20.875]2120,Hairdo 8,cha ID:1
[04-08 15:02:20.875]2121,Carsise Failed Hairdo 1,cha ID:1
[04-08 15:02:20.876]2122,Guy 2 Bald Hairdo,cha ID:1
[04-08 15:02:20.876]2123,Carsise Failed Hairdo 2,cha ID:1
[04-08 15:02:20.877]2124,Hairdo 1,cha ID:1
[04-08 15:02:20.877]2125,Hairdo 2,cha ID:1
[04-08 15:02:20.878]2126,Hairdo 3,cha ID:1
[04-08 15:02:20.879]2127,Hairdo 4,cha ID:1
[04-08 15:02:20.879]2128,Hairdo 5,cha ID:1
[04-08 15:02:20.880]2129,Hairdo 6,cha ID:1
[04-08 15:02:20.880]2130,Hairdo 7,cha ID:1
[04-08 15:02:20.881]2131,Hairdo 8,cha ID:1
[04-08 15:02:20.881]2132,Event Commissioner,cha ID:1
[04-08 15:02:20.882]2133,Hairdo 1,cha ID:1
[04-08 15:02:20.883]2134,Hairdo 1,cha ID:1
[04-08 15:02:20.883]2135,Hairdo 1,cha ID:1
[04-08 15:02:20.884]2136,Hairdo 1,cha ID:1
[04-08 15:02:20.884]2137,Hairdo 1,cha ID:1
[04-08 15:02:20.885]2138,Hairdo 1,cha ID:1
[04-08 15:02:20.885]2139,Hairdo 1,cha ID:1
[04-08 15:02:20.886]2140,Hairdo 2,cha ID:1
[04-08 15:02:20.887]2141,Hairdo 2,cha ID:1
[04-08 15:02:20.887]2142,Hairdo 2,cha ID:1
[04-08 15:02:20.888]2143,Hairdo 2,cha ID:1
[04-08 15:02:20.888]2144,Hairdo 2,cha ID:1
[04-08 15:02:20.889]2145,Hairdo 2,cha ID:1
[04-08 15:02:20.889]2146,Hairdo 3,cha ID:1
[04-08 15:02:20.890]2147,Hairdo 3,cha ID:1
[04-08 15:02:20.890]2148,Hairdo 3,cha ID:1
[04-08 15:02:20.891]2149,Hairdo 3,cha ID:1
[04-08 15:02:20.892]2150,Hairdo 3,cha ID:1
[04-08 15:02:20.892]2151,Hairdo 3,cha ID:1
[04-08 15:02:20.893]2152,Hairdo 4,cha ID:1
[04-08 15:02:20.893]2153,Hairdo 4,cha ID:1
[04-08 15:02:20.894]2154,Hairdo 4,cha ID:1
[04-08 15:02:20.894]2155,Hairdo 4,cha ID:1
[04-08 15:02:20.895]2156,Hairdo 4,cha ID:1
[04-08 15:02:20.895]2157,Hairdo 4,cha ID:1
[04-08 15:02:20.896]2158,Hairdo 5,cha ID:1
[04-08 15:02:20.897]2159,Hairdo 5,cha ID:1
[04-08 15:02:20.897]2160,Hairdo 5,cha ID:1
[04-08 15:02:20.898]2161,Hairdo 5,cha ID:1
[04-08 15:02:20.898]2162,Hairdo 5,cha ID:1
[04-08 15:02:20.899]2163,Hairdo 5,cha ID:1
[04-08 15:02:20.899]2164,Hairdo 6,cha ID:1
[04-08 15:02:20.900]2165,Hairdo 6,cha ID:1
[04-08 15:02:20.900]2166,Hairdo 6,cha ID:1
[04-08 15:02:20.901]2167,Hairdo 6,cha ID:1
[04-08 15:02:20.902]2168,Hairdo 6,cha ID:1
[04-08 15:02:20.902]2169,Hairdo 6,cha ID:1
[04-08 15:02:20.903]2170,Hairdo 7,cha ID:1
[04-08 15:02:20.903]2171,Hairdo 7,cha ID:1
[04-08 15:02:20.904]2172,Hairdo 7,cha ID:1
[04-08 15:02:20.904]2173,Hairdo 7,cha ID:1
[04-08 15:02:20.905]2174,Hairdo 7,cha ID:1
[04-08 15:02:20.906]2175,Hairdo 7,cha ID:1
[04-08 15:02:20.906]2176,Hairdo 8,cha ID:1
[04-08 15:02:20.907]2177,Hairdo 8,cha ID:1
[04-08 15:02:20.907]2178,Hairdo 8,cha ID:1
[04-08 15:02:20.908]2179,Hairdo 8,cha ID:1
[04-08 15:02:20.908]2180,Hairdo 8,cha ID:1
[04-08 15:02:20.909]2181,Hairdo 8,cha ID:1
[04-08 15:02:20.910]2182,Phyllis Failed Hairdo 1,cha ID:1
[04-08 15:02:20.910]2183,Phyllis Failed Hairdo 2,cha ID:1
[04-08 15:02:20.911]2184,Girl 1 Bald Hairdo,cha ID:1
[04-08 15:02:20.911]2185,Girl 1 Hair Makeup 01,cha ID:1
[04-08 15:02:20.912]2186,Girl 2 Hair 00,cha ID:1
[04-08 15:02:20.959]2275,Lance Trendy Hairdo 1,cha ID:4
[04-08 15:02:20.961]2276,Lance Trendy Hairdo 2,cha ID:4
[04-08 15:02:20.961]2277,Lance Trendy Hairdo 3,cha ID:4
[04-08 15:02:20.962]2278,Lance Trendy Hairdo 4,cha ID:4
[04-08 15:02:20.963]2279,Carsise Trendy Hairdo 1,cha ID:4
[04-08 15:02:20.963]2280,Carsise Trendy Hairdo 2,cha ID:4
[04-08 15:02:20.964]2281,Carsise Trendy Hairdo 3,cha ID:4
[04-08 15:02:20.964]2282,Carsise Trendy Hairdo 4,cha ID:4
[04-08 15:02:20.965]2283,Phyllis Trendy Hairdo 1,cha ID:4
[04-08 15:02:20.965]2284,Phyllis Trendy Hairdo 2,cha ID:4
[04-08 15:02:20.966]2285,Phyllis Trendy Hairdo 3,cha ID:4
[04-08 15:02:20.966]2286,Phyllis Trendy Hairdo 4,cha ID:4
[04-08 15:02:21.044]2434,Arrow 02,cha ID:1
[04-08 15:02:21.052]2448,Gunpowder 02,cha ID:1
[04-08 15:02:21.080]2499,Left Plaster Glove,cha ID:1
[04-08 15:02:21.080]2500,Left Brawler Glove,cha ID:1
[04-08 15:02:21.081]2501,Left Master Glove,cha ID:1
[04-08 15:02:21.081]2502,Left Jagged Blade,cha ID:1
[04-08 15:02:21.082]2503,Left Cosmo Blade,cha ID:1
[04-08 15:02:21.082]2504,Left Tiger Glove,cha ID:1
[04-08 15:02:21.083]2505,Left Hand of Death,cha ID:1
[04-08 15:02:21.089]2517,UPO Cap,cha ID:1
[04-08 15:02:21.094]2527,Raging Bull Tattoo,cha ID:3
[04-08 15:02:21.094]2528,Savage Bull Tattoo,cha ID:3
[04-08 15:02:21.095]2529,Primal Tattoo,cha ID:3
[04-08 15:02:21.095]2530,Hephaestus Framestone,cha ID:1
[04-08 15:02:21.096]2531,Hephaestus Clawstone,cha ID:1
[04-08 15:02:21.096]2532,Hephaestus Pawstone,cha ID:1
[04-08 15:02:21.097]2533,Hermes Framestone,cha ID:1
[04-08 15:02:21.097]2534,Hermes Clawstone,cha ID:1
[04-08 15:02:21.098]2535,Hermes Pawstone,cha ID:1
[04-08 15:02:21.098]2536,Apollo Framestone,cha ID:1
[04-08 15:02:21.099]2537,Apollo Clawstone,cha ID:1
[04-08 15:02:21.099]2538,Apollo Pawstone,cha ID:1
[04-08 15:02:21.100]2539,Poseidon Framestone,cha ID:1
[04-08 15:02:21.101]2540,Poseidon Clawstone,cha ID:1
[04-08 15:02:21.101]2541,Poseidon Pawstone,cha ID:1
[04-08 15:02:21.102]2542,Hestia Framestone,cha ID:1
[04-08 15:02:21.102]2543,Hestia Clawstone,cha ID:1
[04-08 15:02:21.103]2544,Hestia Pawstone,cha ID:1
[04-08 15:02:21.103]2545,Athena Framestone,cha ID:1
[04-08 15:02:21.104]2546,Athena Clawstone,cha ID:1
[04-08 15:02:21.104]2547,Athena Pawstone,cha ID:1
[04-08 15:02:21.105]2548,Artemis Crownstone,cha ID:4
[04-08 15:02:21.107]2552,Corporeal Kylin Cap,cha ID:1
[04-08 15:02:21.365]3061,Bear Shoes,cha ID:1
[04-08 15:02:21.490]3285,Calculator,cha ID:1
[04-08 15:02:21.491]3287,Serious study book,cha ID:1
[04-08 15:02:21.672]3612,Virgo's Shadow,cha ID:2
[04-08 15:02:21.673]3613,Virgo's Touch,cha ID:2
[04-08 15:02:21.673]3614,Virgo's Trace,cha ID:2
[04-08 15:02:21.675]3617,Virgo's Bind,cha ID:1
[04-08 15:02:21.675]3618,Virgo's Claw,cha ID:1
[04-08 15:02:21.676]3619,Virgo's Print,cha ID:1
[04-08 15:02:21.677]3622,Virgo's Protection,cha ID:2
[04-08 15:02:21.678]3623,Virgo's Caress,cha ID:2
[04-08 15:02:21.678]3624,Virgo's Dance,cha ID:2
[04-08 15:02:21.680]3627,Virgo's Possession,cha ID:1
[04-08 15:02:21.681]3628,Virgo's Death,cha ID:1
[04-08 15:02:21.681]3629,Virgo's Trail,cha ID:1
[04-08 15:02:21.683]3632,Virgo's Torso,cha ID:1
[04-08 15:02:21.683]3633,Virgo's Span,cha ID:1
[04-08 15:02:21.684]3634,Virgo's Wanderer,cha ID:1
[04-08 15:02:21.686]3638,Virgo's Seal,cha ID:2
[04-08 15:02:21.686]3639,Virgo's Hand,cha ID:2
[04-08 15:02:21.687]3640,Virgo's Brace,cha ID:2
[04-08 15:02:21.965]4147,Spirit Beast Tattoo,cha ID:3
[04-08 15:02:21.966]4148,Arcane Beast Tattoo,cha ID:3
[04-08 15:02:21.966]4149,Capricious Battle Armor,cha ID:4
[04-08 15:02:21.967]4150,Sagacious Battle Armor,cha ID:4
[04-08 15:02:21.967]4151,Robe of Perception,cha ID:2
[04-08 15:02:21.968]4152,Robe of Gallant,cha ID:2
[04-08 15:02:21.968]4153,Nautical Coat,cha ID:2
[04-08 15:02:21.969]4154,Arcane Lobster Costume,cha ID:1
[04-08 15:02:21.969]4155,Robe of Stride,cha ID:2
[04-08 15:02:21.970]4156,Pique Lobster Costume,cha ID:1
[04-08 15:02:21.970]4157,Robe of Melody,cha ID:1
[04-08 15:02:21.971]4158,Arcane Bunny Costume,cha ID:1
[04-08 15:02:21.972]4159,Robe of Spirit,cha ID:1
[04-08 15:02:21.972]4160,Pique Bunny Costume,cha ID:1
[04-08 15:02:21.973]4161,Robe of Vengence,cha ID:1
[04-08 15:02:21.973]4162,Arcane Otter Costume,cha ID:1
[04-08 15:02:21.974]4163,Robe of Amercement,cha ID:1
[04-08 15:02:21.974]4164,Pique Otter Costume,cha ID:1
[04-08 15:02:21.975]4165,Capricious Battle Gauntlets,cha ID:4
[04-08 15:02:21.975]4166,Sagacious Battle Gauntlets,cha ID:4
[04-08 15:02:21.976]4167,Gloves of Perception,cha ID:2
[04-08 15:02:21.976]4168,Gloves of Gallant,cha ID:2
[04-08 15:02:21.977]4169,Nautical Gloves,cha ID:2
[04-08 15:02:21.977]4170,Arcane Lobster Muffs,cha ID:1
[04-08 15:02:21.978]4171,Gloves of Stride,cha ID:2
[04-08 15:02:21.979]4172,Pique Lobster Muffs,cha ID:1
[04-08 15:02:21.979]4173,Gloves of Melody,cha ID:1
[04-08 15:02:21.980]4174,Arcane Bunny Muffs,cha ID:1
[04-08 15:02:21.980]4175,Gloves of Spirit,cha ID:1
[04-08 15:02:21.981]4176,Pique Bunny Muffs,cha ID:1
[04-08 15:02:21.981]4177,Gloves of Vengence,cha ID:1
[04-08 15:02:21.982]4178,Arcane Otter Muffs,cha ID:1
[04-08 15:02:21.982]4179,Gloves of Amercement,cha ID:1
[04-08 15:02:21.983]4180,Pique Otter Muffs,cha ID:1
[04-08 15:02:21.983]4181,Capricious Battle Greaves,cha ID:4
[04-08 15:02:21.984]4182,Sagacious Battle Greaves,cha ID:4
[04-08 15:02:21.984]4183,Boots of Perception,cha ID:2
[04-08 15:02:21.985]4184,Boots of Gallant,cha ID:2
[04-08 15:02:21.985]4185,Nautical Boots,cha ID:2
[04-08 15:02:21.986]4186,Arcane Lobster Shoes,cha ID:1
[04-08 15:02:21.987]4187,Boots of Stride,cha ID:2
[04-08 15:02:21.987]4188,Pique Lobster Shoes,cha ID:1
[04-08 15:02:21.988]4189,Boots of Melody,cha ID:1
[04-08 15:02:21.988]4190,Arcane Bunny Shoes,cha ID:1
[04-08 15:02:21.989]4191,Boots of Spirit,cha ID:1
[04-08 15:02:21.989]4192,Pique Bunny Shoes,cha ID:1
[04-08 15:02:21.990]4193,Boots of Vengence,cha ID:1
[04-08 15:02:21.990]4194,Arcane Otter Shoes,cha ID:1
[04-08 15:02:21.991]4195,Boots of Amercement,cha ID:1
[04-08 15:02:21.991]4196,Pique Otter Shoes,cha ID:1
[04-08 15:02:23.026]6144,Forest Battle Robe,cha ID:2
[04-08 15:02:23.027]6145,Forest Battle Gloves,cha ID:2
[04-08 15:02:23.027]6146,Forest Battle Boots,cha ID:2
[04-08 15:02:23.028]6147,Holy Armor,cha ID:2
[04-08 15:02:23.028]6148,Holy Armor Gloves,cha ID:2
[04-08 15:02:23.029]6149,Holy Armor Boots,cha ID:2
[04-08 15:02:23.029]6150,Savage Armor,cha ID:1
[04-08 15:02:23.030]6151,Savage Armor Gloves,cha ID:1
[04-08 15:02:23.031]6152,Savage Armor Boots,cha ID:1
[04-08 15:02:23.032]6154,Ice Battle Armor,cha ID:2
[04-08 15:02:23.032]6155,Ice Battle Gloves,cha ID:2
[04-08 15:02:23.033]6156,Ice Battle Boots,cha ID:2
[04-08 15:02:23.033]6158,Ice Holy Robe,cha ID:1
[04-08 15:02:23.035]6159,Ice Holy Gloves,cha ID:1
[04-08 15:02:23.035]6160,Ice Holy Boots,cha ID:1
[04-08 15:02:23.036]6162,Ice Magic Robe,cha ID:1
[04-08 15:02:23.037]6163,Ice Spirit Gloves,cha ID:1
[04-08 15:02:23.037]6164,Ice Spirit Boots,cha ID:1
[04-08 15:02:23.042]6174,Sealed Guard of Epic Prowess,cha ID:2
[04-08 15:02:23.043]6175,Sealed Bless of Epic Prowess,cha ID:2
[04-08 15:02:23.043]6176,Sealed Mercy of Epic Prowess,cha ID:2
[04-08 15:02:23.044]6178,Sealed Guard of Honor,cha ID:2
[04-08 15:02:23.045]6179,Sealed Bless of Honor,cha ID:2
[04-08 15:02:23.046]6180,Sealed Mercy of Honor,cha ID:2
[04-08 15:02:23.047]6182,Sealed Guard of Sacrifice,cha ID:1
[04-08 15:02:23.047]6183,Sealed Bless of Sacrifice,cha ID:1
[04-08 15:02:23.048]6184,Sealed Mercy of Sacrifice,cha ID:1
[04-08 15:02:23.049]6186,Sealed Guard of Justice,cha ID:2
[04-08 15:02:23.049]6187,Sealed Bless of Justice,cha ID:2
[04-08 15:02:23.050]6188,Sealed Mercy of Justice,cha ID:2
[04-08 15:02:23.051]6190,Sealed Guard of Empathy,cha ID:1
[04-08 15:02:23.051]6191,Sealed Bless of Empathy,cha ID:1
[04-08 15:02:23.052]6192,Sealed Mercy of Empathy,cha ID:1
[04-08 15:02:23.053]6194,Sealed Guard of Inspiration,cha ID:1
[04-08 15:02:23.054]6195,Sealed Bless of Inspiration,cha ID:1
[04-08 15:02:23.054]6196,Sealed Mercy of Inspiration,cha ID:1
[04-08 15:02:23.341]7096,Kylin Helm,cha ID:1
[04-08 15:02:23.347]7108,Frozen Kylin Helm,cha ID:1
[04-08 15:02:23.348]7109,Dark Kylin Helm,cha ID:1
[04-08 15:02:23.348]7110,Holy Kylin Helm,cha ID:1
[04-08 15:02:23.360]7132,Black Dragon Lord's Helm,cha ID:1
[04-08 15:02:23.379]7166,Undead Kylin Helm,cha ID:1
[04-08 15:02:23.393]7205,Champion's Bind,cha ID:1
[04-08 15:02:23.393]7206,Champion's Touch,cha ID:1
[04-08 15:02:23.394]7207,Champion's Print,cha ID:1
[04-08 15:02:23.394]7208,Crusader's Shadow,cha ID:2
[04-08 15:02:23.395]7209,Crusader's Touch,cha ID:2
[04-08 15:02:23.395]7210,Crusader's Trace,cha ID:2
[04-08 15:02:23.396]7211,Sharpshooter's Seal,cha ID:2
[04-08 15:02:23.396]7212,Sharpshooter's Hand,cha ID:2
[04-08 15:02:23.397]7213,Sharpshooter's Brace,cha ID:2
[04-08 15:02:23.398]7214,Voyager's Protection,cha ID:2
[04-08 15:02:23.398]7215,Voyager's Caress,cha ID:2
[04-08 15:02:23.399]7216,Voyager's Dance,cha ID:2
[04-08 15:02:23.399]7217,Cleric's Possession,cha ID:1
[04-08 15:02:23.400]7218,Cleric Hands of Healing,cha ID:1
[04-08 15:02:23.400]7219,Cleric's Trail,cha ID:1
[04-08 15:02:23.401]7220,Sealmaster's Torso,cha ID:1
[04-08 15:02:23.401]7221,Sealmaster's Span,cha ID:1
[04-08 15:02:23.402]7222,Sealmaster's Wanderer,cha ID:1
[04-08 15:02:23.402]7223,Hairdo 1,cha ID:2
[04-08 15:02:23.403]7224,Hairdo 1,cha ID:2
[04-08 15:02:23.403]7225,Hairdo 3,cha ID:2
[04-08 15:02:23.404]7226,Hairdo 4,cha ID:2
[04-08 15:02:23.405]7227,Hairdo 5,cha ID:2
[04-08 15:02:23.405]7228,Hairdo 8,cha ID:2
[04-08 15:02:23.406]7229,Lance Trendy Hairdo 4,cha ID:4
[04-08 15:02:23.406]7230,Hairdo 1,cha ID:2
[04-08 15:02:23.407]7231,Hairdo 1,cha ID:2
[04-08 15:02:23.407]7232,Hairdo 2,cha ID:2
[04-08 15:02:23.408]7233,Hairdo 2,cha ID:2
[04-08 15:02:23.408]7234,Hairdo 3,cha ID:2
[04-08 15:02:23.409]7235,Hairdo 4,cha ID:2
[04-08 15:02:23.409]7236,Hairdo 4,cha ID:2
[04-08 15:02:23.414]7245,Terra's Undead Kylin Helm,cha ID:1
[04-08 15:02:23.516]7501,Lance Trendy Hairdo 3,cha ID:4
[04-08 15:02:23.516]7502,Lance Trendy Hairdo 4,cha ID:4
[04-08 15:02:23.517]7503,Lance Trendy Hairdo 5,cha ID:4
[04-08 15:02:23.517]7504,Lance Trendy Hairdo 6,cha ID:4
[04-08 15:02:23.518]7505,Lance Trendy Hairdo 7,cha ID:4
[04-08 15:02:23.518]7506,Lance Trendy Hairdo 8,cha ID:4
[04-08 15:02:23.519]7507,Lance Trendy Hairdo 9,cha ID:4
[04-08 15:02:23.519]7508,Lance Trendy Hairdo 10,cha ID:4
[04-08 15:02:23.520]7509,Lance Trendy Hairdo 11,cha ID:2
[04-08 15:02:23.520]7510,Lance Trendy Hairdo 12,cha ID:2
[04-08 15:02:23.521]7511,Lance Trendy Hairdo 13,cha ID:2
[04-08 15:02:23.521]7512,Lance Trendy Hairdo 14,cha ID:2
[04-08 15:02:23.522]7513,Lance Trendy Hairdo 15,cha ID:2
[04-08 15:02:23.523]7514,Lance Trendy Hairdo 16,cha ID:2
[04-08 15:02:23.523]7515,Lance Trendy Hairdo 17,cha ID:2
[04-08 15:02:23.524]7516,Lance Trendy Hairdo 18,cha ID:2
[04-08 15:02:23.524]7517,Phyllis Trendy Hairdo 3,cha ID:4
[04-08 15:02:23.525]7518,Phyllis Trendy Hairdo 4,cha ID:4
[04-08 15:02:23.525]7519,Phyllis Trendy Hairdo 5,cha ID:4
[04-08 15:02:23.526]7520,Phyllis Trendy Hairdo 6,cha ID:4
[04-08 15:02:23.526]7521,Phyllis Trendy Hairdo 7,cha ID:4
[04-08 15:02:23.527]7522,Phyllis Trendy Hairdo 8,cha ID:4
[04-08 15:02:23.527]7523,Phyllis Trendy Hairdo 9,cha ID:4
[04-08 15:02:23.528]7524,Phyllis Trendy Hairdo 10,cha ID:4
[04-08 15:02:23.964]9700,Tattoo of Evanescence,cha ID:3
[04-08 15:02:23.966]9704,Armor of Evanescence,cha ID:4
[04-08 15:02:23.967]9706,Gauntlets of Evanescence,cha ID:4
[04-08 15:02:23.967]9707,Greaves of Evanescence,cha ID:4
[04-08 15:02:23.968]9708,Coat of Evanescence,cha ID:2
[04-08 15:02:23.969]9710,Gloves of Evanescence,cha ID:2
[04-08 15:02:23.969]9711,Shoes of Evanescence,cha ID:2
[04-08 15:02:23.970]9712,Robe of the Arcane,cha ID:1
[04-08 15:02:23.972]9714,Gloves of the Arcane,cha ID:1
[04-08 15:02:23.973]9715,Boots of the of the Arcane,cha ID:1
[04-08 15:02:23.973]9716,Robe of Malediction,cha ID:1
[04-08 15:02:23.974]9718,Gloves of Malediction,cha ID:1
[04-08 15:02:23.975]9719,Boots of Malediction,cha ID:1
[04-08 15:02:23.975]9720,Cloak of Evanescence,cha ID:2
[04-08 15:02:23.976]9722,Heavy Gloves of Evanescence,cha ID:2
[04-08 15:02:23.977]9723,Boots of Evanescence,cha ID:2
[04-08 15:02:23.977]9724,Tattoo of Enigma,cha ID:3
[04-08 15:02:23.978]9725,Armor of Enigma,cha ID:4
[04-08 15:02:23.980]9728,Mantle of Enigma,cha ID:2
[04-08 15:02:23.981]9731,Robe of Enigma,cha ID:1
[04-08 15:02:23.982]9733,Robe of the Sphinx,cha ID:1
[04-08 15:02:23.983]9735,Mantle of the Sphinx,cha ID:2
[04-08 15:02:23.984]9736,Tattoo of the Cursed Warrior,cha ID:3
[04-08 15:02:23.984]9737,Platemail of the Cursed Soul,cha ID:4
[04-08 15:02:23.986]9740,Corset of Incantation,cha ID:2
[04-08 15:02:23.988]9743,Coat of Invocation,cha ID:1
[04-08 15:02:23.989]9745,Robe of Abraxas,cha ID:1
[04-08 15:02:23.990]9747,Mantle of the Cursed Flame,cha ID:2
[04-08 15:50:44.871]135,Arrow 01,cha ID:1
[04-08 15:50:44.909]200,Left Plaster Glove,cha ID:1
[04-08 15:50:44.909]201,Left Brawler Glove,cha ID:1
[04-08 15:50:44.909]202,Left Master Glove,cha ID:1
[04-08 15:50:44.909]203,Left Jagged Blade,cha ID:1
[04-08 15:50:44.909]204,Left Cosmo Blade,cha ID:1
[04-08 15:50:44.909]205,Left Tiger Glove,cha ID:1
[04-08 15:50:44.909]206,Left Hand of Death,cha ID:1
[04-08 15:50:44.930]228,Raging Bull Tattoo,cha ID:3
[04-08 15:50:44.930]229,Savage Bull Tattoo,cha ID:3
[04-08 15:50:44.931]230,Primal Tattoo,cha ID:3
[04-08 15:50:44.960]290,Husk Armor,cha ID:4
[04-08 15:50:44.960]291,Thick Armor,cha ID:4
[04-08 15:50:44.960]292,Leather Armor,cha ID:4
[04-08 15:50:44.960]293,Rhino Hide Armor,cha ID:4
[04-08 15:50:44.960]294,Tiger Hide Armor,cha ID:4
[04-08 15:50:44.960]295,Breast Plate,cha ID:4
[04-08 15:50:44.960]296,Soft Leather Armor,cha ID:4
[04-08 15:50:44.960]297,Heavy Leather Armor,cha ID:4
[04-08 15:50:44.960]298,Strong Leather Armor,cha ID:4
[04-08 15:50:44.960]299,Mithril Platemail,cha ID:4
[04-08 15:50:44.960]300,Chain Mail,cha ID:3
[04-08 15:50:44.960]301,Strong Platemail,cha ID:3
[04-08 15:50:44.960]302,Light Platemail,cha ID:4
[04-08 15:50:44.960]303,Silver Platemail,cha ID:4
[04-08 15:50:44.960]304,Ceremonial Platemail,cha ID:4
[04-08 15:50:44.960]305,Coarse Vest,cha ID:2
[04-08 15:50:44.960]306,Canvas Vest,cha ID:2
[04-08 15:50:44.960]307,Exquisite Vest,cha ID:2
[04-08 15:50:44.960]308,Leather Vest,cha ID:2
[04-08 15:50:44.960]309,Warrior Frock,cha ID:2
[04-08 15:50:44.960]310,Feather Vest,cha ID:2
[04-08 15:50:44.960]311,Safari Vest,cha ID:2
[04-08 15:50:44.960]312,Emerald Vest,cha ID:2
[04-08 15:50:44.976]313,Hunter Vest,cha ID:2
[04-08 15:50:44.976]314,Slick Vest,cha ID:2
[04-08 15:50:44.976]315,Peacock Vest,cha ID:2
[04-08 15:50:44.976]316,Ringdove Vest,cha ID:2
[04-08 15:50:44.976]317,Raptor Vest,cha ID:2
[04-08 15:50:44.976]335,Cloth Shirt,cha ID:2
[04-08 15:50:44.976]336,Tough Vest,cha ID:2
[04-08 15:50:44.976]337,Explorer Vest,cha ID:2
[04-08 15:50:44.976]338,Adventure Vest,cha ID:2
[04-08 15:50:44.976]339,Helmsman Vest,cha ID:2
[04-08 15:50:44.976]340,Oarsman Vest,cha ID:2
[04-08 15:50:44.992]341,Deckman Vest,cha ID:2
[04-08 15:50:44.992]342,Mastman Vest,cha ID:2
[04-08 15:50:44.992]343,Hurricane Vest,cha ID:2
[04-08 15:50:44.994]344,Whirlpool Vest,cha ID:2
[04-08 15:50:44.994]345,Wind Vest,cha ID:2
[04-08 15:50:44.994]350,Crabby Costume,cha ID:1
[04-08 15:50:44.994]351,Rooroo Costume,cha ID:1
[04-08 15:50:44.994]352,Playful Racoon Costume,cha ID:1
[04-08 15:50:44.994]353,Duckling Costume,cha ID:1
[04-08 15:50:44.994]354,Big Crab Costume,cha ID:1
[04-08 15:50:44.994]355,Lobster Costume,cha ID:1
[04-08 15:50:44.994]356,Ducky Costume,cha ID:1
[04-08 15:50:44.994]357,Prawn Costume,cha ID:1
[04-08 15:50:44.994]358,Pincer Costume,cha ID:1
[04-08 15:50:44.994]359,Sheepy Costume,cha ID:1
[04-08 15:50:44.994]360,Meowy Costume,cha ID:1
[04-08 15:50:44.994]361,Owl Costume,cha ID:1
[04-08 15:50:44.994]362,Hopperoo Costume,cha ID:1
[04-08 15:50:44.994]363,Clever Otter Costume,cha ID:1
[04-08 15:50:44.994]364,Lucky Otter Costume,cha ID:1
[04-08 15:50:44.994]365,Medic Robe,cha ID:1
[04-08 15:50:44.994]366,Foster Robe,cha ID:1
[04-08 15:50:44.994]367,Travel Robe,cha ID:1
[04-08 15:50:44.994]368,Nurse Robe,cha ID:1
[04-08 15:50:45.008]369,Garcon Robe,cha ID:1
[04-08 15:50:45.008]370,Holy Robe,cha ID:1
[04-08 15:50:45.008]371,Follower Robe,cha ID:1
[04-08 15:50:45.008]372,Attendant Robe,cha ID:1
[04-08 15:50:45.008]373,Scholar Robe,cha ID:1
[04-08 15:50:45.008]374,Emergency Robe,cha ID:1
[04-08 15:50:45.008]375,Passage Robe,cha ID:1
[04-08 15:50:45.008]376,Healer Robe,cha ID:1
[04-08 15:50:45.008]377,Protector Robe,cha ID:1
[04-08 15:50:45.008]378,Piety Robe,cha ID:1
[04-08 15:50:45.008]379,Blessed Robe,cha ID:1
[04-08 15:50:45.008]380,Mousey Costume,cha ID:1
[04-08 15:50:45.008]381,Kitty Costume,cha ID:1
[04-08 15:50:45.008]382,Loopy Bunny Costume,cha ID:1
[04-08 15:50:45.008]383,Goaty Costume,cha ID:1
[04-08 15:50:45.008]384,Deer Costume,cha ID:1
[04-08 15:50:45.008]385,Otter Costume,cha ID:1
[04-08 15:50:45.008]386,Racoon Costume,cha ID:1
[04-08 15:50:45.008]388,Happy Bunny Costume,cha ID:1
[04-08 15:50:45.008]389,Night Owl Costume,cha ID:1
[04-08 15:50:45.008]390,Kangaroo Costume,cha ID:1
[04-08 15:50:45.008]391,Joyful Bunny Costume,cha ID:1
[04-08 15:50:45.008]392,Bunny Baby Costume,cha ID:1
[04-08 15:50:45.008]393,Lucky Bunny Costume,cha ID:1
[04-08 15:50:45.008]394,Heavenly Vest,cha ID:1
[04-08 15:50:45.008]395,Armor of Night,cha ID:2
[04-08 15:50:45.008]396,Armor of Secrets,cha ID:2
[04-08 15:50:45.008]397,Armor of Hercules,cha ID:1
[04-08 15:50:45.023]398,Armor of Olympus,cha ID:1
[04-08 15:50:45.023]399,Vest of Marksmanship,cha ID:2
[04-08 15:50:45.023]400,Vest of Apollo,cha ID:2
[04-08 15:50:45.025]401,Robe of the Wise,cha ID:1
[04-08 15:50:45.025]402,Robe of the Sage,cha ID:1
[04-08 15:50:45.025]403,Happy Panda Costume,cha ID:1
[04-08 15:50:45.025]404,Mystic Panda Costume,cha ID:1
[04-08 15:50:45.025]405,Fairy Robe,cha ID:1
[04-08 15:50:45.025]406,Faerie Robe,cha ID:1
[04-08 15:50:45.025]407,Gold Fish Costume,cha ID:1
[04-08 15:50:45.025]408,Fish Fairy Costume,cha ID:1
[04-08 15:50:45.025]409,Tidal Robe,cha ID:2
[04-08 15:50:45.025]410,Bear Costume,cha ID:1
[04-08 15:50:45.025]411,Tsunami Robe,cha ID:2
[04-08 15:50:45.025]412,Dragon Costume,cha ID:1
[04-08 15:50:45.025]413,Dragon Lord Costume,cha ID:1
[04-08 15:50:45.055]466,Husk Gloves,cha ID:4
[04-08 15:50:45.055]467,Thick Gloves,cha ID:4
[04-08 15:50:45.055]468,Leather Gloves,cha ID:4
[04-08 15:50:45.055]469,Rhino Hide Gloves,cha ID:4
[04-08 15:50:45.055]470,Tiger Hide Gloves,cha ID:4
[04-08 15:50:45.055]471,Gauntlets,cha ID:4
[04-08 15:50:45.055]472,Soft Leather Gloves,cha ID:4
[04-08 15:50:45.055]473,Heavy Leather Gloves,cha ID:4
[04-08 15:50:45.055]474,Strong Leather Gloves,cha ID:4
[04-08 15:50:45.055]475,Mithril Gauntlets,cha ID:4
[04-08 15:50:45.055]476,Chain Gauntlets,cha ID:3
[04-08 15:50:45.055]477,Strong Gauntlets,cha ID:3
[04-08 15:50:45.055]478,Light Gauntlets,cha ID:4
[04-08 15:50:45.055]479,Silver Gauntlets,cha ID:4
[04-08 15:50:45.055]480,Ceremonial Gauntlets,cha ID:4
[04-08 15:50:45.055]481,Coarse Gloves,cha ID:2
[04-08 15:50:45.055]482,Canvas Gloves,cha ID:2
[04-08 15:50:45.071]483,Exquisite Gloves,cha ID:2
[04-08 15:50:45.071]484,Leather Gloves,cha ID:2
[04-08 15:50:45.071]485,Warrior Gloves,cha ID:2
[04-08 15:50:45.071]486,Feather Gloves,cha ID:2
[04-08 15:50:45.071]487,Safari Gloves,cha ID:2
[04-08 15:50:45.071]488,Emerald Gloves,cha ID:2
[04-08 15:50:45.071]489,Hunter Gloves,cha ID:2
[04-08 15:50:45.071]490,Slick Gloves,cha ID:2
[04-08 15:50:45.071]491,Peacock Gloves,cha ID:2
[04-08 15:50:45.071]492,Ringdove Gloves,cha ID:2
[04-08 15:50:45.071]493,Raptor Gloves,cha ID:2
[04-08 15:50:45.071]511,Cloth Gloves,cha ID:2
[04-08 15:50:45.086]512,Tough Gloves,cha ID:2
[04-08 15:50:45.086]513,Explorer Gloves,cha ID:2
[04-08 15:50:45.086]514,Adventure Gloves,cha ID:2
[04-08 15:50:45.088]515,Helmsman Gloves,cha ID:2
[04-08 15:50:45.088]516,Oarsman Gloves,cha ID:2
[04-08 15:50:45.088]517,Deckman Gloves,cha ID:2
[04-08 15:50:45.088]518,Mastman Gloves,cha ID:2
[04-08 15:50:45.088]519,Hurricane Gloves,cha ID:2
[04-08 15:50:45.088]520,Whirlpool Gloves,cha ID:2
[04-08 15:50:45.088]521,Wind Gloves,cha ID:2
[04-08 15:50:45.088]526,Crabby Gloves,cha ID:1
[04-08 15:50:45.088]527,Rooroo Muffs,cha ID:1
[04-08 15:50:45.088]528,Playful Racoon Muffs,cha ID:1
[04-08 15:50:45.088]529,Duckling Muffs,cha ID:1
[04-08 15:50:45.088]530,Big Crab Muffs,cha ID:1
[04-08 15:50:45.088]531,Lobster Muffs,cha ID:1
[04-08 15:50:45.088]532,Ducky Muffs,cha ID:1
[04-08 15:50:45.088]533,Prawn Muffs,cha ID:1
[04-08 15:50:45.088]534,Pincer Muffs,cha ID:1
[04-08 15:50:45.088]535,Sheepy Muffs,cha ID:1
[04-08 15:50:45.088]536,Meowy Muffs,cha ID:1
[04-08 15:50:45.088]537,Owl Muffs,cha ID:1
[04-08 15:50:45.088]538,Hopperoo Muffs,cha ID:1
[04-08 15:50:45.088]539,Clever Otter Muffs,cha ID:1
[04-08 15:50:45.102]540,Lucky Otter Muffs,cha ID:1
[04-08 15:50:45.102]541,Medic Gloves,cha ID:1
[04-08 15:50:45.102]542,Foster Gloves,cha ID:1
[04-08 15:50:45.102]543,Travel Gloves,cha ID:1
[04-08 15:50:45.102]544,Nurse Gloves,cha ID:1
[04-08 15:50:45.102]545,Garcon Gloves,cha ID:1
[04-08 15:50:45.102]546,Holy Gloves,cha ID:1
[04-08 15:50:45.102]547,Follower Gloves,cha ID:1
[04-08 15:50:45.102]548,Attendant Gloves,cha ID:1
[04-08 15:50:45.102]549,Scholar Gloves,cha ID:1
[04-08 15:50:45.102]550,Emergency Gloves,cha ID:1
[04-08 15:50:45.102]551,Passage Gloves,cha ID:1
[04-08 15:50:45.102]552,Healer Gloves,cha ID:1
[04-08 15:50:45.102]553,Protector Gloves,cha ID:1
[04-08 15:50:45.102]554,Piety Gloves,cha ID:1
[04-08 15:50:45.102]555,Blessed Gloves,cha ID:1
[04-08 15:50:45.102]556,Mousey Muffs,cha ID:1
[04-08 15:50:45.102]557,Kitty Muffs,cha ID:1
[04-08 15:50:45.102]558,Loopy Bunny Muffs,cha ID:1
[04-08 15:50:45.102]559,Goaty Muffs,cha ID:1
[04-08 15:50:45.102]560,Deer Muffs,cha ID:1
[04-08 15:50:45.102]561,Otter Muffs,cha ID:1
[04-08 15:50:45.102]562,Racoon Muffs,cha ID:1
[04-08 15:50:45.102]564,Happy Bunny Muffs,cha ID:1
[04-08 15:50:45.102]565,Night Owl Muffs,cha ID:1
[04-08 15:50:45.102]566,Kangaroo Muffs,cha ID:1
[04-08 15:50:45.102]567,Joyful Bunny Muffs,cha ID:1
[04-08 15:50:45.102]568,Bunny Baby Muffs,cha ID:1
[04-08 15:50:45.118]569,Lucky Bunny Muffs,cha ID:1
[04-08 15:50:45.118]570,Heavenly Gloves,cha ID:1
[04-08 15:50:45.128]586,Bear Gloves,cha ID:1
[04-08 15:50:45.128]587,Gloves of Night,cha ID:2
[04-08 15:50:45.128]588,Gloves of Secrets,cha ID:2
[04-08 15:50:45.130]589,Gloves of Marksmanship,cha ID:2
[04-08 15:50:45.130]590,Gloves of Apollo,cha ID:2
[04-08 15:50:45.130]591,Gloves of the Wise,cha ID:1
[04-08 15:50:45.130]592,Gloves of the Sage,cha ID:1
[04-08 15:50:45.132]593,Happy Panda Gloves,cha ID:1
[04-08 15:50:45.132]594,Mystic Panda Gloves,cha ID:1
[04-08 15:50:45.132]595,Fairy Gloves,cha ID:1
[04-08 15:50:45.134]596,Faerie Gloves,cha ID:1
[04-08 15:50:45.134]597,Gold Fish Muffs,cha ID:1
[04-08 15:50:45.134]598,Fish Fairy Muffs,cha ID:1
[04-08 15:50:45.134]599,Tidal Gloves,cha ID:2
[04-08 15:50:45.136]600,Tsunami Gloves,cha ID:2
[04-08 15:50:45.136]601,Dragon Muffs,cha ID:1
[04-08 15:50:45.136]602,Dragon Lord Muffs,cha ID:1
[04-08 15:50:45.136]603,Gauntlets of Hercules,cha ID:1
[04-08 15:50:45.138]604,Gauntlets of Olympus,cha ID:1
[04-08 15:50:45.155]635,Lv 1 Strike Coral,cha ID:2
[04-08 15:50:45.155]636,Lv 2 Strike Coral,cha ID:2
[04-08 15:50:45.155]637,Lv 3 Strike Coral,cha ID:2
[04-08 15:50:45.155]638,Lv 4 Strike Coral,cha ID:2
[04-08 15:50:45.157]639,Lv 5 Strike Coral,cha ID:2
[04-08 15:50:45.157]642,Husk Boots,cha ID:4
[04-08 15:50:45.159]643,Thick Boots,cha ID:4
[04-08 15:50:45.159]644,Leather Boots,cha ID:4
[04-08 15:50:45.159]645,Rhino Hide Boots,cha ID:4
[04-08 15:50:45.161]646,Tiger Hide Boots,cha ID:4
[04-08 15:50:45.161]647,Greaves,cha ID:4
[04-08 15:50:45.161]648,Soft Leather Boots,cha ID:4
[04-08 15:50:45.161]649,Heavy Leather Boots,cha ID:4
[04-08 15:50:45.163]650,Strong Leather Boots,cha ID:4
[04-08 15:50:45.163]651,Mithril Greaves,cha ID:4
[04-08 15:50:45.163]652,Chain Greaves,cha ID:3
[04-08 15:50:45.165]653,Strong Greaves,cha ID:3
[04-08 15:50:45.165]654,Light Greaves,cha ID:4
[04-08 15:50:45.165]655,Silver Greaves,cha ID:4
[04-08 15:50:45.165]656,Ceremonial Greaves,cha ID:4
[04-08 15:50:45.167]657,Coarse Boots,cha ID:2
[04-08 15:50:45.167]658,Canvas Boots,cha ID:2
[04-08 15:50:45.167]659,Exquisite Boots,cha ID:2
[04-08 15:50:45.167]660,Leather Boots,cha ID:2
[04-08 15:50:45.169]661,Warrior Boots,cha ID:2
[04-08 15:50:45.169]662,Feather Boots,cha ID:2
[04-08 15:50:45.169]663,Safari Boots,cha ID:2
[04-08 15:50:45.169]664,Emerald Boots,cha ID:2
[04-08 15:50:45.171]665,Hunter Boots,cha ID:2
[04-08 15:50:45.171]666,Slick Boots,cha ID:2
[04-08 15:50:45.171]667,Peacock Boots,cha ID:2
[04-08 15:50:45.173]668,Ringdove Boots,cha ID:2
[04-08 15:50:45.173]669,Raptor Boots,cha ID:2
[04-08 15:50:45.183]687,Cloth Boots,cha ID:2
[04-08 15:50:45.183]688,Tough Boots,cha ID:2
[04-08 15:50:45.185]689,Explorer Boots,cha ID:2
[04-08 15:50:45.185]690,Adventure Boots,cha ID:2
[04-08 15:50:45.185]691,Helmsman Boots,cha ID:2
[04-08 15:50:45.185]692,Oarsman Boots,cha ID:2
[04-08 15:50:45.187]693,Deckman Boots,cha ID:2
[04-08 15:50:45.187]694,Mastman Boots,cha ID:2
[04-08 15:50:45.187]695,Hurricane Boots,cha ID:2
[04-08 15:50:45.189]696,Whirlpool Boots,cha ID:2
[04-08 15:50:45.189]697,Wind Boots,cha ID:2
[04-08 15:50:45.191]702,Crabby Shoes,cha ID:1
[04-08 15:50:45.193]703,Rooroo Shoes,cha ID:1
[04-08 15:50:45.193]704,Playful Racoon Shoes,cha ID:1
[04-08 15:50:45.193]705,Duckling Shoes,cha ID:1
[04-08 15:50:45.193]706,Big Crab Shoes,cha ID:1
[04-08 15:50:45.195]707,Lobster Shoes,cha ID:1
[04-08 15:50:45.195]708,Ducky Shoes,cha ID:1
[04-08 15:50:45.195]709,Prawn Shoes,cha ID:1
[04-08 15:50:45.197]710,Pincer Shoes,cha ID:1
[04-08 15:50:45.197]711,Sheepy Shoes,cha ID:1
[04-08 15:50:45.197]712,Meowy Shoes,cha ID:1
[04-08 15:50:45.197]713,Owl Shoes,cha ID:1
[04-08 15:50:45.199]714,Hopperoo Shoes,cha ID:1
[04-08 15:50:45.199]715,Clever Otter Shoes,cha ID:1
[04-08 15:50:45.199]716,Lucky Otter Shoes,cha ID:1
[04-08 15:50:45.199]717,Medic Boots,cha ID:1
[04-08 15:50:45.201]718,Foster Boots,cha ID:1
[04-08 15:50:45.201]719,Travel Boots,cha ID:1
[04-08 15:50:45.201]720,Nurse Boots,cha ID:1
[04-08 15:50:45.203]721,Garcon Boots,cha ID:1
[04-08 15:50:45.203]722,Holy Boots,cha ID:1
[04-08 15:50:45.203]723,Follower Boots,cha ID:1
[04-08 15:50:45.203]724,Attendant Boots,cha ID:1
[04-08 15:50:45.205]725,Scholar Boots,cha ID:1
[04-08 15:50:45.205]726,Emergency Boots,cha ID:1
[04-08 15:50:45.205]727,Passage Boots,cha ID:1
[04-08 15:50:45.205]728,Healer Boots,cha ID:1
[04-08 15:50:45.207]729,Protector Boots,cha ID:1
[04-08 15:50:45.207]730,Piety Boots,cha ID:1
[04-08 15:50:45.207]731,Blessed Boots,cha ID:1
[04-08 15:50:45.209]732,Mousey Shoes,cha ID:1
[04-08 15:50:45.209]733,Kitty Shoes,cha ID:1
[04-08 15:50:45.209]734,Loopy Bunny Shoes,cha ID:1
[04-08 15:50:45.209]735,Goaty Shoes,cha ID:1
[04-08 15:50:45.211]736,Deer Shoes,cha ID:1
[04-08 15:50:45.211]737,Otter Shoes,cha ID:1
[04-08 15:50:45.211]738,Racoon Shoes,cha ID:1
[04-08 15:50:45.212]740,Happy Bunny Shoes,cha ID:1
[04-08 15:50:45.212]741,Night Owl Shoes,cha ID:1
[04-08 15:50:45.212]742,Kangaroo Shoes,cha ID:1
[04-08 15:50:45.212]743,Joyful Bunny Shoes,cha ID:1
[04-08 15:50:45.212]744,Bunny Baby Shoes,cha ID:1
[04-08 15:50:45.212]745,Lucky Bunny Shoes,cha ID:1
[04-08 15:50:45.212]746,Heavenly Shoes,cha ID:1
[04-08 15:50:45.212]747,Boots of Night,cha ID:2
[04-08 15:50:45.212]748,Boots of Secrets,cha ID:2
[04-08 15:50:45.212]749,Boots of Marksmanship,cha ID:2
[04-08 15:50:45.212]750,Boots of Apollo,cha ID:2
[04-08 15:50:45.212]751,Boots of the Wise,cha ID:1
[04-08 15:50:45.212]752,Boots of the Sage,cha ID:1
[04-08 15:50:45.212]753,Happy Panda Shoes,cha ID:1
[04-08 15:50:45.212]754,Mystic Panda Shoes,cha ID:1
[04-08 15:50:45.212]755,Fairy Shoes,cha ID:1
[04-08 15:50:45.212]756,Faerie Shoes,cha ID:1
[04-08 15:50:45.212]757,Gold Fish Shoes,cha ID:1
[04-08 15:50:45.212]758,Fish Fairy Shoes,cha ID:1
[04-08 15:50:45.212]759,Tidal Shoes,cha ID:2
[04-08 15:50:45.212]760,Tsunami Shoes,cha ID:2
[04-08 15:50:45.212]761,Dragon Shoes,cha ID:1
[04-08 15:50:45.212]762,Bear Shoes,cha ID:1
[04-08 15:50:45.212]763,Armor of Revenant,cha ID:4
[04-08 15:50:45.212]764,Tattoo of the Cursed Warrior,cha ID:3
[04-08 15:50:45.212]765,Tattoo of Evanescence,cha ID:3
[04-08 15:50:45.212]766,Tattoo of Enigma,cha ID:3
[04-08 15:50:45.212]767,Platemail of the Cursed Soul,cha ID:4
[04-08 15:50:45.229]768,Armor of Evanescence,cha ID:4
[04-08 15:50:45.229]769,Armor of Enigma,cha ID:4
[04-08 15:50:45.229]777,Robe of Death,cha ID:2
[04-08 15:50:45.229]778,Corset of Incantation,cha ID:2
[04-08 15:50:45.229]779,Coat of Evanescence,cha ID:2
[04-08 15:50:45.229]780,Mantle of Enigma,cha ID:2
[04-08 15:50:45.229]789,Robe of the Venom Witch,cha ID:1
[04-08 15:50:45.229]790,Coat of Invocation,cha ID:1
[04-08 15:50:45.229]791,Robe of the Arcane,cha ID:1
[04-08 15:50:45.229]792,Robe of Enigma,cha ID:1
[04-08 15:50:45.229]796,Robe of Abraxas,cha ID:1
[04-08 15:50:45.244]797,Robe of Malediction,cha ID:1
[04-08 15:50:45.244]798,Robe of the Sphinx,cha ID:1
[04-08 15:50:45.244]803,Mantle of the Naga,cha ID:2
[04-08 15:50:45.244]804,Mantle of the Cursed Flame,cha ID:2
[04-08 15:50:45.244]805,Cloak of Evanescence,cha ID:2
[04-08 15:50:45.244]806,Mantle of the Sphinx,cha ID:2
[04-08 15:50:45.244]807,Gauntlets of Evanescence,cha ID:4
[04-08 15:50:45.244]808,Greaves of Evanescence,cha ID:4
[04-08 15:50:45.244]809,Gloves of Evanescence,cha ID:2
[04-08 15:50:45.244]810,Shoes of Evanescence,cha ID:2
[04-08 15:50:45.244]811,Gloves of Malediction,cha ID:1
[04-08 15:50:45.244]812,Gloves of the Arcane,cha ID:1
[04-08 15:50:45.244]813,Boots of Malediction,cha ID:1
[04-08 15:50:45.244]814,Boots of the of the Arcane,cha ID:1
[04-08 15:50:45.244]815,Heavy Gloves of Evanescence,cha ID:2
[04-08 15:50:45.244]824,Dragon Lord Shoes,cha ID:1
[04-08 15:50:45.260]829,Greaves of Hercules,cha ID:1
[04-08 15:50:45.260]830,Greaves of Olympus,cha ID:1
[04-08 15:50:45.276]877,Boots of Evanescence,cha ID:2
[04-08 15:50:45.414]1115,Grandiose Helm,cha ID:2
[04-08 15:50:45.416]1116,Grandiose Armor,cha ID:2
[04-08 15:50:45.416]1117,Grandiose Gauntlets,cha ID:2
[04-08 15:50:45.416]1118,Grandiose Boots,cha ID:2
[04-08 15:50:45.422]1124,Chaos Framestone,cha ID:1
[04-08 15:50:45.422]1125,Chaos Clawstone,cha ID:1
[04-08 15:50:45.424]1126,Chaos Pawstone,cha ID:1
[04-08 15:50:45.861]1884,Undead Sealed Armor of Revenant,cha ID:4
[04-08 15:50:45.861]1885,Earth Sealed Tattoo of the Cursed Warrior,cha ID:3
[04-08 15:50:45.861]1886,Fire Sealed Tattoo of Evanescence,cha ID:3
[04-08 15:50:45.861]1887,Ice Sealed Tattoo of Enigma,cha ID:3
[04-08 15:50:45.876]1888,Earth Sealed Platemail of the Cursed Soul,cha ID:4
[04-08 15:50:45.876]1889,Fire Sealed Armor of Evanescence,cha ID:4
[04-08 15:50:45.876]1890,Ice Sealed Armor of Enigma,cha ID:4
[04-08 15:50:45.876]1898,Undead Sealed Robe of Death,cha ID:2
[04-08 15:50:45.876]1899,Earth Sealed Corset of Incantation,cha ID:2
[04-08 15:50:45.876]1900,Fire Sealed Coat of Evanescence,cha ID:2
[04-08 15:50:45.876]1901,Ice Sealed Mantle of Enigma,cha ID:2
[04-08 15:50:45.876]1910,Undead Sealed Robe of the Venom Witch,cha ID:1
[04-08 15:50:45.876]1911,Earth Sealed Coat of Invocation,cha ID:1
[04-08 15:50:45.876]1912,Fire Sealed Robe of the Arcane,cha ID:1
[04-08 15:50:45.876]1913,Ice Sealed Robe of Enigma,cha ID:1
[04-08 15:50:45.892]1917,Earth Sealed Robe of Abraxas,cha ID:1
[04-08 15:50:45.892]1918,Fire Sealed Robe of Malediction,cha ID:1
[04-08 15:50:45.892]1919,Ice Sealed Robe of the Sphinx,cha ID:1
[04-08 15:50:45.892]1924,Undead Sealed Mantle of the Naga,cha ID:2
[04-08 15:50:45.892]1925,Earth Sealed Mantle of the Cursed Flame,cha ID:2
[04-08 15:50:45.892]1926,Fire Sealed Cloak of Evanescence,cha ID:2
[04-08 15:50:45.892]1927,Ice Sealed Mantle of the Sphinx,cha ID:2
[04-08 15:50:45.892]1928,Battle Armor of Crimson Flame,cha ID:4
[04-08 15:50:45.892]1929,Battle Armor of the Tempest,cha ID:4
[04-08 15:50:45.892]1930,Battle Armor of Sistine,cha ID:4
[04-08 15:50:45.892]1931,Battle Armor of the Kylin,cha ID:4
[04-08 15:50:45.892]1932,Battle Armor of Nature,cha ID:3
[04-08 15:50:45.892]1933,Tattoo of Gallon,cha ID:3
[04-08 15:50:45.892]1934,Tattoo of the Tortoise,cha ID:3
[04-08 15:50:45.892]1935,Gauntlets of Crimson Flame,cha ID:4
[04-08 15:50:45.892]1936,Gauntlets of the Tempest,cha ID:4
[04-08 15:50:45.892]1937,Gauntlets of Sistine,cha ID:4
[04-08 15:50:45.892]1938,Gauntlets of the Kylin,cha ID:4
[04-08 15:50:45.892]1939,Greaves of Crimson Flame,cha ID:4
[04-08 15:50:45.892]1940,Greaves of the Tempest,cha ID:4
[04-08 15:50:45.892]1941,Greaves of Sistine,cha ID:4
[04-08 15:50:45.892]1942,Greaves of the Kylin,cha ID:4
[04-08 15:50:45.892]1943,Vest of Clarion Mist,cha ID:2
[04-08 15:50:45.892]1944,Flaming Coat,cha ID:2
[04-08 15:50:45.892]1945,Mantle of Darwin,cha ID:2
[04-08 15:50:45.908]1946,Coat of the White Tiger,cha ID:2
[04-08 15:50:45.908]1947,Gloves of Clarion Mist,cha ID:2
[04-08 15:50:45.908]1948,Flaming Gloves,cha ID:2
[04-08 15:50:45.908]1949,Gloves of Darwin,cha ID:2
[04-08 15:50:45.908]1950,Gloves of the White Tiger,cha ID:2
[04-08 15:50:45.908]1951,Boots of Clarion Mist,cha ID:2
[04-08 15:50:45.908]1952,Flaming Boots,cha ID:2
[04-08 15:50:45.908]1953,Boots of Darwin,cha ID:2
[04-08 15:50:45.908]1954,Boots of the White Tiger,cha ID:2
[04-08 15:50:45.908]1955,Emerald Vine Robe,cha ID:1
[04-08 15:50:45.908]1956,Coat of Frozen Crescent,cha ID:1
[04-08 15:50:45.908]1957,Coat of Udine,cha ID:1
[04-08 15:50:45.908]1958,Coat of the Peacock,cha ID:1
[04-08 15:50:45.908]1959,Glory Coat,cha ID:1
[04-08 15:50:45.908]1960,Coat of Hope,cha ID:1
[04-08 15:50:45.908]1961,Coat of the Phoenix,cha ID:1
[04-08 15:50:45.908]1962,Emerald Vine Gloves,cha ID:1
[04-08 15:50:45.908]1963,Gloves of Frozen Crescent,cha ID:1
[04-08 15:50:45.908]1964,Gloves of Udine,cha ID:1
[04-08 15:50:45.908]1965,Gloves of the Peacock,cha ID:1
[04-08 15:50:45.908]1966,Glory Gloves,cha ID:1
[04-08 15:50:45.908]1967,Gloves of Hope,cha ID:1
[04-08 15:50:45.908]1968,Gloves of the Phoenix,cha ID:1
[04-08 15:50:45.908]1969,Emerald Vine Boots,cha ID:1
[04-08 15:50:45.908]1970,Boots of Frozen Crescent,cha ID:1
[04-08 15:50:45.908]1971,Boots of Udine,cha ID:1
[04-08 15:50:45.908]1972,Boots of the Peacock,cha ID:1
[04-08 15:50:45.908]1973,Glory Boots,cha ID:1
[04-08 15:50:45.908]1974,Boots of Hope,cha ID:1
[04-08 15:50:45.924]1975,Boots of the Phoenix,cha ID:1
[04-08 15:50:45.924]1976,Robe of the Mist,cha ID:2
[04-08 15:50:45.924]1977,Coat of the Tempest,cha ID:2
[04-08 15:50:45.924]1978,Robe of Forlorn,cha ID:2
[04-08 15:50:45.924]1979,Coat of the Green Dragon,cha ID:2
[04-08 15:50:45.924]1980,Gloves of the Mist,cha ID:2
[04-08 15:50:45.924]1981,Gloves of the Tempest,cha ID:2
[04-08 15:50:45.924]1982,Gloves of Forlorn,cha ID:2
[04-08 15:50:45.924]1983,Gloves of the Green Dragon,cha ID:2
[04-08 15:50:45.924]1984,Boots of the Mist,cha ID:2
[04-08 15:50:45.924]1985,Boots of the Tempest,cha ID:2
[04-08 15:50:45.924]1986,Boots of Forlorn,cha ID:2
[04-08 15:50:45.924]1987,Boots of the Green Dragon,cha ID:2
[04-08 15:50:45.924]1988,Fire Sealed Gauntlets of Evanescence,cha ID:4
[04-08 15:50:45.924]1989,Fire Sealed Greaves of Evanescence,cha ID:4
[04-08 15:50:45.924]1990,Fire Sealed Gloves of Evanescence,cha ID:2
[04-08 15:50:45.924]1991,Fire Sealed Shoes of Evanescence,cha ID:2
[04-08 15:50:45.924]1992,Fire Sealed Gloves of Malediction,cha ID:1
[04-08 15:50:45.924]1993,Fire Sealed Gloves of the Arcane,cha ID:1
[04-08 15:50:45.924]1994,Fire Sealed Boots of Malediction,cha ID:1
[04-08 15:50:45.924]1995,Fire Sealed Boots of the of the Arcane,cha ID:1
[04-08 15:50:45.924]1996,Fire Sealed Heavy Gloves of Evanescence,cha ID:2
[04-08 15:50:45.924]1997,Fire Sealed Boots of Evanescence,cha ID:2
[04-08 15:50:45.924]1999,Lance Failed Hairdo 1,cha ID:2
[04-08 15:50:45.924]2000,Hairdo 1,cha ID:2
[04-08 15:50:45.924]2001,Hairdo 2,cha ID:2
[04-08 15:50:45.924]2002,Hairdo 3,cha ID:2
[04-08 15:50:45.924]2003,Hairdo 4,cha ID:2
[04-08 15:50:45.939]2004,Hairdo 5,cha ID:2
[04-08 15:50:45.939]2005,Hairdo 6,cha ID:2
[04-08 15:50:45.939]2006,Hairdo 7,cha ID:2
[04-08 15:50:45.941]2007,Hairdo 8,cha ID:2
[04-08 15:50:45.941]2008,Event Commissioner,cha ID:2
[04-08 15:50:45.941]2009,Hairdo 1,cha ID:2
[04-08 15:50:45.941]2010,Hairdo 1,cha ID:2
[04-08 15:50:45.944]2011,Hairdo 1,cha ID:2
[04-08 15:50:45.944]2012,Hairdo 1,cha ID:2
[04-08 15:50:45.944]2013,Hairdo 1,cha ID:2
[04-08 15:50:45.945]2014,Hairdo 1,cha ID:2
[04-08 15:50:45.945]2015,Hairdo 2,cha ID:2
[04-08 15:50:45.945]2016,Hairdo 2,cha ID:2
[04-08 15:50:45.945]2017,Hairdo 2,cha ID:2
[04-08 15:50:45.945]2018,Hairdo 2,cha ID:2
[04-08 15:50:45.945]2019,Hairdo 2,cha ID:2
[04-08 15:50:45.945]2020,Hairdo 2,cha ID:2
[04-08 15:50:45.945]2021,Hairdo 3,cha ID:2
[04-08 15:50:45.945]2022,Hairdo 3,cha ID:2
[04-08 15:50:45.945]2023,Hairdo 3,cha ID:2
[04-08 15:50:45.945]2024,Hairdo 3,cha ID:2
[04-08 15:50:45.945]2025,Hairdo 3,cha ID:2
[04-08 15:50:45.945]2026,Hairdo 3,cha ID:2
[04-08 15:50:45.945]2027,Hairdo 4,cha ID:2
[04-08 15:50:45.945]2028,Hairdo 4,cha ID:2
[04-08 15:50:45.945]2029,Hairdo 4,cha ID:2
[04-08 15:50:45.945]2030,Hairdo 4,cha ID:2
[04-08 15:50:45.945]2031,Hairdo 4,cha ID:2
[04-08 15:50:45.955]2032,Hairdo 4,cha ID:2
[04-08 15:50:45.955]2033,Hairdo 5,cha ID:2
[04-08 15:50:45.955]2034,Hairdo 5,cha ID:2
[04-08 15:50:45.955]2035,Hairdo 5,cha ID:2
[04-08 15:50:45.955]2036,Hairdo 5,cha ID:2
[04-08 15:50:45.955]2037,Hairdo 5,cha ID:2
[04-08 15:50:45.955]2038,Hairdo 5,cha ID:2
[04-08 15:50:45.955]2039,Hairdo 5,cha ID:2
[04-08 15:50:45.955]2040,Hairdo 6,cha ID:2
[04-08 15:50:45.955]2041,Hairdo 6,cha ID:2
[04-08 15:50:45.955]2042,Hairdo 6,cha ID:2
[04-08 15:50:45.955]2043,Hairdo 6,cha ID:2
[04-08 15:50:45.955]2044,Hairdo 6,cha ID:2
[04-08 15:50:45.955]2045,Hairdo 6,cha ID:2
[04-08 15:50:45.955]2046,Hairdo 6,cha ID:2
[04-08 15:50:45.955]2047,Hairdo 7,cha ID:2
[04-08 15:50:45.955]2048,Hairdo 7,cha ID:2
[04-08 15:50:45.955]2049,Hairdo 7,cha ID:2
[04-08 15:50:45.955]2050,Hairdo 7,cha ID:2
[04-08 15:50:45.955]2051,Hairdo 7,cha ID:2
[04-08 15:50:45.955]2052,Hairdo 7,cha ID:2
[04-08 15:50:45.955]2053,Hairdo 7,cha ID:2
[04-08 15:50:45.955]2054,Hairdo 8,cha ID:2
[04-08 15:50:45.955]2055,Hairdo 8,cha ID:2
[04-08 15:50:45.955]2056,Hairdo 8,cha ID:2
[04-08 15:50:45.955]2057,Hairdo 8,cha ID:2
[04-08 15:50:45.955]2058,Hairdo 8,cha ID:2
[04-08 15:50:45.955]2059,Hairdo 8,cha ID:2
[04-08 15:50:45.955]2060,Guy 1 Bald Hairdo,cha ID:2
[04-08 15:50:45.971]2061,Lance Failed Hairdo 2,cha ID:2
[04-08 15:50:45.971]2062,Hairdo 1,cha ID:1
[04-08 15:50:45.971]2063,Hairdo 2,cha ID:1
[04-08 15:50:45.971]2064,Hairdo 3,cha ID:1
[04-08 15:50:45.971]2065,Hairdo 4,cha ID:1
[04-08 15:50:45.971]2066,Hairdo 5,cha ID:1
[04-08 15:50:45.971]2067,Hairdo 6,cha ID:1
[04-08 15:50:45.971]2068,Hairdo 7,cha ID:1
[04-08 15:50:45.971]2069,Hairdo 8,cha ID:1
[04-08 15:50:45.971]2070,Event Commissioner,cha ID:1
[04-08 15:50:45.971]2071,Hairdo 1,cha ID:1
[04-08 15:50:45.971]2072,Hairdo 1,cha ID:1
[04-08 15:50:45.971]2073,Hairdo 1,cha ID:1
[04-08 15:50:45.971]2074,Hairdo 1,cha ID:1
[04-08 15:50:45.971]2075,Hairdo 1,cha ID:1
[04-08 15:50:45.971]2076,Hairdo 1,cha ID:1
[04-08 15:50:45.971]2077,Hairdo 1,cha ID:1
[04-08 15:50:45.971]2078,Hairdo 2,cha ID:1
[04-08 15:50:45.971]2079,Hairdo 2,cha ID:1
[04-08 15:50:45.971]2080,Hairdo 2,cha ID:1
[04-08 15:50:45.971]2081,Hairdo 2,cha ID:1
[04-08 15:50:45.971]2082,Hairdo 2,cha ID:1
[04-08 15:50:45.971]2083,Hairdo 2,cha ID:1
[04-08 15:50:45.971]2084,Hairdo 3,cha ID:1
[04-08 15:50:45.971]2085,Hairdo 3,cha ID:1
[04-08 15:50:45.971]2086,Hairdo 3,cha ID:1
[04-08 15:50:45.971]2087,Hairdo 3,cha ID:1
[04-08 15:50:45.971]2088,Hairdo 3,cha ID:1
[04-08 15:50:45.971]2089,Hairdo 3,cha ID:1
[04-08 15:50:45.987]2090,Hairdo 4,cha ID:1
[04-08 15:50:45.987]2091,Hairdo 4,cha ID:1
[04-08 15:50:45.987]2092,Hairdo 4,cha ID:1
[04-08 15:50:45.989]2093,Hairdo 4,cha ID:1
[04-08 15:50:45.989]2094,Hairdo 4,cha ID:1
[04-08 15:50:45.991]2095,Hairdo 4,cha ID:1
[04-08 15:50:45.991]2096,Hairdo 4,cha ID:1
[04-08 15:50:45.991]2097,Hairdo 5,cha ID:1
[04-08 15:50:45.993]2098,Hairdo 5,cha ID:1
[04-08 15:50:45.993]2099,Hairdo 5,cha ID:1
[04-08 15:50:45.995]2100,Hairdo 5,cha ID:1
[04-08 15:50:45.995]2101,Hairdo 6,cha ID:1
[04-08 15:50:45.995]2102,Hairdo 6,cha ID:1
[04-08 15:50:45.997]2103,Hairdo 6,cha ID:1
[04-08 15:50:45.997]2104,Hairdo 6,cha ID:1
[04-08 15:50:45.999]2105,Hairdo 6,cha ID:1
[04-08 15:50:45.999]2106,Hairdo 6,cha ID:1
[04-08 15:50:45.999]2107,Hairdo 6,cha ID:1
[04-08 15:50:46.001]2108,Hairdo 7,cha ID:1
[04-08 15:50:46.001]2109,Hairdo 7,cha ID:1
[04-08 15:50:46.002]2110,Hairdo 7,cha ID:1
[04-08 15:50:46.002]2111,Hairdo 7,cha ID:1
[04-08 15:50:46.002]2112,Hairdo 7,cha ID:1
[04-08 15:50:46.002]2113,Hairdo 7,cha ID:1
[04-08 15:50:46.002]2114,Hairdo 8,cha ID:1
[04-08 15:50:46.002]2115,Hairdo 8,cha ID:1
[04-08 15:50:46.002]2116,Hairdo 8,cha ID:1
[04-08 15:50:46.002]2117,Hairdo 8,cha ID:1
[04-08 15:50:46.002]2118,Hairdo 8,cha ID:1
[04-08 15:50:46.002]2119,Hairdo 8,cha ID:1
[04-08 15:50:46.002]2120,Hairdo 8,cha ID:1
[04-08 15:50:46.002]2121,Carsise Failed Hairdo 1,cha ID:1
[04-08 15:50:46.002]2122,Guy 2 Bald Hairdo,cha ID:1
[04-08 15:50:46.002]2123,Carsise Failed Hairdo 2,cha ID:1
[04-08 15:50:46.002]2124,Hairdo 1,cha ID:1
[04-08 15:50:46.002]2125,Hairdo 2,cha ID:1
[04-08 15:50:46.002]2126,Hairdo 3,cha ID:1
[04-08 15:50:46.002]2127,Hairdo 4,cha ID:1
[04-08 15:50:46.002]2128,Hairdo 5,cha ID:1
[04-08 15:50:46.002]2129,Hairdo 6,cha ID:1
[04-08 15:50:46.002]2130,Hairdo 7,cha ID:1
[04-08 15:50:46.002]2131,Hairdo 8,cha ID:1
[04-08 15:50:46.002]2132,Event Commissioner,cha ID:1
[04-08 15:50:46.002]2133,Hairdo 1,cha ID:1
[04-08 15:50:46.002]2134,Hairdo 1,cha ID:1
[04-08 15:50:46.002]2135,Hairdo 1,cha ID:1
[04-08 15:50:46.002]2136,Hairdo 1,cha ID:1
[04-08 15:50:46.002]2137,Hairdo 1,cha ID:1
[04-08 15:50:46.002]2138,Hairdo 1,cha ID:1
[04-08 15:50:46.018]2139,Hairdo 1,cha ID:1
[04-08 15:50:46.018]2140,Hairdo 2,cha ID:1
[04-08 15:50:46.018]2141,Hairdo 2,cha ID:1
[04-08 15:50:46.018]2142,Hairdo 2,cha ID:1
[04-08 15:50:46.018]2143,Hairdo 2,cha ID:1
[04-08 15:50:46.018]2144,Hairdo 2,cha ID:1
[04-08 15:50:46.018]2145,Hairdo 2,cha ID:1
[04-08 15:50:46.018]2146,Hairdo 3,cha ID:1
[04-08 15:50:46.018]2147,Hairdo 3,cha ID:1
[04-08 15:50:46.018]2148,Hairdo 3,cha ID:1
[04-08 15:50:46.018]2149,Hairdo 3,cha ID:1
[04-08 15:50:46.018]2150,Hairdo 3,cha ID:1
[04-08 15:50:46.018]2151,Hairdo 3,cha ID:1
[04-08 15:50:46.018]2152,Hairdo 4,cha ID:1
[04-08 15:50:46.018]2153,Hairdo 4,cha ID:1
[04-08 15:50:46.018]2154,Hairdo 4,cha ID:1
[04-08 15:50:46.018]2155,Hairdo 4,cha ID:1
[04-08 15:50:46.018]2156,Hairdo 4,cha ID:1
[04-08 15:50:46.018]2157,Hairdo 4,cha ID:1
[04-08 15:50:46.018]2158,Hairdo 5,cha ID:1
[04-08 15:50:46.018]2159,Hairdo 5,cha ID:1
[04-08 15:50:46.018]2160,Hairdo 5,cha ID:1
[04-08 15:50:46.018]2161,Hairdo 5,cha ID:1
[04-08 15:50:46.018]2162,Hairdo 5,cha ID:1
[04-08 15:50:46.018]2163,Hairdo 5,cha ID:1
[04-08 15:50:46.018]2164,Hairdo 6,cha ID:1
[04-08 15:50:46.018]2165,Hairdo 6,cha ID:1
[04-08 15:50:46.018]2166,Hairdo 6,cha ID:1
[04-08 15:50:46.034]2167,Hairdo 6,cha ID:1
[04-08 15:50:46.034]2168,Hairdo 6,cha ID:1
[04-08 15:50:46.034]2169,Hairdo 6,cha ID:1
[04-08 15:50:46.034]2170,Hairdo 7,cha ID:1
[04-08 15:50:46.034]2171,Hairdo 7,cha ID:1
[04-08 15:50:46.034]2172,Hairdo 7,cha ID:1
[04-08 15:50:46.034]2173,Hairdo 7,cha ID:1
[04-08 15:50:46.034]2174,Hairdo 7,cha ID:1
[04-08 15:50:46.034]2175,Hairdo 7,cha ID:1
[04-08 15:50:46.034]2176,Hairdo 8,cha ID:1
[04-08 15:50:46.034]2177,Hairdo 8,cha ID:1
[04-08 15:50:46.034]2178,Hairdo 8,cha ID:1
[04-08 15:50:46.034]2179,Hairdo 8,cha ID:1
[04-08 15:50:46.034]2180,Hairdo 8,cha ID:1
[04-08 15:50:46.034]2181,Hairdo 8,cha ID:1
[04-08 15:50:46.034]2182,Phyllis Failed Hairdo 1,cha ID:1
[04-08 15:50:46.034]2183,Phyllis Failed Hairdo 2,cha ID:1
[04-08 15:50:46.034]2184,Girl 1 Bald Hairdo,cha ID:1
[04-08 15:50:46.034]2185,Girl 1 Hair Makeup 01,cha ID:1
[04-08 15:50:46.034]2186,Girl 2 Hair 00,cha ID:1
[04-08 15:50:46.081]2275,Lance Trendy Hairdo 1,cha ID:4
[04-08 15:50:46.081]2276,Lance Trendy Hairdo 2,cha ID:4
[04-08 15:50:46.081]2277,Lance Trendy Hairdo 3,cha ID:4
[04-08 15:50:46.081]2278,Lance Trendy Hairdo 4,cha ID:4
[04-08 15:50:46.081]2279,Carsise Trendy Hairdo 1,cha ID:4
[04-08 15:50:46.097]2280,Carsise Trendy Hairdo 2,cha ID:4
[04-08 15:50:46.097]2281,Carsise Trendy Hairdo 3,cha ID:4
[04-08 15:50:46.097]2282,Carsise Trendy Hairdo 4,cha ID:4
[04-08 15:50:46.097]2283,Phyllis Trendy Hairdo 1,cha ID:4
[04-08 15:50:46.097]2284,Phyllis Trendy Hairdo 2,cha ID:4
[04-08 15:50:46.097]2285,Phyllis Trendy Hairdo 3,cha ID:4
[04-08 15:50:46.097]2286,Phyllis Trendy Hairdo 4,cha ID:4
[04-08 15:50:46.176]2434,Arrow 02,cha ID:1
[04-08 15:50:46.176]2448,Gunpowder 02,cha ID:1
[04-08 15:50:46.208]2499,Left Plaster Glove,cha ID:1
[04-08 15:50:46.208]2500,Left Brawler Glove,cha ID:1
[04-08 15:50:46.208]2501,Left Master Glove,cha ID:1
[04-08 15:50:46.208]2502,Left Jagged Blade,cha ID:1
[04-08 15:50:46.208]2503,Left Cosmo Blade,cha ID:1
[04-08 15:50:46.208]2504,Left Tiger Glove,cha ID:1
[04-08 15:50:46.208]2505,Left Hand of Death,cha ID:1
[04-08 15:50:46.226]2517,UPO Cap,cha ID:1
[04-08 15:50:46.226]2527,Raging Bull Tattoo,cha ID:3
[04-08 15:50:46.226]2528,Savage Bull Tattoo,cha ID:3
[04-08 15:50:46.226]2529,Primal Tattoo,cha ID:3
[04-08 15:50:46.226]2530,Hephaestus Framestone,cha ID:1
[04-08 15:50:46.226]2531,Hephaestus Clawstone,cha ID:1
[04-08 15:50:46.226]2532,Hephaestus Pawstone,cha ID:1
[04-08 15:50:46.226]2533,Hermes Framestone,cha ID:1
[04-08 15:50:46.226]2534,Hermes Clawstone,cha ID:1
[04-08 15:50:46.226]2535,Hermes Pawstone,cha ID:1
[04-08 15:50:46.226]2536,Apollo Framestone,cha ID:1
[04-08 15:50:46.226]2537,Apollo Clawstone,cha ID:1
[04-08 15:50:46.226]2538,Apollo Pawstone,cha ID:1
[04-08 15:50:46.226]2539,Poseidon Framestone,cha ID:1
[04-08 15:50:46.226]2540,Poseidon Clawstone,cha ID:1
[04-08 15:50:46.239]2541,Poseidon Pawstone,cha ID:1
[04-08 15:50:46.239]2542,Hestia Framestone,cha ID:1
[04-08 15:50:46.239]2543,Hestia Clawstone,cha ID:1
[04-08 15:50:46.239]2544,Hestia Pawstone,cha ID:1
[04-08 15:50:46.239]2545,Athena Framestone,cha ID:1
[04-08 15:50:46.239]2546,Athena Clawstone,cha ID:1
[04-08 15:50:46.239]2547,Athena Pawstone,cha ID:1
[04-08 15:50:46.239]2548,Artemis Crownstone,cha ID:4
[04-08 15:50:46.245]2552,Corporeal Kylin Cap,cha ID:1
[04-08 15:50:46.518]3061,Bear Shoes,cha ID:1
[04-08 15:50:46.646]3285,Calculator,cha ID:1
[04-08 15:50:46.646]3287,Serious study book,cha ID:1
[04-08 15:50:46.846]3612,Virgo's Shadow,cha ID:2
[04-08 15:50:46.846]3613,Virgo's Touch,cha ID:2
[04-08 15:50:46.846]3614,Virgo's Trace,cha ID:2
[04-08 15:50:46.846]3617,Virgo's Bind,cha ID:1
[04-08 15:50:46.846]3618,Virgo's Claw,cha ID:1
[04-08 15:50:46.846]3619,Virgo's Print,cha ID:1
[04-08 15:50:46.846]3622,Virgo's Protection,cha ID:2
[04-08 15:50:46.846]3623,Virgo's Caress,cha ID:2
[04-08 15:50:46.846]3624,Virgo's Dance,cha ID:2
[04-08 15:50:46.846]3627,Virgo's Possession,cha ID:1
[04-08 15:50:46.856]3628,Virgo's Death,cha ID:1
[04-08 15:50:46.856]3629,Virgo's Trail,cha ID:1
[04-08 15:50:46.856]3632,Virgo's Torso,cha ID:1
[04-08 15:50:46.856]3633,Virgo's Span,cha ID:1
[04-08 15:50:46.856]3634,Virgo's Wanderer,cha ID:1
[04-08 15:50:46.856]3638,Virgo's Seal,cha ID:2
[04-08 15:50:46.856]3639,Virgo's Hand,cha ID:2
[04-08 15:50:46.856]3640,Virgo's Brace,cha ID:2
[04-08 15:50:47.141]4147,Spirit Beast Tattoo,cha ID:3
[04-08 15:50:47.141]4148,Arcane Beast Tattoo,cha ID:3
[04-08 15:50:47.141]4149,Capricious Battle Armor,cha ID:4
[04-08 15:50:47.141]4150,Sagacious Battle Armor,cha ID:4
[04-08 15:50:47.141]4151,Robe of Perception,cha ID:2
[04-08 15:50:47.146]4152,Robe of Gallant,cha ID:2
[04-08 15:50:47.146]4153,Nautical Coat,cha ID:2
[04-08 15:50:47.146]4154,Arcane Lobster Costume,cha ID:1
[04-08 15:50:47.146]4155,Robe of Stride,cha ID:2
[04-08 15:50:47.146]4156,Pique Lobster Costume,cha ID:1
[04-08 15:50:47.146]4157,Robe of Melody,cha ID:1
[04-08 15:50:47.146]4158,Arcane Bunny Costume,cha ID:1
[04-08 15:50:47.146]4159,Robe of Spirit,cha ID:1
[04-08 15:50:47.146]4160,Pique Bunny Costume,cha ID:1
[04-08 15:50:47.146]4161,Robe of Vengence,cha ID:1
[04-08 15:50:47.146]4162,Arcane Otter Costume,cha ID:1
[04-08 15:50:47.146]4163,Robe of Amercement,cha ID:1
[04-08 15:50:47.146]4164,Pique Otter Costume,cha ID:1
[04-08 15:50:47.146]4165,Capricious Battle Gauntlets,cha ID:4
[04-08 15:50:47.146]4166,Sagacious Battle Gauntlets,cha ID:4
[04-08 15:50:47.146]4167,Gloves of Perception,cha ID:2
[04-08 15:50:47.146]4168,Gloves of Gallant,cha ID:2
[04-08 15:50:47.146]4169,Nautical Gloves,cha ID:2
[04-08 15:50:47.146]4170,Arcane Lobster Muffs,cha ID:1
[04-08 15:50:47.146]4171,Gloves of Stride,cha ID:2
[04-08 15:50:47.157]4172,Pique Lobster Muffs,cha ID:1
[04-08 15:50:47.157]4173,Gloves of Melody,cha ID:1
[04-08 15:50:47.157]4174,Arcane Bunny Muffs,cha ID:1
[04-08 15:50:47.157]4175,Gloves of Spirit,cha ID:1
[04-08 15:50:47.157]4176,Pique Bunny Muffs,cha ID:1
[04-08 15:50:47.157]4177,Gloves of Vengence,cha ID:1
[04-08 15:50:47.157]4178,Arcane Otter Muffs,cha ID:1
[04-08 15:50:47.157]4179,Gloves of Amercement,cha ID:1
[04-08 15:50:47.157]4180,Pique Otter Muffs,cha ID:1
[04-08 15:50:47.157]4181,Capricious Battle Greaves,cha ID:4
[04-08 15:50:47.157]4182,Sagacious Battle Greaves,cha ID:4
[04-08 15:50:47.157]4183,Boots of Perception,cha ID:2
[04-08 15:50:47.157]4184,Boots of Gallant,cha ID:2
[04-08 15:50:47.157]4185,Nautical Boots,cha ID:2
[04-08 15:50:47.157]4186,Arcane Lobster Shoes,cha ID:1
[04-08 15:50:47.157]4187,Boots of Stride,cha ID:2
[04-08 15:50:47.157]4188,Pique Lobster Shoes,cha ID:1
[04-08 15:50:47.157]4189,Boots of Melody,cha ID:1
[04-08 15:50:47.157]4190,Arcane Bunny Shoes,cha ID:1
[04-08 15:50:47.157]4191,Boots of Spirit,cha ID:1
[04-08 15:50:47.157]4192,Pique Bunny Shoes,cha ID:1
[04-08 15:50:47.157]4193,Boots of Vengence,cha ID:1
[04-08 15:50:47.157]4194,Arcane Otter Shoes,cha ID:1
[04-08 15:50:47.157]4195,Boots of Amercement,cha ID:1
[04-08 15:50:47.157]4196,Pique Otter Shoes,cha ID:1
[04-08 15:50:48.229]6144,Forest Battle Robe,cha ID:2
[04-08 15:50:48.229]6145,Forest Battle Gloves,cha ID:2
[04-08 15:50:48.229]6146,Forest Battle Boots,cha ID:2
[04-08 15:50:48.231]6147,Holy Armor,cha ID:2
[04-08 15:50:48.231]6148,Holy Armor Gloves,cha ID:2
[04-08 15:50:48.231]6149,Holy Armor Boots,cha ID:2
[04-08 15:50:48.231]6150,Savage Armor,cha ID:1
[04-08 15:50:48.233]6151,Savage Armor Gloves,cha ID:1
[04-08 15:50:48.233]6152,Savage Armor Boots,cha ID:1
[04-08 15:50:48.235]6154,Ice Battle Armor,cha ID:2
[04-08 15:50:48.235]6155,Ice Battle Gloves,cha ID:2
[04-08 15:50:48.235]6156,Ice Battle Boots,cha ID:2
[04-08 15:50:48.237]6158,Ice Holy Robe,cha ID:1
[04-08 15:50:48.237]6159,Ice Holy Gloves,cha ID:1
[04-08 15:50:48.237]6160,Ice Holy Boots,cha ID:1
[04-08 15:50:48.239]6162,Ice Magic Robe,cha ID:1
[04-08 15:50:48.239]6163,Ice Spirit Gloves,cha ID:1
[04-08 15:50:48.239]6164,Ice Spirit Boots,cha ID:1
[04-08 15:50:48.245]6174,Sealed Guard of Epic Prowess,cha ID:2
[04-08 15:50:48.245]6175,Sealed Bless of Epic Prowess,cha ID:2
[04-08 15:50:48.247]6176,Sealed Mercy of Epic Prowess,cha ID:2
[04-08 15:50:48.248]6178,Sealed Guard of Honor,cha ID:2
[04-08 15:50:48.248]6179,Sealed Bless of Honor,cha ID:2
[04-08 15:50:48.248]6180,Sealed Mercy of Honor,cha ID:2
[04-08 15:50:48.250]6182,Sealed Guard of Sacrifice,cha ID:1
[04-08 15:50:48.250]6183,Sealed Bless of Sacrifice,cha ID:1
[04-08 15:50:48.251]6184,Sealed Mercy of Sacrifice,cha ID:1
[04-08 15:50:48.251]6186,Sealed Guard of Justice,cha ID:2
[04-08 15:50:48.251]6187,Sealed Bless of Justice,cha ID:2
[04-08 15:50:48.251]6188,Sealed Mercy of Justice,cha ID:2
[04-08 15:50:48.251]6190,Sealed Guard of Empathy,cha ID:1
[04-08 15:50:48.251]6191,Sealed Bless of Empathy,cha ID:1
[04-08 15:50:48.251]6192,Sealed Mercy of Empathy,cha ID:1
[04-08 15:50:48.251]6194,Sealed Guard of Inspiration,cha ID:1
[04-08 15:50:48.251]6195,Sealed Bless of Inspiration,cha ID:1
[04-08 15:50:48.251]6196,Sealed Mercy of Inspiration,cha ID:1
[04-08 15:50:48.548]7096,Kylin Helm,cha ID:1
[04-08 15:50:48.552]7108,Frozen Kylin Helm,cha ID:1
[04-08 15:50:48.552]7109,Dark Kylin Helm,cha ID:1
[04-08 15:50:48.552]7110,Holy Kylin Helm,cha ID:1
[04-08 15:50:48.568]7132,Black Dragon Lord's Helm,cha ID:1
[04-08 15:50:48.585]7166,Undead Kylin Helm,cha ID:1
[04-08 15:50:48.599]7205,Champion's Bind,cha ID:1
[04-08 15:50:48.599]7206,Champion's Touch,cha ID:1
[04-08 15:50:48.601]7207,Champion's Print,cha ID:1
[04-08 15:50:48.601]7208,Crusader's Shadow,cha ID:2
[04-08 15:50:48.601]7209,Crusader's Touch,cha ID:2
[04-08 15:50:48.601]7210,Crusader's Trace,cha ID:2
[04-08 15:50:48.603]7211,Sharpshooter's Seal,cha ID:2
[04-08 15:50:48.603]7212,Sharpshooter's Hand,cha ID:2
[04-08 15:50:48.603]7213,Sharpshooter's Brace,cha ID:2
[04-08 15:50:48.605]7214,Voyager's Protection,cha ID:2
[04-08 15:50:48.605]7215,Voyager's Caress,cha ID:2
[04-08 15:50:48.605]7216,Voyager's Dance,cha ID:2
[04-08 15:50:48.605]7217,Cleric's Possession,cha ID:1
[04-08 15:50:48.607]7218,Cleric Hands of Healing,cha ID:1
[04-08 15:50:48.607]7219,Cleric's Trail,cha ID:1
[04-08 15:50:48.607]7220,Sealmaster's Torso,cha ID:1
[04-08 15:50:48.607]7221,Sealmaster's Span,cha ID:1
[04-08 15:50:48.609]7222,Sealmaster's Wanderer,cha ID:1
[04-08 15:50:48.609]7223,Hairdo 1,cha ID:2
[04-08 15:50:48.609]7224,Hairdo 1,cha ID:2
[04-08 15:50:48.611]7225,Hairdo 3,cha ID:2
[04-08 15:50:48.611]7226,Hairdo 4,cha ID:2
[04-08 15:50:48.611]7227,Hairdo 5,cha ID:2
[04-08 15:50:48.611]7228,Hairdo 8,cha ID:2
[04-08 15:50:48.613]7229,Lance Trendy Hairdo 4,cha ID:4
[04-08 15:50:48.613]7230,Hairdo 1,cha ID:2
[04-08 15:50:48.613]7231,Hairdo 1,cha ID:2
[04-08 15:50:48.615]7232,Hairdo 2,cha ID:2
[04-08 15:50:48.615]7233,Hairdo 2,cha ID:2
[04-08 15:50:48.615]7234,Hairdo 3,cha ID:2
[04-08 15:50:48.615]7235,Hairdo 4,cha ID:2
[04-08 15:50:48.617]7236,Hairdo 4,cha ID:2
[04-08 15:50:48.621]7245,Terra's Undead Kylin Helm,cha ID:1
[04-08 15:50:48.710]7501,Lance Trendy Hairdo 3,cha ID:4
[04-08 15:50:48.710]7502,Lance Trendy Hairdo 4,cha ID:4
[04-08 15:50:48.710]7503,Lance Trendy Hairdo 5,cha ID:4
[04-08 15:50:48.710]7504,Lance Trendy Hairdo 6,cha ID:4
[04-08 15:50:48.725]7505,Lance Trendy Hairdo 7,cha ID:4
[04-08 15:50:48.725]7506,Lance Trendy Hairdo 8,cha ID:4
[04-08 15:50:48.725]7507,Lance Trendy Hairdo 9,cha ID:4
[04-08 15:50:48.725]7508,Lance Trendy Hairdo 10,cha ID:4
[04-08 15:50:48.725]7509,Lance Trendy Hairdo 11,cha ID:2
[04-08 15:50:48.725]7510,Lance Trendy Hairdo 12,cha ID:2
[04-08 15:50:48.725]7511,Lance Trendy Hairdo 13,cha ID:2
[04-08 15:50:48.725]7512,Lance Trendy Hairdo 14,cha ID:2
[04-08 15:50:48.725]7513,Lance Trendy Hairdo 15,cha ID:2
[04-08 15:50:48.725]7514,Lance Trendy Hairdo 16,cha ID:2
[04-08 15:50:48.725]7515,Lance Trendy Hairdo 17,cha ID:2
[04-08 15:50:48.725]7516,Lance Trendy Hairdo 18,cha ID:2
[04-08 15:50:48.725]7517,Phyllis Trendy Hairdo 3,cha ID:4
[04-08 15:50:48.725]7518,Phyllis Trendy Hairdo 4,cha ID:4
[04-08 15:50:48.725]7519,Phyllis Trendy Hairdo 5,cha ID:4
[04-08 15:50:48.725]7520,Phyllis Trendy Hairdo 6,cha ID:4
[04-08 15:50:48.725]7521,Phyllis Trendy Hairdo 7,cha ID:4
[04-08 15:50:48.725]7522,Phyllis Trendy Hairdo 8,cha ID:4
[04-08 15:50:48.725]7523,Phyllis Trendy Hairdo 9,cha ID:4
[04-08 15:50:48.725]7524,Phyllis Trendy Hairdo 10,cha ID:4
[04-08 15:50:49.186]9700,Tattoo of Evanescence,cha ID:3
[04-08 15:50:49.186]9704,Armor of Evanescence,cha ID:4
[04-08 15:50:49.186]9706,Gauntlets of Evanescence,cha ID:4
[04-08 15:50:49.186]9707,Greaves of Evanescence,cha ID:4
[04-08 15:50:49.186]9708,Coat of Evanescence,cha ID:2
[04-08 15:50:49.186]9710,Gloves of Evanescence,cha ID:2
[04-08 15:50:49.186]9711,Shoes of Evanescence,cha ID:2
[04-08 15:50:49.186]9712,Robe of the Arcane,cha ID:1
[04-08 15:50:49.186]9714,Gloves of the Arcane,cha ID:1
[04-08 15:50:49.186]9715,Boots of the of the Arcane,cha ID:1
[04-08 15:50:49.186]9716,Robe of Malediction,cha ID:1
[04-08 15:50:49.186]9718,Gloves of Malediction,cha ID:1
[04-08 15:50:49.186]9719,Boots of Malediction,cha ID:1
[04-08 15:50:49.186]9720,Cloak of Evanescence,cha ID:2
[04-08 15:50:49.186]9722,Heavy Gloves of Evanescence,cha ID:2
[04-08 15:50:49.186]9723,Boots of Evanescence,cha ID:2
[04-08 15:50:49.186]9724,Tattoo of Enigma,cha ID:3
[04-08 15:50:49.186]9725,Armor of Enigma,cha ID:4
[04-08 15:50:49.201]9728,Mantle of Enigma,cha ID:2
[04-08 15:50:49.201]9731,Robe of Enigma,cha ID:1
[04-08 15:50:49.201]9733,Robe of the Sphinx,cha ID:1
[04-08 15:50:49.201]9735,Mantle of the Sphinx,cha ID:2
[04-08 15:50:49.201]9736,Tattoo of the Cursed Warrior,cha ID:3
[04-08 15:50:49.201]9737,Platemail of the Cursed Soul,cha ID:4
[04-08 15:50:49.201]9740,Corset of Incantation,cha ID:2
[04-08 15:50:49.201]9743,Coat of Invocation,cha ID:1
[04-08 15:50:49.201]9745,Robe of Abraxas,cha ID:1
[04-08 15:50:49.201]9747,Mantle of the Cursed Flame,cha ID:2
