[04-08 15:02:18.474]Add LG [init]
[04-08 15:02:19.715]Add LG [iteminfoerror]
[04-08 15:02:24.162]Add LG [PfTable]
[04-08 15:02:24.164]Add LG [npcinfo]
[04-08 15:02:24.165]Add LG [boat_init]
[04-08 15:02:24.166]Add LG [packbag_init]
[04-08 15:02:24.166]Add LG [boatlevel_init]
[04-08 15:02:24.253]Add LG [randmission_prize_error]
[04-08 15:02:24.360]Add LG [FairyGuard]
[04-08 15:02:24.388]Add LG [script_reload]
[04-08 15:02:24.388]Add LG [BossTimer]
[04-08 15:02:24.407]Add LG [BossLastHit]
[04-08 15:02:24.408]Add LG [npcinit]
[04-08 15:02:24.409]Add LG [initmap]
[04-08 15:02:24.642]Add LG [Common]
[04-08 15:02:24.757]Add LG [spawn mum garner]
[04-08 15:02:24.839]Add LG [missioninit]
[04-08 15:02:24.842]Add LG [npcinit_trade]
[04-08 15:02:24.887]Add LG [entity_init]
[04-08 15:02:24.890]Add LG [weather]
[04-08 15:02:24.891]Add LG [create_cha]
[04-08 15:02:24.891]Add LG [help]
[04-08 15:02:25.335]Add LG [spawn mum magicsea]
[04-08 15:02:25.351]Add LG [Cha born error]
[04-08 15:02:25.567]Add LG [lua_ai]
[04-08 15:02:25.938]Add LG [spawn mum darkblue]
[04-08 15:02:26.127]Add LG [spawn mum eastgoaf]
[04-08 15:02:26.224]Add LG [spawn mum winterland]
[04-08 15:02:26.278]Add LG [spawn mum mjing1]
[04-08 15:02:26.294]Add LG [spawn mum mjing2]
[04-08 15:02:26.313]Add LG [spawn mum mjing3]
[04-08 15:02:26.332]Add LG [spawn mum mjing4]
[04-08 15:02:26.736]Add LG [offline_stall]
[04-08 15:02:26.746]Add LG [size]
[04-08 15:02:26.747]Add LG [EntityNum]
[04-08 15:02:26.748]Add LG [Connect]
[04-08 15:02:26.748]Add LG [portaltimes2]
[04-08 15:02:26.768]Add LG [GameLogin]
[04-08 15:02:29.927]Add LG [the map entrance flow ]
[04-08 15:02:29.957]Add LG [map entry flow]
[04-08 15:02:29.958]Add LG [WorldNotice]
[04-08 15:02:56.777]Add LG [map_time]
[04-08 15:02:56.777]Add LG [GameRunTime]
[04-08 15:05:06.465]Add LG [enter_map]
[04-08 15:05:06.592]Add LG [trade2026-4-8-15]
[04-08 15:05:06.592]Add LG [PlayerRegistry]
[04-08 15:05:06.595]Add LG [pickup_debug]
[04-08 15:05:06.596]Add LG [death_persist]
[04-08 15:05:33.651]Add LG [ServerRunLog]
[04-08 15:05:33.652]Add LG [DoCommand]
[04-08 15:05:49.066]Add LG [Save data waste time]
[04-08 15:06:27.543]Add LG [util_db_error]
[04-08 15:06:27.555]Add LG [save data waste time]
[04-08 15:06:27.561]Add LG [script_time]
[04-08 15:09:37.814]Add LG [Portal]
[04-08 15:09:37.814]Add LG [lua return value error]
[04-08 15:09:37.872]Add LG [RelogPenalty]
[04-08 15:09:37.875]Add LG [ChaosArgent]
[04-08 15:09:59.745]Add LG [lua_err]
[04-08 15:17:24.918]Add LG [create_chaex]
[04-08 15:30:04.936]Add LG [map entrance flow]
[04-08 15:50:43.623]Add LG [init]
[04-08 15:50:44.871]Add LG [iteminfoerror]
[04-08 15:50:49.709]Add LG [PfTable]
[04-08 15:50:49.741]Add LG [npcinfo]
[04-08 15:50:49.741]Add LG [boat_init]
[04-08 15:50:49.750]Add LG [packbag_init]
[04-08 15:50:49.757]Add LG [boatlevel_init]
[04-08 15:50:49.993]Add LG [randmission_prize_error]
[04-08 15:50:50.325]Add LG [FairyGuard]
[04-08 15:50:50.357]Add LG [script_reload]
[04-08 15:50:50.372]Add LG [BossTimer]
[04-08 15:50:50.388]Add LG [BossLastHit]
[04-08 15:50:50.388]Add LG [npcinit]
[04-08 15:50:50.404]Add LG [initmap]
[04-08 15:50:50.674]Add LG [Common]
[04-08 15:50:50.847]Add LG [spawn mum garner]
[04-08 15:50:50.950]Add LG [missioninit]
[04-08 15:50:50.961]Add LG [npcinit_trade]
[04-08 15:50:51.029]Add LG [entity_init]
[04-08 15:50:51.053]Add LG [weather]
[04-08 15:50:51.053]Add LG [create_cha]
[04-08 15:50:51.069]Add LG [help]
[04-08 15:50:51.972]Add LG [spawn mum magicsea]
[04-08 15:50:51.988]Add LG [Cha born error]
[04-08 15:50:52.313]Add LG [lua_ai]
[04-08 15:50:53.052]Add LG [spawn mum darkblue]
[04-08 15:50:53.335]Add LG [spawn mum eastgoaf]
[04-08 15:50:53.495]Add LG [spawn mum winterland]
[04-08 15:50:53.625]Add LG [spawn mum mjing1]
[04-08 15:50:53.684]Add LG [spawn mum mjing2]
[04-08 15:50:53.758]Add LG [spawn mum mjing3]
[04-08 15:50:53.844]Add LG [spawn mum mjing4]
[04-08 15:50:55.191]Add LG [offline_stall]
[04-08 15:50:55.207]Add LG [size]
[04-08 15:50:55.207]Add LG [EntityNum]
[04-08 15:50:55.223]Add LG [Connect]
[04-08 15:50:55.235]Add LG [portaltimes2]
[04-08 15:50:55.257]Add LG [GameLogin]
[04-08 15:50:56.355]Add LG [the map entrance flow ]
[04-08 15:50:56.382]Add LG [map entry flow]
[04-08 15:50:56.382]Add LG [WorldNotice]
[04-08 15:51:25.273]Add LG [map_time]
[04-08 15:51:25.281]Add LG [GameRunTime]
[04-08 15:51:39.589]Add LG [enter_map]
[04-08 15:51:39.724]Add LG [trade2026-4-8-15]
[04-08 15:51:39.731]Add LG [PlayerRegistry]
[04-08 15:51:39.746]Add LG [pickup_debug]
[04-08 15:51:39.756]Add LG [death_persist]
[04-08 15:51:49.846]Add LG [script_time]
[04-08 15:52:01.252]Add LG [ServerRunLog]
[04-08 15:52:01.259]Add LG [DoCommand]
[04-08 15:52:16.534]Add LG [Save data waste time]
[04-08 17:00:26.263]Add LG [util_db_error]
[04-08 17:00:26.281]Add LG [save data waste time]
[04-08 17:00:26.286]Add LG [teleport]
[04-08 17:00:31.177]Add LG [RelogPenalty]
[04-08 17:00:31.193]Add LG [Portal]
[04-08 17:00:36.947]Add LG [lua return value error]
[04-08 17:00:55.852]Add LG [attr_error]
[04-08 17:01:40.317]Add LG [lua_err]
[04-08 15:00:03.752]Add LG [map entrance flow]
[04-08 15:00:31.165]Add LG [ChaosArgent]
[04-08 15:10:30.468]Add LG [create_chaex]
[04-08 15:44:57.814]Add LG [db_error]
