[04-08 15:30:04.936]ask for close entrance:position garner2 --> darkblue
[04-08 15:45:04.912]close map copy ?garner2?-1?
[04-08 15:45:04.984]close map succeed :garner2
[04-08 15:45:09.953]already close the map:garner2
[04-08 15:45:14.945]already close the map:garner2
[04-08 15:45:19.923]already close the map:garner2
[04-08 15:45:24.910]already close the map:garner2
[04-08 15:45:29.968]already close the map:garner2
[04-08 15:45:34.965]already close the map:garner2
[04-08 15:45:39.954]already close the map:garner2
[04-08 15:45:44.939]already close the map:garner2
[04-08 15:45:49.927]already close the map:garner2
[04-08 15:45:54.920]already close the map:garner2
[04-08 15:45:59.918]already close the map:garner2
[04-08 15:46:04.951]already close the map:garner2
[04-08 15:46:09.927]already close the map:garner2
[04-08 15:46:14.962]already close the map:garner2
[04-08 15:00:03.752]ask for close entrance:position puzzleworld2 --> puzzleworld
[04-08 15:00:03.752]ask for close entrance:position puzzleworld2 --> puzzleworld
[04-08 15:00:03.752]ask for close map:puzzleworld2
[04-08 15:00:03.802]close map copy ?puzzleworld2?-1?
[04-08 15:00:03.802]close map succeed :puzzleworld2
[04-08 15:00:04.112]ask for close entrance:position chaosicicle --> DreamIsland
[04-08 15:00:04.112]ask for close entrance:position chaosicicle --> DreamIsland
[04-08 15:00:04.112]ask for close map:chaosicicle
[04-08 15:00:04.175]close map copy ?chaosicicle?-1?
[04-08 15:00:04.230]close map succeed :chaosicicle
[04-08 15:00:08.758]already close the map:puzzleworld2
[04-08 15:00:09.068]already close the map:chaosicicle
[04-08 15:00:13.728]already close the map:puzzleworld2
[04-08 15:00:14.101]already close the map:chaosicicle
[04-08 15:00:18.757]already close the map:puzzleworld2
[04-08 15:00:19.066]already close the map:chaosicicle
[04-08 15:00:23.773]already close the map:puzzleworld2
[04-08 15:00:24.083]already close the map:chaosicicle
[04-08 15:00:28.726]already close the map:puzzleworld2
[04-08 15:00:29.102]already close the map:chaosicicle
[04-08 15:00:33.764]already close the map:puzzleworld2
[04-08 15:00:34.074]already close the map:chaosicicle
[04-08 15:00:38.733]already close the map:puzzleworld2
[04-08 15:00:39.108]already close the map:chaosicicle
[04-08 15:00:43.775]already close the map:puzzleworld2
[04-08 15:00:44.086]already close the map:chaosicicle
[04-08 15:00:48.743]already close the map:puzzleworld2
[04-08 15:00:49.054]already close the map:chaosicicle
[04-08 15:00:53.777]already close the map:puzzleworld2
[04-08 15:00:54.089]already close the map:chaosicicle
[04-08 15:00:58.739]already close the map:puzzleworld2
[04-08 15:00:59.112]already close the map:chaosicicle
[04-08 15:01:03.783]already close the map:puzzleworld2
[04-08 15:01:04.094]already close the map:chaosicicle
[04-08 15:01:08.757]already close the map:puzzleworld2
[04-08 15:01:09.069]already close the map:chaosicicle
[04-08 15:01:13.780]already close the map:puzzleworld2
[04-08 15:01:14.090]already close the map:chaosicicle
[04-08 15:01:18.753]already close the map:puzzleworld2
[04-08 15:01:19.062]already close the map:chaosicicle
[04-08 15:01:23.785]already close the map:puzzleworld2
[04-08 15:01:24.097]already close the map:chaosicicle
[04-08 15:01:28.760]already close the map:puzzleworld2
[04-08 15:01:29.075]already close the map:chaosicicle
[04-08 15:01:33.745]already close the map:puzzleworld2
[04-08 15:01:34.057]already close the map:chaosicicle
[04-08 15:01:38.737]already close the map:puzzleworld2
[04-08 15:01:39.113]already close the map:chaosicicle
[04-08 15:01:43.781]already close the map:puzzleworld2
[04-08 15:01:44.093]already close the map:chaosicicle
[04-08 15:01:48.767]already close the map:puzzleworld2
[04-08 15:01:49.078]already close the map:chaosicicle
[04-08 15:01:53.753]already close the map:puzzleworld2
[04-08 15:01:54.065]already close the map:chaosicicle
[04-08 15:01:58.730]already close the map:puzzleworld2
[04-08 15:01:59.105]already close the map:chaosicicle
[04-08 15:02:03.756]already close the map:puzzleworld2
[04-08 15:02:04.067]already close the map:chaosicicle
[04-08 15:02:08.740]already close the map:puzzleworld2
[04-08 15:02:09.112]already close the map:chaosicicle
[04-08 15:02:13.780]already close the map:puzzleworld2
[04-08 15:02:14.092]already close the map:chaosicicle
[04-08 15:02:18.764]already close the map:puzzleworld2
[04-08 15:02:19.076]already close the map:chaosicicle
[04-08 15:02:23.737]already close the map:puzzleworld2
[04-08 15:02:24.109]already close the map:chaosicicle
[04-08 15:02:28.773]already close the map:puzzleworld2
[04-08 15:02:29.083]already close the map:chaosicicle
[04-08 15:02:33.744]already close the map:puzzleworld2
[04-08 15:02:34.059]already close the map:chaosicicle
[04-08 15:02:38.785]already close the map:puzzleworld2
[04-08 15:02:39.094]already close the map:chaosicicle
[04-08 15:02:43.764]already close the map:puzzleworld2
[04-08 15:02:44.075]already close the map:chaosicicle
[04-08 15:02:48.742]already close the map:puzzleworld2
[04-08 15:02:49.115]already close the map:chaosicicle
[04-08 15:02:53.787]already close the map:puzzleworld2
[04-08 15:02:54.095]already close the map:chaosicicle
[04-08 15:02:58.771]already close the map:puzzleworld2
[04-08 15:02:59.082]already close the map:chaosicicle
[04-08 15:03:03.733]already close the map:puzzleworld2
[04-08 15:03:04.108]already close the map:chaosicicle
[04-08 15:03:08.768]already close the map:puzzleworld2
[04-08 15:03:09.076]already close the map:chaosicicle
[04-08 15:03:13.743]already close the map:puzzleworld2
[04-08 15:03:14.115]already close the map:chaosicicle
[04-08 15:03:18.785]already close the map:puzzleworld2
[04-08 15:03:19.094]already close the map:chaosicicle
[04-08 15:03:23.747]already close the map:puzzleworld2
[04-08 15:03:24.058]already close the map:chaosicicle
[04-08 15:03:28.784]already close the map:puzzleworld2
[04-08 15:03:29.093]already close the map:chaosicicle
[04-08 15:03:33.758]already close the map:puzzleworld2
[04-08 15:03:34.069]already close the map:chaosicicle
[04-08 15:03:38.728]already close the map:puzzleworld2
[04-08 15:03:39.103]already close the map:chaosicicle
[04-08 15:03:43.779]already close the map:puzzleworld2
[04-08 15:03:44.094]already close the map:chaosicicle
[04-08 15:03:48.758]already close the map:puzzleworld2
[04-08 15:03:49.072]already close the map:chaosicicle
[04-08 15:03:53.751]already close the map:puzzleworld2
[04-08 15:03:54.063]already close the map:chaosicicle
[04-08 15:03:58.755]already close the map:puzzleworld2
[04-08 15:03:59.065]already close the map:chaosicicle
[04-08 15:04:03.727]already close the map:puzzleworld2
[04-08 15:04:04.099]already close the map:chaosicicle
[04-08 15:04:08.777]already close the map:puzzleworld2
[04-08 15:04:09.090]already close the map:chaosicicle
[04-08 15:04:13.772]already close the map:puzzleworld2
[04-08 15:04:14.083]already close the map:chaosicicle
[04-08 15:04:18.755]already close the map:puzzleworld2
[04-08 15:04:19.067]already close the map:chaosicicle
[04-08 15:04:23.745]already close the map:puzzleworld2
[04-08 15:04:24.057]already close the map:chaosicicle
[04-08 15:04:28.738]already close the map:puzzleworld2
[04-08 15:04:29.110]already close the map:chaosicicle
[04-08 15:04:33.729]already close the map:puzzleworld2
[04-08 15:04:34.105]already close the map:chaosicicle
[04-08 15:04:38.786]already close the map:puzzleworld2
[04-08 15:04:39.097]already close the map:chaosicicle
[04-08 15:04:43.779]already close the map:puzzleworld2
[04-08 15:04:44.092]already close the map:chaosicicle
[04-08 15:04:48.779]already close the map:puzzleworld2
[04-08 15:04:49.092]already close the map:chaosicicle
[04-08 15:04:53.771]already close the map:puzzleworld2
[04-08 15:04:54.084]already close the map:chaosicicle
[04-08 15:04:58.766]already close the map:puzzleworld2
[04-08 15:04:59.079]already close the map:chaosicicle
[04-08 15:05:03.764]already close the map:puzzleworld2
[04-08 15:05:04.075]already close the map:chaosicicle
[04-08 15:05:08.760]already close the map:puzzleworld2
[04-08 15:05:09.074]already close the map:chaosicicle
[04-08 15:05:13.754]already close the map:puzzleworld2
[04-08 15:05:14.067]already close the map:chaosicicle
[04-08 15:05:18.748]already close the map:puzzleworld2
[04-08 15:05:19.062]already close the map:chaosicicle
[04-08 15:05:23.737]already close the map:puzzleworld2
[04-08 15:05:24.111]already close the map:chaosicicle
[04-08 15:05:28.730]already close the map:puzzleworld2
[04-08 15:05:29.105]already close the map:chaosicicle
[04-08 15:05:33.776]already close the map:puzzleworld2
[04-08 15:05:34.086]already close the map:chaosicicle
[04-08 15:05:38.761]already close the map:puzzleworld2
[04-08 15:05:39.073]already close the map:chaosicicle
[04-08 15:05:43.749]already close the map:puzzleworld2
[04-08 15:05:44.061]already close the map:chaosicicle
[04-08 15:05:48.740]already close the map:puzzleworld2
[04-08 15:05:49.114]already close the map:chaosicicle
[04-08 15:05:53.784]already close the map:puzzleworld2
[04-08 15:05:54.096]already close the map:chaosicicle
[04-08 15:05:58.782]already close the map:puzzleworld2
[04-08 15:05:59.096]already close the map:chaosicicle
[04-08 15:06:03.754]already close the map:puzzleworld2
[04-08 15:06:04.068]already close the map:chaosicicle
[04-08 15:06:08.752]already close the map:puzzleworld2
[04-08 15:06:09.065]already close the map:chaosicicle
[04-08 15:06:13.733]already close the map:puzzleworld2
[04-08 15:06:14.105]already close the map:chaosicicle
[04-08 15:06:18.778]already close the map:puzzleworld2
[04-08 15:06:19.092]already close the map:chaosicicle
[04-08 15:06:23.750]already close the map:puzzleworld2
[04-08 15:06:24.061]already close the map:chaosicicle
[04-08 15:06:28.729]already close the map:puzzleworld2
[04-08 15:06:29.103]already close the map:chaosicicle
[04-08 15:06:33.773]already close the map:puzzleworld2
[04-08 15:06:34.081]already close the map:chaosicicle
[04-08 15:06:38.755]already close the map:puzzleworld2
[04-08 15:06:39.068]already close the map:chaosicicle
[04-08 15:06:43.757]already close the map:puzzleworld2
[04-08 15:06:44.069]already close the map:chaosicicle
[04-08 15:06:48.750]already close the map:puzzleworld2
[04-08 15:06:49.062]already close the map:chaosicicle
[04-08 15:06:53.733]already close the map:puzzleworld2
[04-08 15:06:54.108]already close the map:chaosicicle
[04-08 15:06:58.787]already close the map:puzzleworld2
[04-08 15:06:59.100]already close the map:chaosicicle
[04-08 15:07:03.777]already close the map:puzzleworld2
[04-08 15:07:04.088]already close the map:chaosicicle
[04-08 15:07:08.736]already close the map:puzzleworld2
[04-08 15:07:09.104]already close the map:chaosicicle
[04-08 15:07:13.766]already close the map:puzzleworld2
[04-08 15:07:14.080]already close the map:chaosicicle
[04-08 15:07:18.749]already close the map:puzzleworld2
[04-08 15:07:19.062]already close the map:chaosicicle
[04-08 15:07:23.777]already close the map:puzzleworld2
[04-08 15:07:24.090]already close the map:chaosicicle
[04-08 15:07:28.765]already close the map:puzzleworld2
[04-08 15:07:29.075]already close the map:chaosicicle
[04-08 15:07:33.737]already close the map:puzzleworld2
[04-08 15:07:34.110]already close the map:chaosicicle
[04-08 15:07:38.774]already close the map:puzzleworld2
[04-08 15:07:39.085]already close the map:chaosicicle
[04-08 15:07:43.744]already close the map:puzzleworld2
[04-08 15:07:44.056]already close the map:chaosicicle
[04-08 15:07:48.786]already close the map:puzzleworld2
[04-08 15:07:49.099]already close the map:chaosicicle
[04-08 15:07:53.771]already close the map:puzzleworld2
[04-08 15:07:54.085]already close the map:chaosicicle
[04-08 15:07:58.731]already close the map:puzzleworld2
[04-08 15:07:59.102]already close the map:chaosicicle
[04-08 15:08:03.776]already close the map:puzzleworld2
[04-08 15:08:04.087]already close the map:chaosicicle
[04-08 15:08:08.751]already close the map:puzzleworld2
[04-08 15:08:09.064]already close the map:chaosicicle
[04-08 15:08:13.729]already close the map:puzzleworld2
[04-08 15:08:14.104]already close the map:chaosicicle
[04-08 15:08:18.763]already close the map:puzzleworld2
[04-08 15:08:19.074]already close the map:chaosicicle
[04-08 15:08:23.748]already close the map:puzzleworld2
[04-08 15:08:24.056]already close the map:chaosicicle
[04-08 15:08:28.771]already close the map:puzzleworld2
[04-08 15:08:29.082]already close the map:chaosicicle
[04-08 15:08:33.740]already close the map:puzzleworld2
[04-08 15:08:34.113]already close the map:chaosicicle
[04-08 15:08:38.782]already close the map:puzzleworld2
[04-08 15:08:39.094]already close the map:chaosicicle
[04-08 15:08:43.754]already close the map:puzzleworld2
[04-08 15:08:44.065]already close the map:chaosicicle
[04-08 15:08:48.786]already close the map:puzzleworld2
[04-08 15:08:49.097]already close the map:chaosicicle
[04-08 15:08:53.756]already close the map:puzzleworld2
[04-08 15:08:54.069]already close the map:chaosicicle
[04-08 15:08:58.737]already close the map:puzzleworld2
[04-08 15:08:59.113]already close the map:chaosicicle
[04-08 15:09:03.782]already close the map:puzzleworld2
[04-08 15:09:04.091]already close the map:chaosicicle
[04-08 15:09:08.738]already close the map:puzzleworld2
[04-08 15:09:09.110]already close the map:chaosicicle
[04-08 15:09:13.757]already close the map:puzzleworld2
[04-08 15:09:14.069]already close the map:chaosicicle
[04-08 15:09:18.747]already close the map:puzzleworld2
[04-08 15:09:19.058]already close the map:chaosicicle
[04-08 15:09:23.778]already close the map:puzzleworld2
[04-08 15:09:24.089]already close the map:chaosicicle
[04-08 15:09:28.756]already close the map:puzzleworld2
[04-08 15:09:29.067]already close the map:chaosicicle
[04-08 15:09:33.785]already close the map:puzzleworld2
[04-08 15:09:34.097]already close the map:chaosicicle
[04-08 15:09:38.760]already close the map:puzzleworld2
[04-08 15:09:39.070]already close the map:chaosicicle
[04-08 15:09:43.777]already close the map:puzzleworld2
[04-08 15:09:44.088]already close the map:chaosicicle
[04-08 15:09:48.736]already close the map:puzzleworld2
[04-08 15:09:49.110]already close the map:chaosicicle
[04-08 15:09:53.769]already close the map:puzzleworld2
[04-08 15:09:54.081]already close the map:chaosicicle
[04-08 15:09:58.733]already close the map:puzzleworld2
[04-08 15:09:59.108]already close the map:chaosicicle
[04-08 15:10:03.779]already close the map:puzzleworld2
[04-08 15:10:04.086]already close the map:chaosicicle
[04-08 15:10:08.733]already close the map:puzzleworld2
[04-08 15:10:09.106]already close the map:chaosicicle
[04-08 15:10:13.760]already close the map:puzzleworld2
[04-08 15:10:14.069]already close the map:chaosicicle
[04-08 15:10:18.783]already close the map:puzzleworld2
[04-08 15:10:19.094]already close the map:chaosicicle
[04-08 15:10:23.754]already close the map:puzzleworld2
[04-08 15:10:24.065]already close the map:chaosicicle
[04-08 15:10:28.785]already close the map:puzzleworld2
[04-08 15:10:29.094]already close the map:chaosicicle
[04-08 15:10:33.755]already close the map:puzzleworld2
[04-08 15:10:34.065]already close the map:chaosicicle
[04-08 15:10:38.781]already close the map:puzzleworld2
[04-08 15:10:39.092]already close the map:chaosicicle
[04-08 15:10:43.740]already close the map:puzzleworld2
[04-08 15:10:44.114]already close the map:chaosicicle
[04-08 15:10:48.760]already close the map:puzzleworld2
[04-08 15:10:49.070]already close the map:chaosicicle
[04-08 15:10:53.727]already close the map:puzzleworld2
[04-08 15:10:54.101]already close the map:chaosicicle
[04-08 15:10:58.757]already close the map:puzzleworld2
[04-08 15:10:59.069]already close the map:chaosicicle
[04-08 15:11:03.732]already close the map:puzzleworld2
[04-08 15:11:04.106]already close the map:chaosicicle
[04-08 15:11:08.770]already close the map:puzzleworld2
[04-08 15:11:09.081]already close the map:chaosicicle
[04-08 15:11:13.727]already close the map:puzzleworld2
[04-08 15:11:14.100]already close the map:chaosicicle
[04-08 15:11:18.751]already close the map:puzzleworld2
[04-08 15:11:19.059]already close the map:chaosicicle
[04-08 15:11:23.775]already close the map:puzzleworld2
[04-08 15:11:24.086]already close the map:chaosicicle
[04-08 15:11:28.741]already close the map:puzzleworld2
[04-08 15:11:29.113]already close the map:chaosicicle
[04-08 15:11:33.776]already close the map:puzzleworld2
[04-08 15:11:34.088]already close the map:chaosicicle
[04-08 15:11:38.749]already close the map:puzzleworld2
[04-08 15:11:39.060]already close the map:chaosicicle
[04-08 15:11:43.776]already close the map:puzzleworld2
[04-08 15:11:44.086]already close the map:chaosicicle
[04-08 15:11:48.743]already close the map:puzzleworld2
[04-08 15:11:49.054]already close the map:chaosicicle
[04-08 15:11:53.776]already close the map:puzzleworld2
[04-08 15:11:54.085]already close the map:chaosicicle
[04-08 15:11:58.745]already close the map:puzzleworld2
[04-08 15:11:59.056]already close the map:chaosicicle
[04-08 15:12:03.774]already close the map:puzzleworld2
[04-08 15:12:04.085]already close the map:chaosicicle
[04-08 15:12:08.742]already close the map:puzzleworld2
[04-08 15:12:09.055]already close the map:chaosicicle
[04-08 15:12:13.774]already close the map:puzzleworld2
[04-08 15:12:14.085]already close the map:chaosicicle
[04-08 15:12:18.740]already close the map:puzzleworld2
[04-08 15:12:19.111]already close the map:chaosicicle
[04-08 15:12:23.758]already close the map:puzzleworld2
[04-08 15:12:24.068]already close the map:chaosicicle
[04-08 15:12:28.732]already close the map:puzzleworld2
[04-08 15:12:29.105]already close the map:chaosicicle
[04-08 15:12:33.760]already close the map:puzzleworld2
[04-08 15:12:34.071]already close the map:chaosicicle
[04-08 15:12:38.737]already close the map:puzzleworld2
[04-08 15:12:39.109]already close the map:chaosicicle
[04-08 15:12:43.749]already close the map:puzzleworld2
[04-08 15:12:44.060]already close the map:chaosicicle
[04-08 15:12:48.725]already close the map:puzzleworld2
[04-08 15:12:49.097]already close the map:chaosicicle
[04-08 15:12:53.758]already close the map:puzzleworld2
[04-08 15:12:54.070]already close the map:chaosicicle
[04-08 15:12:58.743]already close the map:puzzleworld2
[04-08 15:12:59.054]already close the map:chaosicicle
[04-08 15:13:03.784]already close the map:puzzleworld2
[04-08 15:13:04.095]already close the map:chaosicicle
[04-08 15:13:08.754]already close the map:puzzleworld2
[04-08 15:13:09.065]already close the map:chaosicicle
[04-08 15:13:13.780]already close the map:puzzleworld2
[04-08 15:13:14.092]already close the map:chaosicicle
[04-08 15:13:18.770]already close the map:puzzleworld2
[04-08 15:13:19.082]already close the map:chaosicicle
[04-08 15:13:23.744]already close the map:puzzleworld2
[04-08 15:13:24.053]already close the map:chaosicicle
[04-08 15:13:28.773]already close the map:puzzleworld2
[04-08 15:13:29.085]already close the map:chaosicicle
[04-08 15:13:33.748]already close the map:puzzleworld2
[04-08 15:13:34.115]already close the map:chaosicicle
[04-08 15:13:38.781]already close the map:puzzleworld2
[04-08 15:13:39.091]already close the map:chaosicicle
[04-08 15:13:43.745]already close the map:puzzleworld2
[04-08 15:13:44.055]already close the map:chaosicicle
[04-08 15:13:48.780]already close the map:puzzleworld2
[04-08 15:13:49.091]already close the map:chaosicicle
[04-08 15:13:53.740]already close the map:puzzleworld2
[04-08 15:13:54.111]already close the map:chaosicicle
[04-08 15:13:58.770]already close the map:puzzleworld2
[04-08 15:13:59.082]already close the map:chaosicicle
[04-08 15:14:03.745]already close the map:puzzleworld2
[04-08 15:14:04.055]already close the map:chaosicicle
[04-08 15:14:08.774]already close the map:puzzleworld2
[04-08 15:14:09.086]already close the map:chaosicicle
[04-08 15:14:13.738]already close the map:puzzleworld2
[04-08 15:14:14.109]already close the map:chaosicicle
[04-08 15:14:18.761]already close the map:puzzleworld2
[04-08 15:14:19.074]already close the map:chaosicicle
[04-08 15:14:23.786]already close the map:puzzleworld2
[04-08 15:14:24.098]already close the map:chaosicicle
[04-08 15:14:28.751]already close the map:puzzleworld2
[04-08 15:14:29.062]already close the map:chaosicicle
[04-08 15:14:33.781]already close the map:puzzleworld2
[04-08 15:14:34.094]already close the map:chaosicicle
[04-08 15:14:38.759]already close the map:puzzleworld2
[04-08 15:14:39.068]already close the map:chaosicicle
[04-08 15:14:43.781]already close the map:puzzleworld2
[04-08 15:14:44.093]already close the map:chaosicicle
[04-08 15:14:48.747]already close the map:puzzleworld2
[04-08 15:14:49.057]already close the map:chaosicicle
[04-08 15:14:53.776]already close the map:puzzleworld2
[04-08 15:14:54.089]already close the map:chaosicicle
[04-08 15:14:58.740]already close the map:puzzleworld2
[04-08 15:14:59.111]already close the map:chaosicicle
[04-08 15:15:03.773]already close the map:puzzleworld2
[04-08 15:15:04.082]already close the map:chaosicicle
[04-08 15:15:08.739]already close the map:puzzleworld2
[04-08 15:15:09.110]already close the map:chaosicicle
[04-08 15:15:13.769]already close the map:puzzleworld2
[04-08 15:15:14.079]already close the map:chaosicicle
[04-08 15:15:18.730]already close the map:puzzleworld2
[04-08 15:15:19.104]already close the map:chaosicicle
[04-08 15:15:23.753]already close the map:puzzleworld2
[04-08 15:15:24.063]already close the map:chaosicicle
[04-08 15:15:28.778]already close the map:puzzleworld2
[04-08 15:15:29.088]already close the map:chaosicicle
[04-08 15:15:33.751]already close the map:puzzleworld2
[04-08 15:15:34.061]already close the map:chaosicicle
[04-08 15:15:38.775]already close the map:puzzleworld2
[04-08 15:15:39.086]already close the map:chaosicicle
[04-08 15:15:43.743]already close the map:puzzleworld2
[04-08 15:15:44.113]already close the map:chaosicicle
[04-08 15:15:48.771]already close the map:puzzleworld2
[04-08 15:15:49.081]already close the map:chaosicicle
[04-08 15:15:53.742]already close the map:puzzleworld2
[04-08 15:15:54.054]already close the map:chaosicicle
[04-08 15:15:58.773]already close the map:puzzleworld2
[04-08 15:15:59.083]already close the map:chaosicicle
[04-08 15:16:03.738]already close the map:puzzleworld2
[04-08 15:16:04.111]already close the map:chaosicicle
[04-08 15:16:08.763]already close the map:puzzleworld2
[04-08 15:16:09.072]already close the map:chaosicicle
[04-08 15:16:13.729]already close the map:puzzleworld2
[04-08 15:16:14.104]already close the map:chaosicicle
[04-08 15:16:18.758]already close the map:puzzleworld2
[04-08 15:16:19.070]already close the map:chaosicicle
[04-08 15:16:23.725]already close the map:puzzleworld2
[04-08 15:16:24.097]already close the map:chaosicicle
[04-08 15:16:28.754]already close the map:puzzleworld2
[04-08 15:16:29.065]already close the map:chaosicicle
[04-08 15:16:33.767]already close the map:puzzleworld2
[04-08 15:16:34.076]already close the map:chaosicicle
[04-08 15:16:38.741]already close the map:puzzleworld2
[04-08 15:16:39.113]already close the map:chaosicicle
[04-08 15:16:43.772]already close the map:puzzleworld2
[04-08 15:16:44.084]already close the map:chaosicicle
[04-08 15:16:48.740]already close the map:puzzleworld2
[04-08 15:16:49.108]already close the map:chaosicicle
[04-08 15:16:53.762]already close the map:puzzleworld2
[04-08 15:16:54.073]already close the map:chaosicicle
[04-08 15:16:58.736]already close the map:puzzleworld2
[04-08 15:16:59.110]already close the map:chaosicicle
[04-08 15:17:03.780]already close the map:puzzleworld2
[04-08 15:17:04.090]already close the map:chaosicicle
[04-08 15:17:08.743]already close the map:puzzleworld2
[04-08 15:17:09.055]already close the map:chaosicicle
[04-08 15:17:13.776]already close the map:puzzleworld2
[04-08 15:17:14.088]already close the map:chaosicicle
[04-08 15:17:18.739]already close the map:puzzleworld2
[04-08 15:17:19.111]already close the map:chaosicicle
[04-08 15:17:23.771]already close the map:puzzleworld2
[04-08 15:17:24.081]already close the map:chaosicicle
[04-08 15:17:28.732]already close the map:puzzleworld2
[04-08 15:17:29.106]already close the map:chaosicicle
[04-08 15:17:33.764]already close the map:puzzleworld2
[04-08 15:17:34.075]already close the map:chaosicicle
[04-08 15:17:38.729]already close the map:puzzleworld2
[04-08 15:17:39.104]already close the map:chaosicicle
[04-08 15:17:43.762]already close the map:puzzleworld2
[04-08 15:17:44.071]already close the map:chaosicicle
[04-08 15:17:48.728]already close the map:puzzleworld2
[04-08 15:17:49.099]already close the map:chaosicicle
[04-08 15:17:53.748]already close the map:puzzleworld2
[04-08 15:17:54.059]already close the map:chaosicicle
[04-08 15:17:58.772]already close the map:puzzleworld2
[04-08 15:17:59.083]already close the map:chaosicicle
[04-08 15:18:03.745]already close the map:puzzleworld2
[04-08 15:18:04.055]already close the map:chaosicicle
[04-08 15:18:08.771]already close the map:puzzleworld2
[04-08 15:18:09.081]already close the map:chaosicicle
[04-08 15:18:13.741]already close the map:puzzleworld2
[04-08 15:18:14.053]already close the map:chaosicicle
[04-08 15:18:18.771]already close the map:puzzleworld2
[04-08 15:18:19.080]already close the map:chaosicicle
[04-08 15:18:23.740]already close the map:puzzleworld2
[04-08 15:18:24.112]already close the map:chaosicicle
[04-08 15:18:28.771]already close the map:puzzleworld2
[04-08 15:18:29.083]already close the map:chaosicicle
[04-08 15:18:33.737]already close the map:puzzleworld2
[04-08 15:18:34.107]already close the map:chaosicicle
[04-08 15:18:38.769]already close the map:puzzleworld2
[04-08 15:18:39.079]already close the map:chaosicicle
[04-08 15:18:43.733]already close the map:puzzleworld2
[04-08 15:18:44.107]already close the map:chaosicicle
[04-08 15:18:48.767]already close the map:puzzleworld2
[04-08 15:18:49.076]already close the map:chaosicicle
[04-08 15:18:53.742]already close the map:puzzleworld2
[04-08 15:18:54.053]already close the map:chaosicicle
[04-08 15:18:58.761]already close the map:puzzleworld2
[04-08 15:18:59.072]already close the map:chaosicicle
[04-08 15:19:03.737]already close the map:puzzleworld2
[04-08 15:19:04.110]already close the map:chaosicicle
[04-08 15:19:08.771]already close the map:puzzleworld2
[04-08 15:19:09.083]already close the map:chaosicicle
[04-08 15:19:13.731]already close the map:puzzleworld2
[04-08 15:19:14.102]already close the map:chaosicicle
[04-08 15:19:18.765]already close the map:puzzleworld2
[04-08 15:19:19.077]already close the map:chaosicicle
[04-08 15:19:23.733]already close the map:puzzleworld2
[04-08 15:19:24.105]already close the map:chaosicicle
[04-08 15:19:28.763]already close the map:puzzleworld2
[04-08 15:19:29.073]already close the map:chaosicicle
[04-08 15:19:33.730]already close the map:puzzleworld2
[04-08 15:19:34.102]already close the map:chaosicicle
[04-08 15:19:38.765]already close the map:puzzleworld2
[04-08 15:19:39.076]already close the map:chaosicicle
[04-08 15:19:43.741]already close the map:puzzleworld2
[04-08 15:19:44.056]already close the map:chaosicicle
[04-08 15:19:48.782]already close the map:puzzleworld2
[04-08 15:19:49.093]already close the map:chaosicicle
[04-08 15:19:53.763]already close the map:puzzleworld2
[04-08 15:19:54.072]already close the map:chaosicicle
[04-08 15:19:58.743]already close the map:puzzleworld2
[04-08 15:19:59.054]already close the map:chaosicicle
[04-08 15:20:03.786]already close the map:puzzleworld2
[04-08 15:20:04.097]already close the map:chaosicicle
[04-08 15:20:08.766]already close the map:puzzleworld2
[04-08 15:20:09.077]already close the map:chaosicicle
[04-08 15:20:13.744]already close the map:puzzleworld2
[04-08 15:20:14.056]already close the map:chaosicicle
[04-08 15:20:18.785]already close the map:puzzleworld2
[04-08 15:20:19.097]already close the map:chaosicicle
[04-08 15:20:23.757]already close the map:puzzleworld2
[04-08 15:20:24.070]already close the map:chaosicicle
[04-08 15:20:28.742]already close the map:puzzleworld2
[04-08 15:20:29.053]already close the map:chaosicicle
[04-08 15:20:33.734]already close the map:puzzleworld2
[04-08 15:20:34.109]already close the map:chaosicicle
[04-08 15:20:38.763]already close the map:puzzleworld2
[04-08 15:20:39.076]already close the map:chaosicicle
[04-08 15:20:43.734]already close the map:puzzleworld2
[04-08 15:20:44.105]already close the map:chaosicicle
[04-08 15:20:48.755]already close the map:puzzleworld2
[04-08 15:20:49.069]already close the map:chaosicicle
[04-08 15:20:53.734]already close the map:puzzleworld2
[04-08 15:20:54.107]already close the map:chaosicicle
[04-08 15:20:58.782]already close the map:puzzleworld2
[04-08 15:20:59.097]already close the map:chaosicicle
[04-08 15:21:03.764]already close the map:puzzleworld2
[04-08 15:21:04.075]already close the map:chaosicicle
[04-08 15:21:08.740]already close the map:puzzleworld2
[04-08 15:21:09.115]already close the map:chaosicicle
[04-08 15:21:13.772]already close the map:puzzleworld2
[04-08 15:21:14.084]already close the map:chaosicicle
[04-08 15:21:18.747]already close the map:puzzleworld2
[04-08 15:21:19.059]already close the map:chaosicicle
[04-08 15:21:23.779]already close the map:puzzleworld2
[04-08 15:21:24.090]already close the map:chaosicicle
[04-08 15:21:28.750]already close the map:puzzleworld2
[04-08 15:21:29.062]already close the map:chaosicicle
[04-08 15:21:33.772]already close the map:puzzleworld2
[04-08 15:21:34.081]already close the map:chaosicicle
[04-08 15:21:38.745]already close the map:puzzleworld2
[04-08 15:21:39.057]already close the map:chaosicicle
[04-08 15:21:43.782]already close the map:puzzleworld2
[04-08 15:21:44.093]already close the map:chaosicicle
[04-08 15:21:48.763]already close the map:puzzleworld2
[04-08 15:21:49.073]already close the map:chaosicicle
[04-08 15:21:53.783]already close the map:puzzleworld2
[04-08 15:21:54.094]already close the map:chaosicicle
[04-08 15:21:58.747]already close the map:puzzleworld2
[04-08 15:21:59.055]already close the map:chaosicicle
[04-08 15:22:03.784]already close the map:puzzleworld2
[04-08 15:22:04.094]already close the map:chaosicicle
[04-08 15:22:08.771]already close the map:puzzleworld2
[04-08 15:22:09.080]already close the map:chaosicicle
[04-08 15:22:13.742]already close the map:puzzleworld2
[04-08 15:22:14.114]already close the map:chaosicicle
[04-08 15:22:18.782]already close the map:puzzleworld2
[04-08 15:22:19.094]already close the map:chaosicicle
[04-08 15:22:23.757]already close the map:puzzleworld2
[04-08 15:22:24.068]already close the map:chaosicicle
[04-08 15:22:28.730]already close the map:puzzleworld2
[04-08 15:22:29.104]already close the map:chaosicicle
[04-08 15:22:33.766]already close the map:puzzleworld2
[04-08 15:22:34.075]already close the map:chaosicicle
[04-08 15:22:38.785]already close the map:puzzleworld2
[04-08 15:22:39.097]already close the map:chaosicicle
[04-08 15:22:43.769]already close the map:puzzleworld2
[04-08 15:22:44.080]already close the map:chaosicicle
[04-08 15:22:48.760]already close the map:puzzleworld2
[04-08 15:22:49.071]already close the map:chaosicicle
[04-08 15:22:53.740]already close the map:puzzleworld2
[04-08 15:22:54.098]already close the map:chaosicicle
[04-08 15:22:58.743]already close the map:puzzleworld2
[04-08 15:22:59.056]already close the map:chaosicicle
[04-08 15:23:03.729]already close the map:puzzleworld2
[04-08 15:23:04.104]already close the map:chaosicicle
[04-08 15:23:08.738]already close the map:puzzleworld2
[04-08 15:23:09.111]already close the map:chaosicicle
[04-08 15:23:13.778]already close the map:puzzleworld2
[04-08 15:23:14.089]already close the map:chaosicicle
[04-08 15:23:18.736]already close the map:puzzleworld2
[04-08 15:23:19.109]already close the map:chaosicicle
[04-08 15:23:23.754]already close the map:puzzleworld2
[04-08 15:23:24.064]already close the map:chaosicicle
[04-08 15:23:28.730]already close the map:puzzleworld2
[04-08 15:23:29.103]already close the map:chaosicicle
[04-08 15:23:33.779]already close the map:puzzleworld2
[04-08 15:23:34.087]already close the map:chaosicicle
[04-08 15:23:38.774]already close the map:puzzleworld2
[04-08 15:23:39.088]already close the map:chaosicicle
[04-08 15:23:43.746]already close the map:puzzleworld2
[04-08 15:23:44.057]already close the map:chaosicicle
[04-08 15:23:48.731]already close the map:puzzleworld2
[04-08 15:23:49.102]already close the map:chaosicicle
[04-08 15:23:53.778]already close the map:puzzleworld2
[04-08 15:23:54.087]already close the map:chaosicicle
[04-08 15:23:58.749]already close the map:puzzleworld2
[04-08 15:23:59.061]already close the map:chaosicicle
[04-08 15:24:03.731]already close the map:puzzleworld2
[04-08 15:24:04.107]already close the map:chaosicicle
[04-08 15:24:08.731]already close the map:puzzleworld2
[04-08 15:24:09.110]already close the map:chaosicicle
[04-08 15:24:13.783]already close the map:puzzleworld2
[04-08 15:24:14.094]already close the map:chaosicicle
[04-08 15:24:18.783]already close the map:puzzleworld2
[04-08 15:24:19.093]already close the map:chaosicicle
[04-08 15:24:23.777]already close the map:puzzleworld2
[04-08 15:24:24.089]already close the map:chaosicicle
[04-08 15:24:28.761]already close the map:puzzleworld2
[04-08 15:24:29.072]already close the map:chaosicicle
[04-08 15:24:33.740]already close the map:puzzleworld2
[04-08 15:24:34.054]already close the map:chaosicicle
[04-08 15:24:38.783]already close the map:puzzleworld2
[04-08 15:24:39.094]already close the map:chaosicicle
[04-08 15:24:43.770]already close the map:puzzleworld2
[04-08 15:24:44.083]already close the map:chaosicicle
[04-08 15:24:48.756]already close the map:puzzleworld2
[04-08 15:24:49.053]already close the map:chaosicicle
[04-08 15:24:53.732]already close the map:puzzleworld2
[04-08 15:24:54.105]already close the map:chaosicicle
[04-08 15:24:58.766]already close the map:puzzleworld2
[04-08 15:24:59.074]already close the map:chaosicicle
[04-08 15:25:03.754]already close the map:puzzleworld2
[04-08 15:25:04.067]already close the map:chaosicicle
[04-08 15:25:08.749]already close the map:puzzleworld2
[04-08 15:25:09.059]already close the map:chaosicicle
[04-08 15:25:13.745]already close the map:puzzleworld2
[04-08 15:25:14.057]already close the map:chaosicicle
[04-08 15:25:18.756]already close the map:puzzleworld2
[04-08 15:25:19.064]already close the map:chaosicicle
[04-08 15:25:23.749]already close the map:puzzleworld2
[04-08 15:25:24.061]already close the map:chaosicicle
[04-08 15:25:28.746]already close the map:puzzleworld2
[04-08 15:25:29.059]already close the map:chaosicicle
[04-08 15:25:33.748]already close the map:puzzleworld2
[04-08 15:25:34.054]already close the map:chaosicicle
[04-08 15:25:38.739]already close the map:puzzleworld2
[04-08 15:25:39.112]already close the map:chaosicicle
[04-08 15:25:43.776]already close the map:puzzleworld2
[04-08 15:25:44.088]already close the map:chaosicicle
[04-08 15:25:48.739]already close the map:puzzleworld2
[04-08 15:25:49.113]already close the map:chaosicicle
[04-08 15:25:53.756]already close the map:puzzleworld2
[04-08 15:25:54.069]already close the map:chaosicicle
[04-08 15:25:58.743]already close the map:puzzleworld2
[04-08 15:25:59.054]already close the map:chaosicicle
[04-08 15:26:03.755]already close the map:puzzleworld2
[04-08 15:26:04.064]already close the map:chaosicicle
[04-08 15:26:08.728]already close the map:puzzleworld2
[04-08 15:26:09.104]already close the map:chaosicicle
[04-08 15:26:13.733]already close the map:puzzleworld2
[04-08 15:26:14.107]already close the map:chaosicicle
[04-08 15:26:18.763]already close the map:puzzleworld2
[04-08 15:26:19.072]already close the map:chaosicicle
[04-08 15:26:23.728]already close the map:puzzleworld2
[04-08 15:26:24.101]already close the map:chaosicicle
[04-08 15:26:28.748]already close the map:puzzleworld2
[04-08 15:26:29.061]already close the map:chaosicicle
[04-08 15:26:33.733]already close the map:puzzleworld2
[04-08 15:26:34.107]already close the map:chaosicicle
[04-08 15:26:38.783]already close the map:puzzleworld2
[04-08 15:26:39.093]already close the map:chaosicicle
[04-08 15:26:43.763]already close the map:puzzleworld2
[04-08 15:26:44.075]already close the map:chaosicicle
[04-08 15:26:48.760]already close the map:puzzleworld2
[04-08 15:26:49.070]already close the map:chaosicicle
[04-08 15:26:53.755]already close the map:puzzleworld2
[04-08 15:26:54.066]already close the map:chaosicicle
[04-08 15:26:58.745]already close the map:puzzleworld2
[04-08 15:26:59.055]already close the map:chaosicicle
[04-08 15:27:03.735]already close the map:puzzleworld2
[04-08 15:27:04.111]already close the map:chaosicicle
[04-08 15:27:08.779]already close the map:puzzleworld2
[04-08 15:27:09.091]already close the map:chaosicicle
[04-08 15:27:13.779]already close the map:puzzleworld2
[04-08 15:27:14.094]already close the map:chaosicicle
[04-08 15:27:18.770]already close the map:puzzleworld2
[04-08 15:27:19.084]already close the map:chaosicicle
[04-08 15:27:23.735]already close the map:puzzleworld2
[04-08 15:27:24.111]already close the map:chaosicicle
[04-08 15:27:28.786]already close the map:puzzleworld2
[04-08 15:27:29.099]already close the map:chaosicicle
[04-08 15:27:33.768]already close the map:puzzleworld2
[04-08 15:27:34.078]already close the map:chaosicicle
[04-08 15:27:38.727]already close the map:puzzleworld2
[04-08 15:27:39.081]already close the map:chaosicicle
[04-08 15:27:43.748]already close the map:puzzleworld2
[04-08 15:27:44.062]already close the map:chaosicicle
[04-08 15:27:48.727]already close the map:puzzleworld2
[04-08 15:27:49.100]already close the map:chaosicicle
[04-08 15:27:53.765]already close the map:puzzleworld2
[04-08 15:27:54.075]already close the map:chaosicicle
[04-08 15:27:58.760]already close the map:puzzleworld2
[04-08 15:27:59.074]already close the map:chaosicicle
[04-08 15:28:03.749]already close the map:puzzleworld2
[04-08 15:28:04.060]already close the map:chaosicicle
[04-08 15:28:08.744]already close the map:puzzleworld2
[04-08 15:28:09.056]already close the map:chaosicicle
[04-08 15:28:13.772]already close the map:puzzleworld2
[04-08 15:28:14.080]already close the map:chaosicicle
[04-08 15:28:18.767]already close the map:puzzleworld2
[04-08 15:28:19.080]already close the map:chaosicicle
[04-08 15:28:23.758]already close the map:puzzleworld2
[04-08 15:28:24.070]already close the map:chaosicicle
[04-08 15:28:28.755]already close the map:puzzleworld2
[04-08 15:28:29.067]already close the map:chaosicicle
[04-08 15:28:33.744]already close the map:puzzleworld2
[04-08 15:28:34.056]already close the map:chaosicicle
[04-08 15:28:38.748]already close the map:puzzleworld2
[04-08 15:28:39.056]already close the map:chaosicicle
[04-08 15:28:43.732]already close the map:puzzleworld2
[04-08 15:28:44.103]already close the map:chaosicicle
[04-08 15:28:48.778]already close the map:puzzleworld2
[04-08 15:28:49.093]already close the map:chaosicicle
[04-08 15:28:53.783]already close the map:puzzleworld2
[04-08 15:28:54.096]already close the map:chaosicicle
[04-08 15:28:58.737]already close the map:puzzleworld2
[04-08 15:28:59.111]already close the map:chaosicicle
[04-08 15:29:03.783]already close the map:puzzleworld2
[04-08 15:29:04.092]already close the map:chaosicicle
[04-08 15:29:08.754]already close the map:puzzleworld2
[04-08 15:29:09.066]already close the map:chaosicicle
[04-08 15:29:13.726]already close the map:puzzleworld2
[04-08 15:29:14.115]already close the map:chaosicicle
[04-08 15:29:18.784]already close the map:puzzleworld2
[04-08 15:29:19.096]already close the map:chaosicicle
[04-08 15:29:23.761]already close the map:puzzleworld2
[04-08 15:29:24.073]already close the map:chaosicicle
[04-08 15:29:28.726]already close the map:puzzleworld2
[04-08 15:29:29.097]already close the map:chaosicicle
[04-08 15:29:33.771]already close the map:puzzleworld2
[04-08 15:29:34.081]already close the map:chaosicicle
[04-08 15:29:38.755]already close the map:puzzleworld2
[04-08 15:29:39.066]already close the map:chaosicicle
[04-08 15:29:43.745]already close the map:puzzleworld2
[04-08 15:29:44.057]already close the map:chaosicicle
[04-08 15:29:48.739]already close the map:puzzleworld2
[04-08 15:29:49.115]already close the map:chaosicicle
[04-08 15:29:53.765]already close the map:puzzleworld2
[04-08 15:29:54.079]already close the map:chaosicicle
[04-08 15:29:58.760]already close the map:puzzleworld2
[04-08 15:29:59.071]already close the map:chaosicicle
[04-08 15:30:00.443]ask for close entrance:position garner2 --> darkblue
[04-08 15:30:03.743]already close the map:puzzleworld2
[04-08 15:30:04.056]already close the map:chaosicicle
[04-08 15:30:08.767]already close the map:puzzleworld2
[04-08 15:30:09.076]already close the map:chaosicicle
[04-08 15:30:13.741]already close the map:puzzleworld2
[04-08 15:30:14.067]already close the map:chaosicicle
[04-08 15:30:18.741]already close the map:puzzleworld2
[04-08 15:30:19.099]already close the map:chaosicicle
[04-08 15:30:23.774]already close the map:puzzleworld2
[04-08 15:30:24.086]already close the map:chaosicicle
[04-08 15:30:28.748]already close the map:puzzleworld2
[04-08 15:30:29.059]already close the map:chaosicicle
[04-08 15:30:33.735]already close the map:puzzleworld2
[04-08 15:30:34.110]already close the map:chaosicicle
[04-08 15:30:38.778]already close the map:puzzleworld2
[04-08 15:30:39.088]already close the map:chaosicicle
[04-08 15:30:43.755]already close the map:puzzleworld2
[04-08 15:30:44.112]already close the map:chaosicicle
[04-08 15:30:48.725]already close the map:puzzleworld2
[04-08 15:30:49.099]already close the map:chaosicicle
[04-08 15:30:53.783]already close the map:puzzleworld2
[04-08 15:30:54.095]already close the map:chaosicicle
[04-08 15:30:58.779]already close the map:puzzleworld2
[04-08 15:30:59.091]already close the map:chaosicicle
[04-08 15:31:03.767]already close the map:puzzleworld2
[04-08 15:31:04.074]already close the map:chaosicicle
[04-08 15:31:08.749]already close the map:puzzleworld2
[04-08 15:31:09.061]already close the map:chaosicicle
[04-08 15:31:13.733]already close the map:puzzleworld2
[04-08 15:31:14.107]already close the map:chaosicicle
[04-08 15:31:18.759]already close the map:puzzleworld2
[04-08 15:31:19.070]already close the map:chaosicicle
[04-08 15:31:23.735]already close the map:puzzleworld2
[04-08 15:31:24.110]already close the map:chaosicicle
[04-08 15:31:28.784]already close the map:puzzleworld2
[04-08 15:31:29.095]already close the map:chaosicicle
[04-08 15:31:33.741]already close the map:puzzleworld2
[04-08 15:31:34.115]already close the map:chaosicicle
[04-08 15:31:38.782]already close the map:puzzleworld2
[04-08 15:31:39.091]already close the map:chaosicicle
[04-08 15:31:43.766]already close the map:puzzleworld2
[04-08 15:31:44.077]already close the map:chaosicicle
[04-08 15:31:48.763]already close the map:puzzleworld2
[04-08 15:31:49.076]already close the map:chaosicicle
[04-08 15:31:53.737]already close the map:puzzleworld2
[04-08 15:31:54.111]already close the map:chaosicicle
[04-08 15:31:58.735]already close the map:puzzleworld2
[04-08 15:31:59.112]already close the map:chaosicicle
[04-08 15:32:03.727]already close the map:puzzleworld2
[04-08 15:32:04.103]already close the map:chaosicicle
[04-08 15:32:08.745]already close the map:puzzleworld2
[04-08 15:32:09.054]already close the map:chaosicicle
[04-08 15:32:13.765]already close the map:puzzleworld2
[04-08 15:32:14.077]already close the map:chaosicicle
[04-08 15:32:18.771]already close the map:puzzleworld2
[04-08 15:32:19.082]already close the map:chaosicicle
[04-08 15:32:23.741]already close the map:puzzleworld2
[04-08 15:32:24.055]already close the map:chaosicicle
[04-08 15:32:28.786]already close the map:puzzleworld2
[04-08 15:32:29.099]already close the map:chaosicicle
[04-08 15:32:33.763]already close the map:puzzleworld2
[04-08 15:32:34.075]already close the map:chaosicicle
[04-08 15:32:38.757]already close the map:puzzleworld2
[04-08 15:32:39.071]already close the map:chaosicicle
[04-08 15:32:43.738]already close the map:puzzleworld2
[04-08 15:32:44.111]already close the map:chaosicicle
[04-08 15:32:48.740]already close the map:puzzleworld2
[04-08 15:32:49.053]already close the map:chaosicicle
[04-08 15:32:53.731]already close the map:puzzleworld2
[04-08 15:32:54.104]already close the map:chaosicicle
[04-08 15:32:58.755]already close the map:puzzleworld2
[04-08 15:32:59.068]already close the map:chaosicicle
[04-08 15:33:03.738]already close the map:puzzleworld2
[04-08 15:33:04.113]already close the map:chaosicicle
[04-08 15:33:08.778]already close the map:puzzleworld2
[04-08 15:33:09.091]already close the map:chaosicicle
[04-08 15:33:13.773]already close the map:puzzleworld2
[04-08 15:33:14.086]already close the map:chaosicicle
[04-08 15:33:18.738]already close the map:puzzleworld2
[04-08 15:33:19.107]already close the map:chaosicicle
[04-08 15:33:23.781]already close the map:puzzleworld2
[04-08 15:33:24.093]already close the map:chaosicicle
[04-08 15:33:28.774]already close the map:puzzleworld2
[04-08 15:33:29.087]already close the map:chaosicicle
[04-08 15:33:33.785]already close the map:puzzleworld2
[04-08 15:33:34.098]already close the map:chaosicicle
[04-08 15:33:38.759]already close the map:puzzleworld2
[04-08 15:33:39.073]already close the map:chaosicicle
[04-08 15:33:43.761]already close the map:puzzleworld2
[04-08 15:33:44.072]already close the map:chaosicicle
[04-08 15:33:48.738]already close the map:puzzleworld2
[04-08 15:33:49.106]already close the map:chaosicicle
[04-08 15:33:53.734]already close the map:puzzleworld2
[04-08 15:33:54.107]already close the map:chaosicicle
[04-08 15:33:58.738]already close the map:puzzleworld2
[04-08 15:33:59.112]already close the map:chaosicicle
[04-08 15:34:03.736]already close the map:puzzleworld2
[04-08 15:34:04.110]already close the map:chaosicicle
[04-08 15:34:08.768]already close the map:puzzleworld2
[04-08 15:34:09.078]already close the map:chaosicicle
[04-08 15:34:13.762]already close the map:puzzleworld2
[04-08 15:34:14.071]already close the map:chaosicicle
[04-08 15:34:18.745]already close the map:puzzleworld2
[04-08 15:34:19.056]already close the map:chaosicicle
[04-08 15:34:23.751]already close the map:puzzleworld2
[04-08 15:34:24.063]already close the map:chaosicicle
[04-08 15:34:28.739]already close the map:puzzleworld2
[04-08 15:34:29.113]already close the map:chaosicicle
[04-08 15:34:33.778]already close the map:puzzleworld2
[04-08 15:34:34.090]already close the map:chaosicicle
[04-08 15:34:38.761]already close the map:puzzleworld2
[04-08 15:34:39.076]already close the map:chaosicicle
[04-08 15:34:43.764]already close the map:puzzleworld2
[04-08 15:34:44.075]already close the map:chaosicicle
[04-08 15:34:48.761]already close the map:puzzleworld2
[04-08 15:34:49.073]already close the map:chaosicicle
[04-08 15:34:53.764]already close the map:puzzleworld2
[04-08 15:34:54.077]already close the map:chaosicicle
[04-08 15:34:58.741]already close the map:puzzleworld2
[04-08 15:34:59.067]already close the map:chaosicicle
[04-08 15:35:03.750]already close the map:puzzleworld2
[04-08 15:35:04.062]already close the map:chaosicicle
[04-08 15:35:08.747]already close the map:puzzleworld2
[04-08 15:35:09.061]already close the map:chaosicicle
[04-08 15:35:13.737]already close the map:puzzleworld2
[04-08 15:35:14.110]already close the map:chaosicicle
[04-08 15:35:18.770]already close the map:puzzleworld2
[04-08 15:35:19.080]already close the map:chaosicicle
[04-08 15:35:23.762]already close the map:puzzleworld2
[04-08 15:35:24.071]already close the map:chaosicicle
[04-08 15:35:28.744]already close the map:puzzleworld2
[04-08 15:35:29.054]already close the map:chaosicicle
[04-08 15:35:33.730]already close the map:puzzleworld2
[04-08 15:35:34.102]already close the map:chaosicicle
[04-08 15:35:38.756]already close the map:puzzleworld2
[04-08 15:35:39.067]already close the map:chaosicicle
[04-08 15:35:43.741]already close the map:puzzleworld2
[04-08 15:35:44.113]already close the map:chaosicicle
[04-08 15:35:48.736]already close the map:puzzleworld2
[04-08 15:35:49.109]already close the map:chaosicicle
[04-08 15:35:53.786]already close the map:puzzleworld2
[04-08 15:35:54.098]already close the map:chaosicicle
[04-08 15:35:58.769]already close the map:puzzleworld2
[04-08 15:35:59.081]already close the map:chaosicicle
[04-08 15:36:03.749]already close the map:puzzleworld2
[04-08 15:36:04.061]already close the map:chaosicicle
[04-08 15:36:08.730]already close the map:puzzleworld2
[04-08 15:36:09.102]already close the map:chaosicicle
[04-08 15:36:13.762]already close the map:puzzleworld2
[04-08 15:36:14.073]already close the map:chaosicicle
[04-08 15:36:18.753]already close the map:puzzleworld2
[04-08 15:36:19.060]already close the map:chaosicicle
[04-08 15:36:23.726]already close the map:puzzleworld2
[04-08 15:36:24.100]already close the map:chaosicicle
[04-08 15:36:28.729]already close the map:puzzleworld2
[04-08 15:36:29.101]already close the map:chaosicicle
[04-08 15:36:33.774]already close the map:puzzleworld2
[04-08 15:36:34.095]already close the map:chaosicicle
[04-08 15:36:38.759]already close the map:puzzleworld2
[04-08 15:36:39.071]already close the map:chaosicicle
[04-08 15:36:43.783]already close the map:puzzleworld2
[04-08 15:36:44.092]already close the map:chaosicicle
[04-08 15:36:48.751]already close the map:puzzleworld2
[04-08 15:36:49.063]already close the map:chaosicicle
[04-08 15:36:53.781]already close the map:puzzleworld2
[04-08 15:36:54.093]already close the map:chaosicicle
[04-08 15:36:58.768]already close the map:puzzleworld2
[04-08 15:36:59.077]already close the map:chaosicicle
[04-08 15:37:03.741]already close the map:puzzleworld2
[04-08 15:37:04.115]already close the map:chaosicicle
[04-08 15:37:08.762]already close the map:puzzleworld2
[04-08 15:37:09.073]already close the map:chaosicicle
[04-08 15:37:13.744]already close the map:puzzleworld2
[04-08 15:37:14.053]already close the map:chaosicicle
[04-08 15:37:18.774]already close the map:puzzleworld2
[04-08 15:37:19.084]already close the map:chaosicicle
[04-08 15:37:23.764]already close the map:puzzleworld2
[04-08 15:37:24.073]already close the map:chaosicicle
[04-08 15:37:28.729]already close the map:puzzleworld2
[04-08 15:37:29.099]already close the map:chaosicicle
[04-08 15:37:33.757]already close the map:puzzleworld2
[04-08 15:37:34.069]already close the map:chaosicicle
[04-08 15:37:38.734]already close the map:puzzleworld2
[04-08 15:37:39.108]already close the map:chaosicicle
[04-08 15:37:43.728]already close the map:puzzleworld2
[04-08 15:37:44.101]already close the map:chaosicicle
[04-08 15:37:48.760]already close the map:puzzleworld2
[04-08 15:37:49.070]already close the map:chaosicicle
[04-08 15:37:53.725]already close the map:puzzleworld2
[04-08 15:37:54.101]already close the map:chaosicicle
[04-08 15:37:58.770]already close the map:puzzleworld2
[04-08 15:37:59.081]already close the map:chaosicicle
[04-08 15:38:03.732]already close the map:puzzleworld2
[04-08 15:38:04.106]already close the map:chaosicicle
[04-08 15:38:08.785]already close the map:puzzleworld2
[04-08 15:38:09.097]already close the map:chaosicicle
[04-08 15:38:13.771]already close the map:puzzleworld2
[04-08 15:38:14.070]already close the map:chaosicicle
[04-08 15:38:18.770]already close the map:puzzleworld2
[04-08 15:38:19.081]already close the map:chaosicicle
[04-08 15:38:23.762]already close the map:puzzleworld2
[04-08 15:38:24.075]already close the map:chaosicicle
[04-08 15:38:28.746]already close the map:puzzleworld2
[04-08 15:38:29.058]already close the map:chaosicicle
[04-08 15:38:33.770]already close the map:puzzleworld2
[04-08 15:38:34.081]already close the map:chaosicicle
[04-08 15:38:38.725]already close the map:puzzleworld2
[04-08 15:38:39.097]already close the map:chaosicicle
[04-08 15:38:43.783]already close the map:puzzleworld2
[04-08 15:38:44.097]already close the map:chaosicicle
[04-08 15:38:48.772]already close the map:puzzleworld2
[04-08 15:38:49.084]already close the map:chaosicicle
[04-08 15:38:53.765]already close the map:puzzleworld2
[04-08 15:38:54.079]already close the map:chaosicicle
[04-08 15:38:58.749]already close the map:puzzleworld2
[04-08 15:38:59.058]already close the map:chaosicicle
[04-08 15:39:03.766]already close the map:puzzleworld2
[04-08 15:39:04.078]already close the map:chaosicicle
[04-08 15:39:08.744]already close the map:puzzleworld2
[04-08 15:39:09.057]already close the map:chaosicicle
[04-08 15:39:13.741]already close the map:puzzleworld2
[04-08 15:39:14.067]already close the map:chaosicicle
[04-08 15:39:18.756]already close the map:puzzleworld2
[04-08 15:39:19.069]already close the map:chaosicicle
[04-08 15:39:23.757]already close the map:puzzleworld2
[04-08 15:39:24.068]already close the map:chaosicicle
[04-08 15:39:28.725]already close the map:puzzleworld2
[04-08 15:39:29.100]already close the map:chaosicicle
[04-08 15:39:33.739]already close the map:puzzleworld2
[04-08 15:39:34.115]already close the map:chaosicicle
[04-08 15:39:38.779]already close the map:puzzleworld2
[04-08 15:39:39.092]already close the map:chaosicicle
[04-08 15:39:43.769]already close the map:puzzleworld2
[04-08 15:39:44.081]already close the map:chaosicicle
[04-08 15:39:48.750]already close the map:puzzleworld2
[04-08 15:39:49.061]already close the map:chaosicicle
[04-08 15:39:53.777]already close the map:puzzleworld2
[04-08 15:39:54.088]already close the map:chaosicicle
[04-08 15:39:58.780]already close the map:puzzleworld2
[04-08 15:39:59.088]already close the map:chaosicicle
[04-08 15:40:03.732]already close the map:puzzleworld2
[04-08 15:40:04.105]already close the map:chaosicicle
[04-08 15:40:08.764]already close the map:puzzleworld2
[04-08 15:40:09.076]already close the map:chaosicicle
[04-08 15:40:13.762]already close the map:puzzleworld2
[04-08 15:40:14.073]already close the map:chaosicicle
[04-08 15:40:18.767]already close the map:puzzleworld2
[04-08 15:40:19.077]already close the map:chaosicicle
[04-08 15:40:23.768]already close the map:puzzleworld2
[04-08 15:40:24.081]already close the map:chaosicicle
[04-08 15:40:28.756]already close the map:puzzleworld2
[04-08 15:40:29.053]already close the map:chaosicicle
[04-08 15:40:33.736]already close the map:puzzleworld2
[04-08 15:40:34.109]already close the map:chaosicicle
[04-08 15:40:38.729]already close the map:puzzleworld2
[04-08 15:40:39.102]already close the map:chaosicicle
[04-08 15:40:43.727]already close the map:puzzleworld2
[04-08 15:40:44.102]already close the map:chaosicicle
[04-08 15:40:48.746]already close the map:puzzleworld2
[04-08 15:40:49.056]already close the map:chaosicicle
[04-08 15:40:53.779]already close the map:puzzleworld2
[04-08 15:40:54.092]already close the map:chaosicicle
[04-08 15:40:58.761]already close the map:puzzleworld2
[04-08 15:40:59.071]already close the map:chaosicicle
[04-08 15:41:03.740]already close the map:puzzleworld2
[04-08 15:41:04.099]already close the map:chaosicicle
[04-08 15:41:08.776]already close the map:puzzleworld2
[04-08 15:41:09.084]already close the map:chaosicicle
[04-08 15:41:13.774]already close the map:puzzleworld2
[04-08 15:41:14.082]already close the map:chaosicicle
[04-08 15:41:18.761]already close the map:puzzleworld2
[04-08 15:41:19.072]already close the map:chaosicicle
[04-08 15:41:23.787]already close the map:puzzleworld2
[04-08 15:41:24.098]already close the map:chaosicicle
[04-08 15:41:28.763]already close the map:puzzleworld2
[04-08 15:41:29.074]already close the map:chaosicicle
[04-08 15:41:33.746]already close the map:puzzleworld2
[04-08 15:41:34.058]already close the map:chaosicicle
[04-08 15:41:38.770]already close the map:puzzleworld2
[04-08 15:41:39.083]already close the map:chaosicicle
[04-08 15:41:43.762]already close the map:puzzleworld2
[04-08 15:41:44.074]already close the map:chaosicicle
[04-08 15:41:48.741]already close the map:puzzleworld2
[04-08 15:41:49.111]already close the map:chaosicicle
[04-08 15:41:53.742]already close the map:puzzleworld2
[04-08 15:41:54.054]already close the map:chaosicicle
[04-08 15:41:58.749]already close the map:puzzleworld2
[04-08 15:41:59.061]already close the map:chaosicicle
[04-08 15:42:03.747]already close the map:puzzleworld2
[04-08 15:42:04.058]already close the map:chaosicicle
[04-08 15:42:08.727]already close the map:puzzleworld2
[04-08 15:42:09.100]already close the map:chaosicicle
[04-08 15:42:13.758]already close the map:puzzleworld2
[04-08 15:42:14.070]already close the map:chaosicicle
[04-08 15:42:18.729]already close the map:puzzleworld2
[04-08 15:42:19.102]already close the map:chaosicicle
[04-08 15:42:23.757]already close the map:puzzleworld2
[04-08 15:42:24.066]already close the map:chaosicicle
[04-08 15:42:28.727]already close the map:puzzleworld2
[04-08 15:42:29.101]already close the map:chaosicicle
[04-08 15:42:33.738]already close the map:puzzleworld2
[04-08 15:42:34.108]already close the map:chaosicicle
[04-08 15:42:38.776]already close the map:puzzleworld2
[04-08 15:42:39.084]already close the map:chaosicicle
[04-08 15:42:43.762]already close the map:puzzleworld2
[04-08 15:42:44.073]already close the map:chaosicicle
[04-08 15:42:48.783]already close the map:puzzleworld2
[04-08 15:42:49.095]already close the map:chaosicicle
[04-08 15:42:53.776]already close the map:puzzleworld2
[04-08 15:42:54.085]already close the map:chaosicicle
[04-08 15:42:58.737]already close the map:puzzleworld2
[04-08 15:42:59.110]already close the map:chaosicicle
[04-08 15:43:03.771]already close the map:puzzleworld2
[04-08 15:43:04.067]already close the map:chaosicicle
[04-08 15:43:08.779]already close the map:puzzleworld2
[04-08 15:43:09.090]already close the map:chaosicicle
[04-08 15:43:13.728]already close the map:puzzleworld2
[04-08 15:43:14.105]already close the map:chaosicicle
[04-08 15:43:18.768]already close the map:puzzleworld2
[04-08 15:43:19.079]already close the map:chaosicicle
[04-08 15:43:23.760]already close the map:puzzleworld2
[04-08 15:43:24.070]already close the map:chaosicicle
[04-08 15:43:28.774]already close the map:puzzleworld2
[04-08 15:43:29.085]already close the map:chaosicicle
[04-08 15:43:33.767]already close the map:puzzleworld2
[04-08 15:43:34.075]already close the map:chaosicicle
[04-08 15:43:38.733]already close the map:puzzleworld2
[04-08 15:43:39.106]already close the map:chaosicicle
[04-08 15:43:43.725]already close the map:puzzleworld2
[04-08 15:43:44.102]already close the map:chaosicicle
[04-08 15:43:48.730]already close the map:puzzleworld2
[04-08 15:43:49.105]already close the map:chaosicicle
[04-08 15:43:53.752]already close the map:puzzleworld2
[04-08 15:43:54.062]already close the map:chaosicicle
[04-08 15:43:58.735]already close the map:puzzleworld2
[04-08 15:43:59.108]already close the map:chaosicicle
[04-08 15:44:03.776]already close the map:puzzleworld2
[04-08 15:44:04.085]already close the map:chaosicicle
[04-08 15:44:08.772]already close the map:puzzleworld2
[04-08 15:44:09.082]already close the map:chaosicicle
[04-08 15:44:13.761]already close the map:puzzleworld2
[04-08 15:44:14.075]already close the map:chaosicicle
[04-08 15:44:18.762]already close the map:puzzleworld2
[04-08 15:44:19.073]already close the map:chaosicicle
[04-08 15:44:23.727]already close the map:puzzleworld2
[04-08 15:44:24.101]already close the map:chaosicicle
[04-08 15:44:28.778]already close the map:puzzleworld2
[04-08 15:44:29.089]already close the map:chaosicicle
[04-08 15:44:33.770]already close the map:puzzleworld2
[04-08 15:44:34.081]already close the map:chaosicicle
[04-08 15:44:38.750]already close the map:puzzleworld2
[04-08 15:44:39.057]already close the map:chaosicicle
[04-08 15:44:43.733]already close the map:puzzleworld2
[04-08 15:44:44.105]already close the map:chaosicicle
[04-08 15:44:48.785]already close the map:puzzleworld2
[04-08 15:44:49.098]already close the map:chaosicicle
[04-08 15:44:53.730]already close the map:puzzleworld2
[04-08 15:44:54.103]already close the map:chaosicicle
