[04-08 15:02:26.736]Initializing Offline Stall Manager...
[04-08 15:02:26.736]Loading all offline stalls from database...
[04-08 15:02:26.736]LoadOfflineStalls called for map: ALL
[04-08 15:02:26.736]Executing SQL: EXEC dbo.OfflineStall_LoadAll
[04-08 15:02:26.746]SQL returned 0 rows
[04-08 15:02:26.746]Loaded 0 offline stalls from database
[04-08 15:02:26.746]Loaded 0 offline stalls
[04-08 15:05:06.595]HasOfflineStall: cha_id=5187, has_stall=0
[04-08 15:06:13.732]HasOfflineStall: cha_id=5188, has_stall=0
[04-08 15:50:55.191]Initializing Offline Stall Manager...
[04-08 15:50:55.191]Loading all offline stalls from database...
[04-08 15:50:55.191]LoadOfflineStalls called for map: ALL
[04-08 15:50:55.191]Executing SQL: EXEC dbo.OfflineStall_LoadAll
[04-08 15:50:55.207]SQL returned 0 rows
[04-08 15:50:55.207]Loaded 0 offline stalls from database
[04-08 15:50:55.207]Loaded 0 offline stalls
[04-08 15:51:39.738]HasOfflineStall: cha_id=5188, has_stall=0
[04-08 15:51:41.648]HasOfflineStall: cha_id=5187, has_stall=0
[04-08 15:21:50.669]HasOfflineStall: cha_id=5187, has_stall=0
[04-08 15:22:21.874]HasOfflineStall: cha_id=5187, has_stall=0
