[04-08 15:09:37.872]MarkEnter name=tempra dbid=5187 map=garner2 
[04-08 15:09:41.399]MarkEnter name=sads dbid=5188 map=garner2 
[04-08 15:09:59.740]MarkDeath name=tempra dbid=5187 map=garner2 source=after_player_kill_player 
[04-08 15:10:02.522]LeaveNoPenaltyDeath name=tempra dbid=5187 map=garner2 
[04-08 15:42:27.179]MarkDeath name=sads dbid=5188 map=garner2 source=GetExp_MKP 
[04-08 15:45:04.967]LeavePenalty name=sads dbid=5188 map=garner2 expiresAt=1775634334 
[04-08 17:00:31.177]CanEnterAllowedExpired name=tempra dbid=5187 map=chaosicicle 
[04-08 17:00:37.005]MarkEnter name=tempra dbid=5187 map=chaosicicle 
[04-08 17:00:40.572]MarkEnter name=sads dbid=5188 map=chaosicicle 
[04-08 17:01:40.303]MarkDeath name=tempra dbid=5187 map=chaosicicle source=after_player_kill_player 
[04-08 17:01:43.161]LeaveNoPenaltyDeath name=tempra dbid=5187 map=chaosicicle 
[04-08 15:00:04.225]LeavePenalty name=sads dbid=5188 map=chaosicicle expiresAt=1775631634 
[04-08 15:00:31.098]CanEnterAllowedExpired name=tempra dbid=5187 map=garner2 
[04-08 15:00:31.159]MarkEnter name=tempra dbid=5187 map=garner2 
[04-08 15:00:34.191]MarkEnter name=sads dbid=5188 map=garner2 
[04-08 15:01:02.667]MarkDeath name=tempra dbid=5187 map=garner2 source=after_player_kill_player 
[04-08 15:01:05.949]LeaveNoPenaltyDeath name=tempra dbid=5187 map=garner2 
[04-08 15:21:20.692]CanEnterAllowedExpired name=tempra dbid=5187 map=garner2 
[04-08 15:21:20.748]MarkEnter name=tempra dbid=5187 map=garner2 
[04-08 15:21:39.231]MarkDeath name=tempra dbid=5187 map=garner2 source=after_player_kill_player 
[04-08 15:21:41.962]LeaveNoPenaltyDeath name=tempra dbid=5187 map=garner2 
[04-08 15:22:05.359]MarkEnter name=tempra dbid=5187 map=garner2 
[04-08 15:22:15.684]LeavePenalty name=tempra dbid=5187 map=garner2 expiresAt=1775632965 
[04-08 15:22:40.916]MarkEnter name=tempra dbid=5187 map=garner2 
[04-08 15:22:48.124]MarkDeath name=tempra dbid=5187 map=garner2 source=after_player_kill_player 
[04-08 15:22:50.911]LeaveNoPenaltyDeath name=tempra dbid=5187 map=garner2 
[04-08 15:44:57.813]LeavePenalty name=sads dbid=5188 map=garner2 expiresAt=1775634327 
