[04-08 15:05:49.066]totalled 125     .[5187 Cha-tempra+5187]
[04-08 15:06:27.555]totalize 125     ??main character 125     ??main character kitbag 0       ??bank 0       ??big map 0       ??boat 0       .[5187 Cha-tempra+5187]
[04-08 15:06:32.564]totalize 0       ??main character 0       ??main character kitbag 0       ??bank 0       ??big map 0       ??boat 0       .[5188 Cha-sads+5188]
[04-08 15:06:58.782]totalize 141     ??main character 141     ??main character kitbag 0       ??bank 0       ??big map 0       ??boat 0       .[5188 Cha-sads+5188]
[04-08 15:07:00.598]totalize 16      ??main character 0       ??main character kitbag 16      ??bank 0       ??big map 0       ??boat 0       .[5188 Cha-sads+5188]
[04-08 15:07:19.474]totalize 0       ??main character 0       ??main character kitbag 0       ??bank 0       ??big map 0       ??boat 0       .[5187 Cha-tempra+5187]
[04-08 15:08:34.373]totalled 0       .[5187 Cha-tempra+5187]
[04-08 15:08:57.583]totalled 15      .[5187 Cha-tempra+5187]
[04-08 15:09:08.385]totalled 0       .[5187 Cha-tempra+5187]
[04-08 15:09:15.528]totalled 0       .[5187 Cha-tempra+5187]
[04-08 15:09:28.654]totalize 0       ??main character 0       ??main character kitbag 0       ??bank 0       ??big map 0       ??boat 0       .[5187 Cha-tempra+5187]
[04-08 15:09:37.816]totalize 16      ??main character 16      ??main character kitbag 0       ??bank 0       ??big map 0       ??boat 0       .[5187 Cha-tempra+5187]
[04-08 15:09:41.347]totalize 0       ??main character 0       ??main character kitbag 0       ??bank 0       ??big map 0       ??boat 0       .[5188 Cha-sads+5188]
[04-08 15:10:02.532]totalize 0       ??main character 0       ??main character kitbag 0       ??bank 0       ??big map 0       ??boat 0       .[5187 Cha-tempra+5187]
[04-08 15:11:22.351]totalize 16      ??main character 16      ??main character kitbag 0       ??bank 0       ??big map 0       ??boat 0       .[5187 Cha-tempra+5187]
[04-08 15:25:35.825]totalize 0       ??main character 0       ??main character kitbag 0       ??bank 0       ??big map 0       ??boat 0       .[5187 Cha-tempra+5187]
[04-08 15:26:32.288]totalize 0       ??main character 0       ??main character kitbag 0       ??bank 0       ??big map 0       ??boat 0       .[5188 Cha-sads+5188]
[04-08 15:45:04.981]totalize 0       ??main character 0       ??main character kitbag 0       ??bank 0       ??big map 0       ??boat 0       .[5188 Cha-sads+5188]
[04-08 15:46:05.207]totalize 15      ??main character 0       ??main character kitbag 15      ??bank 0       ??big map 0       ??boat 0       .[5187 Cha-tempra+5187]
[04-08 15:46:12.325]totalize 0       ??main character 0       ??main character kitbag 0       ??bank 0       ??big map 0       ??boat 0       .[5187 Cha-tempra+5187]
[04-08 15:09:18.899]totalled 0       .[5187 Cha-tempra+5187]
[04-08 15:46:14.041]totalize 46      ??main character 0       ??main character kitbag 15      ??bank 0       ??big map 31      ??boat 0       .[5188 Cha-sads+5188]
[04-08 15:52:16.534]totalled 141     .[5187 Cha-tempra+5187]
[04-08 15:52:19.372]totalled 0       .[5187 Cha-tempra+5187]
[04-08 15:52:25.061]totalled 0       .[5187 Cha-tempra+5187]
[04-08 15:52:33.140]totalled 0       .[5187 Cha-tempra+5187]
[04-08 17:00:25.536]totalled 16      .[5187 Cha-tempra+5187]
[04-08 17:00:26.281]totalize 156     ??main character 141     ??main character kitbag 0       ??bank 0       ??big map 15      ??boat 0       .[5187 Cha-tempra+5187]
[04-08 17:00:36.948]totalize 0       ??main character 0       ??main character kitbag 0       ??bank 0       ??big map 0       ??boat 0       .[5187 Cha-tempra+5187]
[04-08 17:00:40.508]totalize 0       ??main character 0       ??main character kitbag 0       ??bank 0       ??big map 0       ??boat 0       .[5188 Cha-sads+5188]
[04-08 17:01:43.287]totalize 125     ??main character 125     ??main character kitbag 0       ??bank 0       ??big map 0       ??boat 0       .[5187 Cha-tempra+5187]
[04-08 15:00:04.229]totalize 0       ??main character 0       ??main character kitbag 0       ??bank 0       ??big map 0       ??boat 0       .[5188 Cha-sads+5188]
[04-08 15:00:16.619]totalled 16      .[5187 Cha-tempra+5187]
[04-08 15:00:17.441]totalize 0       ??main character 0       ??main character kitbag 0       ??bank 0       ??big map 0       ??boat 0       .[5187 Cha-tempra+5187]
[04-08 15:00:31.102]totalize 0       ??main character 0       ??main character kitbag 0       ??bank 0       ??big map 0       ??boat 0       .[5187 Cha-tempra+5187]
[04-08 15:00:34.137]totalize 0       ??main character 0       ??main character kitbag 0       ??bank 0       ??big map 0       ??boat 0       .[5188 Cha-sads+5188]
[04-08 15:01:05.957]totalize 0       ??main character 0       ??main character kitbag 0       ??bank 0       ??big map 0       ??boat 0       .[5187 Cha-tempra+5187]
[04-08 15:16:22.798]totalize 0       ??main character 0       ??main character kitbag 0       ??bank 0       ??big map 0       ??boat 0       .[5187 Cha-tempra+5187]
[04-08 15:16:30.367]totalize 16      ??main character 16      ??main character kitbag 0       ??bank 0       ??big map 0       ??boat 0       .[5188 Cha-sads+5188]
[04-08 15:21:20.698]totalize 0       ??main character 0       ??main character kitbag 0       ??bank 0       ??big map 0       ??boat 0       .[5187 Cha-tempra+5187]
[04-08 15:21:41.964]totalize 0       ??main character 0       ??main character kitbag 0       ??bank 0       ??big map 0       ??boat 0       .[5187 Cha-tempra+5187]
[04-08 15:21:47.454]totalize 16      ??main character 16      ??main character kitbag 0       ??bank 0       ??big map 0       ??boat 0       .[5187 Cha-tempra+5187]
[04-08 15:22:05.311]totalize 0       ??main character 0       ??main character kitbag 0       ??bank 0       ??big map 0       ??boat 0       .[5187 Cha-tempra+5187]
[04-08 15:22:15.689]totalize 0       ??main character 0       ??main character kitbag 0       ??bank 0       ??big map 0       ??boat 0       .[5187 Cha-tempra+5187]
[04-08 15:22:32.918]totalled 0       .[5187 Cha-tempra+5187]
[04-08 15:22:37.972]totalled 0       .[5187 Cha-tempra+5187]
[04-08 15:22:40.865]totalize 0       ??main character 0       ??main character kitbag 0       ??bank 0       ??big map 0       ??boat 0       .[5187 Cha-tempra+5187]
[04-08 15:22:50.913]totalize 0       ??main character 0       ??main character kitbag 0       ??bank 0       ??big map 0       ??boat 0       .[5187 Cha-tempra+5187]
[04-08 15:36:41.866]totalize 16      ??main character 16      ??main character kitbag 0       ??bank 0       ??big map 0       ??boat 0       .[5188 Cha-sads+5188]
[04-08 15:42:49.409]totalize 0       ??main character 0       ??main character kitbag 0       ??bank 0       ??big map 0       ??boat 0       .[5187 Cha-tempra+5187]
[04-08 15:44:57.673]totalize 250     ??main character 187     ??main character kitbag 63      ??bank 0       ??big map 0       ??boat 0       .[5187 Cha-tempra+5187]
[04-08 15:44:57.815]totalize 0       ??main character 0       ??main character kitbag 0       ??bank 0       ??big map 0       ??boat 0       .[5188 Cha-sads+5188]
