[04-08 15:06:27.561]	character Cha-tempra+5187 map switch(PKmap-->PKmap) expend much time:time = 145
[04-08 15:07:52.745]script[ItemUse_Lv100Lvl]cost time too long time = 38
[04-08 15:09:37.814]script[check_can_enter_garner2]cost time too long time = 188
[04-08 15:09:37.874]script[after_enter_garner2]cost time too long time = 56
[04-08 15:09:37.874]	character Cha-tempra+5187 map switch(garner2-->garner2) expend much time:time = 58
[04-08 15:09:37.874]script[begin_enter_garner2]cost time too long time = 58
[04-08 15:09:41.399]script[after_enter_garner2]cost time too long time = 51
[04-08 15:10:02.526]script[before_leave_garner2]cost time too long time = 54
[04-08 15:42:27.179]when player dead transfer experience assign script,account time too long! time = 98
[04-08 15:45:04.967]script[before_leave_garner2]cost time too long time = 54
[04-08 15:51:49.846]script[ItemUse_Lv100Lvl]cost time too long time = 35
[04-08 17:00:26.284]	character Cha-tempra+5187 map switch(DreamIsland-->DreamIsland) expend much time:time = 164
[04-08 17:00:26.286]script[ItemUse_Teleport]cost time too long time = 165
[04-08 17:00:31.193]script[check_can_enter_chaosicicle]cost time too long time = 103
[04-08 17:00:36.947]script[check_can_enter_chaosicicle]cost time too long time = 33
[04-08 17:00:37.005]script[after_enter_chaosicicle]cost time too long time = 51
[04-08 17:00:37.005]	character Cha-tempra+5187 map switch(chaosicicle-->chaosicicle) expend much time:time = 58
[04-08 17:00:37.005]script[begin_enter_chaosicicle]cost time too long time = 58
[04-08 17:00:40.572]script[after_enter_chaosicicle]cost time too long time = 62
[04-08 17:01:43.164]script[before_leave_chaosicicle]cost time too long time = 52
[04-08 15:00:04.225]script[before_leave_chaosicicle]cost time too long time = 49
[04-08 15:00:31.101]script[check_can_enter_garner2]cost time too long time = 55
[04-08 15:00:31.159]script[after_enter_garner2]cost time too long time = 55
[04-08 15:00:31.159]	character Cha-tempra+5187 map switch(garner2-->garner2) expend much time:time = 57
[04-08 15:00:31.159]script[begin_enter_garner2]cost time too long time = 57
[04-08 15:00:34.191]script[after_enter_garner2]cost time too long time = 53
[04-08 15:01:05.953]script[before_leave_garner2]cost time too long time = 51
[04-08 15:21:20.695]script[check_can_enter_garner2]cost time too long time = 68
[04-08 15:21:20.748]script[after_enter_garner2]cost time too long time = 49
[04-08 15:21:20.748]	character Cha-tempra+5187 map switch(garner2-->garner2) expend much time:time = 52
[04-08 15:21:20.748]script[begin_enter_garner2]cost time too long time = 52
[04-08 15:21:41.962]script[before_leave_garner2]cost time too long time = 48
[04-08 15:21:58.298]script[ItemUse_Lv100Lvl]cost time too long time = 30
[04-08 15:22:05.359]script[after_enter_garner2]cost time too long time = 47
[04-08 15:22:15.687]script[before_leave_garner2]cost time too long time = 53
[04-08 15:22:40.916]script[after_enter_garner2]cost time too long time = 50
[04-08 15:22:50.912]script[before_leave_garner2]cost time too long time = 47
[04-08 15:44:57.813]script[before_leave_garner2]cost time too long time = 136
