[04-08 15:05:33.651]ChaID: 5187, ChaName: tempra, CMD: attr, Param: 69,2500
[04-08 15:05:33.651]ChaID: 5187, ChaName: tempra, CMD: attr, Param: 69,2500
[04-08 15:06:32.524]ChaID: 5187, ChaName: tempra, CMD: call, Param: sads
[04-08 15:06:32.524]ChaID: 5187, ChaName: tempra, CMD: call, Param: sads
[04-08 15:06:52.630]ChaID: 5187, ChaName: tempra, CMD: attr, Param: 104,9999
[04-08 15:06:52.631]ChaID: 5187, ChaName: tempra, CMD: attr, Param: 104,9999
[04-08 15:07:00.564]ChaID: 5187, ChaName: tempra, CMD: call, Param: sads
[04-08 15:07:00.564]ChaID: 5187, ChaName: tempra, CMD: call, Param: sads
[04-08 15:07:08.427]ChaID: 5188, ChaName: sads, CMD: attr, Param: 69,2500
[04-08 15:07:08.431]ChaID: 5188, ChaName: sads, CMD: attr, Param: 69,2500
[04-08 15:07:13.286]ChaID: 5188, ChaName: sads, CMD: attr, Param: 104,99999
[04-08 15:07:13.287]ChaID: 5188, ChaName: sads, CMD: attr, Param: 104,99999
[04-08 15:07:57.927]ChaID: 5187, ChaName: tempra, CMD: attr, Param: 69,2500
[04-08 15:07:57.928]ChaID: 5187, ChaName: tempra, CMD: attr, Param: 69,2500
[04-08 15:08:42.681]ChaID: 5187, ChaName: tempra, CMD: addmoney, Param: 999999999
[04-08 15:08:42.681]ChaID: 5187, ChaName: tempra, CMD: addmoney, Param: 999999999
[04-08 15:09:34.712]ChaID: 5187, ChaName: tempra, CMD: attr, Param: 69,2500
[04-08 15:09:34.712]ChaID: 5187, ChaName: tempra, CMD: attr, Param: 69,2500
[04-08 15:09:41.312]ChaID: 5187, ChaName: tempra, CMD: call, Param: sads
[04-08 15:09:41.312]ChaID: 5187, ChaName: tempra, CMD: call, Param: sads
[04-08 15:09:48.701]ChaID: 5188, ChaName: sads, CMD: attr, Param: 104,99999
[04-08 15:09:48.701]ChaID: 5188, ChaName: sads, CMD: attr, Param: 104,99999
[04-08 15:09:57.384]ChaID: 5188, ChaName: sads, CMD: attr, Param: 105,99999
[04-08 15:09:57.384]ChaID: 5188, ChaName: sads, CMD: attr, Param: 105,99999
[04-08 15:52:01.252]ChaID: 5187, ChaName: tempra, CMD: addmoney, Param: 9999999999
[04-08 15:52:01.252]ChaID: 5187, ChaName: tempra, CMD: addmoney, Param: 9999999999
[04-08 15:52:08.733]ChaID: 5187, ChaName: tempra, CMD: attr, Param: 69,2500
[04-08 15:52:08.733]ChaID: 5187, ChaName: tempra, CMD: attr, Param: 69,2500
[04-08 17:00:29.690]ChaID: 5187, ChaName: tempra, CMD: attr, Param: 69,2500
[04-08 17:00:29.691]ChaID: 5187, ChaName: tempra, CMD: attr, Param: 69,2500
[04-08 17:00:40.471]ChaID: 5187, ChaName: tempra, CMD: call, Param: sads
[04-08 17:00:40.471]ChaID: 5187, ChaName: tempra, CMD: call, Param: sads
[04-08 17:00:55.850]ChaID: 5188, ChaName: sads, CMD: attr, Param: 105,999999999
[04-08 17:00:55.852]ChaID: 5188, ChaName: sads, CMD: attr, Param: 105,999999999
[04-08 17:00:58.196]ChaID: 5188, ChaName: sads, CMD: attr, Param: 104,999999999
[04-08 17:00:58.197]ChaID: 5188, ChaName: sads, CMD: attr, Param: 104,999999999
[04-08 17:01:08.698]ChaID: 5188, ChaName: sads, CMD: attr, Param: 103,999999999
[04-08 17:01:08.699]ChaID: 5188, ChaName: sads, CMD: attr, Param: 103,999999999
[04-08 17:01:13.017]ChaID: 5188, ChaName: sads, CMD: attr, Param: 102,999999999
[04-08 17:01:13.018]ChaID: 5188, ChaName: sads, CMD: attr, Param: 102,999999999
[04-08 17:01:16.658]ChaID: 5188, ChaName: sads, CMD: attr, Param: 101,999999999
[04-08 17:01:16.659]ChaID: 5188, ChaName: sads, CMD: attr, Param: 101,999999999
[04-08 17:01:20.021]ChaID: 5188, ChaName: sads, CMD: attr, Param: 106,999999999
[04-08 17:01:20.023]ChaID: 5188, ChaName: sads, CMD: attr, Param: 106,999999999
[04-08 17:01:23.274]ChaID: 5188, ChaName: sads, CMD: attr, Param: 107,999999999
[04-08 17:01:23.275]ChaID: 5188, ChaName: sads, CMD: attr, Param: 107,999999999
[04-08 17:01:26.601]ChaID: 5188, ChaName: sads, CMD: attr, Param: 101,999999999
[04-08 17:01:26.603]ChaID: 5188, ChaName: sads, CMD: attr, Param: 101,999999999
[04-08 17:01:30.099]ChaID: 5188, ChaName: sads, CMD: attr, Param: 99,999999999
[04-08 17:01:30.099]ChaID: 5188, ChaName: sads, CMD: attr, Param: 99,999999999
[04-08 17:01:33.865]ChaID: 5188, ChaName: sads, CMD: attr, Param: 98,999999999
[04-08 17:01:33.867]ChaID: 5188, ChaName: sads, CMD: attr, Param: 98,999999999
[04-08 15:00:34.104]ChaID: 5187, ChaName: tempra, CMD: call, Param: sads
[04-08 15:00:34.110]ChaID: 5187, ChaName: tempra, CMD: call, Param: sads
[04-08 15:00:37.230]ChaID: 5188, ChaName: sads, CMD: attr, Param: 98,999999999
[04-08 15:00:37.230]ChaID: 5188, ChaName: sads, CMD: attr, Param: 98,999999999
[04-08 15:00:42.750]ChaID: 5188, ChaName: sads, CMD: attr, Param: 98,999999999
[04-08 15:00:42.750]ChaID: 5188, ChaName: sads, CMD: attr, Param: 98,999999999
[04-08 15:00:46.396]ChaID: 5188, ChaName: sads, CMD: attr, Param: 99,999999999
[04-08 15:00:46.396]ChaID: 5188, ChaName: sads, CMD: attr, Param: 99,999999999
[04-08 15:00:49.612]ChaID: 5188, ChaName: sads, CMD: attr, Param: 97,999999999
[04-08 15:00:49.612]ChaID: 5188, ChaName: sads, CMD: attr, Param: 97,999999999
[04-08 15:00:54.167]ChaID: 5188, ChaName: sads, CMD: attr, Param: 96,999999999
[04-08 15:00:54.168]ChaID: 5188, ChaName: sads, CMD: attr, Param: 96,999999999
[04-08 15:00:57.267]ChaID: 5188, ChaName: sads, CMD: attr, Param: 94,999999999
[04-08 15:00:57.267]ChaID: 5188, ChaName: sads, CMD: attr, Param: 94,999999999
[04-08 15:22:05.277]ChaID: 5188, ChaName: sads, CMD: call, Param: tempra
[04-08 15:22:05.277]ChaID: 5188, ChaName: sads, CMD: call, Param: tempra
[04-08 15:22:40.821]ChaID: 5188, ChaName: sads, CMD: call, Param: tempra
[04-08 15:22:40.821]ChaID: 5188, ChaName: sads, CMD: call, Param: tempra
