[04-08 15:02:29.927]
[04-08 15:02:29.927]ask for found entrance : position garner2 --> darkblue[137200, 53100]
[04-08 15:02:29.988]
[04-08 15:02:29.988]ask for found entrance : position leiting2 --> garner[60000, 210600]
[04-08 15:02:31.303]
[04-08 15:02:31.303]ask for found entrance : position mjing1 --> darkblue[129900, 53800]
[04-08 15:02:31.303]
[04-08 15:02:31.303]ask for found entrance : position mjing2 --> mjing1[37400, 38700]
[04-08 15:02:31.303]
[04-08 15:02:31.303]ask for found entrance : position mjing3 --> darkblue[129900, 54300]
[04-08 15:02:31.366]
[04-08 15:02:31.366]ask for found entrance : position mjing4 --> mjing3[34600, 12700]
[04-08 15:02:31.554]
[04-08 15:02:31.554]ask for found entrance : position teampk --> garner[10000, 10000]
[04-08 15:02:31.616]
[04-08 15:02:31.616]ask for found entrance : position Hellchapter --> garner[220300, 278000]
[04-08 15:50:56.355]
[04-08 15:50:56.355]ask for found entrance : position leiting2 --> garner[60000, 210600]
[04-08 15:50:58.580]
[04-08 15:50:58.580]ask for found entrance : position mjing1 --> darkblue[129900, 53800]
[04-08 15:50:58.644]
[04-08 15:50:58.644]ask for found entrance : position mjing2 --> mjing1[37400, 38700]
[04-08 15:50:58.708]
[04-08 15:50:58.708]ask for found entrance : position mjing3 --> darkblue[129900, 54300]
[04-08 15:50:58.771]
[04-08 15:50:58.771]ask for found entrance : position mjing4 --> mjing3[34600, 12700]
[04-08 15:50:59.659]
[04-08 15:50:59.659]ask for found entrance : position teampk --> garner[10000, 10000]
[04-08 15:50:59.722]
[04-08 15:50:59.722]ask for found entrance : position Hellchapter --> garner[220300, 278000]
[04-08 17:00:15.977]
[04-08 17:00:15.977]ask for found entrance : position puzzleworld2 --> puzzleworld[14700, 38400]
[04-08 17:00:16.288]
[04-08 17:00:16.288]ask for found entrance : position chaosicicle --> DreamIsland[33700, 58800]
[04-08 15:00:05.464]
[04-08 15:00:05.464]ask for found entrance : position garner2 --> darkblue[137200, 53100]
