[04-08 15:02:24.890]add weather area[9], occur time limit = 8, duration = 40, location = 1217 1400, 40 40
[04-08 15:02:24.890]add weather area[11], occur time limit = 8, duration = 40, location = 1123 1480, 40 40
[04-08 15:02:24.890]add weather area[9], occur time limit = 8, duration = 40, location = 595 570, 40 40
[04-08 15:02:24.890]add weather area[11], occur time limit = 8, duration = 40, location = 580 700, 40 40
[04-08 15:02:25.475]add weather area[9], occur time limit = 15, duration = 40, location = 325 1850, 40 40
[04-08 15:02:25.475]add weather area[11], occur time limit = 15, duration = 40, location = 450 1900, 40 40
[04-08 15:02:25.475]add weather area[10], occur time limit = 15, duration = 40, location = 1300 190, 40 40
[04-08 15:02:25.475]add weather area[10], occur time limit = 15, duration = 40, location = 1300 400, 40 40
[04-08 15:02:25.475]add weather area[10], occur time limit = 15, duration = 40, location = 1350 1100, 40 40
[04-08 15:02:25.475]add weather area[10], occur time limit = 15, duration = 40, location = 1100 1050, 40 40
[04-08 15:02:26.097]add weather area[9], occur time limit = 15, duration = 40, location = 550 475, 40 40
[04-08 15:02:26.097]add weather area[11], occur time limit = 15, duration = 40, location = 750 450, 40 40
[04-08 15:05:06.604][garner]predict[Weather: Current sea (2436,2854) nearby will occur Thunderstorm], time = 10839
[04-08 15:05:06.604][garner]predict[Weather: Current sea (2316,3004) nearby will occur Tornado], time = 10839
[04-08 15:10:25.870][garner]predict[Weather: Current sea (1178,1452) nearby will occur Tornado], time = 11158
[04-08 15:10:26.738][darkblue]predict[Weather: Current sea (1166,976) nearby will occur Thunderstorm], time = 11159
[04-08 15:15:28.809][darkblue]predict[Weather: Current sea (1572,918) nearby will occur Tornado], time = 11461
[04-08 15:15:35.848][garner]predict[Weather: Current sea (2434,2808) nearby will occur Thunderstorm], time = 11468
[04-08 15:20:35.309][garner]predict[Weather: Current sea (2250,2988) nearby will occur Tornado], time = 11767
[04-08 15:20:36.370][darkblue]predict[Weather: Current sea (1166,1026) nearby will occur Thunderstorm], time = 11769
[04-08 15:25:41.199][darkblue]predict[Weather: Current sea (1556,944) nearby will occur Tornado], time = 12073
[04-08 15:25:55.694][darkblue]predict[Weather: Current sea (1150,1022) nearby will occur Thunderstorm], time = 12088
[04-08 15:30:43.915][garner]predict[Weather: Current sea (2304,3022) nearby will occur Tornado], time = 12376
[04-08 15:31:01.334][garner]predict[Weather: Current sea (2444,2852) nearby will occur Thunderstorm], time = 12393
[04-08 15:35:53.783][darkblue]predict[Weather: Current sea (1522,934) nearby will occur Tornado], time = 12686
[04-08 15:36:05.169][darkblue]predict[Weather: Current sea (1178,956) nearby will occur Thunderstorm], time = 12697
[04-08 15:40:54.539][garner]predict[Weather: Current sea (1236,1468) nearby will occur Tornado], time = 12987
[04-08 15:41:07.874][garner]predict[Weather: Current sea (1196,1176) nearby will occur Thunderstorm], time = 13000
[04-08 15:46:06.311][darkblue]predict[Weather: Current sea (1514,966) nearby will occur Tornado], time = 13298
[04-08 15:46:14.629][darkblue]predict[Weather: Current sea (1150,1010) nearby will occur Thunderstorm], time = 13307
[04-08 15:50:51.053]add weather area[9], occur time limit = 8, duration = 40, location = 1217 1400, 40 40
[04-08 15:50:51.053]add weather area[11], occur time limit = 8, duration = 40, location = 1123 1480, 40 40
[04-08 15:50:51.053]add weather area[9], occur time limit = 8, duration = 40, location = 595 570, 40 40
[04-08 15:50:51.053]add weather area[11], occur time limit = 8, duration = 40, location = 580 700, 40 40
[04-08 15:50:52.147]add weather area[9], occur time limit = 15, duration = 40, location = 325 1850, 40 40
[04-08 15:50:52.147]add weather area[11], occur time limit = 15, duration = 40, location = 450 1900, 40 40
[04-08 15:50:52.147]add weather area[10], occur time limit = 15, duration = 40, location = 1300 190, 40 40
[04-08 15:50:52.147]add weather area[10], occur time limit = 15, duration = 40, location = 1300 400, 40 40
[04-08 15:50:52.147]add weather area[10], occur time limit = 15, duration = 40, location = 1350 1100, 40 40
[04-08 15:50:52.147]add weather area[10], occur time limit = 15, duration = 40, location = 1100 1050, 40 40
[04-08 15:50:53.256]add weather area[9], occur time limit = 15, duration = 40, location = 550 475, 40 40
[04-08 15:50:53.256]add weather area[11], occur time limit = 15, duration = 40, location = 750 450, 40 40
[04-08 15:51:39.767][garner]predict[Weather: Current sea (2484,2802) nearby will occur Thunderstorm], time = 13632
[04-08 15:51:39.768][garner]predict[Weather: Current sea (2268,3030) nearby will occur Tornado], time = 13632
[04-08 15:01:29.512][darkblue]predict[Weather: Current sea (1552,936) nearby will occur Tornado], time = 13942
[04-08 15:01:43.222][garner]predict[Weather: Current sea (1268,1162) nearby will occur Thunderstorm], time = 13956
[04-08 15:06:48.312][garner]predict[Weather: Current sea (2478,2848) nearby will occur Thunderstorm], time = 14261
[04-08 15:06:53.795][darkblue]predict[Weather: Current sea (1540,978) nearby will occur Tornado], time = 14267
[04-08 15:11:54.023][darkblue]predict[Weather: Current sea (1132,964) nearby will occur Thunderstorm], time = 14567
[04-08 15:12:16.820][garner]predict[Weather: Current sea (1210,1416) nearby will occur Tornado], time = 14590
[04-08 15:17:13.339][darkblue]predict[Weather: Current sea (1126,962) nearby will occur Thunderstorm], time = 14886
[04-08 15:17:36.186][garner]predict[Weather: Current sea (1238,1436) nearby will occur Tornado], time = 14909
[04-08 15:22:13.804][garner]predict[Weather: Current sea (2494,2862) nearby will occur Thunderstorm], time = 15187
[04-08 15:22:55.484][garner]predict[Weather: Current sea (1184,1410) nearby will occur Tornado], time = 15228
[04-08 15:27:22.679][darkblue]predict[Weather: Current sea (1112,968) nearby will occur Thunderstorm], time = 15496
[04-08 15:28:14.698][garner]predict[Weather: Current sea (1230,1422) nearby will occur Tornado], time = 15548
[04-08 15:32:41.995][darkblue]predict[Weather: Current sea (1108,982) nearby will occur Thunderstorm], time = 15815
[04-08 15:33:18.551][darkblue]predict[Weather: Current sea (1518,922) nearby will occur Tornado], time = 15851
[04-08 15:37:44.599][garner]predict[Weather: Current sea (1266,1204) nearby will occur Thunderstorm], time = 16117
[04-08 15:38:24.325][garner]predict[Weather: Current sea (1238,1450) nearby will occur Tornado], time = 16157
[04-08 15:42:51.463][darkblue]predict[Weather: Current sea (1108,1022) nearby will occur Thunderstorm], time = 16424
[04-08 15:43:30.820][darkblue]predict[Weather: Current sea (1552,930) nearby will occur Tornado], time = 16464
