[04-08 15:02:29.958]WorldNotice: len = 57
[04-08 15:02:29.958]WorldNotice: contend = Portal to Chaos Argent has opened at [1372,531] Deep Blue
[04-08 15:02:30.019]WorldNotice: len = 143
[04-08 15:02:30.019]WorldNotice: contend = Announcement: In Magical Ocean region, players has discovered [600,2106] emerges a portal that leads to [Thundoria Mirage]. All players beware.
[04-08 15:02:31.585]WorldNotice: len = 52
[04-08 15:02:31.585]WorldNotice: contend = Announcement: Map for party challenge is now opened.
[04-08 15:06:54.591]WorldNotice: len = 50
[04-08 15:06:54.591]WorldNotice: contend = [sads]#13 was defeated by [tempra]#14 in PK Arena!
[04-08 15:07:16.615]WorldNotice: len = 50
[04-08 15:07:16.620]WorldNotice: contend = [tempra]#13 was defeated by [sads]#14 in PK Arena!
[04-08 15:07:26.641]WorldNotice: len = 44
[04-08 15:07:26.641]WorldNotice: contend = There are current 0 survivor in Hell Chapter
[04-08 15:09:37.817]WorldNotice: len = 28
[04-08 15:09:37.817]WorldNotice: contend = [tempra] Enters Chaos Argent
[04-08 15:09:37.875]WorldNotice: len = 42
[04-08 15:09:37.875]WorldNotice: contend = There are current 1 people in Chaos Argent
[04-08 15:09:41.347]WorldNotice: len = 26
[04-08 15:09:41.347]WorldNotice: contend = [sads] Enters Chaos Argent
[04-08 15:10:02.471]WorldNotice: len = 28
[04-08 15:10:02.471]WorldNotice: contend = [tempra] Leaves Chaos Argent
[04-08 15:12:24.948]WorldNotice: len = 42
[04-08 15:12:24.948]WorldNotice: contend = There are current 1 people in Chaos Argent
[04-08 15:12:26.629]WorldNotice: len = 44
[04-08 15:12:26.629]WorldNotice: contend = There are current 0 survivor in Hell Chapter
[04-08 15:17:24.918]WorldNotice: len = 42
[04-08 15:17:24.918]WorldNotice: contend = There are current 1 people in Chaos Argent
[04-08 15:17:26.729]WorldNotice: len = 44
[04-08 15:17:26.729]WorldNotice: contend = There are current 0 survivor in Hell Chapter
[04-08 15:22:24.966]WorldNotice: len = 42
[04-08 15:22:24.966]WorldNotice: contend = There are current 1 people in Chaos Argent
[04-08 15:22:26.646]WorldNotice: len = 44
[04-08 15:22:26.646]WorldNotice: contend = There are current 0 survivor in Hell Chapter
[04-08 15:27:24.927]WorldNotice: len = 42
[04-08 15:27:24.927]WorldNotice: contend = There are current 1 people in Chaos Argent
[04-08 15:27:26.728]WorldNotice: len = 44
[04-08 15:27:26.728]WorldNotice: contend = There are current 0 survivor in Hell Chapter
[04-08 15:30:04.971]WorldNotice: len = 40
[04-08 15:30:04.971]WorldNotice: contend = The portal to Chaos Argent is now closed
[04-08 15:32:24.944]WorldNotice: len = 42
[04-08 15:32:24.944]WorldNotice: contend = There are current 1 people in Chaos Argent
[04-08 15:32:26.626]WorldNotice: len = 44
[04-08 15:32:26.626]WorldNotice: contend = There are current 0 survivor in Hell Chapter
[04-08 15:37:24.971]WorldNotice: len = 42
[04-08 15:37:24.971]WorldNotice: contend = There are current 1 people in Chaos Argent
[04-08 15:37:26.723]WorldNotice: len = 44
[04-08 15:37:26.723]WorldNotice: contend = There are current 0 survivor in Hell Chapter
[04-08 15:42:24.952]WorldNotice: len = 42
[04-08 15:42:24.952]WorldNotice: contend = There are current 1 people in Chaos Argent
[04-08 15:42:26.636]WorldNotice: len = 44
[04-08 15:42:26.636]WorldNotice: contend = There are current 0 survivor in Hell Chapter
[04-08 15:45:04.912]WorldNotice: len = 26
[04-08 15:45:04.912]WorldNotice: contend = [sads] Leaves Chaos Argent
[04-08 15:50:56.382]WorldNotice: len = 143
[04-08 15:50:56.382]WorldNotice: contend = Announcement: In Magical Ocean region, players has discovered [600,2106] emerges a portal that leads to [Thundoria Mirage]. All players beware.
[04-08 15:50:59.690]WorldNotice: len = 52
[04-08 15:50:59.690]WorldNotice: contend = Announcement: Map for party challenge is now opened.
[04-08 17:00:16.320]WorldNotice: len = 119
[04-08 17:00:16.320]WorldNotice: contend = Announcement: According to reports, in Dream Island at [337,588] appears a portal to Chaos Icicle. Please check it out.
[04-08 17:00:36.954]WorldNotice: len = 28
[04-08 17:00:36.954]WorldNotice: contend = [tempra] Enters Chaos Icicle
[04-08 17:00:40.509]WorldNotice: len = 26
[04-08 17:00:40.509]WorldNotice: contend = [sads] Enters Chaos Icicle
[04-08 17:01:43.111]WorldNotice: len = 28
[04-08 17:01:43.111]WorldNotice: contend = [tempra] Leaves Chaos Icicle
[04-08 15:00:04.144]WorldNotice: len = 118
[04-08 15:00:04.144]WorldNotice: contend = Announcement: According to reports, portal to [Chaos Icicle] has vanished. Check announcement for more details. Enjoy!
[04-08 15:00:04.175]WorldNotice: len = 64
[04-08 15:00:04.175]WorldNotice: contend = sads Is The Only One Who Survived Chaos Icicle!! Congratulations
[04-08 15:00:04.175]WorldNotice: len = 26
[04-08 15:00:04.175]WorldNotice: contend = [sads] Leaves Chaos Icicle
[04-08 15:00:05.496]WorldNotice: len = 57
[04-08 15:00:05.496]WorldNotice: contend = Portal to Chaos Argent has opened at [1372,531] Deep Blue
[04-08 15:00:31.103]WorldNotice: len = 28
[04-08 15:00:31.103]WorldNotice: contend = [tempra] Enters Chaos Argent
[04-08 15:00:31.165]WorldNotice: len = 42
[04-08 15:00:31.165]WorldNotice: contend = There are current 1 people in Chaos Argent
[04-08 15:00:34.074]WorldNotice: len = 44
[04-08 15:00:34.074]WorldNotice: contend = There are current 0 survivor in Hell Chapter
[04-08 15:00:34.138]WorldNotice: len = 26
[04-08 15:00:34.138]WorldNotice: contend = [sads] Enters Chaos Argent
[04-08 15:01:05.901]WorldNotice: len = 28
[04-08 15:01:05.901]WorldNotice: contend = [tempra] Leaves Chaos Argent
[04-08 15:05:30.473]WorldNotice: len = 42
[04-08 15:05:30.473]WorldNotice: contend = There are current 1 people in Chaos Argent
[04-08 15:05:34.086]WorldNotice: len = 44
[04-08 15:05:34.086]WorldNotice: contend = There are current 0 survivor in Hell Chapter
[04-08 15:10:30.459]WorldNotice: len = 42
[04-08 15:10:30.459]WorldNotice: contend = There are current 1 people in Chaos Argent
[04-08 15:10:34.127]WorldNotice: len = 44
[04-08 15:10:34.127]WorldNotice: contend = There are current 0 survivor in Hell Chapter
[04-08 15:15:30.453]WorldNotice: len = 42
[04-08 15:15:30.453]WorldNotice: contend = There are current 1 people in Chaos Argent
[04-08 15:15:34.124]WorldNotice: len = 44
[04-08 15:15:34.124]WorldNotice: contend = There are current 0 survivor in Hell Chapter
[04-08 15:20:30.553]WorldNotice: len = 42
[04-08 15:20:30.553]WorldNotice: contend = There are current 1 people in Chaos Argent
[04-08 15:20:34.109]WorldNotice: len = 44
[04-08 15:20:34.109]WorldNotice: contend = There are current 0 survivor in Hell Chapter
[04-08 15:21:20.699]WorldNotice: len = 28
[04-08 15:21:20.699]WorldNotice: contend = [tempra] Enters Chaos Argent
[04-08 15:21:41.915]WorldNotice: len = 28
[04-08 15:21:41.915]WorldNotice: contend = [tempra] Leaves Chaos Argent
[04-08 15:22:05.311]WorldNotice: len = 28
[04-08 15:22:05.311]WorldNotice: contend = [tempra] Enters Chaos Argent
[04-08 15:22:15.635]WorldNotice: len = 28
[04-08 15:22:15.635]WorldNotice: contend = [tempra] Leaves Chaos Argent
[04-08 15:22:40.865]WorldNotice: len = 28
[04-08 15:22:40.865]WorldNotice: contend = [tempra] Enters Chaos Argent
[04-08 15:22:50.865]WorldNotice: len = 28
[04-08 15:22:50.865]WorldNotice: contend = [tempra] Leaves Chaos Argent
[04-08 15:25:30.559]WorldNotice: len = 42
[04-08 15:25:30.559]WorldNotice: contend = There are current 1 people in Chaos Argent
[04-08 15:25:34.116]WorldNotice: len = 44
[04-08 15:25:34.116]WorldNotice: contend = There are current 0 survivor in Hell Chapter
[04-08 15:30:00.474]WorldNotice: len = 40
[04-08 15:30:00.474]WorldNotice: contend = The portal to Chaos Argent is now closed
[04-08 15:30:30.556]WorldNotice: len = 42
[04-08 15:30:30.556]WorldNotice: contend = There are current 1 people in Chaos Argent
[04-08 15:30:34.110]WorldNotice: len = 44
[04-08 15:30:34.110]WorldNotice: contend = There are current 0 survivor in Hell Chapter
[04-08 15:35:30.544]WorldNotice: len = 42
[04-08 15:35:30.544]WorldNotice: contend = There are current 1 people in Chaos Argent
[04-08 15:35:34.102]WorldNotice: len = 44
[04-08 15:35:34.102]WorldNotice: contend = There are current 0 survivor in Hell Chapter
[04-08 15:40:29.555]WorldNotice: len = 42
[04-08 15:40:29.555]WorldNotice: contend = There are current 1 people in Chaos Argent
[04-08 15:40:29.555]WorldNotice: len = 37
[04-08 15:40:29.555]WorldNotice: contend = Players Inside Chaos Argent:[sads] - 
[04-08 15:40:30.550]WorldNotice: len = 42
[04-08 15:40:30.550]WorldNotice: contend = There are current 1 people in Chaos Argent
[04-08 15:40:34.109]WorldNotice: len = 44
[04-08 15:40:34.109]WorldNotice: contend = There are current 0 survivor in Hell Chapter
[04-08 15:44:57.677]WorldNotice: len = 26
[04-08 15:44:57.677]WorldNotice: contend = [sads] Leaves Chaos Argent
